running egg_info
creating ../../build/offboard_avoidance_unity/offboard_avoidance_unity.egg-info
writing ../../build/offboard_avoidance_unity/offboard_avoidance_unity.egg-info/PKG-INFO
writing dependency_links to ../../build/offboard_avoidance_unity/offboard_avoidance_unity.egg-info/dependency_links.txt
writing entry points to ../../build/offboard_avoidance_unity/offboard_avoidance_unity.egg-info/entry_points.txt
writing requirements to ../../build/offboard_avoidance_unity/offboard_avoidance_unity.egg-info/requires.txt
writing top-level names to ../../build/offboard_avoidance_unity/offboard_avoidance_unity.egg-info/top_level.txt
writing manifest file '../../build/offboard_avoidance_unity/offboard_avoidance_unity.egg-info/SOURCES.txt'
reading manifest file '../../build/offboard_avoidance_unity/offboard_avoidance_unity.egg-info/SOURCES.txt'
writing manifest file '../../build/offboard_avoidance_unity/offboard_avoidance_unity.egg-info/SOURCES.txt'
running build
running build_py
creating /home/parallels/drone_local/drone_ws/build/offboard_avoidance_unity/build
creating /home/parallels/drone_local/drone_ws/build/offboard_avoidance_unity/build/lib
creating /home/parallels/drone_local/drone_ws/build/offboard_avoidance_unity/build/lib/offboard_avoidance_unity
copying offboard_avoidance_unity/unity_house_avoidance.py -> /home/parallels/drone_local/drone_ws/build/offboard_avoidance_unity/build/lib/offboard_avoidance_unity
copying offboard_avoidance_unity/__init__.py -> /home/parallels/drone_local/drone_ws/build/offboard_avoidance_unity/build/lib/offboard_avoidance_unity
running install
running install_lib
creating /home/parallels/drone_local/drone_ws/install/offboard_avoidance_unity/lib/python3.10/site-packages/offboard_avoidance_unity
copying /home/parallels/drone_local/drone_ws/build/offboard_avoidance_unity/build/lib/offboard_avoidance_unity/unity_house_avoidance.py -> /home/parallels/drone_local/drone_ws/install/offboard_avoidance_unity/lib/python3.10/site-packages/offboard_avoidance_unity
copying /home/parallels/drone_local/drone_ws/build/offboard_avoidance_unity/build/lib/offboard_avoidance_unity/__init__.py -> /home/parallels/drone_local/drone_ws/install/offboard_avoidance_unity/lib/python3.10/site-packages/offboard_avoidance_unity
byte-compiling /home/parallels/drone_local/drone_ws/install/offboard_avoidance_unity/lib/python3.10/site-packages/offboard_avoidance_unity/unity_house_avoidance.py to unity_house_avoidance.cpython-310.pyc
byte-compiling /home/parallels/drone_local/drone_ws/install/offboard_avoidance_unity/lib/python3.10/site-packages/offboard_avoidance_unity/__init__.py to __init__.cpython-310.pyc
running install_data
creating /home/parallels/drone_local/drone_ws/install/offboard_avoidance_unity/share/ament_index
creating /home/parallels/drone_local/drone_ws/install/offboard_avoidance_unity/share/ament_index/resource_index
creating /home/parallels/drone_local/drone_ws/install/offboard_avoidance_unity/share/ament_index/resource_index/packages
copying resource/offboard_avoidance_unity -> /home/parallels/drone_local/drone_ws/install/offboard_avoidance_unity/share/ament_index/resource_index/packages
copying package.xml -> /home/parallels/drone_local/drone_ws/install/offboard_avoidance_unity/share/offboard_avoidance_unity
running install_egg_info
Copying ../../build/offboard_avoidance_unity/offboard_avoidance_unity.egg-info to /home/parallels/drone_local/drone_ws/install/offboard_avoidance_unity/lib/python3.10/site-packages/offboard_avoidance_unity-0.0.0-py3.10.egg-info
running install_scripts
Installing unity_house_avoidance script to /home/parallels/drone_local/drone_ws/install/offboard_avoidance_unity/lib/offboard_avoidance_unity
writing list of installed files to '/home/parallels/drone_local/drone_ws/build/offboard_avoidance_unity/install.log'
