[0.819s] Invoking command in '/home/parallels/drone_local/drone_ws/src/offboard_avoidance_unity': CMAKE_PREFIX_PATH=/home/parallels/drone_local/drone_ws/install/px4_msgs:/home/parallels/drone_local/drone_ws/install/px4_ros_com LD_LIBRARY_PATH=/home/parallels/drone_local/drone_ws/install/px4_msgs/lib:/home/parallels/drone_local/drone_ws/install/px4_ros_com/lib:/opt/ros/humble/opt/rviz_ogre_vendor/lib:/opt/ros/humble/lib/aarch64-linux-gnu:/opt/ros/humble/lib PYTHONPATH=/home/parallels/drone_local/drone_ws/build/offboard_avoidance_unity/prefix_override:/usr/lib/python3/dist-packages/colcon_core/task/python/colcon_distutils_commands:/home/parallels/drone_local/drone_ws/install/offboard_avoidance_unity/lib/python3.10/site-packages:${PYTHONPATH} /usr/bin/python3 -W ignore:setup.py install is deprecated -W ignore:easy_install command is deprecated setup.py egg_info --egg-base ../../build/offboard_avoidance_unity build --build-base /home/parallels/drone_local/drone_ws/build/offboard_avoidance_unity/build install --record /home/parallels/drone_local/drone_ws/build/offboard_avoidance_unity/install.log --single-version-externally-managed install_data
[1.021s] running egg_info
[1.021s] creating ../../build/offboard_avoidance_unity/offboard_avoidance_unity.egg-info
[1.021s] writing ../../build/offboard_avoidance_unity/offboard_avoidance_unity.egg-info/PKG-INFO
[1.022s] writing dependency_links to ../../build/offboard_avoidance_unity/offboard_avoidance_unity.egg-info/dependency_links.txt
[1.022s] writing entry points to ../../build/offboard_avoidance_unity/offboard_avoidance_unity.egg-info/entry_points.txt
[1.022s] writing requirements to ../../build/offboard_avoidance_unity/offboard_avoidance_unity.egg-info/requires.txt
[1.022s] writing top-level names to ../../build/offboard_avoidance_unity/offboard_avoidance_unity.egg-info/top_level.txt
[1.022s] writing manifest file '../../build/offboard_avoidance_unity/offboard_avoidance_unity.egg-info/SOURCES.txt'
[1.026s] reading manifest file '../../build/offboard_avoidance_unity/offboard_avoidance_unity.egg-info/SOURCES.txt'
[1.026s] writing manifest file '../../build/offboard_avoidance_unity/offboard_avoidance_unity.egg-info/SOURCES.txt'
[1.026s] running build
[1.026s] running build_py
[1.026s] creating /home/parallels/drone_local/drone_ws/build/offboard_avoidance_unity/build
[1.026s] creating /home/parallels/drone_local/drone_ws/build/offboard_avoidance_unity/build/lib
[1.026s] creating /home/parallels/drone_local/drone_ws/build/offboard_avoidance_unity/build/lib/offboard_avoidance_unity
[1.026s] copying offboard_avoidance_unity/unity_house_avoidance.py -> /home/parallels/drone_local/drone_ws/build/offboard_avoidance_unity/build/lib/offboard_avoidance_unity
[1.026s] copying offboard_avoidance_unity/__init__.py -> /home/parallels/drone_local/drone_ws/build/offboard_avoidance_unity/build/lib/offboard_avoidance_unity
[1.026s] running install
[1.026s] running install_lib
[1.036s] creating /home/parallels/drone_local/drone_ws/install/offboard_avoidance_unity/lib/python3.10/site-packages/offboard_avoidance_unity
[1.036s] copying /home/parallels/drone_local/drone_ws/build/offboard_avoidance_unity/build/lib/offboard_avoidance_unity/unity_house_avoidance.py -> /home/parallels/drone_local/drone_ws/install/offboard_avoidance_unity/lib/python3.10/site-packages/offboard_avoidance_unity
[1.036s] copying /home/parallels/drone_local/drone_ws/build/offboard_avoidance_unity/build/lib/offboard_avoidance_unity/__init__.py -> /home/parallels/drone_local/drone_ws/install/offboard_avoidance_unity/lib/python3.10/site-packages/offboard_avoidance_unity
[1.036s] byte-compiling /home/parallels/drone_local/drone_ws/install/offboard_avoidance_unity/lib/python3.10/site-packages/offboard_avoidance_unity/unity_house_avoidance.py to unity_house_avoidance.cpython-310.pyc
[1.036s] byte-compiling /home/parallels/drone_local/drone_ws/install/offboard_avoidance_unity/lib/python3.10/site-packages/offboard_avoidance_unity/__init__.py to __init__.cpython-310.pyc
[1.036s] running install_data
[1.036s] creating /home/parallels/drone_local/drone_ws/install/offboard_avoidance_unity/share/ament_index
[1.036s] creating /home/parallels/drone_local/drone_ws/install/offboard_avoidance_unity/share/ament_index/resource_index
[1.036s] creating /home/parallels/drone_local/drone_ws/install/offboard_avoidance_unity/share/ament_index/resource_index/packages
[1.036s] copying resource/offboard_avoidance_unity -> /home/parallels/drone_local/drone_ws/install/offboard_avoidance_unity/share/ament_index/resource_index/packages
[1.036s] copying package.xml -> /home/parallels/drone_local/drone_ws/install/offboard_avoidance_unity/share/offboard_avoidance_unity
[1.036s] running install_egg_info
[1.036s] Copying ../../build/offboard_avoidance_unity/offboard_avoidance_unity.egg-info to /home/parallels/drone_local/drone_ws/install/offboard_avoidance_unity/lib/python3.10/site-packages/offboard_avoidance_unity-0.0.0-py3.10.egg-info
[1.036s] running install_scripts
[1.058s] Installing unity_house_avoidance script to /home/parallels/drone_local/drone_ws/install/offboard_avoidance_unity/lib/offboard_avoidance_unity
[1.059s] writing list of installed files to '/home/parallels/drone_local/drone_ws/build/offboard_avoidance_unity/install.log'
[1.100s] Invoked command in '/home/parallels/drone_local/drone_ws/src/offboard_avoidance_unity' returned '0': CMAKE_PREFIX_PATH=/home/parallels/drone_local/drone_ws/install/px4_msgs:/home/parallels/drone_local/drone_ws/install/px4_ros_com LD_LIBRARY_PATH=/home/parallels/drone_local/drone_ws/install/px4_msgs/lib:/home/parallels/drone_local/drone_ws/install/px4_ros_com/lib:/opt/ros/humble/opt/rviz_ogre_vendor/lib:/opt/ros/humble/lib/aarch64-linux-gnu:/opt/ros/humble/lib PYTHONPATH=/home/parallels/drone_local/drone_ws/build/offboard_avoidance_unity/prefix_override:/usr/lib/python3/dist-packages/colcon_core/task/python/colcon_distutils_commands:/home/parallels/drone_local/drone_ws/install/offboard_avoidance_unity/lib/python3.10/site-packages:${PYTHONPATH} /usr/bin/python3 -W ignore:setup.py install is deprecated -W ignore:easy_install command is deprecated setup.py egg_info --egg-base ../../build/offboard_avoidance_unity build --build-base /home/parallels/drone_local/drone_ws/build/offboard_avoidance_unity/build install --record /home/parallels/drone_local/drone_ws/build/offboard_avoidance_unity/install.log --single-version-externally-managed install_data
