[0.414s] Invoking command in '/home/parallels/drone_local/drone_ws/build/ros_tcp_endpoint': PYTHONPATH=/home/parallels/drone_local/drone_ws/build/ros_tcp_endpoint/prefix_override:/usr/lib/python3/dist-packages/colcon_core/task/python/colcon_distutils_commands:/home/parallels/drone_local/drone_ws/install/ros_tcp_endpoint/lib/python3.10/site-packages:${PYTHONPATH} /usr/bin/python3 -W ignore:setup.py install is deprecated -W ignore:easy_install command is deprecated setup.py develop --uninstall --editable --build-directory /home/parallels/drone_local/drone_ws/build/ros_tcp_endpoint/build
[0.546s] /usr/lib/python3/dist-packages/setuptools/dist.py:723: UserWarning: Usage of dash-separated 'script-dir' will not be supported in future versions. Please use the underscore name 'script_dir' instead
[0.546s]   warnings.warn(
[0.563s] running develop
[0.645s] Removing /home/parallels/drone_local/drone_ws/install/ros_tcp_endpoint/lib/python3.10/site-packages/ros-tcp-endpoint.egg-link (link to .)
[0.661s] Invoked command in '/home/parallels/drone_local/drone_ws/build/ros_tcp_endpoint' returned '0': PYTHONPATH=/home/parallels/drone_local/drone_ws/build/ros_tcp_endpoint/prefix_override:/usr/lib/python3/dist-packages/colcon_core/task/python/colcon_distutils_commands:/home/parallels/drone_local/drone_ws/install/ros_tcp_endpoint/lib/python3.10/site-packages:${PYTHONPATH} /usr/bin/python3 -W ignore:setup.py install is deprecated -W ignore:easy_install command is deprecated setup.py develop --uninstall --editable --build-directory /home/parallels/drone_local/drone_ws/build/ros_tcp_endpoint/build
[0.662s] Invoking command in '/home/parallels/drone_local/drone_ws/src/ROS-TCP-Endpoint': PYTHONPATH=/home/parallels/drone_local/drone_ws/build/ros_tcp_endpoint/prefix_override:/usr/lib/python3/dist-packages/colcon_core/task/python/colcon_distutils_commands:/home/parallels/drone_local/drone_ws/install/ros_tcp_endpoint/lib/python3.10/site-packages:${PYTHONPATH} /usr/bin/python3 -W ignore:setup.py install is deprecated -W ignore:easy_install command is deprecated setup.py egg_info --egg-base ../../build/ros_tcp_endpoint build --build-base /home/parallels/drone_local/drone_ws/build/ros_tcp_endpoint/build install --record /home/parallels/drone_local/drone_ws/build/ros_tcp_endpoint/install.log --install-scripts $base/lib/ros_tcp_endpoint --single-version-externally-managed install_data --force
[0.795s] /usr/lib/python3/dist-packages/setuptools/dist.py:723: UserWarning: Usage of dash-separated 'script-dir' will not be supported in future versions. Please use the underscore name 'script_dir' instead
[0.795s]   warnings.warn(
[0.799s] running egg_info
[0.800s] writing ../../build/ros_tcp_endpoint/ros_tcp_endpoint.egg-info/PKG-INFO
[0.800s] writing dependency_links to ../../build/ros_tcp_endpoint/ros_tcp_endpoint.egg-info/dependency_links.txt
[0.800s] writing entry points to ../../build/ros_tcp_endpoint/ros_tcp_endpoint.egg-info/entry_points.txt
[0.800s] writing requirements to ../../build/ros_tcp_endpoint/ros_tcp_endpoint.egg-info/requires.txt
[0.800s] writing top-level names to ../../build/ros_tcp_endpoint/ros_tcp_endpoint.egg-info/top_level.txt
[0.803s] reading manifest file '../../build/ros_tcp_endpoint/ros_tcp_endpoint.egg-info/SOURCES.txt'
[0.803s] adding license file 'LICENSE'
[0.803s] writing manifest file '../../build/ros_tcp_endpoint/ros_tcp_endpoint.egg-info/SOURCES.txt'
[0.803s] running build
[0.803s] running build_py
[0.803s] copying ros_tcp_endpoint/server.py -> /home/parallels/drone_local/drone_ws/build/ros_tcp_endpoint/build/lib/ros_tcp_endpoint
[0.803s] copying ros_tcp_endpoint/default_server_endpoint.py -> /home/parallels/drone_local/drone_ws/build/ros_tcp_endpoint/build/lib/ros_tcp_endpoint
[0.804s] running install
[0.807s] running install_lib
[0.807s] creating /home/parallels/drone_local/drone_ws/install/ros_tcp_endpoint/lib/python3.10/site-packages/ros_tcp_endpoint
[0.807s] copying /home/parallels/drone_local/drone_ws/build/ros_tcp_endpoint/build/lib/ros_tcp_endpoint/unity_service.py -> /home/parallels/drone_local/drone_ws/install/ros_tcp_endpoint/lib/python3.10/site-packages/ros_tcp_endpoint
[0.808s] copying /home/parallels/drone_local/drone_ws/build/ros_tcp_endpoint/build/lib/ros_tcp_endpoint/thread_pauser.py -> /home/parallels/drone_local/drone_ws/install/ros_tcp_endpoint/lib/python3.10/site-packages/ros_tcp_endpoint
[0.808s] copying /home/parallels/drone_local/drone_ws/build/ros_tcp_endpoint/build/lib/ros_tcp_endpoint/publisher.py -> /home/parallels/drone_local/drone_ws/install/ros_tcp_endpoint/lib/python3.10/site-packages/ros_tcp_endpoint
[0.808s] copying /home/parallels/drone_local/drone_ws/build/ros_tcp_endpoint/build/lib/ros_tcp_endpoint/server.py -> /home/parallels/drone_local/drone_ws/install/ros_tcp_endpoint/lib/python3.10/site-packages/ros_tcp_endpoint
[0.808s] copying /home/parallels/drone_local/drone_ws/build/ros_tcp_endpoint/build/lib/ros_tcp_endpoint/communication.py -> /home/parallels/drone_local/drone_ws/install/ros_tcp_endpoint/lib/python3.10/site-packages/ros_tcp_endpoint
[0.808s] copying /home/parallels/drone_local/drone_ws/build/ros_tcp_endpoint/build/lib/ros_tcp_endpoint/tcp_sender.py -> /home/parallels/drone_local/drone_ws/install/ros_tcp_endpoint/lib/python3.10/site-packages/ros_tcp_endpoint
[0.808s] copying /home/parallels/drone_local/drone_ws/build/ros_tcp_endpoint/build/lib/ros_tcp_endpoint/subscriber.py -> /home/parallels/drone_local/drone_ws/install/ros_tcp_endpoint/lib/python3.10/site-packages/ros_tcp_endpoint
[0.808s] copying /home/parallels/drone_local/drone_ws/build/ros_tcp_endpoint/build/lib/ros_tcp_endpoint/client.py -> /home/parallels/drone_local/drone_ws/install/ros_tcp_endpoint/lib/python3.10/site-packages/ros_tcp_endpoint
[0.808s] copying /home/parallels/drone_local/drone_ws/build/ros_tcp_endpoint/build/lib/ros_tcp_endpoint/default_server_endpoint.py -> /home/parallels/drone_local/drone_ws/install/ros_tcp_endpoint/lib/python3.10/site-packages/ros_tcp_endpoint
[0.808s] copying /home/parallels/drone_local/drone_ws/build/ros_tcp_endpoint/build/lib/ros_tcp_endpoint/service.py -> /home/parallels/drone_local/drone_ws/install/ros_tcp_endpoint/lib/python3.10/site-packages/ros_tcp_endpoint
[0.808s] copying /home/parallels/drone_local/drone_ws/build/ros_tcp_endpoint/build/lib/ros_tcp_endpoint/__init__.py -> /home/parallels/drone_local/drone_ws/install/ros_tcp_endpoint/lib/python3.10/site-packages/ros_tcp_endpoint
[0.808s] copying /home/parallels/drone_local/drone_ws/build/ros_tcp_endpoint/build/lib/ros_tcp_endpoint/exceptions.py -> /home/parallels/drone_local/drone_ws/install/ros_tcp_endpoint/lib/python3.10/site-packages/ros_tcp_endpoint
[0.808s] byte-compiling /home/parallels/drone_local/drone_ws/install/ros_tcp_endpoint/lib/python3.10/site-packages/ros_tcp_endpoint/unity_service.py to unity_service.cpython-310.pyc
[0.808s] byte-compiling /home/parallels/drone_local/drone_ws/install/ros_tcp_endpoint/lib/python3.10/site-packages/ros_tcp_endpoint/thread_pauser.py to thread_pauser.cpython-310.pyc
[0.808s] byte-compiling /home/parallels/drone_local/drone_ws/install/ros_tcp_endpoint/lib/python3.10/site-packages/ros_tcp_endpoint/publisher.py to publisher.cpython-310.pyc
[0.808s] byte-compiling /home/parallels/drone_local/drone_ws/install/ros_tcp_endpoint/lib/python3.10/site-packages/ros_tcp_endpoint/server.py to server.cpython-310.pyc
[0.812s] byte-compiling /home/parallels/drone_local/drone_ws/install/ros_tcp_endpoint/lib/python3.10/site-packages/ros_tcp_endpoint/communication.py to communication.cpython-310.pyc
[0.812s] byte-compiling /home/parallels/drone_local/drone_ws/install/ros_tcp_endpoint/lib/python3.10/site-packages/ros_tcp_endpoint/tcp_sender.py to tcp_sender.cpython-310.pyc
[0.813s] byte-compiling /home/parallels/drone_local/drone_ws/install/ros_tcp_endpoint/lib/python3.10/site-packages/ros_tcp_endpoint/subscriber.py to subscriber.cpython-310.pyc
[0.814s] byte-compiling /home/parallels/drone_local/drone_ws/install/ros_tcp_endpoint/lib/python3.10/site-packages/ros_tcp_endpoint/client.py to client.cpython-310.pyc
[0.814s] byte-compiling /home/parallels/drone_local/drone_ws/install/ros_tcp_endpoint/lib/python3.10/site-packages/ros_tcp_endpoint/default_server_endpoint.py to default_server_endpoint.cpython-310.pyc
[0.814s] byte-compiling /home/parallels/drone_local/drone_ws/install/ros_tcp_endpoint/lib/python3.10/site-packages/ros_tcp_endpoint/service.py to service.cpython-310.pyc
[0.815s] byte-compiling /home/parallels/drone_local/drone_ws/install/ros_tcp_endpoint/lib/python3.10/site-packages/ros_tcp_endpoint/__init__.py to __init__.cpython-310.pyc
[0.815s] byte-compiling /home/parallels/drone_local/drone_ws/install/ros_tcp_endpoint/lib/python3.10/site-packages/ros_tcp_endpoint/exceptions.py to exceptions.cpython-310.pyc
[0.816s] running install_data
[0.816s] copying resource/ros_tcp_endpoint -> /home/parallels/drone_local/drone_ws/install/ros_tcp_endpoint/share/ament_index/resource_index/packages
[0.816s] copying package.xml -> /home/parallels/drone_local/drone_ws/install/ros_tcp_endpoint/share/ros_tcp_endpoint
[0.816s] copying launch/endpoint.py -> /home/parallels/drone_local/drone_ws/install/ros_tcp_endpoint/share/ros_tcp_endpoint/launch
[0.817s] running install_egg_info
[0.819s] Copying ../../build/ros_tcp_endpoint/ros_tcp_endpoint.egg-info to /home/parallels/drone_local/drone_ws/install/ros_tcp_endpoint/lib/python3.10/site-packages/ros_tcp_endpoint-0.0.1-py3.10.egg-info
[0.820s] running install_scripts
[0.850s] Installing default_server_endpoint script to /home/parallels/drone_local/drone_ws/install/ros_tcp_endpoint/lib/ros_tcp_endpoint
[0.855s] writing list of installed files to '/home/parallels/drone_local/drone_ws/build/ros_tcp_endpoint/install.log'
[0.934s] Invoked command in '/home/parallels/drone_local/drone_ws/src/ROS-TCP-Endpoint' returned '0': PYTHONPATH=/home/parallels/drone_local/drone_ws/build/ros_tcp_endpoint/prefix_override:/usr/lib/python3/dist-packages/colcon_core/task/python/colcon_distutils_commands:/home/parallels/drone_local/drone_ws/install/ros_tcp_endpoint/lib/python3.10/site-packages:${PYTHONPATH} /usr/bin/python3 -W ignore:setup.py install is deprecated -W ignore:easy_install command is deprecated setup.py egg_info --egg-base ../../build/ros_tcp_endpoint build --build-base /home/parallels/drone_local/drone_ws/build/ros_tcp_endpoint/build install --record /home/parallels/drone_local/drone_ws/build/ros_tcp_endpoint/install.log --install-scripts $base/lib/ros_tcp_endpoint --single-version-externally-managed install_data --force
