[0.073s] DEBUG:colcon:Command line arguments: ['/usr/bin/colcon', 'build', '--symlink-install']
[0.073s] DEBUG:colcon:Parsed command line arguments: Namespace(log_base=None, log_level=None, verb_name='build', build_base='build', install_base='install', merge_install=False, symlink_install=True, test_result_base=None, continue_on_error=False, executor='parallel', parallel_workers=4, event_handlers=None, ignore_user_meta=False, metas=['./colcon.meta'], base_paths=['.'], packages_ignore=None, packages_ignore_regex=None, paths=None, packages_up_to=None, packages_up_to_regex=None, packages_above=None, packages_above_and_dependencies=None, packages_above_depth=None, packages_select_by_dep=None, packages_skip_by_dep=None, packages_skip_up_to=None, packages_select_build_failed=False, packages_skip_build_finished=False, packages_select_test_failures=False, packages_skip_test_passed=False, packages_select=None, packages_skip=None, packages_select_regex=None, packages_skip_regex=None, packages_start=None, packages_end=None, allow_overriding=[], cmake_args=None, cmake_target=None, cmake_target_skip_unavailable=False, cmake_clean_cache=False, cmake_clean_first=False, cmake_force_configure=False, ament_cmake_args=None, catkin_cmake_args=None, catkin_skip_building_tests=False, verb_parser=<colcon_defaults.argument_parser.defaults.DefaultArgumentsDecorator object at 0xffff8fa5dc30>, verb_extension=<colcon_core.verb.build.BuildVerb object at 0xffff8fc03160>, main=<bound method BuildVerb.main of <colcon_core.verb.build.BuildVerb object at 0xffff8fc03160>>)
[0.170s] Level 1:colcon.colcon_core.package_discovery:discover_packages(colcon_meta) check parameters
[0.170s] Level 1:colcon.colcon_core.package_discovery:discover_packages(recursive) check parameters
[0.170s] Level 1:colcon.colcon_core.package_discovery:discover_packages(ignore) check parameters
[0.170s] Level 1:colcon.colcon_core.package_discovery:discover_packages(path) check parameters
[0.170s] Level 1:colcon.colcon_core.package_discovery:discover_packages(colcon_meta) discover
[0.170s] Level 1:colcon.colcon_core.package_discovery:discover_packages(recursive) discover
[0.170s] INFO:colcon.colcon_core.package_discovery:Crawling recursively for packages in '/home/parallels/drone_local/drone_ws'
[0.170s] Level 1:colcon.colcon_core.package_identification:_identify(.) by extensions ['ignore', 'ignore_ament_install']
[0.170s] Level 1:colcon.colcon_core.package_identification:_identify(.) by extension 'ignore'
[0.170s] Level 1:colcon.colcon_core.package_identification:_identify(.) by extension 'ignore_ament_install'
[0.170s] Level 1:colcon.colcon_core.package_identification:_identify(.) by extensions ['colcon_pkg']
[0.170s] Level 1:colcon.colcon_core.package_identification:_identify(.) by extension 'colcon_pkg'
[0.170s] Level 1:colcon.colcon_core.package_identification:_identify(.) by extensions ['colcon_meta']
[0.170s] Level 1:colcon.colcon_core.package_identification:_identify(.) by extension 'colcon_meta'
[0.170s] Level 1:colcon.colcon_core.package_identification:_identify(.) by extensions ['ros']
[0.171s] Level 1:colcon.colcon_core.package_identification:_identify(.) by extension 'ros'
[0.178s] Level 1:colcon.colcon_core.package_identification:_identify(.) by extensions ['cmake', 'python']
[0.178s] Level 1:colcon.colcon_core.package_identification:_identify(.) by extension 'cmake'
[0.178s] Level 1:colcon.colcon_core.package_identification:_identify(.) by extension 'python'
[0.178s] Level 1:colcon.colcon_core.package_identification:_identify(.) by extensions ['python_setup_py']
[0.178s] Level 1:colcon.colcon_core.package_identification:_identify(.) by extension 'python_setup_py'
[0.178s] Level 1:colcon.colcon_core.package_identification:_identify(build) by extensions ['ignore', 'ignore_ament_install']
[0.178s] Level 1:colcon.colcon_core.package_identification:_identify(build) by extension 'ignore'
[0.178s] Level 1:colcon.colcon_core.package_identification:_identify(build) ignored
[0.178s] Level 1:colcon.colcon_core.package_identification:_identify(install) by extensions ['ignore', 'ignore_ament_install']
[0.178s] Level 1:colcon.colcon_core.package_identification:_identify(install) by extension 'ignore'
[0.178s] Level 1:colcon.colcon_core.package_identification:_identify(install) ignored
[0.178s] Level 1:colcon.colcon_core.package_identification:_identify(log) by extensions ['ignore', 'ignore_ament_install']
[0.178s] Level 1:colcon.colcon_core.package_identification:_identify(log) by extension 'ignore'
[0.178s] Level 1:colcon.colcon_core.package_identification:_identify(log) ignored
[0.179s] Level 1:colcon.colcon_core.package_identification:_identify(src) by extensions ['ignore', 'ignore_ament_install']
[0.179s] Level 1:colcon.colcon_core.package_identification:_identify(src) by extension 'ignore'
[0.179s] Level 1:colcon.colcon_core.package_identification:_identify(src) by extension 'ignore_ament_install'
[0.179s] Level 1:colcon.colcon_core.package_identification:_identify(src) by extensions ['colcon_pkg']
[0.179s] Level 1:colcon.colcon_core.package_identification:_identify(src) by extension 'colcon_pkg'
[0.179s] Level 1:colcon.colcon_core.package_identification:_identify(src) by extensions ['colcon_meta']
[0.179s] Level 1:colcon.colcon_core.package_identification:_identify(src) by extension 'colcon_meta'
[0.179s] Level 1:colcon.colcon_core.package_identification:_identify(src) by extensions ['ros']
[0.179s] Level 1:colcon.colcon_core.package_identification:_identify(src) by extension 'ros'
[0.179s] Level 1:colcon.colcon_core.package_identification:_identify(src) by extensions ['cmake', 'python']
[0.179s] Level 1:colcon.colcon_core.package_identification:_identify(src) by extension 'cmake'
[0.179s] Level 1:colcon.colcon_core.package_identification:_identify(src) by extension 'python'
[0.179s] Level 1:colcon.colcon_core.package_identification:_identify(src) by extensions ['python_setup_py']
[0.179s] Level 1:colcon.colcon_core.package_identification:_identify(src) by extension 'python_setup_py'
[0.179s] Level 1:colcon.colcon_core.package_identification:_identify(src/ROS-TCP-Endpoint) by extensions ['ignore', 'ignore_ament_install']
[0.179s] Level 1:colcon.colcon_core.package_identification:_identify(src/ROS-TCP-Endpoint) by extension 'ignore'
[0.179s] Level 1:colcon.colcon_core.package_identification:_identify(src/ROS-TCP-Endpoint) by extension 'ignore_ament_install'
[0.179s] Level 1:colcon.colcon_core.package_identification:_identify(src/ROS-TCP-Endpoint) by extensions ['colcon_pkg']
[0.179s] Level 1:colcon.colcon_core.package_identification:_identify(src/ROS-TCP-Endpoint) by extension 'colcon_pkg'
[0.179s] Level 1:colcon.colcon_core.package_identification:_identify(src/ROS-TCP-Endpoint) by extensions ['colcon_meta']
[0.179s] Level 1:colcon.colcon_core.package_identification:_identify(src/ROS-TCP-Endpoint) by extension 'colcon_meta'
[0.179s] Level 1:colcon.colcon_core.package_identification:_identify(src/ROS-TCP-Endpoint) by extensions ['ros']
[0.179s] Level 1:colcon.colcon_core.package_identification:_identify(src/ROS-TCP-Endpoint) by extension 'ros'
[0.181s] DEBUG:colcon.colcon_core.package_identification:Package 'src/ROS-TCP-Endpoint' with type 'ros.ament_python' and name 'ros_tcp_endpoint'
[0.181s] Level 1:colcon.colcon_core.package_identification:_identify(src/drone_autonomy) by extensions ['ignore', 'ignore_ament_install']
[0.181s] Level 1:colcon.colcon_core.package_identification:_identify(src/drone_autonomy) by extension 'ignore'
[0.181s] Level 1:colcon.colcon_core.package_identification:_identify(src/drone_autonomy) by extension 'ignore_ament_install'
[0.181s] Level 1:colcon.colcon_core.package_identification:_identify(src/drone_autonomy) by extensions ['colcon_pkg']
[0.181s] Level 1:colcon.colcon_core.package_identification:_identify(src/drone_autonomy) by extension 'colcon_pkg'
[0.181s] Level 1:colcon.colcon_core.package_identification:_identify(src/drone_autonomy) by extensions ['colcon_meta']
[0.181s] Level 1:colcon.colcon_core.package_identification:_identify(src/drone_autonomy) by extension 'colcon_meta'
[0.181s] Level 1:colcon.colcon_core.package_identification:_identify(src/drone_autonomy) by extensions ['ros']
[0.181s] Level 1:colcon.colcon_core.package_identification:_identify(src/drone_autonomy) by extension 'ros'
[0.181s] DEBUG:colcon.colcon_core.package_identification:Package 'src/drone_autonomy' with type 'ros.ament_python' and name 'drone_autonomy'
[0.181s] Level 1:colcon.colcon_core.package_identification:_identify(src/offboard_avoidance_unity) by extensions ['ignore', 'ignore_ament_install']
[0.182s] Level 1:colcon.colcon_core.package_identification:_identify(src/offboard_avoidance_unity) by extension 'ignore'
[0.182s] Level 1:colcon.colcon_core.package_identification:_identify(src/offboard_avoidance_unity) by extension 'ignore_ament_install'
[0.182s] Level 1:colcon.colcon_core.package_identification:_identify(src/offboard_avoidance_unity) by extensions ['colcon_pkg']
[0.182s] Level 1:colcon.colcon_core.package_identification:_identify(src/offboard_avoidance_unity) by extension 'colcon_pkg'
[0.182s] Level 1:colcon.colcon_core.package_identification:_identify(src/offboard_avoidance_unity) by extensions ['colcon_meta']
[0.182s] Level 1:colcon.colcon_core.package_identification:_identify(src/offboard_avoidance_unity) by extension 'colcon_meta'
[0.182s] Level 1:colcon.colcon_core.package_identification:_identify(src/offboard_avoidance_unity) by extensions ['ros']
[0.182s] Level 1:colcon.colcon_core.package_identification:_identify(src/offboard_avoidance_unity) by extension 'ros'
[0.182s] DEBUG:colcon.colcon_core.package_identification:Package 'src/offboard_avoidance_unity' with type 'ros.ament_python' and name 'offboard_avoidance_unity'
[0.182s] Level 1:colcon.colcon_core.package_identification:_identify(src/offboard_test) by extensions ['ignore', 'ignore_ament_install']
[0.182s] Level 1:colcon.colcon_core.package_identification:_identify(src/offboard_test) by extension 'ignore'
[0.182s] Level 1:colcon.colcon_core.package_identification:_identify(src/offboard_test) by extension 'ignore_ament_install'
[0.182s] Level 1:colcon.colcon_core.package_identification:_identify(src/offboard_test) by extensions ['colcon_pkg']
[0.182s] Level 1:colcon.colcon_core.package_identification:_identify(src/offboard_test) by extension 'colcon_pkg'
[0.182s] Level 1:colcon.colcon_core.package_identification:_identify(src/offboard_test) by extensions ['colcon_meta']
[0.182s] Level 1:colcon.colcon_core.package_identification:_identify(src/offboard_test) by extension 'colcon_meta'
[0.182s] Level 1:colcon.colcon_core.package_identification:_identify(src/offboard_test) by extensions ['ros']
[0.182s] Level 1:colcon.colcon_core.package_identification:_identify(src/offboard_test) by extension 'ros'
[0.183s] DEBUG:colcon.colcon_core.package_identification:Package 'src/offboard_test' with type 'ros.ament_python' and name 'offboard_test'
[0.183s] Level 1:colcon.colcon_core.package_identification:_identify(src/px4_msgs) by extensions ['ignore', 'ignore_ament_install']
[0.183s] Level 1:colcon.colcon_core.package_identification:_identify(src/px4_msgs) by extension 'ignore'
[0.183s] Level 1:colcon.colcon_core.package_identification:_identify(src/px4_msgs) by extension 'ignore_ament_install'
[0.183s] Level 1:colcon.colcon_core.package_identification:_identify(src/px4_msgs) by extensions ['colcon_pkg']
[0.183s] Level 1:colcon.colcon_core.package_identification:_identify(src/px4_msgs) by extension 'colcon_pkg'
[0.183s] Level 1:colcon.colcon_core.package_identification:_identify(src/px4_msgs) by extensions ['colcon_meta']
[0.183s] Level 1:colcon.colcon_core.package_identification:_identify(src/px4_msgs) by extension 'colcon_meta'
[0.183s] Level 1:colcon.colcon_core.package_identification:_identify(src/px4_msgs) by extensions ['ros']
[0.183s] Level 1:colcon.colcon_core.package_identification:_identify(src/px4_msgs) by extension 'ros'
[0.183s] DEBUG:colcon.colcon_core.package_identification:Package 'src/px4_msgs' with type 'ros.ament_cmake' and name 'px4_msgs'
[0.183s] Level 1:colcon.colcon_core.package_identification:_identify(src/px4_ros_com) by extensions ['ignore', 'ignore_ament_install']
[0.183s] Level 1:colcon.colcon_core.package_identification:_identify(src/px4_ros_com) by extension 'ignore'
[0.184s] Level 1:colcon.colcon_core.package_identification:_identify(src/px4_ros_com) by extension 'ignore_ament_install'
[0.184s] Level 1:colcon.colcon_core.package_identification:_identify(src/px4_ros_com) by extensions ['colcon_pkg']
[0.184s] Level 1:colcon.colcon_core.package_identification:_identify(src/px4_ros_com) by extension 'colcon_pkg'
[0.184s] Level 1:colcon.colcon_core.package_identification:_identify(src/px4_ros_com) by extensions ['colcon_meta']
[0.184s] Level 1:colcon.colcon_core.package_identification:_identify(src/px4_ros_com) by extension 'colcon_meta'
[0.184s] Level 1:colcon.colcon_core.package_identification:_identify(src/px4_ros_com) by extensions ['ros']
[0.184s] Level 1:colcon.colcon_core.package_identification:_identify(src/px4_ros_com) by extension 'ros'
[0.184s] DEBUG:colcon.colcon_core.package_identification:Package 'src/px4_ros_com' with type 'ros.ament_cmake' and name 'px4_ros_com'
[0.184s] Level 1:colcon.colcon_core.package_discovery:discover_packages(recursive) using defaults
[0.184s] Level 1:colcon.colcon_core.package_discovery:discover_packages(ignore) discover
[0.184s] Level 1:colcon.colcon_core.package_discovery:discover_packages(ignore) using defaults
[0.184s] Level 1:colcon.colcon_core.package_discovery:discover_packages(path) discover
[0.184s] Level 1:colcon.colcon_core.package_discovery:discover_packages(path) using defaults
[0.205s] Level 1:colcon.colcon_core.package_discovery:discover_packages(prefix_path) check parameters
[0.205s] Level 1:colcon.colcon_core.package_discovery:discover_packages(prefix_path) discover
[0.206s] DEBUG:colcon.colcon_installed_package_information.package_discovery:Found 7 installed packages in /home/parallels/drone_local/drone_ws/install
[0.207s] DEBUG:colcon.colcon_installed_package_information.package_discovery:Found 276 installed packages in /opt/ros/humble
[0.208s] Level 1:colcon.colcon_core.package_discovery:discover_packages(prefix_path) using defaults
[0.230s] Level 5:colcon.colcon_core.verb:set package 'px4_msgs' build argument 'cmake_args' from command line to 'None'
[0.230s] Level 5:colcon.colcon_core.verb:set package 'px4_msgs' build argument 'cmake_target' from command line to 'None'
[0.230s] Level 5:colcon.colcon_core.verb:set package 'px4_msgs' build argument 'cmake_target_skip_unavailable' from command line to 'False'
[0.230s] Level 5:colcon.colcon_core.verb:set package 'px4_msgs' build argument 'cmake_clean_cache' from command line to 'False'
[0.230s] Level 5:colcon.colcon_core.verb:set package 'px4_msgs' build argument 'cmake_clean_first' from command line to 'False'
[0.230s] Level 5:colcon.colcon_core.verb:set package 'px4_msgs' build argument 'cmake_force_configure' from command line to 'False'
[0.230s] Level 5:colcon.colcon_core.verb:set package 'px4_msgs' build argument 'ament_cmake_args' from command line to 'None'
[0.230s] Level 5:colcon.colcon_core.verb:set package 'px4_msgs' build argument 'catkin_cmake_args' from command line to 'None'
[0.230s] Level 5:colcon.colcon_core.verb:set package 'px4_msgs' build argument 'catkin_skip_building_tests' from command line to 'False'
[0.230s] DEBUG:colcon.colcon_core.verb:Building package 'px4_msgs' with the following arguments: {'ament_cmake_args': None, 'build_base': '/home/parallels/drone_local/drone_ws/build/px4_msgs', 'catkin_cmake_args': None, 'catkin_skip_building_tests': False, 'cmake_args': None, 'cmake_clean_cache': False, 'cmake_clean_first': False, 'cmake_force_configure': False, 'cmake_target': None, 'cmake_target_skip_unavailable': False, 'install_base': '/home/parallels/drone_local/drone_ws/install/px4_msgs', 'merge_install': False, 'path': '/home/parallels/drone_local/drone_ws/src/px4_msgs', 'symlink_install': True, 'test_result_base': None}
[0.230s] Level 5:colcon.colcon_core.verb:set package 'ros_tcp_endpoint' build argument 'cmake_args' from command line to 'None'
[0.230s] Level 5:colcon.colcon_core.verb:set package 'ros_tcp_endpoint' build argument 'cmake_target' from command line to 'None'
[0.230s] Level 5:colcon.colcon_core.verb:set package 'ros_tcp_endpoint' build argument 'cmake_target_skip_unavailable' from command line to 'False'
[0.230s] Level 5:colcon.colcon_core.verb:set package 'ros_tcp_endpoint' build argument 'cmake_clean_cache' from command line to 'False'
[0.230s] Level 5:colcon.colcon_core.verb:set package 'ros_tcp_endpoint' build argument 'cmake_clean_first' from command line to 'False'
[0.230s] Level 5:colcon.colcon_core.verb:set package 'ros_tcp_endpoint' build argument 'cmake_force_configure' from command line to 'False'
[0.230s] Level 5:colcon.colcon_core.verb:set package 'ros_tcp_endpoint' build argument 'ament_cmake_args' from command line to 'None'
[0.230s] Level 5:colcon.colcon_core.verb:set package 'ros_tcp_endpoint' build argument 'catkin_cmake_args' from command line to 'None'
[0.230s] Level 5:colcon.colcon_core.verb:set package 'ros_tcp_endpoint' build argument 'catkin_skip_building_tests' from command line to 'False'
[0.230s] DEBUG:colcon.colcon_core.verb:Building package 'ros_tcp_endpoint' with the following arguments: {'ament_cmake_args': None, 'build_base': '/home/parallels/drone_local/drone_ws/build/ros_tcp_endpoint', 'catkin_cmake_args': None, 'catkin_skip_building_tests': False, 'cmake_args': None, 'cmake_clean_cache': False, 'cmake_clean_first': False, 'cmake_force_configure': False, 'cmake_target': None, 'cmake_target_skip_unavailable': False, 'install_base': '/home/parallels/drone_local/drone_ws/install/ros_tcp_endpoint', 'merge_install': False, 'path': '/home/parallels/drone_local/drone_ws/src/ROS-TCP-Endpoint', 'symlink_install': True, 'test_result_base': None}
[0.230s] Level 5:colcon.colcon_core.verb:set package 'drone_autonomy' build argument 'cmake_args' from command line to 'None'
[0.230s] Level 5:colcon.colcon_core.verb:set package 'drone_autonomy' build argument 'cmake_target' from command line to 'None'
[0.231s] Level 5:colcon.colcon_core.verb:set package 'drone_autonomy' build argument 'cmake_target_skip_unavailable' from command line to 'False'
[0.231s] Level 5:colcon.colcon_core.verb:set package 'drone_autonomy' build argument 'cmake_clean_cache' from command line to 'False'
[0.231s] Level 5:colcon.colcon_core.verb:set package 'drone_autonomy' build argument 'cmake_clean_first' from command line to 'False'
[0.231s] Level 5:colcon.colcon_core.verb:set package 'drone_autonomy' build argument 'cmake_force_configure' from command line to 'False'
[0.231s] Level 5:colcon.colcon_core.verb:set package 'drone_autonomy' build argument 'ament_cmake_args' from command line to 'None'
[0.231s] Level 5:colcon.colcon_core.verb:set package 'drone_autonomy' build argument 'catkin_cmake_args' from command line to 'None'
[0.231s] Level 5:colcon.colcon_core.verb:set package 'drone_autonomy' build argument 'catkin_skip_building_tests' from command line to 'False'
[0.231s] DEBUG:colcon.colcon_core.verb:Building package 'drone_autonomy' with the following arguments: {'ament_cmake_args': None, 'build_base': '/home/parallels/drone_local/drone_ws/build/drone_autonomy', 'catkin_cmake_args': None, 'catkin_skip_building_tests': False, 'cmake_args': None, 'cmake_clean_cache': False, 'cmake_clean_first': False, 'cmake_force_configure': False, 'cmake_target': None, 'cmake_target_skip_unavailable': False, 'install_base': '/home/parallels/drone_local/drone_ws/install/drone_autonomy', 'merge_install': False, 'path': '/home/parallels/drone_local/drone_ws/src/drone_autonomy', 'symlink_install': True, 'test_result_base': None}
[0.231s] Level 5:colcon.colcon_core.verb:set package 'offboard_avoidance_unity' build argument 'cmake_args' from command line to 'None'
[0.231s] Level 5:colcon.colcon_core.verb:set package 'offboard_avoidance_unity' build argument 'cmake_target' from command line to 'None'
[0.231s] Level 5:colcon.colcon_core.verb:set package 'offboard_avoidance_unity' build argument 'cmake_target_skip_unavailable' from command line to 'False'
[0.231s] Level 5:colcon.colcon_core.verb:set package 'offboard_avoidance_unity' build argument 'cmake_clean_cache' from command line to 'False'
[0.231s] Level 5:colcon.colcon_core.verb:set package 'offboard_avoidance_unity' build argument 'cmake_clean_first' from command line to 'False'
[0.231s] Level 5:colcon.colcon_core.verb:set package 'offboard_avoidance_unity' build argument 'cmake_force_configure' from command line to 'False'
[0.231s] Level 5:colcon.colcon_core.verb:set package 'offboard_avoidance_unity' build argument 'ament_cmake_args' from command line to 'None'
[0.231s] Level 5:colcon.colcon_core.verb:set package 'offboard_avoidance_unity' build argument 'catkin_cmake_args' from command line to 'None'
[0.231s] Level 5:colcon.colcon_core.verb:set package 'offboard_avoidance_unity' build argument 'catkin_skip_building_tests' from command line to 'False'
[0.231s] DEBUG:colcon.colcon_core.verb:Building package 'offboard_avoidance_unity' with the following arguments: {'ament_cmake_args': None, 'build_base': '/home/parallels/drone_local/drone_ws/build/offboard_avoidance_unity', 'catkin_cmake_args': None, 'catkin_skip_building_tests': False, 'cmake_args': None, 'cmake_clean_cache': False, 'cmake_clean_first': False, 'cmake_force_configure': False, 'cmake_target': None, 'cmake_target_skip_unavailable': False, 'install_base': '/home/parallels/drone_local/drone_ws/install/offboard_avoidance_unity', 'merge_install': False, 'path': '/home/parallels/drone_local/drone_ws/src/offboard_avoidance_unity', 'symlink_install': True, 'test_result_base': None}
[0.231s] Level 5:colcon.colcon_core.verb:set package 'offboard_test' build argument 'cmake_args' from command line to 'None'
[0.231s] Level 5:colcon.colcon_core.verb:set package 'offboard_test' build argument 'cmake_target' from command line to 'None'
[0.231s] Level 5:colcon.colcon_core.verb:set package 'offboard_test' build argument 'cmake_target_skip_unavailable' from command line to 'False'
[0.231s] Level 5:colcon.colcon_core.verb:set package 'offboard_test' build argument 'cmake_clean_cache' from command line to 'False'
[0.231s] Level 5:colcon.colcon_core.verb:set package 'offboard_test' build argument 'cmake_clean_first' from command line to 'False'
[0.231s] Level 5:colcon.colcon_core.verb:set package 'offboard_test' build argument 'cmake_force_configure' from command line to 'False'
[0.231s] Level 5:colcon.colcon_core.verb:set package 'offboard_test' build argument 'ament_cmake_args' from command line to 'None'
[0.231s] Level 5:colcon.colcon_core.verb:set package 'offboard_test' build argument 'catkin_cmake_args' from command line to 'None'
[0.231s] Level 5:colcon.colcon_core.verb:set package 'offboard_test' build argument 'catkin_skip_building_tests' from command line to 'False'
[0.231s] DEBUG:colcon.colcon_core.verb:Building package 'offboard_test' with the following arguments: {'ament_cmake_args': None, 'build_base': '/home/parallels/drone_local/drone_ws/build/offboard_test', 'catkin_cmake_args': None, 'catkin_skip_building_tests': False, 'cmake_args': None, 'cmake_clean_cache': False, 'cmake_clean_first': False, 'cmake_force_configure': False, 'cmake_target': None, 'cmake_target_skip_unavailable': False, 'install_base': '/home/parallels/drone_local/drone_ws/install/offboard_test', 'merge_install': False, 'path': '/home/parallels/drone_local/drone_ws/src/offboard_test', 'symlink_install': True, 'test_result_base': None}
[0.231s] Level 5:colcon.colcon_core.verb:set package 'px4_ros_com' build argument 'cmake_args' from command line to 'None'
[0.231s] Level 5:colcon.colcon_core.verb:set package 'px4_ros_com' build argument 'cmake_target' from command line to 'None'
[0.231s] Level 5:colcon.colcon_core.verb:set package 'px4_ros_com' build argument 'cmake_target_skip_unavailable' from command line to 'False'
[0.231s] Level 5:colcon.colcon_core.verb:set package 'px4_ros_com' build argument 'cmake_clean_cache' from command line to 'False'
[0.231s] Level 5:colcon.colcon_core.verb:set package 'px4_ros_com' build argument 'cmake_clean_first' from command line to 'False'
[0.231s] Level 5:colcon.colcon_core.verb:set package 'px4_ros_com' build argument 'cmake_force_configure' from command line to 'False'
[0.231s] Level 5:colcon.colcon_core.verb:set package 'px4_ros_com' build argument 'ament_cmake_args' from command line to 'None'
[0.231s] Level 5:colcon.colcon_core.verb:set package 'px4_ros_com' build argument 'catkin_cmake_args' from command line to 'None'
[0.231s] Level 5:colcon.colcon_core.verb:set package 'px4_ros_com' build argument 'catkin_skip_building_tests' from command line to 'False'
[0.231s] DEBUG:colcon.colcon_core.verb:Building package 'px4_ros_com' with the following arguments: {'ament_cmake_args': None, 'build_base': '/home/parallels/drone_local/drone_ws/build/px4_ros_com', 'catkin_cmake_args': None, 'catkin_skip_building_tests': False, 'cmake_args': None, 'cmake_clean_cache': False, 'cmake_clean_first': False, 'cmake_force_configure': False, 'cmake_target': None, 'cmake_target_skip_unavailable': False, 'install_base': '/home/parallels/drone_local/drone_ws/install/px4_ros_com', 'merge_install': False, 'path': '/home/parallels/drone_local/drone_ws/src/px4_ros_com', 'symlink_install': True, 'test_result_base': None}
[0.231s] INFO:colcon.colcon_core.executor:Executing jobs using 'parallel' executor
[0.232s] DEBUG:colcon.colcon_parallel_executor.executor.parallel:run_until_complete
[0.232s] INFO:colcon.colcon_ros.task.ament_cmake.build:Building ROS package in '/home/parallels/drone_local/drone_ws/src/px4_msgs' with build type 'ament_cmake'
[0.232s] INFO:colcon.colcon_cmake.task.cmake.build:Building CMake package in '/home/parallels/drone_local/drone_ws/src/px4_msgs'
[0.234s] INFO:colcon.colcon_core.plugin_system:Skipping extension 'colcon_core.shell.bat': Not used on non-Windows systems
[0.235s] INFO:colcon.colcon_core.shell:Skip shell extension 'powershell' for command environment: Not usable outside of PowerShell
[0.235s] DEBUG:colcon.colcon_core.shell:Skip shell extension 'dsv' for command environment
[0.237s] INFO:colcon.colcon_ros.task.ament_python.build:Building ROS package in '/home/parallels/drone_local/drone_ws/src/ROS-TCP-Endpoint' with build type 'ament_python'
[0.238s] Level 1:colcon.colcon_core.shell:create_environment_hook('ros_tcp_endpoint', 'ament_prefix_path')
[0.238s] INFO:colcon.colcon_core.shell:Creating environment hook '/home/parallels/drone_local/drone_ws/install/ros_tcp_endpoint/share/ros_tcp_endpoint/hook/ament_prefix_path.ps1'
[0.239s] INFO:colcon.colcon_core.shell:Creating environment descriptor '/home/parallels/drone_local/drone_ws/install/ros_tcp_endpoint/share/ros_tcp_endpoint/hook/ament_prefix_path.dsv'
[0.239s] INFO:colcon.colcon_core.shell:Creating environment hook '/home/parallels/drone_local/drone_ws/install/ros_tcp_endpoint/share/ros_tcp_endpoint/hook/ament_prefix_path.sh'
[0.239s] INFO:colcon.colcon_core.shell:Skip shell extension 'powershell' for command environment: Not usable outside of PowerShell
[0.240s] DEBUG:colcon.colcon_core.shell:Skip shell extension 'dsv' for command environment
[0.245s] DEBUG:colcon.colcon_core.event_handler.log_command:Invoking command in '/home/parallels/drone_local/drone_ws/build/px4_msgs': CMAKE_PREFIX_PATH=${CMAKE_PREFIX_PATH}:/home/parallels/drone_local/drone_ws/install/tracking:/home/parallels/drone_local/drone_ws/install/ros_tcp_endpoint:/home/parallels/drone_local/drone_ws/install/offboard_test:/home/parallels/drone_local/drone_ws/install/offboard_avoidance_unity:/home/parallels/drone_local/drone_ws/install/drone_autonomy:/opt/ros/humble /usr/bin/cmake --build /home/parallels/drone_local/drone_ws/build/px4_msgs -- -j4 -l4
[0.400s] INFO:colcon.colcon_core.task.python.build:Building Python package in '/home/parallels/drone_local/drone_ws/src/ROS-TCP-Endpoint'
[0.400s] INFO:colcon.colcon_core.shell:Skip shell extension 'powershell' for command environment: Not usable outside of PowerShell
[0.400s] DEBUG:colcon.colcon_core.shell:Skip shell extension 'dsv' for command environment
[0.607s] DEBUG:colcon.colcon_core.event_handler.log_command:Invoking command in '/home/parallels/drone_local/drone_ws/build/ros_tcp_endpoint': PYTHONPATH=/home/parallels/drone_local/drone_ws/build/ros_tcp_endpoint/prefix_override:/usr/lib/python3/dist-packages/colcon_core/task/python/colcon_distutils_commands:/home/parallels/drone_local/drone_ws/install/ros_tcp_endpoint/lib/python3.10/site-packages:${PYTHONPATH} /usr/bin/python3 -W ignore:setup.py install is deprecated -W ignore:easy_install command is deprecated setup.py develop --editable --build-directory /home/parallels/drone_local/drone_ws/build/ros_tcp_endpoint/build --no-deps symlink_data
[0.895s] Level 1:colcon.colcon_core.shell:create_environment_hook('ros_tcp_endpoint', 'pythonpath_develop')
[0.896s] INFO:colcon.colcon_core.shell:Creating environment hook '/home/parallels/drone_local/drone_ws/build/ros_tcp_endpoint/share/ros_tcp_endpoint/hook/pythonpath_develop.ps1'
[0.896s] INFO:colcon.colcon_core.shell:Creating environment descriptor '/home/parallels/drone_local/drone_ws/build/ros_tcp_endpoint/share/ros_tcp_endpoint/hook/pythonpath_develop.dsv'
[0.896s] INFO:colcon.colcon_core.shell:Creating environment hook '/home/parallels/drone_local/drone_ws/build/ros_tcp_endpoint/share/ros_tcp_endpoint/hook/pythonpath_develop.sh'
[0.899s] DEBUG:colcon.colcon_core.event_handler.log_command:Invoked command in '/home/parallels/drone_local/drone_ws/build/ros_tcp_endpoint' returned '0': PYTHONPATH=/home/parallels/drone_local/drone_ws/build/ros_tcp_endpoint/prefix_override:/usr/lib/python3/dist-packages/colcon_core/task/python/colcon_distutils_commands:/home/parallels/drone_local/drone_ws/install/ros_tcp_endpoint/lib/python3.10/site-packages:${PYTHONPATH} /usr/bin/python3 -W ignore:setup.py install is deprecated -W ignore:easy_install command is deprecated setup.py develop --editable --build-directory /home/parallels/drone_local/drone_ws/build/ros_tcp_endpoint/build --no-deps symlink_data
[0.900s] Level 1:colcon.colcon_core.environment:checking '/home/parallels/drone_local/drone_ws/install/ros_tcp_endpoint' for CMake module files
[0.900s] Level 1:colcon.colcon_core.environment:checking '/home/parallels/drone_local/drone_ws/install/ros_tcp_endpoint' for CMake config files
[0.901s] Level 1:colcon.colcon_core.environment:checking '/home/parallels/drone_local/drone_ws/install/ros_tcp_endpoint/lib'
[0.901s] Level 1:colcon.colcon_core.environment:checking '/home/parallels/drone_local/drone_ws/install/ros_tcp_endpoint/bin'
[0.901s] Level 1:colcon.colcon_core.environment:checking '/home/parallels/drone_local/drone_ws/install/ros_tcp_endpoint/lib/pkgconfig/ros_tcp_endpoint.pc'
[0.901s] Level 1:colcon.colcon_core.environment:checking '/home/parallels/drone_local/drone_ws/install/ros_tcp_endpoint/lib/python3.10/site-packages'
[0.901s] Level 1:colcon.colcon_core.shell:create_environment_hook('ros_tcp_endpoint', 'pythonpath')
[0.903s] INFO:colcon.colcon_core.shell:Creating environment hook '/home/parallels/drone_local/drone_ws/install/ros_tcp_endpoint/share/ros_tcp_endpoint/hook/pythonpath.ps1'
[0.903s] INFO:colcon.colcon_core.shell:Creating environment descriptor '/home/parallels/drone_local/drone_ws/install/ros_tcp_endpoint/share/ros_tcp_endpoint/hook/pythonpath.dsv'
[0.904s] INFO:colcon.colcon_core.shell:Creating environment hook '/home/parallels/drone_local/drone_ws/install/ros_tcp_endpoint/share/ros_tcp_endpoint/hook/pythonpath.sh'
[0.906s] Level 1:colcon.colcon_core.environment:checking '/home/parallels/drone_local/drone_ws/install/ros_tcp_endpoint/bin'
[0.906s] Level 1:colcon.colcon_core.environment:create_environment_scripts_only(ros_tcp_endpoint)
[0.907s] INFO:colcon.colcon_core.shell:Creating package script '/home/parallels/drone_local/drone_ws/install/ros_tcp_endpoint/share/ros_tcp_endpoint/package.ps1'
[0.908s] INFO:colcon.colcon_core.shell:Creating package descriptor '/home/parallels/drone_local/drone_ws/install/ros_tcp_endpoint/share/ros_tcp_endpoint/package.dsv'
[0.909s] INFO:colcon.colcon_core.shell:Creating package script '/home/parallels/drone_local/drone_ws/install/ros_tcp_endpoint/share/ros_tcp_endpoint/package.sh'
[0.909s] INFO:colcon.colcon_core.shell:Creating package script '/home/parallels/drone_local/drone_ws/install/ros_tcp_endpoint/share/ros_tcp_endpoint/package.bash'
[0.910s] INFO:colcon.colcon_core.shell:Creating package script '/home/parallels/drone_local/drone_ws/install/ros_tcp_endpoint/share/ros_tcp_endpoint/package.zsh'
[0.911s] Level 1:colcon.colcon_core.environment:create_file_with_runtime_dependencies(/home/parallels/drone_local/drone_ws/install/ros_tcp_endpoint/share/colcon-core/packages/ros_tcp_endpoint)
[1.388s] DEBUG:colcon.colcon_core.event_handler.log_command:Invoked command in '/home/parallels/drone_local/drone_ws/build/px4_msgs' returned '0': CMAKE_PREFIX_PATH=${CMAKE_PREFIX_PATH}:/home/parallels/drone_local/drone_ws/install/tracking:/home/parallels/drone_local/drone_ws/install/ros_tcp_endpoint:/home/parallels/drone_local/drone_ws/install/offboard_test:/home/parallels/drone_local/drone_ws/install/offboard_avoidance_unity:/home/parallels/drone_local/drone_ws/install/drone_autonomy:/opt/ros/humble /usr/bin/cmake --build /home/parallels/drone_local/drone_ws/build/px4_msgs -- -j4 -l4
[1.394s] DEBUG:colcon.colcon_core.event_handler.log_command:Invoking command in '/home/parallels/drone_local/drone_ws/build/px4_msgs': CMAKE_PREFIX_PATH=${CMAKE_PREFIX_PATH}:/home/parallels/drone_local/drone_ws/install/tracking:/home/parallels/drone_local/drone_ws/install/ros_tcp_endpoint:/home/parallels/drone_local/drone_ws/install/offboard_test:/home/parallels/drone_local/drone_ws/install/offboard_avoidance_unity:/home/parallels/drone_local/drone_ws/install/drone_autonomy:/opt/ros/humble /usr/bin/cmake --install /home/parallels/drone_local/drone_ws/build/px4_msgs
[2.105s] Level 1:colcon.colcon_core.environment:create_environment_scripts_only(px4_msgs)
[2.105s] Level 1:colcon.colcon_core.environment:checking '/home/parallels/drone_local/drone_ws/install/px4_msgs' for CMake module files
[2.105s] Level 1:colcon.colcon_core.environment:checking '/home/parallels/drone_local/drone_ws/install/px4_msgs' for CMake config files
[2.106s] Level 1:colcon.colcon_core.shell:create_environment_hook('px4_msgs', 'cmake_prefix_path')
[2.106s] INFO:colcon.colcon_core.shell:Creating environment hook '/home/parallels/drone_local/drone_ws/install/px4_msgs/share/px4_msgs/hook/cmake_prefix_path.ps1'
[2.106s] INFO:colcon.colcon_core.shell:Creating environment descriptor '/home/parallels/drone_local/drone_ws/install/px4_msgs/share/px4_msgs/hook/cmake_prefix_path.dsv'
[2.107s] INFO:colcon.colcon_core.shell:Creating environment hook '/home/parallels/drone_local/drone_ws/install/px4_msgs/share/px4_msgs/hook/cmake_prefix_path.sh'
[2.107s] Level 1:colcon.colcon_core.environment:checking '/home/parallels/drone_local/drone_ws/install/px4_msgs/lib'
[2.107s] Level 1:colcon.colcon_core.shell:create_environment_hook('px4_msgs', 'ld_library_path_lib')
[2.107s] INFO:colcon.colcon_core.shell:Creating environment hook '/home/parallels/drone_local/drone_ws/install/px4_msgs/share/px4_msgs/hook/ld_library_path_lib.ps1'
[2.107s] INFO:colcon.colcon_core.shell:Creating environment descriptor '/home/parallels/drone_local/drone_ws/install/px4_msgs/share/px4_msgs/hook/ld_library_path_lib.dsv'
[2.107s] INFO:colcon.colcon_core.shell:Creating environment hook '/home/parallels/drone_local/drone_ws/install/px4_msgs/share/px4_msgs/hook/ld_library_path_lib.sh'
[2.107s] Level 1:colcon.colcon_core.environment:checking '/home/parallels/drone_local/drone_ws/install/px4_msgs/bin'
[2.108s] Level 1:colcon.colcon_core.environment:checking '/home/parallels/drone_local/drone_ws/install/px4_msgs/lib/pkgconfig/px4_msgs.pc'
[2.108s] Level 1:colcon.colcon_core.environment:checking '/home/parallels/drone_local/drone_ws/install/px4_msgs/lib/python3.10/site-packages'
[2.108s] Level 1:colcon.colcon_core.environment:checking '/home/parallels/drone_local/drone_ws/install/px4_msgs/bin'
[2.108s] INFO:colcon.colcon_core.shell:Creating package script '/home/parallels/drone_local/drone_ws/install/px4_msgs/share/px4_msgs/package.ps1'
[2.108s] INFO:colcon.colcon_core.shell:Creating package descriptor '/home/parallels/drone_local/drone_ws/install/px4_msgs/share/px4_msgs/package.dsv'
[2.109s] INFO:colcon.colcon_core.shell:Creating package script '/home/parallels/drone_local/drone_ws/install/px4_msgs/share/px4_msgs/package.sh'
[2.109s] INFO:colcon.colcon_core.shell:Creating package script '/home/parallels/drone_local/drone_ws/install/px4_msgs/share/px4_msgs/package.bash'
[2.109s] INFO:colcon.colcon_core.shell:Creating package script '/home/parallels/drone_local/drone_ws/install/px4_msgs/share/px4_msgs/package.zsh'
[2.109s] Level 1:colcon.colcon_core.environment:create_file_with_runtime_dependencies(/home/parallels/drone_local/drone_ws/install/px4_msgs/share/colcon-core/packages/px4_msgs)
[2.110s] Level 1:colcon.colcon_core.environment:create_environment_scripts_only(px4_msgs)
[2.110s] Level 1:colcon.colcon_core.environment:checking '/home/parallels/drone_local/drone_ws/install/px4_msgs' for CMake module files
[2.110s] DEBUG:colcon.colcon_core.event_handler.log_command:Invoked command in '/home/parallels/drone_local/drone_ws/build/px4_msgs' returned '0': CMAKE_PREFIX_PATH=${CMAKE_PREFIX_PATH}:/home/parallels/drone_local/drone_ws/install/tracking:/home/parallels/drone_local/drone_ws/install/ros_tcp_endpoint:/home/parallels/drone_local/drone_ws/install/offboard_test:/home/parallels/drone_local/drone_ws/install/offboard_avoidance_unity:/home/parallels/drone_local/drone_ws/install/drone_autonomy:/opt/ros/humble /usr/bin/cmake --install /home/parallels/drone_local/drone_ws/build/px4_msgs
[2.111s] Level 1:colcon.colcon_core.environment:checking '/home/parallels/drone_local/drone_ws/install/px4_msgs' for CMake config files
[2.111s] Level 1:colcon.colcon_core.shell:create_environment_hook('px4_msgs', 'cmake_prefix_path')
[2.111s] INFO:colcon.colcon_core.shell:Creating environment hook '/home/parallels/drone_local/drone_ws/install/px4_msgs/share/px4_msgs/hook/cmake_prefix_path.ps1'
[2.111s] INFO:colcon.colcon_core.shell:Creating environment descriptor '/home/parallels/drone_local/drone_ws/install/px4_msgs/share/px4_msgs/hook/cmake_prefix_path.dsv'
[2.112s] INFO:colcon.colcon_core.shell:Creating environment hook '/home/parallels/drone_local/drone_ws/install/px4_msgs/share/px4_msgs/hook/cmake_prefix_path.sh'
[2.112s] Level 1:colcon.colcon_core.environment:checking '/home/parallels/drone_local/drone_ws/install/px4_msgs/lib'
[2.112s] Level 1:colcon.colcon_core.shell:create_environment_hook('px4_msgs', 'ld_library_path_lib')
[2.112s] INFO:colcon.colcon_core.shell:Creating environment hook '/home/parallels/drone_local/drone_ws/install/px4_msgs/share/px4_msgs/hook/ld_library_path_lib.ps1'
[2.112s] INFO:colcon.colcon_core.shell:Creating environment descriptor '/home/parallels/drone_local/drone_ws/install/px4_msgs/share/px4_msgs/hook/ld_library_path_lib.dsv'
[2.113s] INFO:colcon.colcon_core.shell:Creating environment hook '/home/parallels/drone_local/drone_ws/install/px4_msgs/share/px4_msgs/hook/ld_library_path_lib.sh'
[2.113s] Level 1:colcon.colcon_core.environment:checking '/home/parallels/drone_local/drone_ws/install/px4_msgs/bin'
[2.113s] Level 1:colcon.colcon_core.environment:checking '/home/parallels/drone_local/drone_ws/install/px4_msgs/lib/pkgconfig/px4_msgs.pc'
[2.113s] Level 1:colcon.colcon_core.environment:checking '/home/parallels/drone_local/drone_ws/install/px4_msgs/lib/python3.10/site-packages'
[2.113s] Level 1:colcon.colcon_core.environment:checking '/home/parallels/drone_local/drone_ws/install/px4_msgs/bin'
[2.113s] INFO:colcon.colcon_core.shell:Creating package script '/home/parallels/drone_local/drone_ws/install/px4_msgs/share/px4_msgs/package.ps1'
[2.114s] INFO:colcon.colcon_core.shell:Creating package descriptor '/home/parallels/drone_local/drone_ws/install/px4_msgs/share/px4_msgs/package.dsv'
[2.114s] INFO:colcon.colcon_core.shell:Creating package script '/home/parallels/drone_local/drone_ws/install/px4_msgs/share/px4_msgs/package.sh'
[2.114s] INFO:colcon.colcon_core.shell:Creating package script '/home/parallels/drone_local/drone_ws/install/px4_msgs/share/px4_msgs/package.bash'
[2.114s] INFO:colcon.colcon_core.shell:Creating package script '/home/parallels/drone_local/drone_ws/install/px4_msgs/share/px4_msgs/package.zsh'
[2.114s] Level 1:colcon.colcon_core.environment:create_file_with_runtime_dependencies(/home/parallels/drone_local/drone_ws/install/px4_msgs/share/colcon-core/packages/px4_msgs)
[2.115s] INFO:colcon.colcon_ros.task.ament_python.build:Building ROS package in '/home/parallels/drone_local/drone_ws/src/drone_autonomy' with build type 'ament_python'
[2.115s] Level 1:colcon.colcon_core.shell:create_environment_hook('drone_autonomy', 'ament_prefix_path')
[2.115s] INFO:colcon.colcon_core.shell:Creating environment hook '/home/parallels/drone_local/drone_ws/install/drone_autonomy/share/drone_autonomy/hook/ament_prefix_path.ps1'
[2.115s] INFO:colcon.colcon_core.shell:Creating environment descriptor '/home/parallels/drone_local/drone_ws/install/drone_autonomy/share/drone_autonomy/hook/ament_prefix_path.dsv'
[2.116s] INFO:colcon.colcon_core.shell:Creating environment hook '/home/parallels/drone_local/drone_ws/install/drone_autonomy/share/drone_autonomy/hook/ament_prefix_path.sh'
[2.116s] INFO:colcon.colcon_core.shell:Skip shell extension 'powershell' for command environment: Not usable outside of PowerShell
[2.116s] DEBUG:colcon.colcon_core.shell:Skip shell extension 'dsv' for command environment
[2.119s] INFO:colcon.colcon_ros.task.ament_python.build:Building ROS package in '/home/parallels/drone_local/drone_ws/src/offboard_avoidance_unity' with build type 'ament_python'
[2.119s] Level 1:colcon.colcon_core.shell:create_environment_hook('offboard_avoidance_unity', 'ament_prefix_path')
[2.119s] INFO:colcon.colcon_core.shell:Creating environment hook '/home/parallels/drone_local/drone_ws/install/offboard_avoidance_unity/share/offboard_avoidance_unity/hook/ament_prefix_path.ps1'
[2.120s] INFO:colcon.colcon_core.shell:Creating environment descriptor '/home/parallels/drone_local/drone_ws/install/offboard_avoidance_unity/share/offboard_avoidance_unity/hook/ament_prefix_path.dsv'
[2.120s] INFO:colcon.colcon_core.shell:Creating environment hook '/home/parallels/drone_local/drone_ws/install/offboard_avoidance_unity/share/offboard_avoidance_unity/hook/ament_prefix_path.sh'
[2.120s] INFO:colcon.colcon_core.shell:Skip shell extension 'powershell' for command environment: Not usable outside of PowerShell
[2.120s] DEBUG:colcon.colcon_core.shell:Skip shell extension 'dsv' for command environment
[2.123s] INFO:colcon.colcon_ros.task.ament_python.build:Building ROS package in '/home/parallels/drone_local/drone_ws/src/offboard_test' with build type 'ament_python'
[2.123s] Level 1:colcon.colcon_core.shell:create_environment_hook('offboard_test', 'ament_prefix_path')
[2.123s] INFO:colcon.colcon_core.shell:Creating environment hook '/home/parallels/drone_local/drone_ws/install/offboard_test/share/offboard_test/hook/ament_prefix_path.ps1'
[2.124s] INFO:colcon.colcon_core.shell:Creating environment descriptor '/home/parallels/drone_local/drone_ws/install/offboard_test/share/offboard_test/hook/ament_prefix_path.dsv'
[2.124s] INFO:colcon.colcon_core.shell:Creating environment hook '/home/parallels/drone_local/drone_ws/install/offboard_test/share/offboard_test/hook/ament_prefix_path.sh'
[2.124s] INFO:colcon.colcon_core.shell:Skip shell extension 'powershell' for command environment: Not usable outside of PowerShell
[2.124s] DEBUG:colcon.colcon_core.shell:Skip shell extension 'dsv' for command environment
[2.127s] INFO:colcon.colcon_ros.task.ament_cmake.build:Building ROS package in '/home/parallels/drone_local/drone_ws/src/px4_ros_com' with build type 'ament_cmake'
[2.127s] INFO:colcon.colcon_cmake.task.cmake.build:Building CMake package in '/home/parallels/drone_local/drone_ws/src/px4_ros_com'
[2.127s] INFO:colcon.colcon_core.shell:Skip shell extension 'powershell' for command environment: Not usable outside of PowerShell
[2.127s] DEBUG:colcon.colcon_core.shell:Skip shell extension 'dsv' for command environment
[2.284s] INFO:colcon.colcon_core.task.python.build:Building Python package in '/home/parallels/drone_local/drone_ws/src/drone_autonomy'
[2.284s] INFO:colcon.colcon_core.shell:Skip shell extension 'powershell' for command environment: Not usable outside of PowerShell
[2.284s] DEBUG:colcon.colcon_core.shell:Skip shell extension 'dsv' for command environment
[2.431s] INFO:colcon.colcon_core.task.python.build:Building Python package in '/home/parallels/drone_local/drone_ws/src/offboard_avoidance_unity'
[2.431s] INFO:colcon.colcon_core.shell:Skip shell extension 'powershell' for command environment: Not usable outside of PowerShell
[2.431s] DEBUG:colcon.colcon_core.shell:Skip shell extension 'dsv' for command environment
[2.583s] INFO:colcon.colcon_core.task.python.build:Building Python package in '/home/parallels/drone_local/drone_ws/src/offboard_test'
[2.583s] INFO:colcon.colcon_core.shell:Skip shell extension 'powershell' for command environment: Not usable outside of PowerShell
[2.583s] DEBUG:colcon.colcon_core.shell:Skip shell extension 'dsv' for command environment
[2.589s] DEBUG:colcon.colcon_core.event_handler.log_command:Invoking command in '/home/parallels/drone_local/drone_ws/build/px4_ros_com': CMAKE_PREFIX_PATH=/home/parallels/drone_local/drone_ws/install/px4_msgs:/home/parallels/drone_local/drone_ws/install/px4_ros_com:/home/parallels/drone_local/drone_ws/install/tracking:/home/parallels/drone_local/drone_ws/install/ros_tcp_endpoint:/home/parallels/drone_local/drone_ws/install/offboard_test:/home/parallels/drone_local/drone_ws/install/offboard_avoidance_unity:/home/parallels/drone_local/drone_ws/install/drone_autonomy:/opt/ros/humble LD_LIBRARY_PATH=/home/parallels/drone_local/drone_ws/install/px4_msgs/lib:/home/parallels/drone_local/drone_ws/install/px4_ros_com/lib:/opt/ros/humble/opt/rviz_ogre_vendor/lib:/opt/ros/humble/lib/aarch64-linux-gnu:/opt/ros/humble/lib /usr/bin/cmake --build /home/parallels/drone_local/drone_ws/build/px4_ros_com -- -j4 -l4
[2.826s] DEBUG:colcon.colcon_core.event_handler.log_command:Invoking command in '/home/parallels/drone_local/drone_ws/build/offboard_test': CMAKE_PREFIX_PATH=/home/parallels/drone_local/drone_ws/install/px4_msgs:/home/parallels/drone_local/drone_ws/install/px4_ros_com LD_LIBRARY_PATH=/home/parallels/drone_local/drone_ws/install/px4_msgs/lib:/home/parallels/drone_local/drone_ws/install/px4_ros_com/lib:/opt/ros/humble/opt/rviz_ogre_vendor/lib:/opt/ros/humble/lib/aarch64-linux-gnu:/opt/ros/humble/lib PYTHONPATH=/home/parallels/drone_local/drone_ws/build/offboard_test/prefix_override:/usr/lib/python3/dist-packages/colcon_core/task/python/colcon_distutils_commands:/home/parallels/drone_local/drone_ws/install/offboard_test/lib/python3.10/site-packages:${PYTHONPATH} /usr/bin/python3 -W ignore:setup.py install is deprecated -W ignore:easy_install command is deprecated setup.py develop --editable --build-directory /home/parallels/drone_local/drone_ws/build/offboard_test/build --no-deps symlink_data
[2.848s] DEBUG:colcon.colcon_core.event_handler.log_command:Invoking command in '/home/parallels/drone_local/drone_ws/build/drone_autonomy': CMAKE_PREFIX_PATH=/home/parallels/drone_local/drone_ws/install/px4_msgs:/home/parallels/drone_local/drone_ws/install/px4_ros_com LD_LIBRARY_PATH=/home/parallels/drone_local/drone_ws/install/px4_msgs/lib:/home/parallels/drone_local/drone_ws/install/px4_ros_com/lib:/opt/ros/humble/opt/rviz_ogre_vendor/lib:/opt/ros/humble/lib/aarch64-linux-gnu:/opt/ros/humble/lib PYTHONPATH=/home/parallels/drone_local/drone_ws/build/drone_autonomy/prefix_override:/usr/lib/python3/dist-packages/colcon_core/task/python/colcon_distutils_commands:/home/parallels/drone_local/drone_ws/install/drone_autonomy/lib/python3.10/site-packages:${PYTHONPATH} /usr/bin/python3 -W ignore:setup.py install is deprecated -W ignore:easy_install command is deprecated setup.py develop --editable --build-directory /home/parallels/drone_local/drone_ws/build/drone_autonomy/build --no-deps symlink_data
[2.876s] DEBUG:colcon.colcon_core.event_handler.log_command:Invoking command in '/home/parallels/drone_local/drone_ws/build/offboard_avoidance_unity': CMAKE_PREFIX_PATH=/home/parallels/drone_local/drone_ws/install/px4_msgs:/home/parallels/drone_local/drone_ws/install/px4_ros_com LD_LIBRARY_PATH=/home/parallels/drone_local/drone_ws/install/px4_msgs/lib:/home/parallels/drone_local/drone_ws/install/px4_ros_com/lib:/opt/ros/humble/opt/rviz_ogre_vendor/lib:/opt/ros/humble/lib/aarch64-linux-gnu:/opt/ros/humble/lib PYTHONPATH=/home/parallels/drone_local/drone_ws/build/offboard_avoidance_unity/prefix_override:/usr/lib/python3/dist-packages/colcon_core/task/python/colcon_distutils_commands:/home/parallels/drone_local/drone_ws/install/offboard_avoidance_unity/lib/python3.10/site-packages:${PYTHONPATH} /usr/bin/python3 -W ignore:setup.py install is deprecated -W ignore:easy_install command is deprecated setup.py develop --editable --build-directory /home/parallels/drone_local/drone_ws/build/offboard_avoidance_unity/build --no-deps symlink_data
[2.952s] DEBUG:colcon.colcon_core.event_handler.log_command:Invoked command in '/home/parallels/drone_local/drone_ws/build/px4_ros_com' returned '0': CMAKE_PREFIX_PATH=/home/parallels/drone_local/drone_ws/install/px4_msgs:/home/parallels/drone_local/drone_ws/install/px4_ros_com:/home/parallels/drone_local/drone_ws/install/tracking:/home/parallels/drone_local/drone_ws/install/ros_tcp_endpoint:/home/parallels/drone_local/drone_ws/install/offboard_test:/home/parallels/drone_local/drone_ws/install/offboard_avoidance_unity:/home/parallels/drone_local/drone_ws/install/drone_autonomy:/opt/ros/humble LD_LIBRARY_PATH=/home/parallels/drone_local/drone_ws/install/px4_msgs/lib:/home/parallels/drone_local/drone_ws/install/px4_ros_com/lib:/opt/ros/humble/opt/rviz_ogre_vendor/lib:/opt/ros/humble/lib/aarch64-linux-gnu:/opt/ros/humble/lib /usr/bin/cmake --build /home/parallels/drone_local/drone_ws/build/px4_ros_com -- -j4 -l4
[2.953s] DEBUG:colcon.colcon_core.event_handler.log_command:Invoking command in '/home/parallels/drone_local/drone_ws/build/px4_ros_com': CMAKE_PREFIX_PATH=/home/parallels/drone_local/drone_ws/install/px4_msgs:/home/parallels/drone_local/drone_ws/install/px4_ros_com:/home/parallels/drone_local/drone_ws/install/tracking:/home/parallels/drone_local/drone_ws/install/ros_tcp_endpoint:/home/parallels/drone_local/drone_ws/install/offboard_test:/home/parallels/drone_local/drone_ws/install/offboard_avoidance_unity:/home/parallels/drone_local/drone_ws/install/drone_autonomy:/opt/ros/humble LD_LIBRARY_PATH=/home/parallels/drone_local/drone_ws/install/px4_msgs/lib:/home/parallels/drone_local/drone_ws/install/px4_ros_com/lib:/opt/ros/humble/opt/rviz_ogre_vendor/lib:/opt/ros/humble/lib/aarch64-linux-gnu:/opt/ros/humble/lib /usr/bin/cmake --install /home/parallels/drone_local/drone_ws/build/px4_ros_com
[3.025s] Level 1:colcon.colcon_core.environment:create_environment_scripts_only(px4_ros_com)
[3.026s] Level 1:colcon.colcon_core.environment:checking '/home/parallels/drone_local/drone_ws/install/px4_ros_com' for CMake module files
[3.026s] Level 1:colcon.colcon_core.environment:checking '/home/parallels/drone_local/drone_ws/install/px4_ros_com' for CMake config files
[3.027s] Level 1:colcon.colcon_core.shell:create_environment_hook('px4_ros_com', 'cmake_prefix_path')
[3.027s] INFO:colcon.colcon_core.shell:Creating environment hook '/home/parallels/drone_local/drone_ws/install/px4_ros_com/share/px4_ros_com/hook/cmake_prefix_path.ps1'
[3.026s] DEBUG:colcon.colcon_core.event_handler.log_command:Invoked command in '/home/parallels/drone_local/drone_ws/build/px4_ros_com' returned '0': CMAKE_PREFIX_PATH=/home/parallels/drone_local/drone_ws/install/px4_msgs:/home/parallels/drone_local/drone_ws/install/px4_ros_com:/home/parallels/drone_local/drone_ws/install/tracking:/home/parallels/drone_local/drone_ws/install/ros_tcp_endpoint:/home/parallels/drone_local/drone_ws/install/offboard_test:/home/parallels/drone_local/drone_ws/install/offboard_avoidance_unity:/home/parallels/drone_local/drone_ws/install/drone_autonomy:/opt/ros/humble LD_LIBRARY_PATH=/home/parallels/drone_local/drone_ws/install/px4_msgs/lib:/home/parallels/drone_local/drone_ws/install/px4_ros_com/lib:/opt/ros/humble/opt/rviz_ogre_vendor/lib:/opt/ros/humble/lib/aarch64-linux-gnu:/opt/ros/humble/lib /usr/bin/cmake --install /home/parallels/drone_local/drone_ws/build/px4_ros_com
[3.028s] INFO:colcon.colcon_core.shell:Creating environment descriptor '/home/parallels/drone_local/drone_ws/install/px4_ros_com/share/px4_ros_com/hook/cmake_prefix_path.dsv'
[3.028s] INFO:colcon.colcon_core.shell:Creating environment hook '/home/parallels/drone_local/drone_ws/install/px4_ros_com/share/px4_ros_com/hook/cmake_prefix_path.sh'
[3.029s] Level 1:colcon.colcon_core.environment:checking '/home/parallels/drone_local/drone_ws/install/px4_ros_com/lib'
[3.029s] Level 1:colcon.colcon_core.shell:create_environment_hook('px4_ros_com', 'ld_library_path_lib')
[3.029s] INFO:colcon.colcon_core.shell:Creating environment hook '/home/parallels/drone_local/drone_ws/install/px4_ros_com/share/px4_ros_com/hook/ld_library_path_lib.ps1'
[3.030s] INFO:colcon.colcon_core.shell:Creating environment descriptor '/home/parallels/drone_local/drone_ws/install/px4_ros_com/share/px4_ros_com/hook/ld_library_path_lib.dsv'
[3.030s] INFO:colcon.colcon_core.shell:Creating environment hook '/home/parallels/drone_local/drone_ws/install/px4_ros_com/share/px4_ros_com/hook/ld_library_path_lib.sh'
[3.031s] Level 1:colcon.colcon_core.environment:checking '/home/parallels/drone_local/drone_ws/install/px4_ros_com/bin'
[3.031s] Level 1:colcon.colcon_core.environment:checking '/home/parallels/drone_local/drone_ws/install/px4_ros_com/lib/pkgconfig/px4_ros_com.pc'
[3.031s] Level 1:colcon.colcon_core.environment:checking '/home/parallels/drone_local/drone_ws/install/px4_ros_com/lib/python3.10/site-packages'
[3.031s] Level 1:colcon.colcon_core.environment:checking '/home/parallels/drone_local/drone_ws/install/px4_ros_com/bin'
[3.032s] INFO:colcon.colcon_core.shell:Creating package script '/home/parallels/drone_local/drone_ws/install/px4_ros_com/share/px4_ros_com/package.ps1'
[3.032s] INFO:colcon.colcon_core.shell:Creating package descriptor '/home/parallels/drone_local/drone_ws/install/px4_ros_com/share/px4_ros_com/package.dsv'
[3.032s] INFO:colcon.colcon_core.shell:Creating package script '/home/parallels/drone_local/drone_ws/install/px4_ros_com/share/px4_ros_com/package.sh'
[3.033s] INFO:colcon.colcon_core.shell:Creating package script '/home/parallels/drone_local/drone_ws/install/px4_ros_com/share/px4_ros_com/package.bash'
[3.033s] INFO:colcon.colcon_core.shell:Creating package script '/home/parallels/drone_local/drone_ws/install/px4_ros_com/share/px4_ros_com/package.zsh'
[3.033s] Level 1:colcon.colcon_core.environment:create_file_with_runtime_dependencies(/home/parallels/drone_local/drone_ws/install/px4_ros_com/share/colcon-core/packages/px4_ros_com)
[3.034s] Level 1:colcon.colcon_core.environment:create_environment_scripts_only(px4_ros_com)
[3.034s] Level 1:colcon.colcon_core.environment:checking '/home/parallels/drone_local/drone_ws/install/px4_ros_com' for CMake module files
[3.035s] Level 1:colcon.colcon_core.environment:checking '/home/parallels/drone_local/drone_ws/install/px4_ros_com' for CMake config files
[3.035s] Level 1:colcon.colcon_core.shell:create_environment_hook('px4_ros_com', 'cmake_prefix_path')
[3.035s] INFO:colcon.colcon_core.shell:Creating environment hook '/home/parallels/drone_local/drone_ws/install/px4_ros_com/share/px4_ros_com/hook/cmake_prefix_path.ps1'
[3.036s] INFO:colcon.colcon_core.shell:Creating environment descriptor '/home/parallels/drone_local/drone_ws/install/px4_ros_com/share/px4_ros_com/hook/cmake_prefix_path.dsv'
[3.036s] INFO:colcon.colcon_core.shell:Creating environment hook '/home/parallels/drone_local/drone_ws/install/px4_ros_com/share/px4_ros_com/hook/cmake_prefix_path.sh'
[3.036s] Level 1:colcon.colcon_core.environment:checking '/home/parallels/drone_local/drone_ws/install/px4_ros_com/lib'
[3.037s] Level 1:colcon.colcon_core.shell:create_environment_hook('px4_ros_com', 'ld_library_path_lib')
[3.037s] INFO:colcon.colcon_core.shell:Creating environment hook '/home/parallels/drone_local/drone_ws/install/px4_ros_com/share/px4_ros_com/hook/ld_library_path_lib.ps1'
[3.037s] INFO:colcon.colcon_core.shell:Creating environment descriptor '/home/parallels/drone_local/drone_ws/install/px4_ros_com/share/px4_ros_com/hook/ld_library_path_lib.dsv'
[3.038s] INFO:colcon.colcon_core.shell:Creating environment hook '/home/parallels/drone_local/drone_ws/install/px4_ros_com/share/px4_ros_com/hook/ld_library_path_lib.sh'
[3.038s] Level 1:colcon.colcon_core.environment:checking '/home/parallels/drone_local/drone_ws/install/px4_ros_com/bin'
[3.038s] Level 1:colcon.colcon_core.environment:checking '/home/parallels/drone_local/drone_ws/install/px4_ros_com/lib/pkgconfig/px4_ros_com.pc'
[3.039s] Level 1:colcon.colcon_core.environment:checking '/home/parallels/drone_local/drone_ws/install/px4_ros_com/lib/python3.10/site-packages'
[3.039s] Level 1:colcon.colcon_core.environment:checking '/home/parallels/drone_local/drone_ws/install/px4_ros_com/bin'
[3.039s] INFO:colcon.colcon_core.shell:Creating package script '/home/parallels/drone_local/drone_ws/install/px4_ros_com/share/px4_ros_com/package.ps1'
[3.039s] INFO:colcon.colcon_core.shell:Creating package descriptor '/home/parallels/drone_local/drone_ws/install/px4_ros_com/share/px4_ros_com/package.dsv'
[3.040s] INFO:colcon.colcon_core.shell:Creating package script '/home/parallels/drone_local/drone_ws/install/px4_ros_com/share/px4_ros_com/package.sh'
[3.040s] INFO:colcon.colcon_core.shell:Creating package script '/home/parallels/drone_local/drone_ws/install/px4_ros_com/share/px4_ros_com/package.bash'
[3.040s] INFO:colcon.colcon_core.shell:Creating package script '/home/parallels/drone_local/drone_ws/install/px4_ros_com/share/px4_ros_com/package.zsh'
[3.041s] Level 1:colcon.colcon_core.environment:create_file_with_runtime_dependencies(/home/parallels/drone_local/drone_ws/install/px4_ros_com/share/colcon-core/packages/px4_ros_com)
[3.120s] Level 1:colcon.colcon_core.shell:create_environment_hook('offboard_test', 'pythonpath_develop')
[3.120s] DEBUG:colcon.colcon_core.event_handler.log_command:Invoked command in '/home/parallels/drone_local/drone_ws/build/offboard_test' returned '0': CMAKE_PREFIX_PATH=/home/parallels/drone_local/drone_ws/install/px4_msgs:/home/parallels/drone_local/drone_ws/install/px4_ros_com LD_LIBRARY_PATH=/home/parallels/drone_local/drone_ws/install/px4_msgs/lib:/home/parallels/drone_local/drone_ws/install/px4_ros_com/lib:/opt/ros/humble/opt/rviz_ogre_vendor/lib:/opt/ros/humble/lib/aarch64-linux-gnu:/opt/ros/humble/lib PYTHONPATH=/home/parallels/drone_local/drone_ws/build/offboard_test/prefix_override:/usr/lib/python3/dist-packages/colcon_core/task/python/colcon_distutils_commands:/home/parallels/drone_local/drone_ws/install/offboard_test/lib/python3.10/site-packages:${PYTHONPATH} /usr/bin/python3 -W ignore:setup.py install is deprecated -W ignore:easy_install command is deprecated setup.py develop --editable --build-directory /home/parallels/drone_local/drone_ws/build/offboard_test/build --no-deps symlink_data
[3.120s] INFO:colcon.colcon_core.shell:Creating environment hook '/home/parallels/drone_local/drone_ws/build/offboard_test/share/offboard_test/hook/pythonpath_develop.ps1'
[3.121s] INFO:colcon.colcon_core.shell:Creating environment descriptor '/home/parallels/drone_local/drone_ws/build/offboard_test/share/offboard_test/hook/pythonpath_develop.dsv'
[3.122s] INFO:colcon.colcon_core.shell:Creating environment hook '/home/parallels/drone_local/drone_ws/build/offboard_test/share/offboard_test/hook/pythonpath_develop.sh'
[3.122s] Level 1:colcon.colcon_core.environment:checking '/home/parallels/drone_local/drone_ws/install/offboard_test' for CMake module files
[3.123s] Level 1:colcon.colcon_core.environment:checking '/home/parallels/drone_local/drone_ws/install/offboard_test' for CMake config files
[3.124s] Level 1:colcon.colcon_core.environment:checking '/home/parallels/drone_local/drone_ws/install/offboard_test/lib'
[3.124s] Level 1:colcon.colcon_core.environment:checking '/home/parallels/drone_local/drone_ws/install/offboard_test/bin'
[3.124s] Level 1:colcon.colcon_core.environment:checking '/home/parallels/drone_local/drone_ws/install/offboard_test/lib/pkgconfig/offboard_test.pc'
[3.124s] Level 1:colcon.colcon_core.environment:checking '/home/parallels/drone_local/drone_ws/install/offboard_test/lib/python3.10/site-packages'
[3.124s] Level 1:colcon.colcon_core.shell:create_environment_hook('offboard_test', 'pythonpath')
[3.125s] INFO:colcon.colcon_core.shell:Creating environment hook '/home/parallels/drone_local/drone_ws/install/offboard_test/share/offboard_test/hook/pythonpath.ps1'
[3.125s] INFO:colcon.colcon_core.shell:Creating environment descriptor '/home/parallels/drone_local/drone_ws/install/offboard_test/share/offboard_test/hook/pythonpath.dsv'
[3.125s] INFO:colcon.colcon_core.shell:Creating environment hook '/home/parallels/drone_local/drone_ws/install/offboard_test/share/offboard_test/hook/pythonpath.sh'
[3.126s] Level 1:colcon.colcon_core.environment:checking '/home/parallels/drone_local/drone_ws/install/offboard_test/bin'
[3.126s] Level 1:colcon.colcon_core.environment:create_environment_scripts_only(offboard_test)
[3.126s] INFO:colcon.colcon_core.shell:Creating package script '/home/parallels/drone_local/drone_ws/install/offboard_test/share/offboard_test/package.ps1'
[3.127s] INFO:colcon.colcon_core.shell:Creating package descriptor '/home/parallels/drone_local/drone_ws/install/offboard_test/share/offboard_test/package.dsv'
[3.127s] INFO:colcon.colcon_core.shell:Creating package script '/home/parallels/drone_local/drone_ws/install/offboard_test/share/offboard_test/package.sh'
[3.128s] INFO:colcon.colcon_core.shell:Creating package script '/home/parallels/drone_local/drone_ws/install/offboard_test/share/offboard_test/package.bash'
[3.128s] INFO:colcon.colcon_core.shell:Creating package script '/home/parallels/drone_local/drone_ws/install/offboard_test/share/offboard_test/package.zsh'
[3.129s] Level 1:colcon.colcon_core.environment:create_file_with_runtime_dependencies(/home/parallels/drone_local/drone_ws/install/offboard_test/share/colcon-core/packages/offboard_test)
[3.183s] Level 1:colcon.colcon_core.shell:create_environment_hook('offboard_avoidance_unity', 'pythonpath_develop')
[3.183s] INFO:colcon.colcon_core.shell:Creating environment hook '/home/parallels/drone_local/drone_ws/build/offboard_avoidance_unity/share/offboard_avoidance_unity/hook/pythonpath_develop.ps1'
[3.184s] DEBUG:colcon.colcon_core.event_handler.log_command:Invoked command in '/home/parallels/drone_local/drone_ws/build/offboard_avoidance_unity' returned '0': CMAKE_PREFIX_PATH=/home/parallels/drone_local/drone_ws/install/px4_msgs:/home/parallels/drone_local/drone_ws/install/px4_ros_com LD_LIBRARY_PATH=/home/parallels/drone_local/drone_ws/install/px4_msgs/lib:/home/parallels/drone_local/drone_ws/install/px4_ros_com/lib:/opt/ros/humble/opt/rviz_ogre_vendor/lib:/opt/ros/humble/lib/aarch64-linux-gnu:/opt/ros/humble/lib PYTHONPATH=/home/parallels/drone_local/drone_ws/build/offboard_avoidance_unity/prefix_override:/usr/lib/python3/dist-packages/colcon_core/task/python/colcon_distutils_commands:/home/parallels/drone_local/drone_ws/install/offboard_avoidance_unity/lib/python3.10/site-packages:${PYTHONPATH} /usr/bin/python3 -W ignore:setup.py install is deprecated -W ignore:easy_install command is deprecated setup.py develop --editable --build-directory /home/parallels/drone_local/drone_ws/build/offboard_avoidance_unity/build --no-deps symlink_data
[3.184s] INFO:colcon.colcon_core.shell:Creating environment descriptor '/home/parallels/drone_local/drone_ws/build/offboard_avoidance_unity/share/offboard_avoidance_unity/hook/pythonpath_develop.dsv'
[3.184s] INFO:colcon.colcon_core.shell:Creating environment hook '/home/parallels/drone_local/drone_ws/build/offboard_avoidance_unity/share/offboard_avoidance_unity/hook/pythonpath_develop.sh'
[3.185s] Level 1:colcon.colcon_core.environment:checking '/home/parallels/drone_local/drone_ws/install/offboard_avoidance_unity' for CMake module files
[3.185s] Level 1:colcon.colcon_core.environment:checking '/home/parallels/drone_local/drone_ws/install/offboard_avoidance_unity' for CMake config files
[3.185s] Level 1:colcon.colcon_core.environment:checking '/home/parallels/drone_local/drone_ws/install/offboard_avoidance_unity/lib'
[3.185s] Level 1:colcon.colcon_core.environment:checking '/home/parallels/drone_local/drone_ws/install/offboard_avoidance_unity/bin'
[3.185s] Level 1:colcon.colcon_core.environment:checking '/home/parallels/drone_local/drone_ws/install/offboard_avoidance_unity/lib/pkgconfig/offboard_avoidance_unity.pc'
[3.186s] Level 1:colcon.colcon_core.environment:checking '/home/parallels/drone_local/drone_ws/install/offboard_avoidance_unity/lib/python3.10/site-packages'
[3.186s] Level 1:colcon.colcon_core.shell:create_environment_hook('offboard_avoidance_unity', 'pythonpath')
[3.186s] INFO:colcon.colcon_core.shell:Creating environment hook '/home/parallels/drone_local/drone_ws/install/offboard_avoidance_unity/share/offboard_avoidance_unity/hook/pythonpath.ps1'
[3.186s] INFO:colcon.colcon_core.shell:Creating environment descriptor '/home/parallels/drone_local/drone_ws/install/offboard_avoidance_unity/share/offboard_avoidance_unity/hook/pythonpath.dsv'
[3.186s] INFO:colcon.colcon_core.shell:Creating environment hook '/home/parallels/drone_local/drone_ws/install/offboard_avoidance_unity/share/offboard_avoidance_unity/hook/pythonpath.sh'
[3.187s] Level 1:colcon.colcon_core.environment:checking '/home/parallels/drone_local/drone_ws/install/offboard_avoidance_unity/bin'
[3.187s] Level 1:colcon.colcon_core.environment:create_environment_scripts_only(offboard_avoidance_unity)
[3.187s] INFO:colcon.colcon_core.shell:Creating package script '/home/parallels/drone_local/drone_ws/install/offboard_avoidance_unity/share/offboard_avoidance_unity/package.ps1'
[3.187s] INFO:colcon.colcon_core.shell:Creating package descriptor '/home/parallels/drone_local/drone_ws/install/offboard_avoidance_unity/share/offboard_avoidance_unity/package.dsv'
[3.188s] INFO:colcon.colcon_core.shell:Creating package script '/home/parallels/drone_local/drone_ws/install/offboard_avoidance_unity/share/offboard_avoidance_unity/package.sh'
[3.188s] INFO:colcon.colcon_core.shell:Creating package script '/home/parallels/drone_local/drone_ws/install/offboard_avoidance_unity/share/offboard_avoidance_unity/package.bash'
[3.188s] INFO:colcon.colcon_core.shell:Creating package script '/home/parallels/drone_local/drone_ws/install/offboard_avoidance_unity/share/offboard_avoidance_unity/package.zsh'
[3.188s] Level 1:colcon.colcon_core.environment:create_file_with_runtime_dependencies(/home/parallels/drone_local/drone_ws/install/offboard_avoidance_unity/share/colcon-core/packages/offboard_avoidance_unity)
[3.195s] Level 1:colcon.colcon_core.shell:create_environment_hook('drone_autonomy', 'pythonpath_develop')
[3.195s] INFO:colcon.colcon_core.shell:Creating environment hook '/home/parallels/drone_local/drone_ws/build/drone_autonomy/share/drone_autonomy/hook/pythonpath_develop.ps1'
[3.195s] DEBUG:colcon.colcon_core.event_handler.log_command:Invoked command in '/home/parallels/drone_local/drone_ws/build/drone_autonomy' returned '0': CMAKE_PREFIX_PATH=/home/parallels/drone_local/drone_ws/install/px4_msgs:/home/parallels/drone_local/drone_ws/install/px4_ros_com LD_LIBRARY_PATH=/home/parallels/drone_local/drone_ws/install/px4_msgs/lib:/home/parallels/drone_local/drone_ws/install/px4_ros_com/lib:/opt/ros/humble/opt/rviz_ogre_vendor/lib:/opt/ros/humble/lib/aarch64-linux-gnu:/opt/ros/humble/lib PYTHONPATH=/home/parallels/drone_local/drone_ws/build/drone_autonomy/prefix_override:/usr/lib/python3/dist-packages/colcon_core/task/python/colcon_distutils_commands:/home/parallels/drone_local/drone_ws/install/drone_autonomy/lib/python3.10/site-packages:${PYTHONPATH} /usr/bin/python3 -W ignore:setup.py install is deprecated -W ignore:easy_install command is deprecated setup.py develop --editable --build-directory /home/parallels/drone_local/drone_ws/build/drone_autonomy/build --no-deps symlink_data
[3.196s] INFO:colcon.colcon_core.shell:Creating environment descriptor '/home/parallels/drone_local/drone_ws/build/drone_autonomy/share/drone_autonomy/hook/pythonpath_develop.dsv'
[3.196s] INFO:colcon.colcon_core.shell:Creating environment hook '/home/parallels/drone_local/drone_ws/build/drone_autonomy/share/drone_autonomy/hook/pythonpath_develop.sh'
[3.196s] Level 1:colcon.colcon_core.environment:checking '/home/parallels/drone_local/drone_ws/install/drone_autonomy' for CMake module files
[3.197s] Level 1:colcon.colcon_core.environment:checking '/home/parallels/drone_local/drone_ws/install/drone_autonomy' for CMake config files
[3.197s] Level 1:colcon.colcon_core.environment:checking '/home/parallels/drone_local/drone_ws/install/drone_autonomy/lib'
[3.197s] Level 1:colcon.colcon_core.environment:checking '/home/parallels/drone_local/drone_ws/install/drone_autonomy/bin'
[3.197s] Level 1:colcon.colcon_core.environment:checking '/home/parallels/drone_local/drone_ws/install/drone_autonomy/lib/pkgconfig/drone_autonomy.pc'
[3.197s] Level 1:colcon.colcon_core.environment:checking '/home/parallels/drone_local/drone_ws/install/drone_autonomy/lib/python3.10/site-packages'
[3.197s] Level 1:colcon.colcon_core.shell:create_environment_hook('drone_autonomy', 'pythonpath')
[3.197s] INFO:colcon.colcon_core.shell:Creating environment hook '/home/parallels/drone_local/drone_ws/install/drone_autonomy/share/drone_autonomy/hook/pythonpath.ps1'
[3.197s] INFO:colcon.colcon_core.shell:Creating environment descriptor '/home/parallels/drone_local/drone_ws/install/drone_autonomy/share/drone_autonomy/hook/pythonpath.dsv'
[3.198s] INFO:colcon.colcon_core.shell:Creating environment hook '/home/parallels/drone_local/drone_ws/install/drone_autonomy/share/drone_autonomy/hook/pythonpath.sh'
[3.198s] Level 1:colcon.colcon_core.environment:checking '/home/parallels/drone_local/drone_ws/install/drone_autonomy/bin'
[3.198s] Level 1:colcon.colcon_core.environment:create_environment_scripts_only(drone_autonomy)
[3.198s] INFO:colcon.colcon_core.shell:Creating package script '/home/parallels/drone_local/drone_ws/install/drone_autonomy/share/drone_autonomy/package.ps1'
[3.199s] INFO:colcon.colcon_core.shell:Creating package descriptor '/home/parallels/drone_local/drone_ws/install/drone_autonomy/share/drone_autonomy/package.dsv'
[3.199s] INFO:colcon.colcon_core.shell:Creating package script '/home/parallels/drone_local/drone_ws/install/drone_autonomy/share/drone_autonomy/package.sh'
[3.199s] INFO:colcon.colcon_core.shell:Creating package script '/home/parallels/drone_local/drone_ws/install/drone_autonomy/share/drone_autonomy/package.bash'
[3.199s] INFO:colcon.colcon_core.shell:Creating package script '/home/parallels/drone_local/drone_ws/install/drone_autonomy/share/drone_autonomy/package.zsh'
[3.200s] Level 1:colcon.colcon_core.environment:create_file_with_runtime_dependencies(/home/parallels/drone_local/drone_ws/install/drone_autonomy/share/colcon-core/packages/drone_autonomy)
[3.200s] DEBUG:colcon.colcon_parallel_executor.executor.parallel:closing loop
[3.200s] DEBUG:colcon.colcon_parallel_executor.executor.parallel:loop closed
[3.200s] DEBUG:colcon.colcon_parallel_executor.executor.parallel:run_until_complete finished with '0'
[3.200s] DEBUG:colcon.colcon_core.event_reactor:joining thread
[3.204s] INFO:colcon.colcon_core.plugin_system:Skipping extension 'colcon_notification.desktop_notification.terminal_notifier': Not used on non-Darwin systems
[3.204s] INFO:colcon.colcon_core.plugin_system:Skipping extension 'colcon_notification.desktop_notification.win32': Not used on non-Windows systems
[3.204s] INFO:colcon.colcon_notification.desktop_notification:Sending desktop notification using 'notify2'
[3.231s] DEBUG:colcon.colcon_core.event_reactor:joined thread
[3.231s] INFO:colcon.colcon_core.shell:Creating prefix script '/home/parallels/drone_local/drone_ws/install/local_setup.ps1'
[3.233s] INFO:colcon.colcon_core.shell:Creating prefix util module '/home/parallels/drone_local/drone_ws/install/_local_setup_util_ps1.py'
[3.236s] INFO:colcon.colcon_core.shell:Creating prefix chain script '/home/parallels/drone_local/drone_ws/install/setup.ps1'
[3.237s] INFO:colcon.colcon_core.shell:Creating prefix script '/home/parallels/drone_local/drone_ws/install/local_setup.sh'
[3.238s] INFO:colcon.colcon_core.shell:Creating prefix util module '/home/parallels/drone_local/drone_ws/install/_local_setup_util_sh.py'
[3.238s] INFO:colcon.colcon_core.shell:Creating prefix chain script '/home/parallels/drone_local/drone_ws/install/setup.sh'
[3.240s] INFO:colcon.colcon_core.shell:Creating prefix script '/home/parallels/drone_local/drone_ws/install/local_setup.bash'
[3.241s] INFO:colcon.colcon_core.shell:Creating prefix chain script '/home/parallels/drone_local/drone_ws/install/setup.bash'
[3.243s] INFO:colcon.colcon_core.shell:Creating prefix script '/home/parallels/drone_local/drone_ws/install/local_setup.zsh'
[3.243s] INFO:colcon.colcon_core.shell:Creating prefix chain script '/home/parallels/drone_local/drone_ws/install/setup.zsh'
