[0.419s] Invoking command in '/home/parallels/drone_local/drone_ws/src/drone_autonomy': CMAKE_PREFIX_PATH=/home/parallels/drone_local/drone_ws/install/px4_msgs:/home/parallels/drone_local/drone_ws/install/px4_ros_com LD_LIBRARY_PATH=/home/parallels/drone_local/drone_ws/install/px4_msgs/lib:/home/parallels/drone_local/drone_ws/install/px4_ros_com/lib:/opt/ros/humble/opt/rviz_ogre_vendor/lib:/opt/ros/humble/lib/aarch64-linux-gnu:/opt/ros/humble/lib PYTHONPATH=/home/parallels/drone_local/drone_ws/build/drone_autonomy/prefix_override:/usr/lib/python3/dist-packages/colcon_core/task/python/colcon_distutils_commands:/home/parallels/drone_local/drone_ws/install/drone_autonomy/lib/python3.10/site-packages:${PYTHONPATH} /usr/bin/python3 -W ignore:setup.py install is deprecated -W ignore:easy_install command is deprecated setup.py egg_info --egg-base ../../build/drone_autonomy build --build-base /home/parallels/drone_local/drone_ws/build/drone_autonomy/build install --record /home/parallels/drone_local/drone_ws/build/drone_autonomy/install.log --single-version-externally-managed install_data
[0.603s] running egg_info
[0.605s] writing ../../build/drone_autonomy/drone_autonomy.egg-info/PKG-INFO
[0.606s] writing dependency_links to ../../build/drone_autonomy/drone_autonomy.egg-info/dependency_links.txt
[0.606s] writing entry points to ../../build/drone_autonomy/drone_autonomy.egg-info/entry_points.txt
[0.606s] writing requirements to ../../build/drone_autonomy/drone_autonomy.egg-info/requires.txt
[0.607s] writing top-level names to ../../build/drone_autonomy/drone_autonomy.egg-info/top_level.txt
[0.609s] reading manifest file '../../build/drone_autonomy/drone_autonomy.egg-info/SOURCES.txt'
[0.610s] writing manifest file '../../build/drone_autonomy/drone_autonomy.egg-info/SOURCES.txt'
[0.611s] running build
[0.611s] running build_py
[0.611s] copying drone_autonomy/missions/forward_mission.py -> /home/parallels/drone_local/drone_ws/build/drone_autonomy/build/lib/drone_autonomy/missions
[0.612s] running install
[0.612s] running install_lib
[0.614s] copying /home/parallels/drone_local/drone_ws/build/drone_autonomy/build/lib/drone_autonomy/missions/forward_mission.py -> /home/parallels/drone_local/drone_ws/install/drone_autonomy/lib/python3.10/site-packages/drone_autonomy/missions
[0.616s] byte-compiling /home/parallels/drone_local/drone_ws/install/drone_autonomy/lib/python3.10/site-packages/drone_autonomy/missions/forward_mission.py to forward_mission.cpython-310.pyc
[0.617s] running install_data
[0.617s] running install_egg_info
[0.619s] removing '/home/parallels/drone_local/drone_ws/install/drone_autonomy/lib/python3.10/site-packages/drone_autonomy-1.0.0-py3.10.egg-info' (and everything under it)
[0.619s] Copying ../../build/drone_autonomy/drone_autonomy.egg-info to /home/parallels/drone_local/drone_ws/install/drone_autonomy/lib/python3.10/site-packages/drone_autonomy-1.0.0-py3.10.egg-info
[0.620s] running install_scripts
[0.635s] Installing circle_flight script to /home/parallels/drone_local/drone_ws/install/drone_autonomy/lib/drone_autonomy
[0.635s] Installing data_recorder script to /home/parallels/drone_local/drone_ws/install/drone_autonomy/lib/drone_autonomy
[0.635s] Installing drone_controller script to /home/parallels/drone_local/drone_ws/install/drone_autonomy/lib/drone_autonomy
[0.635s] Installing figure_eight script to /home/parallels/drone_local/drone_ws/install/drone_autonomy/lib/drone_autonomy
[0.635s] Installing house_inspection script to /home/parallels/drone_local/drone_ws/install/drone_autonomy/lib/drone_autonomy
[0.635s] Installing mission_executor script to /home/parallels/drone_local/drone_ws/install/drone_autonomy/lib/drone_autonomy
[0.635s] Installing obstacle_detector script to /home/parallels/drone_local/drone_ws/install/drone_autonomy/lib/drone_autonomy
[0.635s] Installing orbit_point script to /home/parallels/drone_local/drone_ws/install/drone_autonomy/lib/drone_autonomy
[0.635s] Installing pursuit_flight script to /home/parallels/drone_local/drone_ws/install/drone_autonomy/lib/drone_autonomy
[0.635s] Installing rrt_pursuit_single script to /home/parallels/drone_local/drone_ws/install/drone_autonomy/lib/drone_autonomy
[0.635s] Installing simple_takeoff script to /home/parallels/drone_local/drone_ws/install/drone_autonomy/lib/drone_autonomy
[0.635s] Installing square_flight script to /home/parallels/drone_local/drone_ws/install/drone_autonomy/lib/drone_autonomy
[0.636s] Installing waypoint_mission script to /home/parallels/drone_local/drone_ws/install/drone_autonomy/lib/drone_autonomy
[0.636s] writing list of installed files to '/home/parallels/drone_local/drone_ws/build/drone_autonomy/install.log'
[0.653s] Invoked command in '/home/parallels/drone_local/drone_ws/src/drone_autonomy' returned '0': CMAKE_PREFIX_PATH=/home/parallels/drone_local/drone_ws/install/px4_msgs:/home/parallels/drone_local/drone_ws/install/px4_ros_com LD_LIBRARY_PATH=/home/parallels/drone_local/drone_ws/install/px4_msgs/lib:/home/parallels/drone_local/drone_ws/install/px4_ros_com/lib:/opt/ros/humble/opt/rviz_ogre_vendor/lib:/opt/ros/humble/lib/aarch64-linux-gnu:/opt/ros/humble/lib PYTHONPATH=/home/parallels/drone_local/drone_ws/build/drone_autonomy/prefix_override:/usr/lib/python3/dist-packages/colcon_core/task/python/colcon_distutils_commands:/home/parallels/drone_local/drone_ws/install/drone_autonomy/lib/python3.10/site-packages:${PYTHONPATH} /usr/bin/python3 -W ignore:setup.py install is deprecated -W ignore:easy_install command is deprecated setup.py egg_info --egg-base ../../build/drone_autonomy build --build-base /home/parallels/drone_local/drone_ws/build/drone_autonomy/build install --record /home/parallels/drone_local/drone_ws/build/drone_autonomy/install.log --single-version-externally-managed install_data
