[0.409s] Invoking command in '/home/parallels/drone_local/drone_ws/build/ros_tcp_endpoint': PYTHONPATH=/home/parallels/drone_local/drone_ws/build/ros_tcp_endpoint/prefix_override:/usr/lib/python3/dist-packages/colcon_core/task/python/colcon_distutils_commands:/home/parallels/drone_local/drone_ws/install/ros_tcp_endpoint/lib/python3.10/site-packages:${PYTHONPATH} /usr/bin/python3 -W ignore:setup.py install is deprecated -W ignore:easy_install command is deprecated setup.py develop --editable --build-directory /home/parallels/drone_local/drone_ws/build/ros_tcp_endpoint/build --no-deps symlink_data --force
[0.546s] /usr/lib/python3/dist-packages/setuptools/dist.py:723: UserWarning: Usage of dash-separated 'script-dir' will not be supported in future versions. Please use the underscore name 'script_dir' instead
[0.546s]   warnings.warn(
[0.564s] running develop
[0.655s] running egg_info
[0.655s] writing ros_tcp_endpoint.egg-info/PKG-INFO
[0.656s] writing dependency_links to ros_tcp_endpoint.egg-info/dependency_links.txt
[0.656s] writing entry points to ros_tcp_endpoint.egg-info/entry_points.txt
[0.657s] writing requirements to ros_tcp_endpoint.egg-info/requires.txt
[0.657s] writing top-level names to ros_tcp_endpoint.egg-info/top_level.txt
[0.659s] reading manifest file 'ros_tcp_endpoint.egg-info/SOURCES.txt'
[0.660s] writing manifest file 'ros_tcp_endpoint.egg-info/SOURCES.txt'
[0.661s] running build_ext
[0.662s] Creating /home/parallels/drone_local/drone_ws/install/ros_tcp_endpoint/lib/python3.10/site-packages/ros-tcp-endpoint.egg-link (link to .)
[0.663s] Installing default_server_endpoint script to /home/parallels/drone_local/drone_ws/install/ros_tcp_endpoint/lib/ros_tcp_endpoint
[0.663s] 
[0.664s] Installed /home/parallels/drone_local/drone_ws/build/ros_tcp_endpoint
[0.664s] running symlink_data
[0.664s] symbolically linking /home/parallels/drone_local/drone_ws/build/ros_tcp_endpoint/resource/ros_tcp_endpoint -> /home/parallels/drone_local/drone_ws/install/ros_tcp_endpoint/share/ament_index/resource_index/packages
[0.665s] symbolically linking /home/parallels/drone_local/drone_ws/build/ros_tcp_endpoint/package.xml -> /home/parallels/drone_local/drone_ws/install/ros_tcp_endpoint/share/ros_tcp_endpoint
[0.665s] symbolically linking /home/parallels/drone_local/drone_ws/build/ros_tcp_endpoint/launch/endpoint.py -> /home/parallels/drone_local/drone_ws/install/ros_tcp_endpoint/share/ros_tcp_endpoint/launch
[0.683s] Invoked command in '/home/parallels/drone_local/drone_ws/build/ros_tcp_endpoint' returned '0': PYTHONPATH=/home/parallels/drone_local/drone_ws/build/ros_tcp_endpoint/prefix_override:/usr/lib/python3/dist-packages/colcon_core/task/python/colcon_distutils_commands:/home/parallels/drone_local/drone_ws/install/ros_tcp_endpoint/lib/python3.10/site-packages:${PYTHONPATH} /usr/bin/python3 -W ignore:setup.py install is deprecated -W ignore:easy_install command is deprecated setup.py develop --editable --build-directory /home/parallels/drone_local/drone_ws/build/ros_tcp_endpoint/build --no-deps symlink_data --force
