[0.679s] Invoking command in '/home/parallels/drone_local/drone_ws/build/drone_autonomy': AMENT_PREFIX_PATH=/home/parallels/drone_local/drone_ws/install/px4_msgs:${AMENT_PREFIX_PATH} CMAKE_PREFIX_PATH=/home/parallels/drone_local/drone_ws/install/px4_msgs LD_LIBRARY_PATH=/home/parallels/drone_local/drone_ws/install/px4_msgs/lib:${LD_LIBRARY_PATH} PYTHONPATH=/home/parallels/drone_local/drone_ws/build/drone_autonomy/prefix_override:/usr/lib/python3/dist-packages/colcon_core/task/python/colcon_distutils_commands:/home/parallels/drone_local/drone_ws/install/drone_autonomy/lib/python3.10/site-packages:/home/parallels/drone_local/drone_ws/install/px4_msgs/local/lib/python3.10/dist-packages:${PYTHONPATH} /usr/bin/python3 -W ignore:setup.py install is deprecated -W ignore:easy_install command is deprecated setup.py develop --editable --build-directory /home/parallels/drone_local/drone_ws/build/drone_autonomy/build --no-deps symlink_data --force
[0.845s] running develop
[0.967s] running egg_info
[0.967s] writing drone_autonomy.egg-info/PKG-INFO
[0.967s] writing dependency_links to drone_autonomy.egg-info/dependency_links.txt
[0.967s] writing entry points to drone_autonomy.egg-info/entry_points.txt
[0.968s] writing requirements to drone_autonomy.egg-info/requires.txt
[0.968s] writing top-level names to drone_autonomy.egg-info/top_level.txt
[0.969s] reading manifest file 'drone_autonomy.egg-info/SOURCES.txt'
[0.970s] writing manifest file 'drone_autonomy.egg-info/SOURCES.txt'
[0.970s] running build_ext
[0.970s] Creating /home/parallels/drone_local/drone_ws/install/drone_autonomy/lib/python3.10/site-packages/drone-autonomy.egg-link (link to .)
[0.971s] Installing circle_flight script to /home/parallels/drone_local/drone_ws/install/drone_autonomy/lib/drone_autonomy
[0.971s] Installing data_recorder script to /home/parallels/drone_local/drone_ws/install/drone_autonomy/lib/drone_autonomy
[0.971s] Installing drone_controller script to /home/parallels/drone_local/drone_ws/install/drone_autonomy/lib/drone_autonomy
[0.971s] Installing figure_eight script to /home/parallels/drone_local/drone_ws/install/drone_autonomy/lib/drone_autonomy
[0.971s] Installing forward_mission script to /home/parallels/drone_local/drone_ws/install/drone_autonomy/lib/drone_autonomy
[0.971s] Installing house_inspection script to /home/parallels/drone_local/drone_ws/install/drone_autonomy/lib/drone_autonomy
[0.971s] Installing mission_executor script to /home/parallels/drone_local/drone_ws/install/drone_autonomy/lib/drone_autonomy
[0.971s] Installing obstacle_detector script to /home/parallels/drone_local/drone_ws/install/drone_autonomy/lib/drone_autonomy
[0.971s] Installing orbit_point script to /home/parallels/drone_local/drone_ws/install/drone_autonomy/lib/drone_autonomy
[0.971s] Installing pursuit_flight script to /home/parallels/drone_local/drone_ws/install/drone_autonomy/lib/drone_autonomy
[0.972s] Installing rrt_pursuit_single script to /home/parallels/drone_local/drone_ws/install/drone_autonomy/lib/drone_autonomy
[0.972s] Installing simple_takeoff script to /home/parallels/drone_local/drone_ws/install/drone_autonomy/lib/drone_autonomy
[0.972s] Installing square_flight script to /home/parallels/drone_local/drone_ws/install/drone_autonomy/lib/drone_autonomy
[0.972s] Installing waypoint_mission script to /home/parallels/drone_local/drone_ws/install/drone_autonomy/lib/drone_autonomy
[0.972s] 
[0.972s] Installed /home/parallels/drone_local/drone_ws/build/drone_autonomy
[0.972s] running symlink_data
[0.972s] symbolically linking /home/parallels/drone_local/drone_ws/build/drone_autonomy/resource/drone_autonomy -> /home/parallels/drone_local/drone_ws/install/drone_autonomy/share/ament_index/resource_index/packages
[0.972s] symbolically linking /home/parallels/drone_local/drone_ws/build/drone_autonomy/package.xml -> /home/parallels/drone_local/drone_ws/install/drone_autonomy/share/drone_autonomy
[0.972s] symbolically linking /home/parallels/drone_local/drone_ws/build/drone_autonomy/launch/simple_takeoff.launch.py -> /home/parallels/drone_local/drone_ws/install/drone_autonomy/share/drone_autonomy/launch
[0.990s] Invoked command in '/home/parallels/drone_local/drone_ws/build/drone_autonomy' returned '0': AMENT_PREFIX_PATH=/home/parallels/drone_local/drone_ws/install/px4_msgs:${AMENT_PREFIX_PATH} CMAKE_PREFIX_PATH=/home/parallels/drone_local/drone_ws/install/px4_msgs LD_LIBRARY_PATH=/home/parallels/drone_local/drone_ws/install/px4_msgs/lib:${LD_LIBRARY_PATH} PYTHONPATH=/home/parallels/drone_local/drone_ws/build/drone_autonomy/prefix_override:/usr/lib/python3/dist-packages/colcon_core/task/python/colcon_distutils_commands:/home/parallels/drone_local/drone_ws/install/drone_autonomy/lib/python3.10/site-packages:/home/parallels/drone_local/drone_ws/install/px4_msgs/local/lib/python3.10/dist-packages:${PYTHONPATH} /usr/bin/python3 -W ignore:setup.py install is deprecated -W ignore:easy_install command is deprecated setup.py develop --editable --build-directory /home/parallels/drone_local/drone_ws/build/drone_autonomy/build --no-deps symlink_data --force
