running egg_info
creating ../../build/drone_autonomy/drone_autonomy.egg-info
writing ../../build/drone_autonomy/drone_autonomy.egg-info/PKG-INFO
writing dependency_links to ../../build/drone_autonomy/drone_autonomy.egg-info/dependency_links.txt
writing entry points to ../../build/drone_autonomy/drone_autonomy.egg-info/entry_points.txt
writing requirements to ../../build/drone_autonomy/drone_autonomy.egg-info/requires.txt
writing top-level names to ../../build/drone_autonomy/drone_autonomy.egg-info/top_level.txt
writing manifest file '../../build/drone_autonomy/drone_autonomy.egg-info/SOURCES.txt'
reading manifest file '../../build/drone_autonomy/drone_autonomy.egg-info/SOURCES.txt'
writing manifest file '../../build/drone_autonomy/drone_autonomy.egg-info/SOURCES.txt'
running build
running build_py
creating /home/parallels/drone_local/drone_ws/build/drone_autonomy/build
creating /home/parallels/drone_local/drone_ws/build/drone_autonomy/build/lib
creating /home/parallels/drone_local/drone_ws/build/drone_autonomy/build/lib/drone_autonomy
copying drone_autonomy/__init__.py -> /home/parallels/drone_local/drone_ws/build/drone_autonomy/build/lib/drone_autonomy
creating /home/parallels/drone_local/drone_ws/build/drone_autonomy/build/lib/drone_autonomy/perception
copying drone_autonomy/perception/__init__.py -> /home/parallels/drone_local/drone_ws/build/drone_autonomy/build/lib/drone_autonomy/perception
creating /home/parallels/drone_local/drone_ws/build/drone_autonomy/build/lib/drone_autonomy/control
copying drone_autonomy/control/__init__.py -> /home/parallels/drone_local/drone_ws/build/drone_autonomy/build/lib/drone_autonomy/control
creating /home/parallels/drone_local/drone_ws/build/drone_autonomy/build/lib/drone_autonomy/missions
copying drone_autonomy/missions/rrt_pursuit_single.py -> /home/parallels/drone_local/drone_ws/build/drone_autonomy/build/lib/drone_autonomy/missions
copying drone_autonomy/missions/figure_eight.py -> /home/parallels/drone_local/drone_ws/build/drone_autonomy/build/lib/drone_autonomy/missions
copying drone_autonomy/missions/circle_flight.py -> /home/parallels/drone_local/drone_ws/build/drone_autonomy/build/lib/drone_autonomy/missions
copying drone_autonomy/missions/simple_takeoff.py -> /home/parallels/drone_local/drone_ws/build/drone_autonomy/build/lib/drone_autonomy/missions
copying drone_autonomy/missions/orbit_point.py -> /home/parallels/drone_local/drone_ws/build/drone_autonomy/build/lib/drone_autonomy/missions
copying drone_autonomy/missions/__init__.py -> /home/parallels/drone_local/drone_ws/build/drone_autonomy/build/lib/drone_autonomy/missions
copying drone_autonomy/missions/square_flight.py -> /home/parallels/drone_local/drone_ws/build/drone_autonomy/build/lib/drone_autonomy/missions
copying drone_autonomy/missions/pursuit_flight.py -> /home/parallels/drone_local/drone_ws/build/drone_autonomy/build/lib/drone_autonomy/missions
creating /home/parallels/drone_local/drone_ws/build/drone_autonomy/build/lib/drone_autonomy/planning
copying drone_autonomy/planning/__init__.py -> /home/parallels/drone_local/drone_ws/build/drone_autonomy/build/lib/drone_autonomy/planning
creating /home/parallels/drone_local/drone_ws/build/drone_autonomy/build/lib/drone_autonomy/core
copying drone_autonomy/core/drone_controller.py -> /home/parallels/drone_local/drone_ws/build/drone_autonomy/build/lib/drone_autonomy/core
copying drone_autonomy/core/coordinate_transforms.py -> /home/parallels/drone_local/drone_ws/build/drone_autonomy/build/lib/drone_autonomy/core
copying drone_autonomy/core/__init__.py -> /home/parallels/drone_local/drone_ws/build/drone_autonomy/build/lib/drone_autonomy/core
creating /home/parallels/drone_local/drone_ws/build/drone_autonomy/build/lib/drone_autonomy/utils
copying drone_autonomy/utils/__init__.py -> /home/parallels/drone_local/drone_ws/build/drone_autonomy/build/lib/drone_autonomy/utils
running install
running install_lib
creating /home/parallels/drone_local/drone_ws/install/drone_autonomy/lib/python3.10/site-packages/drone_autonomy
creating /home/parallels/drone_local/drone_ws/install/drone_autonomy/lib/python3.10/site-packages/drone_autonomy/perception
copying /home/parallels/drone_local/drone_ws/build/drone_autonomy/build/lib/drone_autonomy/perception/__init__.py -> /home/parallels/drone_local/drone_ws/install/drone_autonomy/lib/python3.10/site-packages/drone_autonomy/perception
creating /home/parallels/drone_local/drone_ws/install/drone_autonomy/lib/python3.10/site-packages/drone_autonomy/control
copying /home/parallels/drone_local/drone_ws/build/drone_autonomy/build/lib/drone_autonomy/control/__init__.py -> /home/parallels/drone_local/drone_ws/install/drone_autonomy/lib/python3.10/site-packages/drone_autonomy/control
creating /home/parallels/drone_local/drone_ws/install/drone_autonomy/lib/python3.10/site-packages/drone_autonomy/missions
copying /home/parallels/drone_local/drone_ws/build/drone_autonomy/build/lib/drone_autonomy/missions/rrt_pursuit_single.py -> /home/parallels/drone_local/drone_ws/install/drone_autonomy/lib/python3.10/site-packages/drone_autonomy/missions
copying /home/parallels/drone_local/drone_ws/build/drone_autonomy/build/lib/drone_autonomy/missions/figure_eight.py -> /home/parallels/drone_local/drone_ws/install/drone_autonomy/lib/python3.10/site-packages/drone_autonomy/missions
copying /home/parallels/drone_local/drone_ws/build/drone_autonomy/build/lib/drone_autonomy/missions/circle_flight.py -> /home/parallels/drone_local/drone_ws/install/drone_autonomy/lib/python3.10/site-packages/drone_autonomy/missions
copying /home/parallels/drone_local/drone_ws/build/drone_autonomy/build/lib/drone_autonomy/missions/simple_takeoff.py -> /home/parallels/drone_local/drone_ws/install/drone_autonomy/lib/python3.10/site-packages/drone_autonomy/missions
copying /home/parallels/drone_local/drone_ws/build/drone_autonomy/build/lib/drone_autonomy/missions/orbit_point.py -> /home/parallels/drone_local/drone_ws/install/drone_autonomy/lib/python3.10/site-packages/drone_autonomy/missions
copying /home/parallels/drone_local/drone_ws/build/drone_autonomy/build/lib/drone_autonomy/missions/__init__.py -> /home/parallels/drone_local/drone_ws/install/drone_autonomy/lib/python3.10/site-packages/drone_autonomy/missions
copying /home/parallels/drone_local/drone_ws/build/drone_autonomy/build/lib/drone_autonomy/missions/square_flight.py -> /home/parallels/drone_local/drone_ws/install/drone_autonomy/lib/python3.10/site-packages/drone_autonomy/missions
copying /home/parallels/drone_local/drone_ws/build/drone_autonomy/build/lib/drone_autonomy/missions/pursuit_flight.py -> /home/parallels/drone_local/drone_ws/install/drone_autonomy/lib/python3.10/site-packages/drone_autonomy/missions
creating /home/parallels/drone_local/drone_ws/install/drone_autonomy/lib/python3.10/site-packages/drone_autonomy/planning
copying /home/parallels/drone_local/drone_ws/build/drone_autonomy/build/lib/drone_autonomy/planning/__init__.py -> /home/parallels/drone_local/drone_ws/install/drone_autonomy/lib/python3.10/site-packages/drone_autonomy/planning
creating /home/parallels/drone_local/drone_ws/install/drone_autonomy/lib/python3.10/site-packages/drone_autonomy/core
copying /home/parallels/drone_local/drone_ws/build/drone_autonomy/build/lib/drone_autonomy/core/drone_controller.py -> /home/parallels/drone_local/drone_ws/install/drone_autonomy/lib/python3.10/site-packages/drone_autonomy/core
copying /home/parallels/drone_local/drone_ws/build/drone_autonomy/build/lib/drone_autonomy/core/coordinate_transforms.py -> /home/parallels/drone_local/drone_ws/install/drone_autonomy/lib/python3.10/site-packages/drone_autonomy/core
copying /home/parallels/drone_local/drone_ws/build/drone_autonomy/build/lib/drone_autonomy/core/__init__.py -> /home/parallels/drone_local/drone_ws/install/drone_autonomy/lib/python3.10/site-packages/drone_autonomy/core
copying /home/parallels/drone_local/drone_ws/build/drone_autonomy/build/lib/drone_autonomy/__init__.py -> /home/parallels/drone_local/drone_ws/install/drone_autonomy/lib/python3.10/site-packages/drone_autonomy
creating /home/parallels/drone_local/drone_ws/install/drone_autonomy/lib/python3.10/site-packages/drone_autonomy/utils
copying /home/parallels/drone_local/drone_ws/build/drone_autonomy/build/lib/drone_autonomy/utils/__init__.py -> /home/parallels/drone_local/drone_ws/install/drone_autonomy/lib/python3.10/site-packages/drone_autonomy/utils
byte-compiling /home/parallels/drone_local/drone_ws/install/drone_autonomy/lib/python3.10/site-packages/drone_autonomy/perception/__init__.py to __init__.cpython-310.pyc
byte-compiling /home/parallels/drone_local/drone_ws/install/drone_autonomy/lib/python3.10/site-packages/drone_autonomy/control/__init__.py to __init__.cpython-310.pyc
byte-compiling /home/parallels/drone_local/drone_ws/install/drone_autonomy/lib/python3.10/site-packages/drone_autonomy/missions/rrt_pursuit_single.py to rrt_pursuit_single.cpython-310.pyc
byte-compiling /home/parallels/drone_local/drone_ws/install/drone_autonomy/lib/python3.10/site-packages/drone_autonomy/missions/figure_eight.py to figure_eight.cpython-310.pyc
byte-compiling /home/parallels/drone_local/drone_ws/install/drone_autonomy/lib/python3.10/site-packages/drone_autonomy/missions/circle_flight.py to circle_flight.cpython-310.pyc
byte-compiling /home/parallels/drone_local/drone_ws/install/drone_autonomy/lib/python3.10/site-packages/drone_autonomy/missions/simple_takeoff.py to simple_takeoff.cpython-310.pyc
byte-compiling /home/parallels/drone_local/drone_ws/install/drone_autonomy/lib/python3.10/site-packages/drone_autonomy/missions/orbit_point.py to orbit_point.cpython-310.pyc
byte-compiling /home/parallels/drone_local/drone_ws/install/drone_autonomy/lib/python3.10/site-packages/drone_autonomy/missions/__init__.py to __init__.cpython-310.pyc
byte-compiling /home/parallels/drone_local/drone_ws/install/drone_autonomy/lib/python3.10/site-packages/drone_autonomy/missions/square_flight.py to square_flight.cpython-310.pyc
byte-compiling /home/parallels/drone_local/drone_ws/install/drone_autonomy/lib/python3.10/site-packages/drone_autonomy/missions/pursuit_flight.py to pursuit_flight.cpython-310.pyc
byte-compiling /home/parallels/drone_local/drone_ws/install/drone_autonomy/lib/python3.10/site-packages/drone_autonomy/planning/__init__.py to __init__.cpython-310.pyc
byte-compiling /home/parallels/drone_local/drone_ws/install/drone_autonomy/lib/python3.10/site-packages/drone_autonomy/core/drone_controller.py to drone_controller.cpython-310.pyc
byte-compiling /home/parallels/drone_local/drone_ws/install/drone_autonomy/lib/python3.10/site-packages/drone_autonomy/core/coordinate_transforms.py to coordinate_transforms.cpython-310.pyc
byte-compiling /home/parallels/drone_local/drone_ws/install/drone_autonomy/lib/python3.10/site-packages/drone_autonomy/core/__init__.py to __init__.cpython-310.pyc
byte-compiling /home/parallels/drone_local/drone_ws/install/drone_autonomy/lib/python3.10/site-packages/drone_autonomy/__init__.py to __init__.cpython-310.pyc
byte-compiling /home/parallels/drone_local/drone_ws/install/drone_autonomy/lib/python3.10/site-packages/drone_autonomy/utils/__init__.py to __init__.cpython-310.pyc
running install_data
creating /home/parallels/drone_local/drone_ws/install/drone_autonomy/share/ament_index
creating /home/parallels/drone_local/drone_ws/install/drone_autonomy/share/ament_index/resource_index
creating /home/parallels/drone_local/drone_ws/install/drone_autonomy/share/ament_index/resource_index/packages
copying resource/drone_autonomy -> /home/parallels/drone_local/drone_ws/install/drone_autonomy/share/ament_index/resource_index/packages
copying package.xml -> /home/parallels/drone_local/drone_ws/install/drone_autonomy/share/drone_autonomy
creating /home/parallels/drone_local/drone_ws/install/drone_autonomy/share/drone_autonomy/launch
copying launch/simple_takeoff.launch.py -> /home/parallels/drone_local/drone_ws/install/drone_autonomy/share/drone_autonomy/launch
running install_egg_info
Copying ../../build/drone_autonomy/drone_autonomy.egg-info to /home/parallels/drone_local/drone_ws/install/drone_autonomy/lib/python3.10/site-packages/drone_autonomy-1.0.0-py3.10.egg-info
running install_scripts
Installing circle_flight script to /home/parallels/drone_local/drone_ws/install/drone_autonomy/lib/drone_autonomy
Installing data_recorder script to /home/parallels/drone_local/drone_ws/install/drone_autonomy/lib/drone_autonomy
Installing drone_controller script to /home/parallels/drone_local/drone_ws/install/drone_autonomy/lib/drone_autonomy
Installing figure_eight script to /home/parallels/drone_local/drone_ws/install/drone_autonomy/lib/drone_autonomy
Installing house_inspection script to /home/parallels/drone_local/drone_ws/install/drone_autonomy/lib/drone_autonomy
Installing mission_executor script to /home/parallels/drone_local/drone_ws/install/drone_autonomy/lib/drone_autonomy
Installing obstacle_detector script to /home/parallels/drone_local/drone_ws/install/drone_autonomy/lib/drone_autonomy
Installing orbit_point script to /home/parallels/drone_local/drone_ws/install/drone_autonomy/lib/drone_autonomy
Installing pursuit_flight script to /home/parallels/drone_local/drone_ws/install/drone_autonomy/lib/drone_autonomy
Installing rrt_pursuit_single script to /home/parallels/drone_local/drone_ws/install/drone_autonomy/lib/drone_autonomy
Installing simple_takeoff script to /home/parallels/drone_local/drone_ws/install/drone_autonomy/lib/drone_autonomy
Installing square_flight script to /home/parallels/drone_local/drone_ws/install/drone_autonomy/lib/drone_autonomy
Installing waypoint_mission script to /home/parallels/drone_local/drone_ws/install/drone_autonomy/lib/drone_autonomy
writing list of installed files to '/home/parallels/drone_local/drone_ws/build/drone_autonomy/install.log'
