[0.732s] Invoking command in '/home/parallels/drone_local/drone_ws/build/drone_autonomy': CMAKE_PREFIX_PATH=/home/parallels/drone_local/drone_ws/install/px4_msgs:/home/parallels/drone_local/drone_ws/install/px4_ros_com LD_LIBRARY_PATH=/home/parallels/drone_local/drone_ws/install/px4_msgs/lib:/home/parallels/drone_local/drone_ws/install/px4_ros_com/lib:/opt/ros/humble/opt/rviz_ogre_vendor/lib:/opt/ros/humble/lib/aarch64-linux-gnu:/opt/ros/humble/lib PYTHONPATH=/home/parallels/drone_local/drone_ws/build/drone_autonomy/prefix_override:/usr/lib/python3/dist-packages/colcon_core/task/python/colcon_distutils_commands:/home/parallels/drone_local/drone_ws/install/drone_autonomy/lib/python3.10/site-packages:${PYTHONPATH} /usr/bin/python3 -W ignore:setup.py install is deprecated -W ignore:easy_install command is deprecated setup.py develop --editable --build-directory /home/parallels/drone_local/drone_ws/build/drone_autonomy/build --no-deps symlink_data
[0.946s] running develop
[1.046s] running egg_info
[1.047s] writing drone_autonomy.egg-info/PKG-INFO
[1.047s] writing dependency_links to drone_autonomy.egg-info/dependency_links.txt
[1.047s] writing entry points to drone_autonomy.egg-info/entry_points.txt
[1.047s] writing requirements to drone_autonomy.egg-info/requires.txt
[1.048s] writing top-level names to drone_autonomy.egg-info/top_level.txt
[1.048s] reading manifest file 'drone_autonomy.egg-info/SOURCES.txt'
[1.049s] writing manifest file 'drone_autonomy.egg-info/SOURCES.txt'
[1.050s] running build_ext
[1.050s] Creating /home/parallels/drone_local/drone_ws/install/drone_autonomy/lib/python3.10/site-packages/drone-autonomy.egg-link (link to .)
[1.053s] Installing circle_flight script to /home/parallels/drone_local/drone_ws/install/drone_autonomy/lib/drone_autonomy
[1.053s] Installing data_recorder script to /home/parallels/drone_local/drone_ws/install/drone_autonomy/lib/drone_autonomy
[1.053s] Installing drone_controller script to /home/parallels/drone_local/drone_ws/install/drone_autonomy/lib/drone_autonomy
[1.053s] Installing figure_eight script to /home/parallels/drone_local/drone_ws/install/drone_autonomy/lib/drone_autonomy
[1.054s] Installing forward_mission script to /home/parallels/drone_local/drone_ws/install/drone_autonomy/lib/drone_autonomy
[1.054s] Installing house_inspection script to /home/parallels/drone_local/drone_ws/install/drone_autonomy/lib/drone_autonomy
[1.054s] Installing mission_executor script to /home/parallels/drone_local/drone_ws/install/drone_autonomy/lib/drone_autonomy
[1.055s] Installing obstacle_detector script to /home/parallels/drone_local/drone_ws/install/drone_autonomy/lib/drone_autonomy
[1.055s] Installing orbit_point script to /home/parallels/drone_local/drone_ws/install/drone_autonomy/lib/drone_autonomy
[1.055s] Installing pursuit_flight script to /home/parallels/drone_local/drone_ws/install/drone_autonomy/lib/drone_autonomy
[1.055s] Installing rrt_pursuit_single script to /home/parallels/drone_local/drone_ws/install/drone_autonomy/lib/drone_autonomy
[1.055s] Installing simple_takeoff script to /home/parallels/drone_local/drone_ws/install/drone_autonomy/lib/drone_autonomy
[1.056s] Installing square_flight script to /home/parallels/drone_local/drone_ws/install/drone_autonomy/lib/drone_autonomy
[1.056s] Installing waypoint_mission script to /home/parallels/drone_local/drone_ws/install/drone_autonomy/lib/drone_autonomy
[1.056s] 
[1.056s] Installed /home/parallels/drone_local/drone_ws/build/drone_autonomy
[1.056s] running symlink_data
[1.079s] Invoked command in '/home/parallels/drone_local/drone_ws/build/drone_autonomy' returned '0': CMAKE_PREFIX_PATH=/home/parallels/drone_local/drone_ws/install/px4_msgs:/home/parallels/drone_local/drone_ws/install/px4_ros_com LD_LIBRARY_PATH=/home/parallels/drone_local/drone_ws/install/px4_msgs/lib:/home/parallels/drone_local/drone_ws/install/px4_ros_com/lib:/opt/ros/humble/opt/rviz_ogre_vendor/lib:/opt/ros/humble/lib/aarch64-linux-gnu:/opt/ros/humble/lib PYTHONPATH=/home/parallels/drone_local/drone_ws/build/drone_autonomy/prefix_override:/usr/lib/python3/dist-packages/colcon_core/task/python/colcon_distutils_commands:/home/parallels/drone_local/drone_ws/install/drone_autonomy/lib/python3.10/site-packages:${PYTHONPATH} /usr/bin/python3 -W ignore:setup.py install is deprecated -W ignore:easy_install command is deprecated setup.py develop --editable --build-directory /home/parallels/drone_local/drone_ws/build/drone_autonomy/build --no-deps symlink_data
