[0.444s] Invoking command in '/home/parallels/drone_local/drone_ws/build/px4_ros_com': CMAKE_PREFIX_PATH=/home/parallels/drone_local/drone_ws/install/px4_msgs:/home/parallels/drone_local/drone_ws/install/px4_ros_com:/home/parallels/drone_local/drone_ws/install/tracking:/home/parallels/drone_local/drone_ws/install/ros_tcp_endpoint:/home/parallels/drone_local/drone_ws/install/offboard_test:/home/parallels/drone_local/drone_ws/install/offboard_avoidance_unity:/home/parallels/drone_local/drone_ws/install/drone_autonomy:/opt/ros/humble LD_LIBRARY_PATH=/home/parallels/drone_local/drone_ws/install/px4_msgs/lib:/home/parallels/drone_local/drone_ws/install/px4_ros_com/lib:/opt/ros/humble/opt/rviz_ogre_vendor/lib:/opt/ros/humble/lib/aarch64-linux-gnu:/opt/ros/humble/lib /usr/bin/cmake --build /home/parallels/drone_local/drone_ws/build/px4_ros_com -- -j4 -l4
[0.517s] [ 16%] Built target frame_transforms
[0.523s] [ 33%] Built target debug_vect_advertiser
[0.527s] [ 50%] Built target sensor_combined_listener
[0.533s] [ 66%] Built target vehicle_gps_position_listener
[0.563s] [ 83%] Built target offboard_control
[0.568s] [100%] Built target offboard_control_srv
[0.587s] [100%] Built target ament_cmake_python_symlink_px4_ros_com
[0.720s] running egg_info
[0.721s] writing px4_ros_com.egg-info/PKG-INFO
[0.721s] writing dependency_links to px4_ros_com.egg-info/dependency_links.txt
[0.721s] writing top-level names to px4_ros_com.egg-info/top_level.txt
[0.723s] reading manifest file 'px4_ros_com.egg-info/SOURCES.txt'
[0.723s] writing manifest file 'px4_ros_com.egg-info/SOURCES.txt'
[0.740s] [100%] Built target ament_cmake_python_build_px4_ros_com_egg
[0.758s] Invoked command in '/home/parallels/drone_local/drone_ws/build/px4_ros_com' returned '0': CMAKE_PREFIX_PATH=/home/parallels/drone_local/drone_ws/install/px4_msgs:/home/parallels/drone_local/drone_ws/install/px4_ros_com:/home/parallels/drone_local/drone_ws/install/tracking:/home/parallels/drone_local/drone_ws/install/ros_tcp_endpoint:/home/parallels/drone_local/drone_ws/install/offboard_test:/home/parallels/drone_local/drone_ws/install/offboard_avoidance_unity:/home/parallels/drone_local/drone_ws/install/drone_autonomy:/opt/ros/humble LD_LIBRARY_PATH=/home/parallels/drone_local/drone_ws/install/px4_msgs/lib:/home/parallels/drone_local/drone_ws/install/px4_ros_com/lib:/opt/ros/humble/opt/rviz_ogre_vendor/lib:/opt/ros/humble/lib/aarch64-linux-gnu:/opt/ros/humble/lib /usr/bin/cmake --build /home/parallels/drone_local/drone_ws/build/px4_ros_com -- -j4 -l4
[0.758s] Invoking command in '/home/parallels/drone_local/drone_ws/build/px4_ros_com': CMAKE_PREFIX_PATH=/home/parallels/drone_local/drone_ws/install/px4_msgs:/home/parallels/drone_local/drone_ws/install/px4_ros_com:/home/parallels/drone_local/drone_ws/install/tracking:/home/parallels/drone_local/drone_ws/install/ros_tcp_endpoint:/home/parallels/drone_local/drone_ws/install/offboard_test:/home/parallels/drone_local/drone_ws/install/offboard_avoidance_unity:/home/parallels/drone_local/drone_ws/install/drone_autonomy:/opt/ros/humble LD_LIBRARY_PATH=/home/parallels/drone_local/drone_ws/install/px4_msgs/lib:/home/parallels/drone_local/drone_ws/install/px4_ros_com/lib:/opt/ros/humble/opt/rviz_ogre_vendor/lib:/opt/ros/humble/lib/aarch64-linux-gnu:/opt/ros/humble/lib /usr/bin/cmake --install /home/parallels/drone_local/drone_ws/build/px4_ros_com
[0.765s] -- Install configuration: ""
[0.766s] -- Execute custom install script
[0.766s] -- Up-to-date symlink: /home/parallels/drone_local/drone_ws/install/px4_ros_com/lib/px4_ros_com/sensor_combined_listener
[0.766s] -- Up-to-date symlink: /home/parallels/drone_local/drone_ws/install/px4_ros_com/lib/px4_ros_com/vehicle_gps_position_listener
[0.766s] -- Up-to-date symlink: /home/parallels/drone_local/drone_ws/install/px4_ros_com/lib/px4_ros_com/debug_vect_advertiser
[0.766s] -- Up-to-date symlink: /home/parallels/drone_local/drone_ws/install/px4_ros_com/lib/px4_ros_com/offboard_control
[0.766s] -- Up-to-date symlink: /home/parallels/drone_local/drone_ws/install/px4_ros_com/lib/px4_ros_com/offboard_control_srv
[0.767s] -- Up-to-date symlink: /home/parallels/drone_local/drone_ws/install/px4_ros_com/share/px4_ros_com/environment/library_path.sh
[0.767s] -- Up-to-date symlink: /home/parallels/drone_local/drone_ws/install/px4_ros_com/share/px4_ros_com/environment/library_path.dsv
[0.767s] -- Up-to-date symlink: /home/parallels/drone_local/drone_ws/install/px4_ros_com/include/px4_ros_com/frame_transforms.h
[0.767s] -- Up-to-date symlink: /home/parallels/drone_local/drone_ws/install/px4_ros_com/share/px4_ros_com//launch/offboard_control_launch.yaml
[0.768s] -- Up-to-date symlink: /home/parallels/drone_local/drone_ws/install/px4_ros_com/share/px4_ros_com//launch/sensor_combined_listener.launch.py
[0.768s] -- Up-to-date symlink: /home/parallels/drone_local/drone_ws/install/px4_ros_com/share/px4_ros_com//test/__init__.py
[0.768s] -- Up-to-date symlink: /home/parallels/drone_local/drone_ws/install/px4_ros_com/share/px4_ros_com//test/pipeline_io_test.py
[0.769s] -- Up-to-date symlink: /home/parallels/drone_local/drone_ws/install/px4_ros_com/share/px4_ros_com//test/test_input.py
[0.769s] -- Up-to-date symlink: /home/parallels/drone_local/drone_ws/install/px4_ros_com/share/px4_ros_com//test/test_output.py
[0.769s] -- Up-to-date symlink: /home/parallels/drone_local/drone_ws/install/px4_ros_com/share/px4_ros_com/environment/pythonpath.sh
[0.770s] -- Up-to-date symlink: /home/parallels/drone_local/drone_ws/install/px4_ros_com/share/px4_ros_com/environment/pythonpath.dsv
[0.770s] -- Up-to-date symlink: /home/parallels/drone_local/drone_ws/install/px4_ros_com/local/lib/python3.10/dist-packages/px4_ros_com-0.1.0-py3.10.egg-info/PKG-INFO
[0.770s] -- Up-to-date symlink: /home/parallels/drone_local/drone_ws/install/px4_ros_com/local/lib/python3.10/dist-packages/px4_ros_com-0.1.0-py3.10.egg-info/SOURCES.txt
[0.771s] -- Up-to-date symlink: /home/parallels/drone_local/drone_ws/install/px4_ros_com/local/lib/python3.10/dist-packages/px4_ros_com-0.1.0-py3.10.egg-info/dependency_links.txt
[0.771s] -- Up-to-date symlink: /home/parallels/drone_local/drone_ws/install/px4_ros_com/local/lib/python3.10/dist-packages/px4_ros_com-0.1.0-py3.10.egg-info/top_level.txt
[0.771s] -- Up-to-date symlink: /home/parallels/drone_local/drone_ws/install/px4_ros_com/local/lib/python3.10/dist-packages/px4_ros_com/__init__.py
[0.771s] -- Up-to-date symlink: /home/parallels/drone_local/drone_ws/install/px4_ros_com/local/lib/python3.10/dist-packages/px4_ros_com/module_to_import.py
[0.772s] -- Up-to-date symlink: /home/parallels/drone_local/drone_ws/install/px4_ros_com/lib/px4_ros_com/offboard_control.py
[0.772s] -- Up-to-date symlink: /home/parallels/drone_local/drone_ws/install/px4_ros_com/share/ament_index/resource_index/package_run_dependencies/px4_ros_com
[0.772s] -- Up-to-date symlink: /home/parallels/drone_local/drone_ws/install/px4_ros_com/share/ament_index/resource_index/parent_prefix_path/px4_ros_com
[0.772s] -- Up-to-date symlink: /home/parallels/drone_local/drone_ws/install/px4_ros_com/share/px4_ros_com/environment/ament_prefix_path.sh
[0.772s] -- Up-to-date symlink: /home/parallels/drone_local/drone_ws/install/px4_ros_com/share/px4_ros_com/environment/ament_prefix_path.dsv
[0.773s] -- Up-to-date symlink: /home/parallels/drone_local/drone_ws/install/px4_ros_com/share/px4_ros_com/environment/path.sh
[0.773s] -- Up-to-date symlink: /home/parallels/drone_local/drone_ws/install/px4_ros_com/share/px4_ros_com/environment/path.dsv
[0.773s] -- Up-to-date symlink: /home/parallels/drone_local/drone_ws/install/px4_ros_com/share/px4_ros_com/local_setup.bash
[0.773s] -- Up-to-date symlink: /home/parallels/drone_local/drone_ws/install/px4_ros_com/share/px4_ros_com/local_setup.sh
[0.773s] -- Up-to-date symlink: /home/parallels/drone_local/drone_ws/install/px4_ros_com/share/px4_ros_com/local_setup.zsh
[0.773s] -- Up-to-date symlink: /home/parallels/drone_local/drone_ws/install/px4_ros_com/share/px4_ros_com/local_setup.dsv
[0.774s] -- Symlinking: /home/parallels/drone_local/drone_ws/install/px4_ros_com/share/px4_ros_com/package.dsv
[0.787s] -- Up-to-date symlink: /home/parallels/drone_local/drone_ws/install/px4_ros_com/share/ament_index/resource_index/packages/px4_ros_com
[0.788s] -- Up-to-date symlink: /home/parallels/drone_local/drone_ws/install/px4_ros_com/share/px4_ros_com/cmake/ament_cmake_export_dependencies-extras.cmake
[0.788s] -- Up-to-date symlink: /home/parallels/drone_local/drone_ws/install/px4_ros_com/share/px4_ros_com/cmake/ament_cmake_export_targets-extras.cmake
[0.788s] -- Up-to-date symlink: /home/parallels/drone_local/drone_ws/install/px4_ros_com/share/px4_ros_com/cmake/ament_cmake_export_include_directories-extras.cmake
[0.788s] -- Up-to-date symlink: /home/parallels/drone_local/drone_ws/install/px4_ros_com/share/px4_ros_com/cmake/ament_cmake_export_libraries-extras.cmake
[0.788s] -- Up-to-date symlink: /home/parallels/drone_local/drone_ws/install/px4_ros_com/share/px4_ros_com/cmake/px4_ros_comConfig.cmake
[0.788s] -- Up-to-date symlink: /home/parallels/drone_local/drone_ws/install/px4_ros_com/share/px4_ros_com/cmake/px4_ros_comConfig-version.cmake
[0.788s] -- Up-to-date symlink: /home/parallels/drone_local/drone_ws/install/px4_ros_com/share/px4_ros_com/package.xml
[0.788s] -- Up-to-date: /home/parallels/drone_local/drone_ws/install/px4_ros_com/lib/libframe_transforms.so
[0.822s] Listing '/home/parallels/drone_local/drone_ws/install/px4_ros_com/local/lib/python3.10/dist-packages/px4_ros_com'...
[0.825s] -- Up-to-date: /home/parallels/drone_local/drone_ws/install/px4_ros_com/share/px4_ros_com/cmake/export_frame_transformsExport.cmake
[0.825s] -- Up-to-date: /home/parallels/drone_local/drone_ws/install/px4_ros_com/share/px4_ros_com/cmake/export_frame_transformsExport-noconfig.cmake
[0.827s] Invoked command in '/home/parallels/drone_local/drone_ws/build/px4_ros_com' returned '0': CMAKE_PREFIX_PATH=/home/parallels/drone_local/drone_ws/install/px4_msgs:/home/parallels/drone_local/drone_ws/install/px4_ros_com:/home/parallels/drone_local/drone_ws/install/tracking:/home/parallels/drone_local/drone_ws/install/ros_tcp_endpoint:/home/parallels/drone_local/drone_ws/install/offboard_test:/home/parallels/drone_local/drone_ws/install/offboard_avoidance_unity:/home/parallels/drone_local/drone_ws/install/drone_autonomy:/opt/ros/humble LD_LIBRARY_PATH=/home/parallels/drone_local/drone_ws/install/px4_msgs/lib:/home/parallels/drone_local/drone_ws/install/px4_ros_com/lib:/opt/ros/humble/opt/rviz_ogre_vendor/lib:/opt/ros/humble/lib/aarch64-linux-gnu:/opt/ros/humble/lib /usr/bin/cmake --install /home/parallels/drone_local/drone_ws/build/px4_ros_com
