[0.000000] (-) TimerEvent: {}
[0.000128] (-) JobUnselected: {'identifier': 'drone_autonomy'}
[0.000150] (-) JobUnselected: {'identifier': 'offboard_avoidance_unity'}
[0.000164] (-) JobUnselected: {'identifier': 'px4_msgs'}
[0.000173] (-) JobUnselected: {'identifier': 'px4_ros_com'}
[0.000184] (-) JobUnselected: {'identifier': 'ros_tcp_endpoint'}
[0.000213] (offboard_test) JobQueued: {'identifier': 'offboard_test', 'dependencies': OrderedDict([('px4_msgs', '/home/parallels/drone_local/drone_ws/install/px4_msgs')])}
[0.000230] (offboard_test) JobStarted: {'identifier': 'offboard_test'}
[0.098489] (-) TimerEvent: {}
[0.198671] (-) TimerEvent: {}
[0.298849] (-) TimerEvent: {}
[0.399129] (-) TimerEvent: {}
[0.420094] (offboard_test) Command: {'cmd': ['/usr/bin/python3', '-W', 'ignore:setup.py install is deprecated', '-W', 'ignore:easy_install command is deprecated', 'setup.py', 'egg_info', '--egg-base', '../../build/offboard_test', 'build', '--build-base', '/home/parallels/drone_local/drone_ws/build/offboard_test/build', 'install', '--record', '/home/parallels/drone_local/drone_ws/build/offboard_test/install.log', '--install-scripts', '$base/lib/offboard_test', '--single-version-externally-managed', 'install_data'], 'cwd': '/home/parallels/drone_local/drone_ws/src/offboard_test', 'env': {'LESSOPEN': '| /usr/bin/lesspipe %s', 'VSCODE_CWD': '/home/parallels', 'VSCODE_ESM_ENTRYPOINT': 'vs/workbench/api/node/extensionHostProcess', 'USER': 'parallels', 'SSH_CLIENT': '10.211.55.2 56578 22', 'VSCODE_NLS_CONFIG': '{"userLocale":"en","osLocale":"en","resolvedLanguage":"en","defaultMessagesFile":"/home/parallels/.cursor-server/bin/linux-arm64/224838f96445be37e3db643a163a817c15b36060/out/nls.messages.json","locale":"en","availableLanguages":{}}', 'CI': '1', 'VSCODE_HANDLES_UNCAUGHT_ERRORS': 'true', 'XDG_SESSION_TYPE': 'tty', 'SHLVL': '1', 'LD_LIBRARY_PATH': '/home/parallels/drone_local/drone_ws/install/px4_msgs/lib:/opt/ros/humble/opt/rviz_ogre_vendor/lib:/opt/ros/humble/lib/aarch64-linux-gnu:/opt/ros/humble/lib', 'BROWSER': '/home/parallels/.cursor-server/bin/linux-arm64/224838f96445be37e3db643a163a817c15b36060/bin/helpers/browser.sh', 'MOTD_SHOWN': 'pam', 'HOME': '/home/parallels', 'OLDPWD': '/home/parallels/drone_local', 'VSCODE_IPC_HOOK_CLI': '/run/user/1000/vscode-ipc-e6d10024-43fd-409b-89a1-4da221fa992d.sock', 'ROS_PYTHON_VERSION': '3', 'NO_COLOR': '1', 'DBUS_SESSION_BUS_ADDRESS': 'unix:path=/run/user/1000/bus', 'VSCODE_L10N_BUNDLE_LOCATION': '', 'ROS_DISTRO': 'humble', 'OVSX_REGISTRY_URL': 'https://open-vsx.org', 'LOGNAME': 'parallels', 'FORCE_COLOR': '0', 'VSCODE_HANDLES_SIGPIPE': 'true', '_': '/usr/bin/colcon', 'ROS_VERSION': '2', 'XDG_SESSION_CLASS': 'user', 'TERM': 'dumb', 'XDG_SESSION_ID': '193', 'ROS_LOCALHOST_ONLY': '0', 'PATH': '/home/parallels/.local/bin:/home/parallels/.cursor-server/bin/linux-arm64/224838f96445be37e3db643a163a817c15b36060/bin/remote-cli:/home/parallels/.local/bin:/opt/ros/humble/bin:/home/parallels/.cursor-server/bin/linux-arm64/224838f96445be37e3db643a163a817c15b36060/bin/remote-cli:/home/parallels/.local/bin:/usr/local/sbin:/usr/local/bin:/usr/sbin:/usr/bin:/sbin:/bin:/usr/games:/usr/local/games:/snap/bin', 'VSCODE_AGENT_FOLDER': '/home/parallels/.cursor-server', 'XDG_RUNTIME_DIR': '/run/user/1000', 'CURSOR_AGENT': '1', 'LANG': 'C.UTF-8', 'LS_COLORS': '', 'AMENT_PREFIX_PATH': '/home/parallels/drone_local/drone_ws/install/px4_msgs:/opt/ros/humble', 'SHELL': '/bin/bash', 'VSCODE_SERVER_SHUTDOWN_TIMEOUT': '300', 'LESSCLOSE': '/usr/bin/lesspipe %s %s', 'PWD': '/home/parallels/drone_local/drone_ws/build/offboard_test', 'SSH_CONNECTION': '10.211.55.2 56578 10.211.55.3 22', 'XDG_DATA_DIRS': '/usr/share/gnome:/usr/local/share:/usr/share:/var/lib/snapd/desktop', 'PYTHONPATH': '/home/parallels/drone_local/drone_ws/build/offboard_test/prefix_override:/usr/lib/python3/dist-packages/colcon_core/task/python/colcon_distutils_commands:/home/parallels/drone_local/drone_ws/install/offboard_test/lib/python3.10/site-packages:/home/parallels/drone_local/drone_ws/install/px4_msgs/local/lib/python3.10/dist-packages:/opt/ros/humble/lib/python3.10/site-packages:/opt/ros/humble/local/lib/python3.10/dist-packages', 'COLCON': '1', '_ZO_DOCTOR': '0', 'CMAKE_PREFIX_PATH': '/home/parallels/drone_local/drone_ws/install/px4_msgs'}, 'shell': False}
[0.499681] (-) TimerEvent: {}
[0.535434] (offboard_test) StderrLine: {'line': b"/usr/lib/python3/dist-packages/setuptools/dist.py:723: UserWarning: Usage of dash-separated 'script-dir' will not be supported in future versions. Please use the underscore name 'script_dir' instead\n"}
[0.535656] (offboard_test) StderrLine: {'line': b'  warnings.warn(\n'}
[0.539466] (offboard_test) StdoutLine: {'line': b'running egg_info\n'}
[0.539732] (offboard_test) StdoutLine: {'line': b'writing ../../build/offboard_test/offboard_test.egg-info/PKG-INFO\n'}
[0.539950] (offboard_test) StdoutLine: {'line': b'writing dependency_links to ../../build/offboard_test/offboard_test.egg-info/dependency_links.txt\n'}
[0.540318] (offboard_test) StdoutLine: {'line': b'writing entry points to ../../build/offboard_test/offboard_test.egg-info/entry_points.txt\n'}
[0.540379] (offboard_test) StdoutLine: {'line': b'writing requirements to ../../build/offboard_test/offboard_test.egg-info/requires.txt\n'}
[0.540411] (offboard_test) StdoutLine: {'line': b'writing top-level names to ../../build/offboard_test/offboard_test.egg-info/top_level.txt\n'}
[0.541907] (offboard_test) StdoutLine: {'line': b"reading manifest file '../../build/offboard_test/offboard_test.egg-info/SOURCES.txt'\n"}
[0.542441] (offboard_test) StdoutLine: {'line': b"writing manifest file '../../build/offboard_test/offboard_test.egg-info/SOURCES.txt'\n"}
[0.542575] (offboard_test) StdoutLine: {'line': b'running build\n'}
[0.542611] (offboard_test) StdoutLine: {'line': b'running build_py\n'}
[0.543714] (offboard_test) StdoutLine: {'line': b'copying offboard_test/offboard_cesium_origin_takeoff_land.py -> /home/parallels/drone_local/drone_ws/build/offboard_test/build/lib/offboard_test\n'}
[0.543765] (offboard_test) StdoutLine: {'line': b'copying offboard_test/odom_monitor.py -> /home/parallels/drone_local/drone_ws/build/offboard_test/build/lib/offboard_test\n'}
[0.543793] (offboard_test) StdoutLine: {'line': b'copying offboard_test/offboard_orbit_mission.py -> /home/parallels/drone_local/drone_ws/build/offboard_test/build/lib/offboard_test\n'}
[0.543955] (offboard_test) StdoutLine: {'line': b'running install\n'}
[0.544220] (offboard_test) StdoutLine: {'line': b'running install_lib\n'}
[0.544707] (offboard_test) StdoutLine: {'line': b'copying /home/parallels/drone_local/drone_ws/build/offboard_test/build/lib/offboard_test/offboard_cesium_origin_takeoff_land.py -> /home/parallels/drone_local/drone_ws/install/offboard_test/lib/python3.10/site-packages/offboard_test\n'}
[0.544870] (offboard_test) StdoutLine: {'line': b'copying /home/parallels/drone_local/drone_ws/build/offboard_test/build/lib/offboard_test/odom_monitor.py -> /home/parallels/drone_local/drone_ws/install/offboard_test/lib/python3.10/site-packages/offboard_test\n'}
[0.545003] (offboard_test) StdoutLine: {'line': b'copying /home/parallels/drone_local/drone_ws/build/offboard_test/build/lib/offboard_test/offboard_orbit_mission.py -> /home/parallels/drone_local/drone_ws/install/offboard_test/lib/python3.10/site-packages/offboard_test\n'}
[0.545386] (offboard_test) StdoutLine: {'line': b'byte-compiling /home/parallels/drone_local/drone_ws/install/offboard_test/lib/python3.10/site-packages/offboard_test/offboard_cesium_origin_takeoff_land.py to offboard_cesium_origin_takeoff_land.cpython-310.pyc\n'}
[0.546351] (offboard_test) StdoutLine: {'line': b'byte-compiling /home/parallels/drone_local/drone_ws/install/offboard_test/lib/python3.10/site-packages/offboard_test/odom_monitor.py to odom_monitor.cpython-310.pyc\n'}
[0.547291] (offboard_test) StdoutLine: {'line': b'byte-compiling /home/parallels/drone_local/drone_ws/install/offboard_test/lib/python3.10/site-packages/offboard_test/offboard_orbit_mission.py to offboard_orbit_mission.cpython-310.pyc\n'}
[0.547896] (offboard_test) StdoutLine: {'line': b'running install_data\n'}
[0.548416] (offboard_test) StdoutLine: {'line': b'copying launch/cesium_origin_takeoff_with_monitor.launch.py -> /home/parallels/drone_local/drone_ws/install/offboard_test/share/offboard_test/launch\n'}
[0.548487] (offboard_test) StdoutLine: {'line': b'running install_egg_info\n'}
[0.550296] (offboard_test) StdoutLine: {'line': b"removing '/home/parallels/drone_local/drone_ws/install/offboard_test/lib/python3.10/site-packages/offboard_test-0.0.0-py3.10.egg-info' (and everything under it)\n"}
[0.550923] (offboard_test) StdoutLine: {'line': b'Copying ../../build/offboard_test/offboard_test.egg-info to /home/parallels/drone_local/drone_ws/install/offboard_test/lib/python3.10/site-packages/offboard_test-0.0.0-py3.10.egg-info\n'}
[0.551766] (offboard_test) StdoutLine: {'line': b'running install_scripts\n'}
[0.563876] (offboard_test) StdoutLine: {'line': b'Installing obstacle_avoidance_mission script to /home/parallels/drone_local/drone_ws/install/offboard_test/lib/offboard_test\n'}
[0.564127] (offboard_test) StdoutLine: {'line': b'Installing obstacle_publisher script to /home/parallels/drone_local/drone_ws/install/offboard_test/lib/offboard_test\n'}
[0.564572] (offboard_test) StdoutLine: {'line': b'Installing odom_monitor script to /home/parallels/drone_local/drone_ws/install/offboard_test/lib/offboard_test\n'}
[0.564752] (offboard_test) StdoutLine: {'line': b'Installing offboard_cesium_origin_takeoff_land script to /home/parallels/drone_local/drone_ws/install/offboard_test/lib/offboard_test\n'}
[0.564893] (offboard_test) StdoutLine: {'line': b'Installing offboard_orbit_mission script to /home/parallels/drone_local/drone_ws/install/offboard_test/lib/offboard_test\n'}
[0.565016] (offboard_test) StdoutLine: {'line': b'Installing offboard_square_mission script to /home/parallels/drone_local/drone_ws/install/offboard_test/lib/offboard_test\n'}
[0.565067] (offboard_test) StdoutLine: {'line': b'Installing offboard_takeoff script to /home/parallels/drone_local/drone_ws/install/offboard_test/lib/offboard_test\n'}
[0.565591] (offboard_test) StdoutLine: {'line': b"writing list of installed files to '/home/parallels/drone_local/drone_ws/build/offboard_test/install.log'\n"}
[0.600633] (offboard_test) CommandEnded: {'returncode': 0}
[0.602109] (-) TimerEvent: {}
[0.608470] (offboard_test) JobEnded: {'identifier': 'offboard_test', 'rc': 0}
[0.609043] (-) EventReactorShutdown: {}
