[0.101s] DEBUG:colcon:Command line arguments: ['/usr/bin/colcon', 'build', '--symlink-install']
[0.101s] DEBUG:colcon:Parsed command line arguments: Namespace(log_base=None, log_level=None, verb_name='build', build_base='build', install_base='install', merge_install=False, symlink_install=True, test_result_base=None, continue_on_error=False, executor='parallel', parallel_workers=4, event_handlers=None, ignore_user_meta=False, metas=['./colcon.meta'], base_paths=['.'], packages_ignore=None, packages_ignore_regex=None, paths=None, packages_up_to=None, packages_up_to_regex=None, packages_above=None, packages_above_and_dependencies=None, packages_above_depth=None, packages_select_by_dep=None, packages_skip_by_dep=None, packages_skip_up_to=None, packages_select_build_failed=False, packages_skip_build_finished=False, packages_select_test_failures=False, packages_skip_test_passed=False, packages_select=None, packages_skip=None, packages_select_regex=None, packages_skip_regex=None, packages_start=None, packages_end=None, allow_overriding=[], cmake_args=None, cmake_target=None, cmake_target_skip_unavailable=False, cmake_clean_cache=False, cmake_clean_first=False, cmake_force_configure=False, ament_cmake_args=None, catkin_cmake_args=None, catkin_skip_building_tests=False, verb_parser=<colcon_defaults.argument_parser.defaults.DefaultArgumentsDecorator object at 0xffffa9db3a00>, verb_extension=<colcon_core.verb.build.BuildVerb object at 0xffffa9ef4ee0>, main=<bound method BuildVerb.main of <colcon_core.verb.build.BuildVerb object at 0xffffa9ef4ee0>>)
[0.213s] Level 1:colcon.colcon_core.package_discovery:discover_packages(colcon_meta) check parameters
[0.213s] Level 1:colcon.colcon_core.package_discovery:discover_packages(recursive) check parameters
[0.214s] Level 1:colcon.colcon_core.package_discovery:discover_packages(ignore) check parameters
[0.214s] Level 1:colcon.colcon_core.package_discovery:discover_packages(path) check parameters
[0.214s] Level 1:colcon.colcon_core.package_discovery:discover_packages(colcon_meta) discover
[0.214s] Level 1:colcon.colcon_core.package_discovery:discover_packages(recursive) discover
[0.214s] INFO:colcon.colcon_core.package_discovery:Crawling recursively for packages in '/home/parallels/drone_local/drone_ws'
[0.214s] Level 1:colcon.colcon_core.package_identification:_identify(.) by extensions ['ignore', 'ignore_ament_install']
[0.214s] Level 1:colcon.colcon_core.package_identification:_identify(.) by extension 'ignore'
[0.214s] Level 1:colcon.colcon_core.package_identification:_identify(.) by extension 'ignore_ament_install'
[0.214s] Level 1:colcon.colcon_core.package_identification:_identify(.) by extensions ['colcon_pkg']
[0.214s] Level 1:colcon.colcon_core.package_identification:_identify(.) by extension 'colcon_pkg'
[0.214s] Level 1:colcon.colcon_core.package_identification:_identify(.) by extensions ['colcon_meta']
[0.214s] Level 1:colcon.colcon_core.package_identification:_identify(.) by extension 'colcon_meta'
[0.214s] Level 1:colcon.colcon_core.package_identification:_identify(.) by extensions ['ros']
[0.214s] Level 1:colcon.colcon_core.package_identification:_identify(.) by extension 'ros'
[0.225s] Level 1:colcon.colcon_core.package_identification:_identify(.) by extensions ['cmake', 'python']
[0.225s] Level 1:colcon.colcon_core.package_identification:_identify(.) by extension 'cmake'
[0.225s] Level 1:colcon.colcon_core.package_identification:_identify(.) by extension 'python'
[0.225s] Level 1:colcon.colcon_core.package_identification:_identify(.) by extensions ['python_setup_py']
[0.225s] Level 1:colcon.colcon_core.package_identification:_identify(.) by extension 'python_setup_py'
[0.225s] Level 1:colcon.colcon_core.package_identification:_identify(build) by extensions ['ignore', 'ignore_ament_install']
[0.225s] Level 1:colcon.colcon_core.package_identification:_identify(build) by extension 'ignore'
[0.225s] Level 1:colcon.colcon_core.package_identification:_identify(build) ignored
[0.225s] Level 1:colcon.colcon_core.package_identification:_identify(install) by extensions ['ignore', 'ignore_ament_install']
[0.225s] Level 1:colcon.colcon_core.package_identification:_identify(install) by extension 'ignore'
[0.225s] Level 1:colcon.colcon_core.package_identification:_identify(install) ignored
[0.225s] Level 1:colcon.colcon_core.package_identification:_identify(log) by extensions ['ignore', 'ignore_ament_install']
[0.225s] Level 1:colcon.colcon_core.package_identification:_identify(log) by extension 'ignore'
[0.225s] Level 1:colcon.colcon_core.package_identification:_identify(log) ignored
[0.225s] Level 1:colcon.colcon_core.package_identification:_identify(src) by extensions ['ignore', 'ignore_ament_install']
[0.225s] Level 1:colcon.colcon_core.package_identification:_identify(src) by extension 'ignore'
[0.225s] Level 1:colcon.colcon_core.package_identification:_identify(src) by extension 'ignore_ament_install'
[0.226s] Level 1:colcon.colcon_core.package_identification:_identify(src) by extensions ['colcon_pkg']
[0.226s] Level 1:colcon.colcon_core.package_identification:_identify(src) by extension 'colcon_pkg'
[0.226s] Level 1:colcon.colcon_core.package_identification:_identify(src) by extensions ['colcon_meta']
[0.226s] Level 1:colcon.colcon_core.package_identification:_identify(src) by extension 'colcon_meta'
[0.226s] Level 1:colcon.colcon_core.package_identification:_identify(src) by extensions ['ros']
[0.226s] Level 1:colcon.colcon_core.package_identification:_identify(src) by extension 'ros'
[0.226s] Level 1:colcon.colcon_core.package_identification:_identify(src) by extensions ['cmake', 'python']
[0.226s] Level 1:colcon.colcon_core.package_identification:_identify(src) by extension 'cmake'
[0.226s] Level 1:colcon.colcon_core.package_identification:_identify(src) by extension 'python'
[0.226s] Level 1:colcon.colcon_core.package_identification:_identify(src) by extensions ['python_setup_py']
[0.226s] Level 1:colcon.colcon_core.package_identification:_identify(src) by extension 'python_setup_py'
[0.226s] Level 1:colcon.colcon_core.package_identification:_identify(src/ROS-TCP-Endpoint) by extensions ['ignore', 'ignore_ament_install']
[0.226s] Level 1:colcon.colcon_core.package_identification:_identify(src/ROS-TCP-Endpoint) by extension 'ignore'
[0.226s] Level 1:colcon.colcon_core.package_identification:_identify(src/ROS-TCP-Endpoint) by extension 'ignore_ament_install'
[0.226s] Level 1:colcon.colcon_core.package_identification:_identify(src/ROS-TCP-Endpoint) by extensions ['colcon_pkg']
[0.226s] Level 1:colcon.colcon_core.package_identification:_identify(src/ROS-TCP-Endpoint) by extension 'colcon_pkg'
[0.226s] Level 1:colcon.colcon_core.package_identification:_identify(src/ROS-TCP-Endpoint) by extensions ['colcon_meta']
[0.226s] Level 1:colcon.colcon_core.package_identification:_identify(src/ROS-TCP-Endpoint) by extension 'colcon_meta'
[0.226s] Level 1:colcon.colcon_core.package_identification:_identify(src/ROS-TCP-Endpoint) by extensions ['ros']
[0.226s] Level 1:colcon.colcon_core.package_identification:_identify(src/ROS-TCP-Endpoint) by extension 'ros'
[0.228s] DEBUG:colcon.colcon_core.package_identification:Package 'src/ROS-TCP-Endpoint' with type 'ros.ament_python' and name 'ros_tcp_endpoint'
[0.228s] Level 1:colcon.colcon_core.package_identification:_identify(src/drone_autonomy) by extensions ['ignore', 'ignore_ament_install']
[0.228s] Level 1:colcon.colcon_core.package_identification:_identify(src/drone_autonomy) by extension 'ignore'
[0.228s] Level 1:colcon.colcon_core.package_identification:_identify(src/drone_autonomy) by extension 'ignore_ament_install'
[0.228s] Level 1:colcon.colcon_core.package_identification:_identify(src/drone_autonomy) by extensions ['colcon_pkg']
[0.228s] Level 1:colcon.colcon_core.package_identification:_identify(src/drone_autonomy) by extension 'colcon_pkg'
[0.228s] Level 1:colcon.colcon_core.package_identification:_identify(src/drone_autonomy) by extensions ['colcon_meta']
[0.228s] Level 1:colcon.colcon_core.package_identification:_identify(src/drone_autonomy) by extension 'colcon_meta'
[0.228s] Level 1:colcon.colcon_core.package_identification:_identify(src/drone_autonomy) by extensions ['ros']
[0.228s] Level 1:colcon.colcon_core.package_identification:_identify(src/drone_autonomy) by extension 'ros'
[0.229s] DEBUG:colcon.colcon_core.package_identification:Package 'src/drone_autonomy' with type 'ros.ament_python' and name 'drone_autonomy'
[0.229s] Level 1:colcon.colcon_core.package_identification:_identify(src/offboard_avoidance_unity) by extensions ['ignore', 'ignore_ament_install']
[0.229s] Level 1:colcon.colcon_core.package_identification:_identify(src/offboard_avoidance_unity) by extension 'ignore'
[0.229s] Level 1:colcon.colcon_core.package_identification:_identify(src/offboard_avoidance_unity) by extension 'ignore_ament_install'
[0.229s] Level 1:colcon.colcon_core.package_identification:_identify(src/offboard_avoidance_unity) by extensions ['colcon_pkg']
[0.229s] Level 1:colcon.colcon_core.package_identification:_identify(src/offboard_avoidance_unity) by extension 'colcon_pkg'
[0.229s] Level 1:colcon.colcon_core.package_identification:_identify(src/offboard_avoidance_unity) by extensions ['colcon_meta']
[0.229s] Level 1:colcon.colcon_core.package_identification:_identify(src/offboard_avoidance_unity) by extension 'colcon_meta'
[0.229s] Level 1:colcon.colcon_core.package_identification:_identify(src/offboard_avoidance_unity) by extensions ['ros']
[0.229s] Level 1:colcon.colcon_core.package_identification:_identify(src/offboard_avoidance_unity) by extension 'ros'
[0.230s] DEBUG:colcon.colcon_core.package_identification:Package 'src/offboard_avoidance_unity' with type 'ros.ament_python' and name 'offboard_avoidance_unity'
[0.230s] Level 1:colcon.colcon_core.package_identification:_identify(src/offboard_test) by extensions ['ignore', 'ignore_ament_install']
[0.230s] Level 1:colcon.colcon_core.package_identification:_identify(src/offboard_test) by extension 'ignore'
[0.230s] Level 1:colcon.colcon_core.package_identification:_identify(src/offboard_test) by extension 'ignore_ament_install'
[0.230s] Level 1:colcon.colcon_core.package_identification:_identify(src/offboard_test) by extensions ['colcon_pkg']
[0.230s] Level 1:colcon.colcon_core.package_identification:_identify(src/offboard_test) by extension 'colcon_pkg'
[0.230s] Level 1:colcon.colcon_core.package_identification:_identify(src/offboard_test) by extensions ['colcon_meta']
[0.230s] Level 1:colcon.colcon_core.package_identification:_identify(src/offboard_test) by extension 'colcon_meta'
[0.230s] Level 1:colcon.colcon_core.package_identification:_identify(src/offboard_test) by extensions ['ros']
[0.230s] Level 1:colcon.colcon_core.package_identification:_identify(src/offboard_test) by extension 'ros'
[0.231s] DEBUG:colcon.colcon_core.package_identification:Package 'src/offboard_test' with type 'ros.ament_python' and name 'offboard_test'
[0.231s] Level 1:colcon.colcon_core.package_identification:_identify(src/px4_msgs) by extensions ['ignore', 'ignore_ament_install']
[0.231s] Level 1:colcon.colcon_core.package_identification:_identify(src/px4_msgs) by extension 'ignore'
[0.231s] Level 1:colcon.colcon_core.package_identification:_identify(src/px4_msgs) by extension 'ignore_ament_install'
[0.231s] Level 1:colcon.colcon_core.package_identification:_identify(src/px4_msgs) by extensions ['colcon_pkg']
[0.231s] Level 1:colcon.colcon_core.package_identification:_identify(src/px4_msgs) by extension 'colcon_pkg'
[0.231s] Level 1:colcon.colcon_core.package_identification:_identify(src/px4_msgs) by extensions ['colcon_meta']
[0.231s] Level 1:colcon.colcon_core.package_identification:_identify(src/px4_msgs) by extension 'colcon_meta'
[0.231s] Level 1:colcon.colcon_core.package_identification:_identify(src/px4_msgs) by extensions ['ros']
[0.231s] Level 1:colcon.colcon_core.package_identification:_identify(src/px4_msgs) by extension 'ros'
[0.232s] DEBUG:colcon.colcon_core.package_identification:Package 'src/px4_msgs' with type 'ros.ament_cmake' and name 'px4_msgs'
[0.232s] Level 1:colcon.colcon_core.package_identification:_identify(src/px4_ros_com) by extensions ['ignore', 'ignore_ament_install']
[0.232s] Level 1:colcon.colcon_core.package_identification:_identify(src/px4_ros_com) by extension 'ignore'
[0.232s] Level 1:colcon.colcon_core.package_identification:_identify(src/px4_ros_com) by extension 'ignore_ament_install'
[0.232s] Level 1:colcon.colcon_core.package_identification:_identify(src/px4_ros_com) by extensions ['colcon_pkg']
[0.232s] Level 1:colcon.colcon_core.package_identification:_identify(src/px4_ros_com) by extension 'colcon_pkg'
[0.232s] Level 1:colcon.colcon_core.package_identification:_identify(src/px4_ros_com) by extensions ['colcon_meta']
[0.232s] Level 1:colcon.colcon_core.package_identification:_identify(src/px4_ros_com) by extension 'colcon_meta'
[0.232s] Level 1:colcon.colcon_core.package_identification:_identify(src/px4_ros_com) by extensions ['ros']
[0.232s] Level 1:colcon.colcon_core.package_identification:_identify(src/px4_ros_com) by extension 'ros'
[0.233s] DEBUG:colcon.colcon_core.package_identification:Package 'src/px4_ros_com' with type 'ros.ament_cmake' and name 'px4_ros_com'
[0.233s] Level 1:colcon.colcon_core.package_identification:_identify(src/tracking) by extensions ['ignore', 'ignore_ament_install']
[0.233s] Level 1:colcon.colcon_core.package_identification:_identify(src/tracking) by extension 'ignore'
[0.233s] Level 1:colcon.colcon_core.package_identification:_identify(src/tracking) by extension 'ignore_ament_install'
[0.233s] Level 1:colcon.colcon_core.package_identification:_identify(src/tracking) by extensions ['colcon_pkg']
[0.233s] Level 1:colcon.colcon_core.package_identification:_identify(src/tracking) by extension 'colcon_pkg'
[0.233s] Level 1:colcon.colcon_core.package_identification:_identify(src/tracking) by extensions ['colcon_meta']
[0.233s] Level 1:colcon.colcon_core.package_identification:_identify(src/tracking) by extension 'colcon_meta'
[0.233s] Level 1:colcon.colcon_core.package_identification:_identify(src/tracking) by extensions ['ros']
[0.233s] Level 1:colcon.colcon_core.package_identification:_identify(src/tracking) by extension 'ros'
[0.233s] DEBUG:colcon.colcon_core.package_identification:Package 'src/tracking' with type 'ros.ament_python' and name 'tracking'
[0.233s] Level 1:colcon.colcon_core.package_discovery:discover_packages(recursive) using defaults
[0.233s] Level 1:colcon.colcon_core.package_discovery:discover_packages(ignore) discover
[0.233s] Level 1:colcon.colcon_core.package_discovery:discover_packages(ignore) using defaults
[0.233s] Level 1:colcon.colcon_core.package_discovery:discover_packages(path) discover
[0.233s] Level 1:colcon.colcon_core.package_discovery:discover_packages(path) using defaults
[0.258s] Level 1:colcon.colcon_core.package_discovery:discover_packages(prefix_path) check parameters
[0.258s] Level 1:colcon.colcon_core.package_discovery:discover_packages(prefix_path) discover
[0.260s] DEBUG:colcon.colcon_installed_package_information.package_discovery:Found 276 installed packages in /opt/ros/humble
[0.261s] Level 1:colcon.colcon_core.package_discovery:discover_packages(prefix_path) using defaults
[0.285s] Level 5:colcon.colcon_core.verb:set package 'px4_msgs' build argument 'cmake_args' from command line to 'None'
[0.285s] Level 5:colcon.colcon_core.verb:set package 'px4_msgs' build argument 'cmake_target' from command line to 'None'
[0.285s] Level 5:colcon.colcon_core.verb:set package 'px4_msgs' build argument 'cmake_target_skip_unavailable' from command line to 'False'
[0.285s] Level 5:colcon.colcon_core.verb:set package 'px4_msgs' build argument 'cmake_clean_cache' from command line to 'False'
[0.285s] Level 5:colcon.colcon_core.verb:set package 'px4_msgs' build argument 'cmake_clean_first' from command line to 'False'
[0.285s] Level 5:colcon.colcon_core.verb:set package 'px4_msgs' build argument 'cmake_force_configure' from command line to 'False'
[0.285s] Level 5:colcon.colcon_core.verb:set package 'px4_msgs' build argument 'ament_cmake_args' from command line to 'None'
[0.285s] Level 5:colcon.colcon_core.verb:set package 'px4_msgs' build argument 'catkin_cmake_args' from command line to 'None'
[0.285s] Level 5:colcon.colcon_core.verb:set package 'px4_msgs' build argument 'catkin_skip_building_tests' from command line to 'False'
[0.285s] DEBUG:colcon.colcon_core.verb:Building package 'px4_msgs' with the following arguments: {'ament_cmake_args': None, 'build_base': '/home/parallels/drone_local/drone_ws/build/px4_msgs', 'catkin_cmake_args': None, 'catkin_skip_building_tests': False, 'cmake_args': None, 'cmake_clean_cache': False, 'cmake_clean_first': False, 'cmake_force_configure': False, 'cmake_target': None, 'cmake_target_skip_unavailable': False, 'install_base': '/home/parallels/drone_local/drone_ws/install/px4_msgs', 'merge_install': False, 'path': '/home/parallels/drone_local/drone_ws/src/px4_msgs', 'symlink_install': True, 'test_result_base': None}
[0.285s] Level 5:colcon.colcon_core.verb:set package 'ros_tcp_endpoint' build argument 'cmake_args' from command line to 'None'
[0.285s] Level 5:colcon.colcon_core.verb:set package 'ros_tcp_endpoint' build argument 'cmake_target' from command line to 'None'
[0.285s] Level 5:colcon.colcon_core.verb:set package 'ros_tcp_endpoint' build argument 'cmake_target_skip_unavailable' from command line to 'False'
[0.285s] Level 5:colcon.colcon_core.verb:set package 'ros_tcp_endpoint' build argument 'cmake_clean_cache' from command line to 'False'
[0.285s] Level 5:colcon.colcon_core.verb:set package 'ros_tcp_endpoint' build argument 'cmake_clean_first' from command line to 'False'
[0.285s] Level 5:colcon.colcon_core.verb:set package 'ros_tcp_endpoint' build argument 'cmake_force_configure' from command line to 'False'
[0.285s] Level 5:colcon.colcon_core.verb:set package 'ros_tcp_endpoint' build argument 'ament_cmake_args' from command line to 'None'
[0.285s] Level 5:colcon.colcon_core.verb:set package 'ros_tcp_endpoint' build argument 'catkin_cmake_args' from command line to 'None'
[0.285s] Level 5:colcon.colcon_core.verb:set package 'ros_tcp_endpoint' build argument 'catkin_skip_building_tests' from command line to 'False'
[0.285s] DEBUG:colcon.colcon_core.verb:Building package 'ros_tcp_endpoint' with the following arguments: {'ament_cmake_args': None, 'build_base': '/home/parallels/drone_local/drone_ws/build/ros_tcp_endpoint', 'catkin_cmake_args': None, 'catkin_skip_building_tests': False, 'cmake_args': None, 'cmake_clean_cache': False, 'cmake_clean_first': False, 'cmake_force_configure': False, 'cmake_target': None, 'cmake_target_skip_unavailable': False, 'install_base': '/home/parallels/drone_local/drone_ws/install/ros_tcp_endpoint', 'merge_install': False, 'path': '/home/parallels/drone_local/drone_ws/src/ROS-TCP-Endpoint', 'symlink_install': True, 'test_result_base': None}
[0.285s] Level 5:colcon.colcon_core.verb:set package 'tracking' build argument 'cmake_args' from command line to 'None'
[0.286s] Level 5:colcon.colcon_core.verb:set package 'tracking' build argument 'cmake_target' from command line to 'None'
[0.286s] Level 5:colcon.colcon_core.verb:set package 'tracking' build argument 'cmake_target_skip_unavailable' from command line to 'False'
[0.286s] Level 5:colcon.colcon_core.verb:set package 'tracking' build argument 'cmake_clean_cache' from command line to 'False'
[0.286s] Level 5:colcon.colcon_core.verb:set package 'tracking' build argument 'cmake_clean_first' from command line to 'False'
[0.286s] Level 5:colcon.colcon_core.verb:set package 'tracking' build argument 'cmake_force_configure' from command line to 'False'
[0.286s] Level 5:colcon.colcon_core.verb:set package 'tracking' build argument 'ament_cmake_args' from command line to 'None'
[0.286s] Level 5:colcon.colcon_core.verb:set package 'tracking' build argument 'catkin_cmake_args' from command line to 'None'
[0.286s] Level 5:colcon.colcon_core.verb:set package 'tracking' build argument 'catkin_skip_building_tests' from command line to 'False'
[0.286s] DEBUG:colcon.colcon_core.verb:Building package 'tracking' with the following arguments: {'ament_cmake_args': None, 'build_base': '/home/parallels/drone_local/drone_ws/build/tracking', 'catkin_cmake_args': None, 'catkin_skip_building_tests': False, 'cmake_args': None, 'cmake_clean_cache': False, 'cmake_clean_first': False, 'cmake_force_configure': False, 'cmake_target': None, 'cmake_target_skip_unavailable': False, 'install_base': '/home/parallels/drone_local/drone_ws/install/tracking', 'merge_install': False, 'path': '/home/parallels/drone_local/drone_ws/src/tracking', 'symlink_install': True, 'test_result_base': None}
[0.286s] Level 5:colcon.colcon_core.verb:set package 'drone_autonomy' build argument 'cmake_args' from command line to 'None'
[0.286s] Level 5:colcon.colcon_core.verb:set package 'drone_autonomy' build argument 'cmake_target' from command line to 'None'
[0.286s] Level 5:colcon.colcon_core.verb:set package 'drone_autonomy' build argument 'cmake_target_skip_unavailable' from command line to 'False'
[0.286s] Level 5:colcon.colcon_core.verb:set package 'drone_autonomy' build argument 'cmake_clean_cache' from command line to 'False'
[0.286s] Level 5:colcon.colcon_core.verb:set package 'drone_autonomy' build argument 'cmake_clean_first' from command line to 'False'
[0.286s] Level 5:colcon.colcon_core.verb:set package 'drone_autonomy' build argument 'cmake_force_configure' from command line to 'False'
[0.286s] Level 5:colcon.colcon_core.verb:set package 'drone_autonomy' build argument 'ament_cmake_args' from command line to 'None'
[0.286s] Level 5:colcon.colcon_core.verb:set package 'drone_autonomy' build argument 'catkin_cmake_args' from command line to 'None'
[0.286s] Level 5:colcon.colcon_core.verb:set package 'drone_autonomy' build argument 'catkin_skip_building_tests' from command line to 'False'
[0.286s] DEBUG:colcon.colcon_core.verb:Building package 'drone_autonomy' with the following arguments: {'ament_cmake_args': None, 'build_base': '/home/parallels/drone_local/drone_ws/build/drone_autonomy', 'catkin_cmake_args': None, 'catkin_skip_building_tests': False, 'cmake_args': None, 'cmake_clean_cache': False, 'cmake_clean_first': False, 'cmake_force_configure': False, 'cmake_target': None, 'cmake_target_skip_unavailable': False, 'install_base': '/home/parallels/drone_local/drone_ws/install/drone_autonomy', 'merge_install': False, 'path': '/home/parallels/drone_local/drone_ws/src/drone_autonomy', 'symlink_install': True, 'test_result_base': None}
[0.286s] Level 5:colcon.colcon_core.verb:set package 'offboard_avoidance_unity' build argument 'cmake_args' from command line to 'None'
[0.286s] Level 5:colcon.colcon_core.verb:set package 'offboard_avoidance_unity' build argument 'cmake_target' from command line to 'None'
[0.286s] Level 5:colcon.colcon_core.verb:set package 'offboard_avoidance_unity' build argument 'cmake_target_skip_unavailable' from command line to 'False'
[0.286s] Level 5:colcon.colcon_core.verb:set package 'offboard_avoidance_unity' build argument 'cmake_clean_cache' from command line to 'False'
[0.286s] Level 5:colcon.colcon_core.verb:set package 'offboard_avoidance_unity' build argument 'cmake_clean_first' from command line to 'False'
[0.286s] Level 5:colcon.colcon_core.verb:set package 'offboard_avoidance_unity' build argument 'cmake_force_configure' from command line to 'False'
[0.286s] Level 5:colcon.colcon_core.verb:set package 'offboard_avoidance_unity' build argument 'ament_cmake_args' from command line to 'None'
[0.286s] Level 5:colcon.colcon_core.verb:set package 'offboard_avoidance_unity' build argument 'catkin_cmake_args' from command line to 'None'
[0.286s] Level 5:colcon.colcon_core.verb:set package 'offboard_avoidance_unity' build argument 'catkin_skip_building_tests' from command line to 'False'
[0.286s] DEBUG:colcon.colcon_core.verb:Building package 'offboard_avoidance_unity' with the following arguments: {'ament_cmake_args': None, 'build_base': '/home/parallels/drone_local/drone_ws/build/offboard_avoidance_unity', 'catkin_cmake_args': None, 'catkin_skip_building_tests': False, 'cmake_args': None, 'cmake_clean_cache': False, 'cmake_clean_first': False, 'cmake_force_configure': False, 'cmake_target': None, 'cmake_target_skip_unavailable': False, 'install_base': '/home/parallels/drone_local/drone_ws/install/offboard_avoidance_unity', 'merge_install': False, 'path': '/home/parallels/drone_local/drone_ws/src/offboard_avoidance_unity', 'symlink_install': True, 'test_result_base': None}
[0.286s] Level 5:colcon.colcon_core.verb:set package 'offboard_test' build argument 'cmake_args' from command line to 'None'
[0.286s] Level 5:colcon.colcon_core.verb:set package 'offboard_test' build argument 'cmake_target' from command line to 'None'
[0.286s] Level 5:colcon.colcon_core.verb:set package 'offboard_test' build argument 'cmake_target_skip_unavailable' from command line to 'False'
[0.286s] Level 5:colcon.colcon_core.verb:set package 'offboard_test' build argument 'cmake_clean_cache' from command line to 'False'
[0.286s] Level 5:colcon.colcon_core.verb:set package 'offboard_test' build argument 'cmake_clean_first' from command line to 'False'
[0.286s] Level 5:colcon.colcon_core.verb:set package 'offboard_test' build argument 'cmake_force_configure' from command line to 'False'
[0.286s] Level 5:colcon.colcon_core.verb:set package 'offboard_test' build argument 'ament_cmake_args' from command line to 'None'
[0.286s] Level 5:colcon.colcon_core.verb:set package 'offboard_test' build argument 'catkin_cmake_args' from command line to 'None'
[0.286s] Level 5:colcon.colcon_core.verb:set package 'offboard_test' build argument 'catkin_skip_building_tests' from command line to 'False'
[0.286s] DEBUG:colcon.colcon_core.verb:Building package 'offboard_test' with the following arguments: {'ament_cmake_args': None, 'build_base': '/home/parallels/drone_local/drone_ws/build/offboard_test', 'catkin_cmake_args': None, 'catkin_skip_building_tests': False, 'cmake_args': None, 'cmake_clean_cache': False, 'cmake_clean_first': False, 'cmake_force_configure': False, 'cmake_target': None, 'cmake_target_skip_unavailable': False, 'install_base': '/home/parallels/drone_local/drone_ws/install/offboard_test', 'merge_install': False, 'path': '/home/parallels/drone_local/drone_ws/src/offboard_test', 'symlink_install': True, 'test_result_base': None}
[0.286s] Level 5:colcon.colcon_core.verb:set package 'px4_ros_com' build argument 'cmake_args' from command line to 'None'
[0.287s] Level 5:colcon.colcon_core.verb:set package 'px4_ros_com' build argument 'cmake_target' from command line to 'None'
[0.287s] Level 5:colcon.colcon_core.verb:set package 'px4_ros_com' build argument 'cmake_target_skip_unavailable' from command line to 'False'
[0.287s] Level 5:colcon.colcon_core.verb:set package 'px4_ros_com' build argument 'cmake_clean_cache' from command line to 'False'
[0.287s] Level 5:colcon.colcon_core.verb:set package 'px4_ros_com' build argument 'cmake_clean_first' from command line to 'False'
[0.287s] Level 5:colcon.colcon_core.verb:set package 'px4_ros_com' build argument 'cmake_force_configure' from command line to 'False'
[0.287s] Level 5:colcon.colcon_core.verb:set package 'px4_ros_com' build argument 'ament_cmake_args' from command line to 'None'
[0.287s] Level 5:colcon.colcon_core.verb:set package 'px4_ros_com' build argument 'catkin_cmake_args' from command line to 'None'
[0.287s] Level 5:colcon.colcon_core.verb:set package 'px4_ros_com' build argument 'catkin_skip_building_tests' from command line to 'False'
[0.287s] DEBUG:colcon.colcon_core.verb:Building package 'px4_ros_com' with the following arguments: {'ament_cmake_args': None, 'build_base': '/home/parallels/drone_local/drone_ws/build/px4_ros_com', 'catkin_cmake_args': None, 'catkin_skip_building_tests': False, 'cmake_args': None, 'cmake_clean_cache': False, 'cmake_clean_first': False, 'cmake_force_configure': False, 'cmake_target': None, 'cmake_target_skip_unavailable': False, 'install_base': '/home/parallels/drone_local/drone_ws/install/px4_ros_com', 'merge_install': False, 'path': '/home/parallels/drone_local/drone_ws/src/px4_ros_com', 'symlink_install': True, 'test_result_base': None}
[0.287s] INFO:colcon.colcon_core.executor:Executing jobs using 'parallel' executor
[0.287s] DEBUG:colcon.colcon_parallel_executor.executor.parallel:run_until_complete
[0.288s] INFO:colcon.colcon_ros.task.ament_cmake.build:Building ROS package in '/home/parallels/drone_local/drone_ws/src/px4_msgs' with build type 'ament_cmake'
[0.288s] INFO:colcon.colcon_cmake.task.cmake.build:Building CMake package in '/home/parallels/drone_local/drone_ws/src/px4_msgs'
[0.289s] INFO:colcon.colcon_core.plugin_system:Skipping extension 'colcon_core.shell.bat': Not used on non-Windows systems
[0.290s] INFO:colcon.colcon_core.shell:Skip shell extension 'powershell' for command environment: Not usable outside of PowerShell
[0.290s] DEBUG:colcon.colcon_core.shell:Skip shell extension 'dsv' for command environment
[0.292s] INFO:colcon.colcon_ros.task.ament_python.build:Building ROS package in '/home/parallels/drone_local/drone_ws/src/ROS-TCP-Endpoint' with build type 'ament_python'
[0.292s] Level 1:colcon.colcon_core.shell:create_environment_hook('ros_tcp_endpoint', 'ament_prefix_path')
[0.292s] INFO:colcon.colcon_core.shell:Creating environment hook '/home/parallels/drone_local/drone_ws/install/ros_tcp_endpoint/share/ros_tcp_endpoint/hook/ament_prefix_path.ps1'
[0.293s] INFO:colcon.colcon_core.shell:Creating environment descriptor '/home/parallels/drone_local/drone_ws/install/ros_tcp_endpoint/share/ros_tcp_endpoint/hook/ament_prefix_path.dsv'
[0.293s] INFO:colcon.colcon_core.shell:Creating environment hook '/home/parallels/drone_local/drone_ws/install/ros_tcp_endpoint/share/ros_tcp_endpoint/hook/ament_prefix_path.sh'
[0.293s] INFO:colcon.colcon_core.shell:Skip shell extension 'powershell' for command environment: Not usable outside of PowerShell
[0.294s] DEBUG:colcon.colcon_core.shell:Skip shell extension 'dsv' for command environment
[0.295s] INFO:colcon.colcon_ros.task.ament_python.build:Building ROS package in '/home/parallels/drone_local/drone_ws/src/tracking' with build type 'ament_python'
[0.295s] Level 1:colcon.colcon_core.shell:create_environment_hook('tracking', 'ament_prefix_path')
[0.296s] INFO:colcon.colcon_core.shell:Creating environment hook '/home/parallels/drone_local/drone_ws/install/tracking/share/tracking/hook/ament_prefix_path.ps1'
[0.296s] INFO:colcon.colcon_core.shell:Creating environment descriptor '/home/parallels/drone_local/drone_ws/install/tracking/share/tracking/hook/ament_prefix_path.dsv'
[0.296s] INFO:colcon.colcon_core.shell:Creating environment hook '/home/parallels/drone_local/drone_ws/install/tracking/share/tracking/hook/ament_prefix_path.sh'
[0.296s] INFO:colcon.colcon_core.shell:Skip shell extension 'powershell' for command environment: Not usable outside of PowerShell
[0.296s] DEBUG:colcon.colcon_core.shell:Skip shell extension 'dsv' for command environment
[0.302s] DEBUG:colcon.colcon_core.event_handler.log_command:Invoking command in '/home/parallels/drone_local/drone_ws/build/px4_msgs': CMAKE_PREFIX_PATH=/opt/ros/humble /usr/bin/cmake /home/parallels/drone_local/drone_ws/src/px4_msgs -DAMENT_CMAKE_SYMLINK_INSTALL=1 -DCMAKE_INSTALL_PREFIX=/home/parallels/drone_local/drone_ws/install/px4_msgs
[0.541s] INFO:colcon.colcon_core.task.python.build:Building Python package in '/home/parallels/drone_local/drone_ws/src/ROS-TCP-Endpoint'
[0.541s] INFO:colcon.colcon_core.shell:Skip shell extension 'powershell' for command environment: Not usable outside of PowerShell
[0.541s] DEBUG:colcon.colcon_core.shell:Skip shell extension 'dsv' for command environment
[0.683s] INFO:colcon.colcon_core.task.python.build:Building Python package in '/home/parallels/drone_local/drone_ws/src/tracking'
[0.683s] INFO:colcon.colcon_core.shell:Skip shell extension 'powershell' for command environment: Not usable outside of PowerShell
[0.683s] DEBUG:colcon.colcon_core.shell:Skip shell extension 'dsv' for command environment
[1.043s] DEBUG:colcon.colcon_core.task.python.build:While undoing a previous installation files outside the Python library path are being ignored: /home/parallels/drone_local/drone_ws/install/tracking/share/ament_index/resource_index/packages/tracking
[1.043s] DEBUG:colcon.colcon_core.task.python.build:While undoing a previous installation files outside the Python library path are being ignored: /home/parallels/drone_local/drone_ws/install/tracking/share/tracking/package.xml
[1.043s] DEBUG:colcon.colcon_core.task.python.build:While undoing a previous installation files outside the Python library path are being ignored: /home/parallels/drone_local/drone_ws/install/tracking/lib/tracking/tracker
[1.053s] DEBUG:colcon.colcon_core.event_handler.log_command:Invoking command in '/home/parallels/drone_local/drone_ws/build/tracking': PYTHONPATH=/home/parallels/drone_local/drone_ws/build/tracking/prefix_override:/usr/lib/python3/dist-packages/colcon_core/task/python/colcon_distutils_commands:/home/parallels/drone_local/drone_ws/install/tracking/lib/python3.10/site-packages:${PYTHONPATH} /usr/bin/python3 -W ignore:setup.py install is deprecated -W ignore:easy_install command is deprecated setup.py develop --editable --build-directory /home/parallels/drone_local/drone_ws/build/tracking/build --no-deps symlink_data --force
[1.066s] DEBUG:colcon.colcon_core.task.python.build:While undoing a previous installation files outside the Python library path are being ignored: /home/parallels/drone_local/drone_ws/install/ros_tcp_endpoint/share/ament_index/resource_index/packages/ros_tcp_endpoint
[1.066s] DEBUG:colcon.colcon_core.task.python.build:While undoing a previous installation files outside the Python library path are being ignored: /home/parallels/drone_local/drone_ws/install/ros_tcp_endpoint/share/ros_tcp_endpoint/package.xml
[1.066s] DEBUG:colcon.colcon_core.task.python.build:While undoing a previous installation files outside the Python library path are being ignored: /home/parallels/drone_local/drone_ws/install/ros_tcp_endpoint/share/ros_tcp_endpoint/launch/endpoint.py
[1.066s] DEBUG:colcon.colcon_core.task.python.build:While undoing a previous installation files outside the Python library path are being ignored: /home/parallels/drone_local/drone_ws/install/ros_tcp_endpoint/lib/ros_tcp_endpoint/default_server_endpoint
[1.072s] DEBUG:colcon.colcon_core.event_handler.log_command:Invoking command in '/home/parallels/drone_local/drone_ws/build/ros_tcp_endpoint': PYTHONPATH=/home/parallels/drone_local/drone_ws/build/ros_tcp_endpoint/prefix_override:/usr/lib/python3/dist-packages/colcon_core/task/python/colcon_distutils_commands:/home/parallels/drone_local/drone_ws/install/ros_tcp_endpoint/lib/python3.10/site-packages:${PYTHONPATH} /usr/bin/python3 -W ignore:setup.py install is deprecated -W ignore:easy_install command is deprecated setup.py develop --editable --build-directory /home/parallels/drone_local/drone_ws/build/ros_tcp_endpoint/build --no-deps symlink_data --force
[1.330s] Level 1:colcon.colcon_core.shell:create_environment_hook('ros_tcp_endpoint', 'pythonpath_develop')
[1.330s] INFO:colcon.colcon_core.shell:Creating environment hook '/home/parallels/drone_local/drone_ws/build/ros_tcp_endpoint/share/ros_tcp_endpoint/hook/pythonpath_develop.ps1'
[1.332s] DEBUG:colcon.colcon_core.event_handler.log_command:Invoked command in '/home/parallels/drone_local/drone_ws/build/ros_tcp_endpoint' returned '0': PYTHONPATH=/home/parallels/drone_local/drone_ws/build/ros_tcp_endpoint/prefix_override:/usr/lib/python3/dist-packages/colcon_core/task/python/colcon_distutils_commands:/home/parallels/drone_local/drone_ws/install/ros_tcp_endpoint/lib/python3.10/site-packages:${PYTHONPATH} /usr/bin/python3 -W ignore:setup.py install is deprecated -W ignore:easy_install command is deprecated setup.py develop --editable --build-directory /home/parallels/drone_local/drone_ws/build/ros_tcp_endpoint/build --no-deps symlink_data --force
[1.332s] INFO:colcon.colcon_core.shell:Creating environment descriptor '/home/parallels/drone_local/drone_ws/build/ros_tcp_endpoint/share/ros_tcp_endpoint/hook/pythonpath_develop.dsv'
[1.332s] INFO:colcon.colcon_core.shell:Creating environment hook '/home/parallels/drone_local/drone_ws/build/ros_tcp_endpoint/share/ros_tcp_endpoint/hook/pythonpath_develop.sh'
[1.334s] Level 1:colcon.colcon_core.environment:checking '/home/parallels/drone_local/drone_ws/install/ros_tcp_endpoint' for CMake module files
[1.334s] Level 1:colcon.colcon_core.environment:checking '/home/parallels/drone_local/drone_ws/install/ros_tcp_endpoint' for CMake config files
[1.335s] Level 1:colcon.colcon_core.environment:checking '/home/parallels/drone_local/drone_ws/install/ros_tcp_endpoint/lib'
[1.335s] Level 1:colcon.colcon_core.environment:checking '/home/parallels/drone_local/drone_ws/install/ros_tcp_endpoint/bin'
[1.335s] Level 1:colcon.colcon_core.environment:checking '/home/parallels/drone_local/drone_ws/install/ros_tcp_endpoint/lib/pkgconfig/ros_tcp_endpoint.pc'
[1.335s] Level 1:colcon.colcon_core.environment:checking '/home/parallels/drone_local/drone_ws/install/ros_tcp_endpoint/lib/python3.10/site-packages'
[1.335s] Level 1:colcon.colcon_core.shell:create_environment_hook('ros_tcp_endpoint', 'pythonpath')
[1.335s] INFO:colcon.colcon_core.shell:Creating environment hook '/home/parallels/drone_local/drone_ws/install/ros_tcp_endpoint/share/ros_tcp_endpoint/hook/pythonpath.ps1'
[1.336s] INFO:colcon.colcon_core.shell:Creating environment descriptor '/home/parallels/drone_local/drone_ws/install/ros_tcp_endpoint/share/ros_tcp_endpoint/hook/pythonpath.dsv'
[1.336s] INFO:colcon.colcon_core.shell:Creating environment hook '/home/parallels/drone_local/drone_ws/install/ros_tcp_endpoint/share/ros_tcp_endpoint/hook/pythonpath.sh'
[1.336s] Level 1:colcon.colcon_core.environment:checking '/home/parallels/drone_local/drone_ws/install/ros_tcp_endpoint/bin'
[1.337s] Level 1:colcon.colcon_core.environment:create_environment_scripts_only(ros_tcp_endpoint)
[1.337s] INFO:colcon.colcon_core.shell:Creating package script '/home/parallels/drone_local/drone_ws/install/ros_tcp_endpoint/share/ros_tcp_endpoint/package.ps1'
[1.337s] INFO:colcon.colcon_core.shell:Creating package descriptor '/home/parallels/drone_local/drone_ws/install/ros_tcp_endpoint/share/ros_tcp_endpoint/package.dsv'
[1.338s] INFO:colcon.colcon_core.shell:Creating package script '/home/parallels/drone_local/drone_ws/install/ros_tcp_endpoint/share/ros_tcp_endpoint/package.sh'
[1.338s] INFO:colcon.colcon_core.shell:Creating package script '/home/parallels/drone_local/drone_ws/install/ros_tcp_endpoint/share/ros_tcp_endpoint/package.bash'
[1.339s] INFO:colcon.colcon_core.shell:Creating package script '/home/parallels/drone_local/drone_ws/install/ros_tcp_endpoint/share/ros_tcp_endpoint/package.zsh'
[1.339s] Level 1:colcon.colcon_core.environment:create_file_with_runtime_dependencies(/home/parallels/drone_local/drone_ws/install/ros_tcp_endpoint/share/colcon-core/packages/ros_tcp_endpoint)
[1.479s] Level 1:colcon.colcon_core.shell:create_environment_hook('tracking', 'pythonpath_develop')
[1.479s] DEBUG:colcon.colcon_core.event_handler.log_command:Invoked command in '/home/parallels/drone_local/drone_ws/build/tracking' returned '0': PYTHONPATH=/home/parallels/drone_local/drone_ws/build/tracking/prefix_override:/usr/lib/python3/dist-packages/colcon_core/task/python/colcon_distutils_commands:/home/parallels/drone_local/drone_ws/install/tracking/lib/python3.10/site-packages:${PYTHONPATH} /usr/bin/python3 -W ignore:setup.py install is deprecated -W ignore:easy_install command is deprecated setup.py develop --editable --build-directory /home/parallels/drone_local/drone_ws/build/tracking/build --no-deps symlink_data --force
[1.479s] INFO:colcon.colcon_core.shell:Creating environment hook '/home/parallels/drone_local/drone_ws/build/tracking/share/tracking/hook/pythonpath_develop.ps1'
[1.480s] INFO:colcon.colcon_core.shell:Creating environment descriptor '/home/parallels/drone_local/drone_ws/build/tracking/share/tracking/hook/pythonpath_develop.dsv'
[1.480s] INFO:colcon.colcon_core.shell:Creating environment hook '/home/parallels/drone_local/drone_ws/build/tracking/share/tracking/hook/pythonpath_develop.sh'
[1.480s] Level 1:colcon.colcon_core.environment:checking '/home/parallels/drone_local/drone_ws/install/tracking' for CMake module files
[1.481s] Level 1:colcon.colcon_core.environment:checking '/home/parallels/drone_local/drone_ws/install/tracking' for CMake config files
[1.481s] Level 1:colcon.colcon_core.environment:checking '/home/parallels/drone_local/drone_ws/install/tracking/lib'
[1.481s] Level 1:colcon.colcon_core.environment:checking '/home/parallels/drone_local/drone_ws/install/tracking/bin'
[1.481s] Level 1:colcon.colcon_core.environment:checking '/home/parallels/drone_local/drone_ws/install/tracking/lib/pkgconfig/tracking.pc'
[1.481s] Level 1:colcon.colcon_core.environment:checking '/home/parallels/drone_local/drone_ws/install/tracking/lib/python3.10/site-packages'
[1.481s] Level 1:colcon.colcon_core.shell:create_environment_hook('tracking', 'pythonpath')
[1.481s] INFO:colcon.colcon_core.shell:Creating environment hook '/home/parallels/drone_local/drone_ws/install/tracking/share/tracking/hook/pythonpath.ps1'
[1.482s] INFO:colcon.colcon_core.shell:Creating environment descriptor '/home/parallels/drone_local/drone_ws/install/tracking/share/tracking/hook/pythonpath.dsv'
[1.482s] INFO:colcon.colcon_core.shell:Creating environment hook '/home/parallels/drone_local/drone_ws/install/tracking/share/tracking/hook/pythonpath.sh'
[1.482s] Level 1:colcon.colcon_core.environment:checking '/home/parallels/drone_local/drone_ws/install/tracking/bin'
[1.482s] Level 1:colcon.colcon_core.environment:create_environment_scripts_only(tracking)
[1.482s] INFO:colcon.colcon_core.shell:Creating package script '/home/parallels/drone_local/drone_ws/install/tracking/share/tracking/package.ps1'
[1.483s] INFO:colcon.colcon_core.shell:Creating package descriptor '/home/parallels/drone_local/drone_ws/install/tracking/share/tracking/package.dsv'
[1.483s] INFO:colcon.colcon_core.shell:Creating package script '/home/parallels/drone_local/drone_ws/install/tracking/share/tracking/package.sh'
[1.483s] INFO:colcon.colcon_core.shell:Creating package script '/home/parallels/drone_local/drone_ws/install/tracking/share/tracking/package.bash'
[1.484s] INFO:colcon.colcon_core.shell:Creating package script '/home/parallels/drone_local/drone_ws/install/tracking/share/tracking/package.zsh'
[1.484s] Level 1:colcon.colcon_core.environment:create_file_with_runtime_dependencies(/home/parallels/drone_local/drone_ws/install/tracking/share/colcon-core/packages/tracking)
[3.022s] DEBUG:colcon.colcon_core.event_handler.log_command:Invoked command in '/home/parallels/drone_local/drone_ws/build/px4_msgs' returned '0': CMAKE_PREFIX_PATH=/opt/ros/humble /usr/bin/cmake /home/parallels/drone_local/drone_ws/src/px4_msgs -DAMENT_CMAKE_SYMLINK_INSTALL=1 -DCMAKE_INSTALL_PREFIX=/home/parallels/drone_local/drone_ws/install/px4_msgs
[3.022s] DEBUG:colcon.colcon_core.event_handler.log_command:Invoking command in '/home/parallels/drone_local/drone_ws/build/px4_msgs': CMAKE_PREFIX_PATH=/opt/ros/humble /usr/bin/cmake --build /home/parallels/drone_local/drone_ws/build/px4_msgs -- -j4 -l4
[59.909s] DEBUG:colcon.colcon_core.event_handler.log_command:Invoked command in '/home/parallels/drone_local/drone_ws/build/px4_msgs' returned '0': CMAKE_PREFIX_PATH=/opt/ros/humble /usr/bin/cmake --build /home/parallels/drone_local/drone_ws/build/px4_msgs -- -j4 -l4
[59.919s] DEBUG:colcon.colcon_core.event_handler.log_command:Invoking command in '/home/parallels/drone_local/drone_ws/build/px4_msgs': CMAKE_PREFIX_PATH=/opt/ros/humble /usr/bin/cmake --install /home/parallels/drone_local/drone_ws/build/px4_msgs
[60.351s] Level 1:colcon.colcon_core.environment:create_environment_scripts_only(px4_msgs)
[60.352s] Level 1:colcon.colcon_core.environment:checking '/home/parallels/drone_local/drone_ws/install/px4_msgs' for CMake module files
[60.352s] DEBUG:colcon.colcon_core.event_handler.log_command:Invoked command in '/home/parallels/drone_local/drone_ws/build/px4_msgs' returned '0': CMAKE_PREFIX_PATH=/opt/ros/humble /usr/bin/cmake --install /home/parallels/drone_local/drone_ws/build/px4_msgs
[60.352s] Level 1:colcon.colcon_core.environment:checking '/home/parallels/drone_local/drone_ws/install/px4_msgs' for CMake config files
[60.353s] Level 1:colcon.colcon_core.shell:create_environment_hook('px4_msgs', 'cmake_prefix_path')
[60.353s] INFO:colcon.colcon_core.shell:Creating environment hook '/home/parallels/drone_local/drone_ws/install/px4_msgs/share/px4_msgs/hook/cmake_prefix_path.ps1'
[60.354s] INFO:colcon.colcon_core.shell:Creating environment descriptor '/home/parallels/drone_local/drone_ws/install/px4_msgs/share/px4_msgs/hook/cmake_prefix_path.dsv'
[60.355s] INFO:colcon.colcon_core.shell:Creating environment hook '/home/parallels/drone_local/drone_ws/install/px4_msgs/share/px4_msgs/hook/cmake_prefix_path.sh'
[60.356s] Level 1:colcon.colcon_core.environment:checking '/home/parallels/drone_local/drone_ws/install/px4_msgs/lib'
[60.356s] Level 1:colcon.colcon_core.shell:create_environment_hook('px4_msgs', 'ld_library_path_lib')
[60.356s] INFO:colcon.colcon_core.shell:Creating environment hook '/home/parallels/drone_local/drone_ws/install/px4_msgs/share/px4_msgs/hook/ld_library_path_lib.ps1'
[60.356s] INFO:colcon.colcon_core.shell:Creating environment descriptor '/home/parallels/drone_local/drone_ws/install/px4_msgs/share/px4_msgs/hook/ld_library_path_lib.dsv'
[60.356s] INFO:colcon.colcon_core.shell:Creating environment hook '/home/parallels/drone_local/drone_ws/install/px4_msgs/share/px4_msgs/hook/ld_library_path_lib.sh'
[60.357s] Level 1:colcon.colcon_core.environment:checking '/home/parallels/drone_local/drone_ws/install/px4_msgs/bin'
[60.357s] Level 1:colcon.colcon_core.environment:checking '/home/parallels/drone_local/drone_ws/install/px4_msgs/lib/pkgconfig/px4_msgs.pc'
[60.357s] Level 1:colcon.colcon_core.environment:checking '/home/parallels/drone_local/drone_ws/install/px4_msgs/lib/python3.10/site-packages'
[60.357s] Level 1:colcon.colcon_core.environment:checking '/home/parallels/drone_local/drone_ws/install/px4_msgs/bin'
[60.358s] INFO:colcon.colcon_core.shell:Creating package script '/home/parallels/drone_local/drone_ws/install/px4_msgs/share/px4_msgs/package.ps1'
[60.358s] INFO:colcon.colcon_core.shell:Creating package descriptor '/home/parallels/drone_local/drone_ws/install/px4_msgs/share/px4_msgs/package.dsv'
[60.358s] INFO:colcon.colcon_core.shell:Creating package script '/home/parallels/drone_local/drone_ws/install/px4_msgs/share/px4_msgs/package.sh'
[60.358s] INFO:colcon.colcon_core.shell:Creating package script '/home/parallels/drone_local/drone_ws/install/px4_msgs/share/px4_msgs/package.bash'
[60.359s] INFO:colcon.colcon_core.shell:Creating package script '/home/parallels/drone_local/drone_ws/install/px4_msgs/share/px4_msgs/package.zsh'
[60.359s] Level 1:colcon.colcon_core.environment:create_file_with_runtime_dependencies(/home/parallels/drone_local/drone_ws/install/px4_msgs/share/colcon-core/packages/px4_msgs)
[60.359s] Level 1:colcon.colcon_core.environment:create_environment_scripts_only(px4_msgs)
[60.360s] Level 1:colcon.colcon_core.environment:checking '/home/parallels/drone_local/drone_ws/install/px4_msgs' for CMake module files
[60.360s] Level 1:colcon.colcon_core.environment:checking '/home/parallels/drone_local/drone_ws/install/px4_msgs' for CMake config files
[60.360s] Level 1:colcon.colcon_core.shell:create_environment_hook('px4_msgs', 'cmake_prefix_path')
[60.360s] INFO:colcon.colcon_core.shell:Creating environment hook '/home/parallels/drone_local/drone_ws/install/px4_msgs/share/px4_msgs/hook/cmake_prefix_path.ps1'
[60.361s] INFO:colcon.colcon_core.shell:Creating environment descriptor '/home/parallels/drone_local/drone_ws/install/px4_msgs/share/px4_msgs/hook/cmake_prefix_path.dsv'
[60.361s] INFO:colcon.colcon_core.shell:Creating environment hook '/home/parallels/drone_local/drone_ws/install/px4_msgs/share/px4_msgs/hook/cmake_prefix_path.sh'
[60.361s] Level 1:colcon.colcon_core.environment:checking '/home/parallels/drone_local/drone_ws/install/px4_msgs/lib'
[60.361s] Level 1:colcon.colcon_core.shell:create_environment_hook('px4_msgs', 'ld_library_path_lib')
[60.361s] INFO:colcon.colcon_core.shell:Creating environment hook '/home/parallels/drone_local/drone_ws/install/px4_msgs/share/px4_msgs/hook/ld_library_path_lib.ps1'
[60.361s] INFO:colcon.colcon_core.shell:Creating environment descriptor '/home/parallels/drone_local/drone_ws/install/px4_msgs/share/px4_msgs/hook/ld_library_path_lib.dsv'
[60.361s] INFO:colcon.colcon_core.shell:Creating environment hook '/home/parallels/drone_local/drone_ws/install/px4_msgs/share/px4_msgs/hook/ld_library_path_lib.sh'
[60.362s] Level 1:colcon.colcon_core.environment:checking '/home/parallels/drone_local/drone_ws/install/px4_msgs/bin'
[60.362s] Level 1:colcon.colcon_core.environment:checking '/home/parallels/drone_local/drone_ws/install/px4_msgs/lib/pkgconfig/px4_msgs.pc'
[60.362s] Level 1:colcon.colcon_core.environment:checking '/home/parallels/drone_local/drone_ws/install/px4_msgs/lib/python3.10/site-packages'
[60.362s] Level 1:colcon.colcon_core.environment:checking '/home/parallels/drone_local/drone_ws/install/px4_msgs/bin'
[60.362s] INFO:colcon.colcon_core.shell:Creating package script '/home/parallels/drone_local/drone_ws/install/px4_msgs/share/px4_msgs/package.ps1'
[60.362s] INFO:colcon.colcon_core.shell:Creating package descriptor '/home/parallels/drone_local/drone_ws/install/px4_msgs/share/px4_msgs/package.dsv'
[60.363s] INFO:colcon.colcon_core.shell:Creating package script '/home/parallels/drone_local/drone_ws/install/px4_msgs/share/px4_msgs/package.sh'
[60.363s] INFO:colcon.colcon_core.shell:Creating package script '/home/parallels/drone_local/drone_ws/install/px4_msgs/share/px4_msgs/package.bash'
[60.363s] INFO:colcon.colcon_core.shell:Creating package script '/home/parallels/drone_local/drone_ws/install/px4_msgs/share/px4_msgs/package.zsh'
[60.363s] Level 1:colcon.colcon_core.environment:create_file_with_runtime_dependencies(/home/parallels/drone_local/drone_ws/install/px4_msgs/share/colcon-core/packages/px4_msgs)
[60.364s] INFO:colcon.colcon_ros.task.ament_python.build:Building ROS package in '/home/parallels/drone_local/drone_ws/src/drone_autonomy' with build type 'ament_python'
[60.364s] Level 1:colcon.colcon_core.shell:create_environment_hook('drone_autonomy', 'ament_prefix_path')
[60.364s] INFO:colcon.colcon_core.shell:Creating environment hook '/home/parallels/drone_local/drone_ws/install/drone_autonomy/share/drone_autonomy/hook/ament_prefix_path.ps1'
[60.365s] INFO:colcon.colcon_core.shell:Creating environment descriptor '/home/parallels/drone_local/drone_ws/install/drone_autonomy/share/drone_autonomy/hook/ament_prefix_path.dsv'
[60.366s] INFO:colcon.colcon_core.shell:Creating environment hook '/home/parallels/drone_local/drone_ws/install/drone_autonomy/share/drone_autonomy/hook/ament_prefix_path.sh'
[60.366s] INFO:colcon.colcon_core.shell:Skip shell extension 'powershell' for command environment: Not usable outside of PowerShell
[60.366s] DEBUG:colcon.colcon_core.shell:Skip shell extension 'dsv' for command environment
[60.370s] INFO:colcon.colcon_ros.task.ament_python.build:Building ROS package in '/home/parallels/drone_local/drone_ws/src/offboard_avoidance_unity' with build type 'ament_python'
[60.370s] Level 1:colcon.colcon_core.shell:create_environment_hook('offboard_avoidance_unity', 'ament_prefix_path')
[60.370s] INFO:colcon.colcon_core.shell:Creating environment hook '/home/parallels/drone_local/drone_ws/install/offboard_avoidance_unity/share/offboard_avoidance_unity/hook/ament_prefix_path.ps1'
[60.371s] INFO:colcon.colcon_core.shell:Creating environment descriptor '/home/parallels/drone_local/drone_ws/install/offboard_avoidance_unity/share/offboard_avoidance_unity/hook/ament_prefix_path.dsv'
[60.372s] INFO:colcon.colcon_core.shell:Creating environment hook '/home/parallels/drone_local/drone_ws/install/offboard_avoidance_unity/share/offboard_avoidance_unity/hook/ament_prefix_path.sh'
[60.372s] INFO:colcon.colcon_core.shell:Skip shell extension 'powershell' for command environment: Not usable outside of PowerShell
[60.372s] DEBUG:colcon.colcon_core.shell:Skip shell extension 'dsv' for command environment
[60.374s] INFO:colcon.colcon_ros.task.ament_python.build:Building ROS package in '/home/parallels/drone_local/drone_ws/src/offboard_test' with build type 'ament_python'
[60.375s] Level 1:colcon.colcon_core.shell:create_environment_hook('offboard_test', 'ament_prefix_path')
[60.376s] INFO:colcon.colcon_core.shell:Creating environment hook '/home/parallels/drone_local/drone_ws/install/offboard_test/share/offboard_test/hook/ament_prefix_path.ps1'
[60.377s] INFO:colcon.colcon_core.shell:Creating environment descriptor '/home/parallels/drone_local/drone_ws/install/offboard_test/share/offboard_test/hook/ament_prefix_path.dsv'
[60.377s] INFO:colcon.colcon_core.shell:Creating environment hook '/home/parallels/drone_local/drone_ws/install/offboard_test/share/offboard_test/hook/ament_prefix_path.sh'
[60.377s] INFO:colcon.colcon_core.shell:Skip shell extension 'powershell' for command environment: Not usable outside of PowerShell
[60.377s] DEBUG:colcon.colcon_core.shell:Skip shell extension 'dsv' for command environment
[60.380s] INFO:colcon.colcon_ros.task.ament_cmake.build:Building ROS package in '/home/parallels/drone_local/drone_ws/src/px4_ros_com' with build type 'ament_cmake'
[60.380s] INFO:colcon.colcon_cmake.task.cmake.build:Building CMake package in '/home/parallels/drone_local/drone_ws/src/px4_ros_com'
[60.381s] INFO:colcon.colcon_core.shell:Skip shell extension 'powershell' for command environment: Not usable outside of PowerShell
[60.381s] DEBUG:colcon.colcon_core.shell:Skip shell extension 'dsv' for command environment
[60.537s] INFO:colcon.colcon_core.task.python.build:Building Python package in '/home/parallels/drone_local/drone_ws/src/drone_autonomy'
[60.537s] INFO:colcon.colcon_core.shell:Skip shell extension 'powershell' for command environment: Not usable outside of PowerShell
[60.537s] DEBUG:colcon.colcon_core.shell:Skip shell extension 'dsv' for command environment
[60.676s] INFO:colcon.colcon_core.task.python.build:Building Python package in '/home/parallels/drone_local/drone_ws/src/offboard_avoidance_unity'
[60.677s] INFO:colcon.colcon_core.shell:Skip shell extension 'powershell' for command environment: Not usable outside of PowerShell
[60.677s] DEBUG:colcon.colcon_core.shell:Skip shell extension 'dsv' for command environment
[60.682s] DEBUG:colcon.colcon_core.event_handler.log_command:Invoking command in '/home/parallels/drone_local/drone_ws/build/px4_ros_com': AMENT_PREFIX_PATH=/home/parallels/drone_local/drone_ws/install/px4_msgs:${AMENT_PREFIX_PATH} CMAKE_PREFIX_PATH=/home/parallels/drone_local/drone_ws/install/px4_msgs:/opt/ros/humble LD_LIBRARY_PATH=/home/parallels/drone_local/drone_ws/install/px4_msgs/lib:${LD_LIBRARY_PATH} PYTHONPATH=/home/parallels/drone_local/drone_ws/install/px4_msgs/local/lib/python3.10/dist-packages:${PYTHONPATH} /usr/bin/cmake /home/parallels/drone_local/drone_ws/src/px4_ros_com -DAMENT_CMAKE_SYMLINK_INSTALL=1 -DCMAKE_INSTALL_PREFIX=/home/parallels/drone_local/drone_ws/install/px4_ros_com
[60.816s] INFO:colcon.colcon_core.task.python.build:Building Python package in '/home/parallels/drone_local/drone_ws/src/offboard_test'
[60.816s] INFO:colcon.colcon_core.shell:Skip shell extension 'powershell' for command environment: Not usable outside of PowerShell
[60.816s] DEBUG:colcon.colcon_core.shell:Skip shell extension 'dsv' for command environment
[61.024s] DEBUG:colcon.colcon_core.task.python.build:While undoing a previous installation files outside the Python library path are being ignored: /home/parallels/drone_local/drone_ws/install/drone_autonomy/share/ament_index/resource_index/packages/drone_autonomy
[61.024s] DEBUG:colcon.colcon_core.task.python.build:While undoing a previous installation files outside the Python library path are being ignored: /home/parallels/drone_local/drone_ws/install/drone_autonomy/share/drone_autonomy/package.xml
[61.024s] DEBUG:colcon.colcon_core.task.python.build:While undoing a previous installation files outside the Python library path are being ignored: /home/parallels/drone_local/drone_ws/install/drone_autonomy/share/drone_autonomy/launch/simple_takeoff.launch.py
[61.024s] DEBUG:colcon.colcon_core.task.python.build:While undoing a previous installation files outside the Python library path are being ignored: /home/parallels/drone_local/drone_ws/install/drone_autonomy/lib/drone_autonomy/circle_flight
[61.024s] DEBUG:colcon.colcon_core.task.python.build:While undoing a previous installation files outside the Python library path are being ignored: /home/parallels/drone_local/drone_ws/install/drone_autonomy/lib/drone_autonomy/data_recorder
[61.024s] DEBUG:colcon.colcon_core.task.python.build:While undoing a previous installation files outside the Python library path are being ignored: /home/parallels/drone_local/drone_ws/install/drone_autonomy/lib/drone_autonomy/drone_controller
[61.025s] DEBUG:colcon.colcon_core.task.python.build:While undoing a previous installation files outside the Python library path are being ignored: /home/parallels/drone_local/drone_ws/install/drone_autonomy/lib/drone_autonomy/figure_eight
[61.025s] DEBUG:colcon.colcon_core.task.python.build:While undoing a previous installation files outside the Python library path are being ignored: /home/parallels/drone_local/drone_ws/install/drone_autonomy/lib/drone_autonomy/forward_mission
[61.025s] DEBUG:colcon.colcon_core.task.python.build:While undoing a previous installation files outside the Python library path are being ignored: /home/parallels/drone_local/drone_ws/install/drone_autonomy/lib/drone_autonomy/house_inspection
[61.025s] DEBUG:colcon.colcon_core.task.python.build:While undoing a previous installation files outside the Python library path are being ignored: /home/parallels/drone_local/drone_ws/install/drone_autonomy/lib/drone_autonomy/mission_executor
[61.025s] DEBUG:colcon.colcon_core.task.python.build:While undoing a previous installation files outside the Python library path are being ignored: /home/parallels/drone_local/drone_ws/install/drone_autonomy/lib/drone_autonomy/obstacle_detector
[61.025s] DEBUG:colcon.colcon_core.task.python.build:While undoing a previous installation files outside the Python library path are being ignored: /home/parallels/drone_local/drone_ws/install/drone_autonomy/lib/drone_autonomy/orbit_point
[61.025s] DEBUG:colcon.colcon_core.task.python.build:While undoing a previous installation files outside the Python library path are being ignored: /home/parallels/drone_local/drone_ws/install/drone_autonomy/lib/drone_autonomy/pursuit_flight
[61.025s] DEBUG:colcon.colcon_core.task.python.build:While undoing a previous installation files outside the Python library path are being ignored: /home/parallels/drone_local/drone_ws/install/drone_autonomy/lib/drone_autonomy/rrt_pursuit_single
[61.025s] DEBUG:colcon.colcon_core.task.python.build:While undoing a previous installation files outside the Python library path are being ignored: /home/parallels/drone_local/drone_ws/install/drone_autonomy/lib/drone_autonomy/simple_takeoff
[61.025s] DEBUG:colcon.colcon_core.task.python.build:While undoing a previous installation files outside the Python library path are being ignored: /home/parallels/drone_local/drone_ws/install/drone_autonomy/lib/drone_autonomy/square_flight
[61.025s] DEBUG:colcon.colcon_core.task.python.build:While undoing a previous installation files outside the Python library path are being ignored: /home/parallels/drone_local/drone_ws/install/drone_autonomy/lib/drone_autonomy/waypoint_mission
[61.044s] DEBUG:colcon.colcon_core.event_handler.log_command:Invoking command in '/home/parallels/drone_local/drone_ws/build/drone_autonomy': AMENT_PREFIX_PATH=/home/parallels/drone_local/drone_ws/install/px4_msgs:${AMENT_PREFIX_PATH} CMAKE_PREFIX_PATH=/home/parallels/drone_local/drone_ws/install/px4_msgs LD_LIBRARY_PATH=/home/parallels/drone_local/drone_ws/install/px4_msgs/lib:${LD_LIBRARY_PATH} PYTHONPATH=/home/parallels/drone_local/drone_ws/build/drone_autonomy/prefix_override:/usr/lib/python3/dist-packages/colcon_core/task/python/colcon_distutils_commands:/home/parallels/drone_local/drone_ws/install/drone_autonomy/lib/python3.10/site-packages:/home/parallels/drone_local/drone_ws/install/px4_msgs/local/lib/python3.10/dist-packages:${PYTHONPATH} /usr/bin/python3 -W ignore:setup.py install is deprecated -W ignore:easy_install command is deprecated setup.py develop --editable --build-directory /home/parallels/drone_local/drone_ws/build/drone_autonomy/build --no-deps symlink_data --force
[61.045s] DEBUG:colcon.colcon_core.task.python.build:While undoing a previous installation files outside the Python library path are being ignored: /home/parallels/drone_local/drone_ws/install/offboard_test/share/ament_index/resource_index/packages/offboard_test
[61.045s] DEBUG:colcon.colcon_core.task.python.build:While undoing a previous installation files outside the Python library path are being ignored: /home/parallels/drone_local/drone_ws/install/offboard_test/share/offboard_test/package.xml
[61.045s] DEBUG:colcon.colcon_core.task.python.build:While undoing a previous installation files outside the Python library path are being ignored: /home/parallels/drone_local/drone_ws/install/offboard_test/share/offboard_test/launch/obstacle_mission.launch.py
[61.045s] DEBUG:colcon.colcon_core.task.python.build:While undoing a previous installation files outside the Python library path are being ignored: /home/parallels/drone_local/drone_ws/install/offboard_test/share/offboard_test/launch/around_house_mission.launch.py
[61.045s] DEBUG:colcon.colcon_core.task.python.build:While undoing a previous installation files outside the Python library path are being ignored: /home/parallels/drone_local/drone_ws/install/offboard_test/lib/offboard_test/obstacle_avoidance_mission
[61.045s] DEBUG:colcon.colcon_core.task.python.build:While undoing a previous installation files outside the Python library path are being ignored: /home/parallels/drone_local/drone_ws/install/offboard_test/lib/offboard_test/obstacle_publisher
[61.045s] DEBUG:colcon.colcon_core.task.python.build:While undoing a previous installation files outside the Python library path are being ignored: /home/parallels/drone_local/drone_ws/install/offboard_test/lib/offboard_test/offboard_square_mission
[61.045s] DEBUG:colcon.colcon_core.task.python.build:While undoing a previous installation files outside the Python library path are being ignored: /home/parallels/drone_local/drone_ws/install/offboard_test/lib/offboard_test/offboard_takeoff
[61.047s] DEBUG:colcon.colcon_core.event_handler.log_command:Invoking command in '/home/parallels/drone_local/drone_ws/build/offboard_test': AMENT_PREFIX_PATH=/home/parallels/drone_local/drone_ws/install/px4_msgs:${AMENT_PREFIX_PATH} CMAKE_PREFIX_PATH=/home/parallels/drone_local/drone_ws/install/px4_msgs LD_LIBRARY_PATH=/home/parallels/drone_local/drone_ws/install/px4_msgs/lib:${LD_LIBRARY_PATH} PYTHONPATH=/home/parallels/drone_local/drone_ws/build/offboard_test/prefix_override:/usr/lib/python3/dist-packages/colcon_core/task/python/colcon_distutils_commands:/home/parallels/drone_local/drone_ws/install/offboard_test/lib/python3.10/site-packages:/home/parallels/drone_local/drone_ws/install/px4_msgs/local/lib/python3.10/dist-packages:${PYTHONPATH} /usr/bin/python3 -W ignore:setup.py install is deprecated -W ignore:easy_install command is deprecated setup.py develop --editable --build-directory /home/parallels/drone_local/drone_ws/build/offboard_test/build --no-deps symlink_data --force
[61.055s] DEBUG:colcon.colcon_core.task.python.build:While undoing a previous installation files outside the Python library path are being ignored: /home/parallels/drone_local/drone_ws/install/offboard_avoidance_unity/share/ament_index/resource_index/packages/offboard_avoidance_unity
[61.055s] DEBUG:colcon.colcon_core.task.python.build:While undoing a previous installation files outside the Python library path are being ignored: /home/parallels/drone_local/drone_ws/install/offboard_avoidance_unity/share/offboard_avoidance_unity/package.xml
[61.056s] DEBUG:colcon.colcon_core.task.python.build:While undoing a previous installation files outside the Python library path are being ignored: /home/parallels/drone_local/drone_ws/install/offboard_avoidance_unity/lib/offboard_avoidance_unity/unity_house_avoidance
[61.062s] DEBUG:colcon.colcon_core.event_handler.log_command:Invoking command in '/home/parallels/drone_local/drone_ws/build/offboard_avoidance_unity': AMENT_PREFIX_PATH=/home/parallels/drone_local/drone_ws/install/px4_msgs:${AMENT_PREFIX_PATH} CMAKE_PREFIX_PATH=/home/parallels/drone_local/drone_ws/install/px4_msgs LD_LIBRARY_PATH=/home/parallels/drone_local/drone_ws/install/px4_msgs/lib:${LD_LIBRARY_PATH} PYTHONPATH=/home/parallels/drone_local/drone_ws/build/offboard_avoidance_unity/prefix_override:/usr/lib/python3/dist-packages/colcon_core/task/python/colcon_distutils_commands:/home/parallels/drone_local/drone_ws/install/offboard_avoidance_unity/lib/python3.10/site-packages:/home/parallels/drone_local/drone_ws/install/px4_msgs/local/lib/python3.10/dist-packages:${PYTHONPATH} /usr/bin/python3 -W ignore:setup.py install is deprecated -W ignore:easy_install command is deprecated setup.py develop --editable --build-directory /home/parallels/drone_local/drone_ws/build/offboard_avoidance_unity/build --no-deps symlink_data --force
[61.329s] Level 1:colcon.colcon_core.shell:create_environment_hook('offboard_test', 'pythonpath_develop')
[61.329s] INFO:colcon.colcon_core.shell:Creating environment hook '/home/parallels/drone_local/drone_ws/build/offboard_test/share/offboard_test/hook/pythonpath_develop.ps1'
[61.331s] INFO:colcon.colcon_core.shell:Creating environment descriptor '/home/parallels/drone_local/drone_ws/build/offboard_test/share/offboard_test/hook/pythonpath_develop.dsv'
[61.331s] INFO:colcon.colcon_core.shell:Creating environment hook '/home/parallels/drone_local/drone_ws/build/offboard_test/share/offboard_test/hook/pythonpath_develop.sh'
[61.332s] DEBUG:colcon.colcon_core.event_handler.log_command:Invoked command in '/home/parallels/drone_local/drone_ws/build/offboard_test' returned '0': AMENT_PREFIX_PATH=/home/parallels/drone_local/drone_ws/install/px4_msgs:${AMENT_PREFIX_PATH} CMAKE_PREFIX_PATH=/home/parallels/drone_local/drone_ws/install/px4_msgs LD_LIBRARY_PATH=/home/parallels/drone_local/drone_ws/install/px4_msgs/lib:${LD_LIBRARY_PATH} PYTHONPATH=/home/parallels/drone_local/drone_ws/build/offboard_test/prefix_override:/usr/lib/python3/dist-packages/colcon_core/task/python/colcon_distutils_commands:/home/parallels/drone_local/drone_ws/install/offboard_test/lib/python3.10/site-packages:/home/parallels/drone_local/drone_ws/install/px4_msgs/local/lib/python3.10/dist-packages:${PYTHONPATH} /usr/bin/python3 -W ignore:setup.py install is deprecated -W ignore:easy_install command is deprecated setup.py develop --editable --build-directory /home/parallels/drone_local/drone_ws/build/offboard_test/build --no-deps symlink_data --force
[61.332s] Level 1:colcon.colcon_core.environment:checking '/home/parallels/drone_local/drone_ws/install/offboard_test' for CMake module files
[61.332s] Level 1:colcon.colcon_core.environment:checking '/home/parallels/drone_local/drone_ws/install/offboard_test' for CMake config files
[61.333s] Level 1:colcon.colcon_core.environment:checking '/home/parallels/drone_local/drone_ws/install/offboard_test/lib'
[61.333s] Level 1:colcon.colcon_core.environment:checking '/home/parallels/drone_local/drone_ws/install/offboard_test/bin'
[61.333s] Level 1:colcon.colcon_core.environment:checking '/home/parallels/drone_local/drone_ws/install/offboard_test/lib/pkgconfig/offboard_test.pc'
[61.333s] Level 1:colcon.colcon_core.environment:checking '/home/parallels/drone_local/drone_ws/install/offboard_test/lib/python3.10/site-packages'
[61.333s] Level 1:colcon.colcon_core.shell:create_environment_hook('offboard_test', 'pythonpath')
[61.334s] INFO:colcon.colcon_core.shell:Creating environment hook '/home/parallels/drone_local/drone_ws/install/offboard_test/share/offboard_test/hook/pythonpath.ps1'
[61.334s] INFO:colcon.colcon_core.shell:Creating environment descriptor '/home/parallels/drone_local/drone_ws/install/offboard_test/share/offboard_test/hook/pythonpath.dsv'
[61.335s] INFO:colcon.colcon_core.shell:Creating environment hook '/home/parallels/drone_local/drone_ws/install/offboard_test/share/offboard_test/hook/pythonpath.sh'
[61.335s] Level 1:colcon.colcon_core.environment:checking '/home/parallels/drone_local/drone_ws/install/offboard_test/bin'
[61.335s] Level 1:colcon.colcon_core.environment:create_environment_scripts_only(offboard_test)
[61.335s] INFO:colcon.colcon_core.shell:Creating package script '/home/parallels/drone_local/drone_ws/install/offboard_test/share/offboard_test/package.ps1'
[61.336s] INFO:colcon.colcon_core.shell:Creating package descriptor '/home/parallels/drone_local/drone_ws/install/offboard_test/share/offboard_test/package.dsv'
[61.336s] INFO:colcon.colcon_core.shell:Creating package script '/home/parallels/drone_local/drone_ws/install/offboard_test/share/offboard_test/package.sh'
[61.337s] INFO:colcon.colcon_core.shell:Creating package script '/home/parallels/drone_local/drone_ws/install/offboard_test/share/offboard_test/package.bash'
[61.338s] INFO:colcon.colcon_core.shell:Creating package script '/home/parallels/drone_local/drone_ws/install/offboard_test/share/offboard_test/package.zsh'
[61.338s] Level 1:colcon.colcon_core.environment:create_file_with_runtime_dependencies(/home/parallels/drone_local/drone_ws/install/offboard_test/share/colcon-core/packages/offboard_test)
[61.355s] Level 1:colcon.colcon_core.shell:create_environment_hook('drone_autonomy', 'pythonpath_develop')
[61.355s] DEBUG:colcon.colcon_core.event_handler.log_command:Invoked command in '/home/parallels/drone_local/drone_ws/build/drone_autonomy' returned '0': AMENT_PREFIX_PATH=/home/parallels/drone_local/drone_ws/install/px4_msgs:${AMENT_PREFIX_PATH} CMAKE_PREFIX_PATH=/home/parallels/drone_local/drone_ws/install/px4_msgs LD_LIBRARY_PATH=/home/parallels/drone_local/drone_ws/install/px4_msgs/lib:${LD_LIBRARY_PATH} PYTHONPATH=/home/parallels/drone_local/drone_ws/build/drone_autonomy/prefix_override:/usr/lib/python3/dist-packages/colcon_core/task/python/colcon_distutils_commands:/home/parallels/drone_local/drone_ws/install/drone_autonomy/lib/python3.10/site-packages:/home/parallels/drone_local/drone_ws/install/px4_msgs/local/lib/python3.10/dist-packages:${PYTHONPATH} /usr/bin/python3 -W ignore:setup.py install is deprecated -W ignore:easy_install command is deprecated setup.py develop --editable --build-directory /home/parallels/drone_local/drone_ws/build/drone_autonomy/build --no-deps symlink_data --force
[61.356s] INFO:colcon.colcon_core.shell:Creating environment hook '/home/parallels/drone_local/drone_ws/build/drone_autonomy/share/drone_autonomy/hook/pythonpath_develop.ps1'
[61.356s] INFO:colcon.colcon_core.shell:Creating environment descriptor '/home/parallels/drone_local/drone_ws/build/drone_autonomy/share/drone_autonomy/hook/pythonpath_develop.dsv'
[61.357s] INFO:colcon.colcon_core.shell:Creating environment hook '/home/parallels/drone_local/drone_ws/build/drone_autonomy/share/drone_autonomy/hook/pythonpath_develop.sh'
[61.357s] Level 1:colcon.colcon_core.environment:checking '/home/parallels/drone_local/drone_ws/install/drone_autonomy' for CMake module files
[61.358s] Level 1:colcon.colcon_core.environment:checking '/home/parallels/drone_local/drone_ws/install/drone_autonomy' for CMake config files
[61.358s] Level 1:colcon.colcon_core.environment:checking '/home/parallels/drone_local/drone_ws/install/drone_autonomy/lib'
[61.358s] Level 1:colcon.colcon_core.environment:checking '/home/parallels/drone_local/drone_ws/install/drone_autonomy/bin'
[61.358s] Level 1:colcon.colcon_core.environment:checking '/home/parallels/drone_local/drone_ws/install/drone_autonomy/lib/pkgconfig/drone_autonomy.pc'
[61.358s] Level 1:colcon.colcon_core.environment:checking '/home/parallels/drone_local/drone_ws/install/drone_autonomy/lib/python3.10/site-packages'
[61.358s] Level 1:colcon.colcon_core.shell:create_environment_hook('drone_autonomy', 'pythonpath')
[61.358s] INFO:colcon.colcon_core.shell:Creating environment hook '/home/parallels/drone_local/drone_ws/install/drone_autonomy/share/drone_autonomy/hook/pythonpath.ps1'
[61.359s] INFO:colcon.colcon_core.shell:Creating environment descriptor '/home/parallels/drone_local/drone_ws/install/drone_autonomy/share/drone_autonomy/hook/pythonpath.dsv'
[61.359s] INFO:colcon.colcon_core.shell:Creating environment hook '/home/parallels/drone_local/drone_ws/install/drone_autonomy/share/drone_autonomy/hook/pythonpath.sh'
[61.360s] Level 1:colcon.colcon_core.environment:checking '/home/parallels/drone_local/drone_ws/install/drone_autonomy/bin'
[61.360s] Level 1:colcon.colcon_core.environment:create_environment_scripts_only(drone_autonomy)
[61.360s] INFO:colcon.colcon_core.shell:Creating package script '/home/parallels/drone_local/drone_ws/install/drone_autonomy/share/drone_autonomy/package.ps1'
[61.360s] INFO:colcon.colcon_core.shell:Creating package descriptor '/home/parallels/drone_local/drone_ws/install/drone_autonomy/share/drone_autonomy/package.dsv'
[61.360s] INFO:colcon.colcon_core.shell:Creating package script '/home/parallels/drone_local/drone_ws/install/drone_autonomy/share/drone_autonomy/package.sh'
[61.361s] INFO:colcon.colcon_core.shell:Creating package script '/home/parallels/drone_local/drone_ws/install/drone_autonomy/share/drone_autonomy/package.bash'
[61.361s] INFO:colcon.colcon_core.shell:Creating package script '/home/parallels/drone_local/drone_ws/install/drone_autonomy/share/drone_autonomy/package.zsh'
[61.361s] Level 1:colcon.colcon_core.environment:create_file_with_runtime_dependencies(/home/parallels/drone_local/drone_ws/install/drone_autonomy/share/colcon-core/packages/drone_autonomy)
[61.363s] DEBUG:colcon.colcon_core.event_handler.log_command:Invoked command in '/home/parallels/drone_local/drone_ws/build/px4_ros_com' returned '0': AMENT_PREFIX_PATH=/home/parallels/drone_local/drone_ws/install/px4_msgs:${AMENT_PREFIX_PATH} CMAKE_PREFIX_PATH=/home/parallels/drone_local/drone_ws/install/px4_msgs:/opt/ros/humble LD_LIBRARY_PATH=/home/parallels/drone_local/drone_ws/install/px4_msgs/lib:${LD_LIBRARY_PATH} PYTHONPATH=/home/parallels/drone_local/drone_ws/install/px4_msgs/local/lib/python3.10/dist-packages:${PYTHONPATH} /usr/bin/cmake /home/parallels/drone_local/drone_ws/src/px4_ros_com -DAMENT_CMAKE_SYMLINK_INSTALL=1 -DCMAKE_INSTALL_PREFIX=/home/parallels/drone_local/drone_ws/install/px4_ros_com
[61.364s] DEBUG:colcon.colcon_core.event_handler.log_command:Invoking command in '/home/parallels/drone_local/drone_ws/build/px4_ros_com': AMENT_PREFIX_PATH=/home/parallels/drone_local/drone_ws/install/px4_msgs:${AMENT_PREFIX_PATH} CMAKE_PREFIX_PATH=/home/parallels/drone_local/drone_ws/install/px4_msgs:/opt/ros/humble LD_LIBRARY_PATH=/home/parallels/drone_local/drone_ws/install/px4_msgs/lib:${LD_LIBRARY_PATH} PYTHONPATH=/home/parallels/drone_local/drone_ws/install/px4_msgs/local/lib/python3.10/dist-packages:${PYTHONPATH} /usr/bin/cmake --build /home/parallels/drone_local/drone_ws/build/px4_ros_com -- -j4 -l4
[61.419s] Level 1:colcon.colcon_core.shell:create_environment_hook('offboard_avoidance_unity', 'pythonpath_develop')
[61.419s] INFO:colcon.colcon_core.shell:Creating environment hook '/home/parallels/drone_local/drone_ws/build/offboard_avoidance_unity/share/offboard_avoidance_unity/hook/pythonpath_develop.ps1'
[61.419s] DEBUG:colcon.colcon_core.event_handler.log_command:Invoked command in '/home/parallels/drone_local/drone_ws/build/offboard_avoidance_unity' returned '0': AMENT_PREFIX_PATH=/home/parallels/drone_local/drone_ws/install/px4_msgs:${AMENT_PREFIX_PATH} CMAKE_PREFIX_PATH=/home/parallels/drone_local/drone_ws/install/px4_msgs LD_LIBRARY_PATH=/home/parallels/drone_local/drone_ws/install/px4_msgs/lib:${LD_LIBRARY_PATH} PYTHONPATH=/home/parallels/drone_local/drone_ws/build/offboard_avoidance_unity/prefix_override:/usr/lib/python3/dist-packages/colcon_core/task/python/colcon_distutils_commands:/home/parallels/drone_local/drone_ws/install/offboard_avoidance_unity/lib/python3.10/site-packages:/home/parallels/drone_local/drone_ws/install/px4_msgs/local/lib/python3.10/dist-packages:${PYTHONPATH} /usr/bin/python3 -W ignore:setup.py install is deprecated -W ignore:easy_install command is deprecated setup.py develop --editable --build-directory /home/parallels/drone_local/drone_ws/build/offboard_avoidance_unity/build --no-deps symlink_data --force
[61.419s] INFO:colcon.colcon_core.shell:Creating environment descriptor '/home/parallels/drone_local/drone_ws/build/offboard_avoidance_unity/share/offboard_avoidance_unity/hook/pythonpath_develop.dsv'
[61.420s] INFO:colcon.colcon_core.shell:Creating environment hook '/home/parallels/drone_local/drone_ws/build/offboard_avoidance_unity/share/offboard_avoidance_unity/hook/pythonpath_develop.sh'
[61.420s] Level 1:colcon.colcon_core.environment:checking '/home/parallels/drone_local/drone_ws/install/offboard_avoidance_unity' for CMake module files
[61.420s] Level 1:colcon.colcon_core.environment:checking '/home/parallels/drone_local/drone_ws/install/offboard_avoidance_unity' for CMake config files
[61.421s] Level 1:colcon.colcon_core.environment:checking '/home/parallels/drone_local/drone_ws/install/offboard_avoidance_unity/lib'
[61.421s] Level 1:colcon.colcon_core.environment:checking '/home/parallels/drone_local/drone_ws/install/offboard_avoidance_unity/bin'
[61.421s] Level 1:colcon.colcon_core.environment:checking '/home/parallels/drone_local/drone_ws/install/offboard_avoidance_unity/lib/pkgconfig/offboard_avoidance_unity.pc'
[61.421s] Level 1:colcon.colcon_core.environment:checking '/home/parallels/drone_local/drone_ws/install/offboard_avoidance_unity/lib/python3.10/site-packages'
[61.421s] Level 1:colcon.colcon_core.shell:create_environment_hook('offboard_avoidance_unity', 'pythonpath')
[61.421s] INFO:colcon.colcon_core.shell:Creating environment hook '/home/parallels/drone_local/drone_ws/install/offboard_avoidance_unity/share/offboard_avoidance_unity/hook/pythonpath.ps1'
[61.422s] INFO:colcon.colcon_core.shell:Creating environment descriptor '/home/parallels/drone_local/drone_ws/install/offboard_avoidance_unity/share/offboard_avoidance_unity/hook/pythonpath.dsv'
[61.422s] INFO:colcon.colcon_core.shell:Creating environment hook '/home/parallels/drone_local/drone_ws/install/offboard_avoidance_unity/share/offboard_avoidance_unity/hook/pythonpath.sh'
[61.423s] Level 1:colcon.colcon_core.environment:checking '/home/parallels/drone_local/drone_ws/install/offboard_avoidance_unity/bin'
[61.423s] Level 1:colcon.colcon_core.environment:create_environment_scripts_only(offboard_avoidance_unity)
[61.423s] INFO:colcon.colcon_core.shell:Creating package script '/home/parallels/drone_local/drone_ws/install/offboard_avoidance_unity/share/offboard_avoidance_unity/package.ps1'
[61.423s] INFO:colcon.colcon_core.shell:Creating package descriptor '/home/parallels/drone_local/drone_ws/install/offboard_avoidance_unity/share/offboard_avoidance_unity/package.dsv'
[61.424s] INFO:colcon.colcon_core.shell:Creating package script '/home/parallels/drone_local/drone_ws/install/offboard_avoidance_unity/share/offboard_avoidance_unity/package.sh'
[61.424s] INFO:colcon.colcon_core.shell:Creating package script '/home/parallels/drone_local/drone_ws/install/offboard_avoidance_unity/share/offboard_avoidance_unity/package.bash'
[61.424s] INFO:colcon.colcon_core.shell:Creating package script '/home/parallels/drone_local/drone_ws/install/offboard_avoidance_unity/share/offboard_avoidance_unity/package.zsh'
[61.424s] Level 1:colcon.colcon_core.environment:create_file_with_runtime_dependencies(/home/parallels/drone_local/drone_ws/install/offboard_avoidance_unity/share/colcon-core/packages/offboard_avoidance_unity)
[76.194s] DEBUG:colcon.colcon_core.event_handler.log_command:Invoked command in '/home/parallels/drone_local/drone_ws/build/px4_ros_com' returned '0': AMENT_PREFIX_PATH=/home/parallels/drone_local/drone_ws/install/px4_msgs:${AMENT_PREFIX_PATH} CMAKE_PREFIX_PATH=/home/parallels/drone_local/drone_ws/install/px4_msgs:/opt/ros/humble LD_LIBRARY_PATH=/home/parallels/drone_local/drone_ws/install/px4_msgs/lib:${LD_LIBRARY_PATH} PYTHONPATH=/home/parallels/drone_local/drone_ws/install/px4_msgs/local/lib/python3.10/dist-packages:${PYTHONPATH} /usr/bin/cmake --build /home/parallels/drone_local/drone_ws/build/px4_ros_com -- -j4 -l4
[76.203s] DEBUG:colcon.colcon_core.event_handler.log_command:Invoking command in '/home/parallels/drone_local/drone_ws/build/px4_ros_com': AMENT_PREFIX_PATH=/home/parallels/drone_local/drone_ws/install/px4_msgs:${AMENT_PREFIX_PATH} CMAKE_PREFIX_PATH=/home/parallels/drone_local/drone_ws/install/px4_msgs:/opt/ros/humble LD_LIBRARY_PATH=/home/parallels/drone_local/drone_ws/install/px4_msgs/lib:${LD_LIBRARY_PATH} PYTHONPATH=/home/parallels/drone_local/drone_ws/install/px4_msgs/local/lib/python3.10/dist-packages:${PYTHONPATH} /usr/bin/cmake --install /home/parallels/drone_local/drone_ws/build/px4_ros_com
[76.265s] Level 1:colcon.colcon_core.environment:create_environment_scripts_only(px4_ros_com)
[76.266s] Level 1:colcon.colcon_core.environment:checking '/home/parallels/drone_local/drone_ws/install/px4_ros_com' for CMake module files
[76.267s] DEBUG:colcon.colcon_core.event_handler.log_command:Invoked command in '/home/parallels/drone_local/drone_ws/build/px4_ros_com' returned '0': AMENT_PREFIX_PATH=/home/parallels/drone_local/drone_ws/install/px4_msgs:${AMENT_PREFIX_PATH} CMAKE_PREFIX_PATH=/home/parallels/drone_local/drone_ws/install/px4_msgs:/opt/ros/humble LD_LIBRARY_PATH=/home/parallels/drone_local/drone_ws/install/px4_msgs/lib:${LD_LIBRARY_PATH} PYTHONPATH=/home/parallels/drone_local/drone_ws/install/px4_msgs/local/lib/python3.10/dist-packages:${PYTHONPATH} /usr/bin/cmake --install /home/parallels/drone_local/drone_ws/build/px4_ros_com
[76.267s] Level 1:colcon.colcon_core.environment:checking '/home/parallels/drone_local/drone_ws/install/px4_ros_com' for CMake config files
[76.268s] Level 1:colcon.colcon_core.shell:create_environment_hook('px4_ros_com', 'cmake_prefix_path')
[76.268s] INFO:colcon.colcon_core.shell:Creating environment hook '/home/parallels/drone_local/drone_ws/install/px4_ros_com/share/px4_ros_com/hook/cmake_prefix_path.ps1'
[76.270s] INFO:colcon.colcon_core.shell:Creating environment descriptor '/home/parallels/drone_local/drone_ws/install/px4_ros_com/share/px4_ros_com/hook/cmake_prefix_path.dsv'
[76.270s] INFO:colcon.colcon_core.shell:Creating environment hook '/home/parallels/drone_local/drone_ws/install/px4_ros_com/share/px4_ros_com/hook/cmake_prefix_path.sh'
[76.271s] Level 1:colcon.colcon_core.environment:checking '/home/parallels/drone_local/drone_ws/install/px4_ros_com/lib'
[76.271s] Level 1:colcon.colcon_core.shell:create_environment_hook('px4_ros_com', 'ld_library_path_lib')
[76.271s] INFO:colcon.colcon_core.shell:Creating environment hook '/home/parallels/drone_local/drone_ws/install/px4_ros_com/share/px4_ros_com/hook/ld_library_path_lib.ps1'
[76.272s] INFO:colcon.colcon_core.shell:Creating environment descriptor '/home/parallels/drone_local/drone_ws/install/px4_ros_com/share/px4_ros_com/hook/ld_library_path_lib.dsv'
[76.272s] INFO:colcon.colcon_core.shell:Creating environment hook '/home/parallels/drone_local/drone_ws/install/px4_ros_com/share/px4_ros_com/hook/ld_library_path_lib.sh'
[76.272s] Level 1:colcon.colcon_core.environment:checking '/home/parallels/drone_local/drone_ws/install/px4_ros_com/bin'
[76.272s] Level 1:colcon.colcon_core.environment:checking '/home/parallels/drone_local/drone_ws/install/px4_ros_com/lib/pkgconfig/px4_ros_com.pc'
[76.273s] Level 1:colcon.colcon_core.environment:checking '/home/parallels/drone_local/drone_ws/install/px4_ros_com/lib/python3.10/site-packages'
[76.273s] Level 1:colcon.colcon_core.environment:checking '/home/parallels/drone_local/drone_ws/install/px4_ros_com/bin'
[76.273s] INFO:colcon.colcon_core.shell:Creating package script '/home/parallels/drone_local/drone_ws/install/px4_ros_com/share/px4_ros_com/package.ps1'
[76.274s] INFO:colcon.colcon_core.shell:Creating package descriptor '/home/parallels/drone_local/drone_ws/install/px4_ros_com/share/px4_ros_com/package.dsv'
[76.274s] INFO:colcon.colcon_core.shell:Creating package script '/home/parallels/drone_local/drone_ws/install/px4_ros_com/share/px4_ros_com/package.sh'
[76.274s] INFO:colcon.colcon_core.shell:Creating package script '/home/parallels/drone_local/drone_ws/install/px4_ros_com/share/px4_ros_com/package.bash'
[76.275s] INFO:colcon.colcon_core.shell:Creating package script '/home/parallels/drone_local/drone_ws/install/px4_ros_com/share/px4_ros_com/package.zsh'
[76.275s] Level 1:colcon.colcon_core.environment:create_file_with_runtime_dependencies(/home/parallels/drone_local/drone_ws/install/px4_ros_com/share/colcon-core/packages/px4_ros_com)
[76.275s] Level 1:colcon.colcon_core.environment:create_environment_scripts_only(px4_ros_com)
[76.276s] Level 1:colcon.colcon_core.environment:checking '/home/parallels/drone_local/drone_ws/install/px4_ros_com' for CMake module files
[76.276s] Level 1:colcon.colcon_core.environment:checking '/home/parallels/drone_local/drone_ws/install/px4_ros_com' for CMake config files
[76.276s] Level 1:colcon.colcon_core.shell:create_environment_hook('px4_ros_com', 'cmake_prefix_path')
[76.276s] INFO:colcon.colcon_core.shell:Creating environment hook '/home/parallels/drone_local/drone_ws/install/px4_ros_com/share/px4_ros_com/hook/cmake_prefix_path.ps1'
[76.276s] INFO:colcon.colcon_core.shell:Creating environment descriptor '/home/parallels/drone_local/drone_ws/install/px4_ros_com/share/px4_ros_com/hook/cmake_prefix_path.dsv'
[76.277s] INFO:colcon.colcon_core.shell:Creating environment hook '/home/parallels/drone_local/drone_ws/install/px4_ros_com/share/px4_ros_com/hook/cmake_prefix_path.sh'
[76.277s] Level 1:colcon.colcon_core.environment:checking '/home/parallels/drone_local/drone_ws/install/px4_ros_com/lib'
[76.277s] Level 1:colcon.colcon_core.shell:create_environment_hook('px4_ros_com', 'ld_library_path_lib')
[76.277s] INFO:colcon.colcon_core.shell:Creating environment hook '/home/parallels/drone_local/drone_ws/install/px4_ros_com/share/px4_ros_com/hook/ld_library_path_lib.ps1'
[76.278s] INFO:colcon.colcon_core.shell:Creating environment descriptor '/home/parallels/drone_local/drone_ws/install/px4_ros_com/share/px4_ros_com/hook/ld_library_path_lib.dsv'
[76.278s] INFO:colcon.colcon_core.shell:Creating environment hook '/home/parallels/drone_local/drone_ws/install/px4_ros_com/share/px4_ros_com/hook/ld_library_path_lib.sh'
[76.278s] Level 1:colcon.colcon_core.environment:checking '/home/parallels/drone_local/drone_ws/install/px4_ros_com/bin'
[76.278s] Level 1:colcon.colcon_core.environment:checking '/home/parallels/drone_local/drone_ws/install/px4_ros_com/lib/pkgconfig/px4_ros_com.pc'
[76.278s] Level 1:colcon.colcon_core.environment:checking '/home/parallels/drone_local/drone_ws/install/px4_ros_com/lib/python3.10/site-packages'
[76.279s] Level 1:colcon.colcon_core.environment:checking '/home/parallels/drone_local/drone_ws/install/px4_ros_com/bin'
[76.279s] INFO:colcon.colcon_core.shell:Creating package script '/home/parallels/drone_local/drone_ws/install/px4_ros_com/share/px4_ros_com/package.ps1'
[76.279s] INFO:colcon.colcon_core.shell:Creating package descriptor '/home/parallels/drone_local/drone_ws/install/px4_ros_com/share/px4_ros_com/package.dsv'
[76.279s] INFO:colcon.colcon_core.shell:Creating package script '/home/parallels/drone_local/drone_ws/install/px4_ros_com/share/px4_ros_com/package.sh'
[76.279s] INFO:colcon.colcon_core.shell:Creating package script '/home/parallels/drone_local/drone_ws/install/px4_ros_com/share/px4_ros_com/package.bash'
[76.280s] INFO:colcon.colcon_core.shell:Creating package script '/home/parallels/drone_local/drone_ws/install/px4_ros_com/share/px4_ros_com/package.zsh'
[76.280s] Level 1:colcon.colcon_core.environment:create_file_with_runtime_dependencies(/home/parallels/drone_local/drone_ws/install/px4_ros_com/share/colcon-core/packages/px4_ros_com)
[76.280s] DEBUG:colcon.colcon_parallel_executor.executor.parallel:closing loop
[76.281s] DEBUG:colcon.colcon_parallel_executor.executor.parallel:loop closed
[76.281s] DEBUG:colcon.colcon_parallel_executor.executor.parallel:run_until_complete finished with '0'
[76.281s] DEBUG:colcon.colcon_core.event_reactor:joining thread
[76.291s] INFO:colcon.colcon_core.plugin_system:Skipping extension 'colcon_notification.desktop_notification.terminal_notifier': Not used on non-Darwin systems
[76.291s] INFO:colcon.colcon_core.plugin_system:Skipping extension 'colcon_notification.desktop_notification.win32': Not used on non-Windows systems
[76.291s] INFO:colcon.colcon_notification.desktop_notification:Sending desktop notification using 'notify2'
[76.352s] DEBUG:colcon.colcon_core.event_reactor:joined thread
[76.353s] INFO:colcon.colcon_core.shell:Creating prefix script '/home/parallels/drone_local/drone_ws/install/local_setup.ps1'
[76.354s] INFO:colcon.colcon_core.shell:Creating prefix util module '/home/parallels/drone_local/drone_ws/install/_local_setup_util_ps1.py'
[76.356s] INFO:colcon.colcon_core.shell:Creating prefix chain script '/home/parallels/drone_local/drone_ws/install/setup.ps1'
[76.357s] INFO:colcon.colcon_core.shell:Creating prefix script '/home/parallels/drone_local/drone_ws/install/local_setup.sh'
[76.357s] INFO:colcon.colcon_core.shell:Creating prefix util module '/home/parallels/drone_local/drone_ws/install/_local_setup_util_sh.py'
[76.358s] INFO:colcon.colcon_core.shell:Creating prefix chain script '/home/parallels/drone_local/drone_ws/install/setup.sh'
[76.360s] INFO:colcon.colcon_core.shell:Creating prefix script '/home/parallels/drone_local/drone_ws/install/local_setup.bash'
[76.360s] INFO:colcon.colcon_core.shell:Creating prefix chain script '/home/parallels/drone_local/drone_ws/install/setup.bash'
[76.362s] INFO:colcon.colcon_core.shell:Creating prefix script '/home/parallels/drone_local/drone_ws/install/local_setup.zsh'
[76.362s] INFO:colcon.colcon_core.shell:Creating prefix chain script '/home/parallels/drone_local/drone_ws/install/setup.zsh'
