[0.083s] DEBUG:colcon:Command line arguments: ['/usr/bin/colcon', 'build', '--symlink-install']
[0.083s] DEBUG:colcon:Parsed command line arguments: Namespace(log_base=None, log_level=None, verb_name='build', build_base='build', install_base='install', merge_install=False, symlink_install=True, test_result_base=None, continue_on_error=False, executor='parallel', parallel_workers=4, event_handlers=None, ignore_user_meta=False, metas=['./colcon.meta'], base_paths=['.'], packages_ignore=None, packages_ignore_regex=None, paths=None, packages_up_to=None, packages_up_to_regex=None, packages_above=None, packages_above_and_dependencies=None, packages_above_depth=None, packages_select_by_dep=None, packages_skip_by_dep=None, packages_skip_up_to=None, packages_select_build_failed=False, packages_skip_build_finished=False, packages_select_test_failures=False, packages_skip_test_passed=False, packages_select=None, packages_skip=None, packages_select_regex=None, packages_skip_regex=None, packages_start=None, packages_end=None, allow_overriding=[], cmake_args=None, cmake_target=None, cmake_target_skip_unavailable=False, cmake_clean_cache=False, cmake_clean_first=False, cmake_force_configure=False, ament_cmake_args=None, catkin_cmake_args=None, catkin_skip_building_tests=False, verb_parser=<colcon_defaults.argument_parser.defaults.DefaultArgumentsDecorator object at 0xffffad99dc30>, verb_extension=<colcon_core.verb.build.BuildVerb object at 0xffffadb43160>, main=<bound method BuildVerb.main of <colcon_core.verb.build.BuildVerb object at 0xffffadb43160>>)
[0.189s] Level 1:colcon.colcon_core.package_discovery:discover_packages(colcon_meta) check parameters
[0.189s] Level 1:colcon.colcon_core.package_discovery:discover_packages(recursive) check parameters
[0.189s] Level 1:colcon.colcon_core.package_discovery:discover_packages(ignore) check parameters
[0.189s] Level 1:colcon.colcon_core.package_discovery:discover_packages(path) check parameters
[0.189s] Level 1:colcon.colcon_core.package_discovery:discover_packages(colcon_meta) discover
[0.189s] Level 1:colcon.colcon_core.package_discovery:discover_packages(recursive) discover
[0.189s] INFO:colcon.colcon_core.package_discovery:Crawling recursively for packages in '/home/parallels/drone_local/drone_ws'
[0.189s] Level 1:colcon.colcon_core.package_identification:_identify(.) by extensions ['ignore', 'ignore_ament_install']
[0.189s] Level 1:colcon.colcon_core.package_identification:_identify(.) by extension 'ignore'
[0.189s] Level 1:colcon.colcon_core.package_identification:_identify(.) by extension 'ignore_ament_install'
[0.189s] Level 1:colcon.colcon_core.package_identification:_identify(.) by extensions ['colcon_pkg']
[0.189s] Level 1:colcon.colcon_core.package_identification:_identify(.) by extension 'colcon_pkg'
[0.189s] Level 1:colcon.colcon_core.package_identification:_identify(.) by extensions ['colcon_meta']
[0.189s] Level 1:colcon.colcon_core.package_identification:_identify(.) by extension 'colcon_meta'
[0.189s] Level 1:colcon.colcon_core.package_identification:_identify(.) by extensions ['ros']
[0.189s] Level 1:colcon.colcon_core.package_identification:_identify(.) by extension 'ros'
[0.198s] Level 1:colcon.colcon_core.package_identification:_identify(.) by extensions ['cmake', 'python']
[0.198s] Level 1:colcon.colcon_core.package_identification:_identify(.) by extension 'cmake'
[0.198s] Level 1:colcon.colcon_core.package_identification:_identify(.) by extension 'python'
[0.198s] Level 1:colcon.colcon_core.package_identification:_identify(.) by extensions ['python_setup_py']
[0.198s] Level 1:colcon.colcon_core.package_identification:_identify(.) by extension 'python_setup_py'
[0.198s] Level 1:colcon.colcon_core.package_identification:_identify(build) by extensions ['ignore', 'ignore_ament_install']
[0.198s] Level 1:colcon.colcon_core.package_identification:_identify(build) by extension 'ignore'
[0.198s] Level 1:colcon.colcon_core.package_identification:_identify(build) ignored
[0.198s] Level 1:colcon.colcon_core.package_identification:_identify(install) by extensions ['ignore', 'ignore_ament_install']
[0.198s] Level 1:colcon.colcon_core.package_identification:_identify(install) by extension 'ignore'
[0.198s] Level 1:colcon.colcon_core.package_identification:_identify(install) ignored
[0.199s] Level 1:colcon.colcon_core.package_identification:_identify(log) by extensions ['ignore', 'ignore_ament_install']
[0.199s] Level 1:colcon.colcon_core.package_identification:_identify(log) by extension 'ignore'
[0.199s] Level 1:colcon.colcon_core.package_identification:_identify(log) ignored
[0.199s] Level 1:colcon.colcon_core.package_identification:_identify(src) by extensions ['ignore', 'ignore_ament_install']
[0.199s] Level 1:colcon.colcon_core.package_identification:_identify(src) by extension 'ignore'
[0.199s] Level 1:colcon.colcon_core.package_identification:_identify(src) by extension 'ignore_ament_install'
[0.199s] Level 1:colcon.colcon_core.package_identification:_identify(src) by extensions ['colcon_pkg']
[0.199s] Level 1:colcon.colcon_core.package_identification:_identify(src) by extension 'colcon_pkg'
[0.199s] Level 1:colcon.colcon_core.package_identification:_identify(src) by extensions ['colcon_meta']
[0.199s] Level 1:colcon.colcon_core.package_identification:_identify(src) by extension 'colcon_meta'
[0.199s] Level 1:colcon.colcon_core.package_identification:_identify(src) by extensions ['ros']
[0.199s] Level 1:colcon.colcon_core.package_identification:_identify(src) by extension 'ros'
[0.199s] Level 1:colcon.colcon_core.package_identification:_identify(src) by extensions ['cmake', 'python']
[0.199s] Level 1:colcon.colcon_core.package_identification:_identify(src) by extension 'cmake'
[0.199s] Level 1:colcon.colcon_core.package_identification:_identify(src) by extension 'python'
[0.199s] Level 1:colcon.colcon_core.package_identification:_identify(src) by extensions ['python_setup_py']
[0.199s] Level 1:colcon.colcon_core.package_identification:_identify(src) by extension 'python_setup_py'
[0.199s] Level 1:colcon.colcon_core.package_identification:_identify(src/ROS-TCP-Endpoint) by extensions ['ignore', 'ignore_ament_install']
[0.199s] Level 1:colcon.colcon_core.package_identification:_identify(src/ROS-TCP-Endpoint) by extension 'ignore'
[0.199s] Level 1:colcon.colcon_core.package_identification:_identify(src/ROS-TCP-Endpoint) by extension 'ignore_ament_install'
[0.199s] Level 1:colcon.colcon_core.package_identification:_identify(src/ROS-TCP-Endpoint) by extensions ['colcon_pkg']
[0.200s] Level 1:colcon.colcon_core.package_identification:_identify(src/ROS-TCP-Endpoint) by extension 'colcon_pkg'
[0.200s] Level 1:colcon.colcon_core.package_identification:_identify(src/ROS-TCP-Endpoint) by extensions ['colcon_meta']
[0.200s] Level 1:colcon.colcon_core.package_identification:_identify(src/ROS-TCP-Endpoint) by extension 'colcon_meta'
[0.200s] Level 1:colcon.colcon_core.package_identification:_identify(src/ROS-TCP-Endpoint) by extensions ['ros']
[0.200s] Level 1:colcon.colcon_core.package_identification:_identify(src/ROS-TCP-Endpoint) by extension 'ros'
[0.202s] DEBUG:colcon.colcon_core.package_identification:Package 'src/ROS-TCP-Endpoint' with type 'ros.ament_python' and name 'ros_tcp_endpoint'
[0.202s] Level 1:colcon.colcon_core.package_identification:_identify(src/drone_autonomy) by extensions ['ignore', 'ignore_ament_install']
[0.202s] Level 1:colcon.colcon_core.package_identification:_identify(src/drone_autonomy) by extension 'ignore'
[0.202s] Level 1:colcon.colcon_core.package_identification:_identify(src/drone_autonomy) by extension 'ignore_ament_install'
[0.202s] Level 1:colcon.colcon_core.package_identification:_identify(src/drone_autonomy) by extensions ['colcon_pkg']
[0.202s] Level 1:colcon.colcon_core.package_identification:_identify(src/drone_autonomy) by extension 'colcon_pkg'
[0.202s] Level 1:colcon.colcon_core.package_identification:_identify(src/drone_autonomy) by extensions ['colcon_meta']
[0.202s] Level 1:colcon.colcon_core.package_identification:_identify(src/drone_autonomy) by extension 'colcon_meta'
[0.202s] Level 1:colcon.colcon_core.package_identification:_identify(src/drone_autonomy) by extensions ['ros']
[0.202s] Level 1:colcon.colcon_core.package_identification:_identify(src/drone_autonomy) by extension 'ros'
[0.203s] DEBUG:colcon.colcon_core.package_identification:Package 'src/drone_autonomy' with type 'ros.ament_python' and name 'drone_autonomy'
[0.203s] Level 1:colcon.colcon_core.package_identification:_identify(src/offboard_avoidance_unity) by extensions ['ignore', 'ignore_ament_install']
[0.203s] Level 1:colcon.colcon_core.package_identification:_identify(src/offboard_avoidance_unity) by extension 'ignore'
[0.203s] Level 1:colcon.colcon_core.package_identification:_identify(src/offboard_avoidance_unity) by extension 'ignore_ament_install'
[0.203s] Level 1:colcon.colcon_core.package_identification:_identify(src/offboard_avoidance_unity) by extensions ['colcon_pkg']
[0.203s] Level 1:colcon.colcon_core.package_identification:_identify(src/offboard_avoidance_unity) by extension 'colcon_pkg'
[0.203s] Level 1:colcon.colcon_core.package_identification:_identify(src/offboard_avoidance_unity) by extensions ['colcon_meta']
[0.203s] Level 1:colcon.colcon_core.package_identification:_identify(src/offboard_avoidance_unity) by extension 'colcon_meta'
[0.203s] Level 1:colcon.colcon_core.package_identification:_identify(src/offboard_avoidance_unity) by extensions ['ros']
[0.203s] Level 1:colcon.colcon_core.package_identification:_identify(src/offboard_avoidance_unity) by extension 'ros'
[0.203s] DEBUG:colcon.colcon_core.package_identification:Package 'src/offboard_avoidance_unity' with type 'ros.ament_python' and name 'offboard_avoidance_unity'
[0.204s] Level 1:colcon.colcon_core.package_identification:_identify(src/offboard_test) by extensions ['ignore', 'ignore_ament_install']
[0.204s] Level 1:colcon.colcon_core.package_identification:_identify(src/offboard_test) by extension 'ignore'
[0.204s] Level 1:colcon.colcon_core.package_identification:_identify(src/offboard_test) by extension 'ignore_ament_install'
[0.204s] Level 1:colcon.colcon_core.package_identification:_identify(src/offboard_test) by extensions ['colcon_pkg']
[0.204s] Level 1:colcon.colcon_core.package_identification:_identify(src/offboard_test) by extension 'colcon_pkg'
[0.204s] Level 1:colcon.colcon_core.package_identification:_identify(src/offboard_test) by extensions ['colcon_meta']
[0.204s] Level 1:colcon.colcon_core.package_identification:_identify(src/offboard_test) by extension 'colcon_meta'
[0.204s] Level 1:colcon.colcon_core.package_identification:_identify(src/offboard_test) by extensions ['ros']
[0.204s] Level 1:colcon.colcon_core.package_identification:_identify(src/offboard_test) by extension 'ros'
[0.204s] DEBUG:colcon.colcon_core.package_identification:Package 'src/offboard_test' with type 'ros.ament_python' and name 'offboard_test'
[0.204s] Level 1:colcon.colcon_core.package_identification:_identify(src/px4_msgs) by extensions ['ignore', 'ignore_ament_install']
[0.204s] Level 1:colcon.colcon_core.package_identification:_identify(src/px4_msgs) by extension 'ignore'
[0.204s] Level 1:colcon.colcon_core.package_identification:_identify(src/px4_msgs) by extension 'ignore_ament_install'
[0.204s] Level 1:colcon.colcon_core.package_identification:_identify(src/px4_msgs) by extensions ['colcon_pkg']
[0.204s] Level 1:colcon.colcon_core.package_identification:_identify(src/px4_msgs) by extension 'colcon_pkg'
[0.204s] Level 1:colcon.colcon_core.package_identification:_identify(src/px4_msgs) by extensions ['colcon_meta']
[0.204s] Level 1:colcon.colcon_core.package_identification:_identify(src/px4_msgs) by extension 'colcon_meta'
[0.204s] Level 1:colcon.colcon_core.package_identification:_identify(src/px4_msgs) by extensions ['ros']
[0.204s] Level 1:colcon.colcon_core.package_identification:_identify(src/px4_msgs) by extension 'ros'
[0.205s] DEBUG:colcon.colcon_core.package_identification:Package 'src/px4_msgs' with type 'ros.ament_cmake' and name 'px4_msgs'
[0.205s] Level 1:colcon.colcon_core.package_identification:_identify(src/px4_ros_com) by extensions ['ignore', 'ignore_ament_install']
[0.205s] Level 1:colcon.colcon_core.package_identification:_identify(src/px4_ros_com) by extension 'ignore'
[0.205s] Level 1:colcon.colcon_core.package_identification:_identify(src/px4_ros_com) by extension 'ignore_ament_install'
[0.205s] Level 1:colcon.colcon_core.package_identification:_identify(src/px4_ros_com) by extensions ['colcon_pkg']
[0.205s] Level 1:colcon.colcon_core.package_identification:_identify(src/px4_ros_com) by extension 'colcon_pkg'
[0.205s] Level 1:colcon.colcon_core.package_identification:_identify(src/px4_ros_com) by extensions ['colcon_meta']
[0.205s] Level 1:colcon.colcon_core.package_identification:_identify(src/px4_ros_com) by extension 'colcon_meta'
[0.205s] Level 1:colcon.colcon_core.package_identification:_identify(src/px4_ros_com) by extensions ['ros']
[0.205s] Level 1:colcon.colcon_core.package_identification:_identify(src/px4_ros_com) by extension 'ros'
[0.206s] DEBUG:colcon.colcon_core.package_identification:Package 'src/px4_ros_com' with type 'ros.ament_cmake' and name 'px4_ros_com'
[0.206s] Level 1:colcon.colcon_core.package_discovery:discover_packages(recursive) using defaults
[0.206s] Level 1:colcon.colcon_core.package_discovery:discover_packages(ignore) discover
[0.206s] Level 1:colcon.colcon_core.package_discovery:discover_packages(ignore) using defaults
[0.206s] Level 1:colcon.colcon_core.package_discovery:discover_packages(path) discover
[0.206s] Level 1:colcon.colcon_core.package_discovery:discover_packages(path) using defaults
[0.229s] Level 1:colcon.colcon_core.package_discovery:discover_packages(prefix_path) check parameters
[0.230s] Level 1:colcon.colcon_core.package_discovery:discover_packages(prefix_path) discover
[0.231s] DEBUG:colcon.colcon_installed_package_information.package_discovery:Found 7 installed packages in /home/parallels/drone_local/drone_ws/install
[0.232s] DEBUG:colcon.colcon_installed_package_information.package_discovery:Found 276 installed packages in /opt/ros/humble
[0.233s] Level 1:colcon.colcon_core.package_discovery:discover_packages(prefix_path) using defaults
[0.257s] Level 5:colcon.colcon_core.verb:set package 'px4_msgs' build argument 'cmake_args' from command line to 'None'
[0.257s] Level 5:colcon.colcon_core.verb:set package 'px4_msgs' build argument 'cmake_target' from command line to 'None'
[0.257s] Level 5:colcon.colcon_core.verb:set package 'px4_msgs' build argument 'cmake_target_skip_unavailable' from command line to 'False'
[0.257s] Level 5:colcon.colcon_core.verb:set package 'px4_msgs' build argument 'cmake_clean_cache' from command line to 'False'
[0.257s] Level 5:colcon.colcon_core.verb:set package 'px4_msgs' build argument 'cmake_clean_first' from command line to 'False'
[0.257s] Level 5:colcon.colcon_core.verb:set package 'px4_msgs' build argument 'cmake_force_configure' from command line to 'False'
[0.257s] Level 5:colcon.colcon_core.verb:set package 'px4_msgs' build argument 'ament_cmake_args' from command line to 'None'
[0.257s] Level 5:colcon.colcon_core.verb:set package 'px4_msgs' build argument 'catkin_cmake_args' from command line to 'None'
[0.257s] Level 5:colcon.colcon_core.verb:set package 'px4_msgs' build argument 'catkin_skip_building_tests' from command line to 'False'
[0.257s] DEBUG:colcon.colcon_core.verb:Building package 'px4_msgs' with the following arguments: {'ament_cmake_args': None, 'build_base': '/home/parallels/drone_local/drone_ws/build/px4_msgs', 'catkin_cmake_args': None, 'catkin_skip_building_tests': False, 'cmake_args': None, 'cmake_clean_cache': False, 'cmake_clean_first': False, 'cmake_force_configure': False, 'cmake_target': None, 'cmake_target_skip_unavailable': False, 'install_base': '/home/parallels/drone_local/drone_ws/install/px4_msgs', 'merge_install': False, 'path': '/home/parallels/drone_local/drone_ws/src/px4_msgs', 'symlink_install': True, 'test_result_base': None}
[0.257s] Level 5:colcon.colcon_core.verb:set package 'ros_tcp_endpoint' build argument 'cmake_args' from command line to 'None'
[0.257s] Level 5:colcon.colcon_core.verb:set package 'ros_tcp_endpoint' build argument 'cmake_target' from command line to 'None'
[0.257s] Level 5:colcon.colcon_core.verb:set package 'ros_tcp_endpoint' build argument 'cmake_target_skip_unavailable' from command line to 'False'
[0.257s] Level 5:colcon.colcon_core.verb:set package 'ros_tcp_endpoint' build argument 'cmake_clean_cache' from command line to 'False'
[0.257s] Level 5:colcon.colcon_core.verb:set package 'ros_tcp_endpoint' build argument 'cmake_clean_first' from command line to 'False'
[0.257s] Level 5:colcon.colcon_core.verb:set package 'ros_tcp_endpoint' build argument 'cmake_force_configure' from command line to 'False'
[0.257s] Level 5:colcon.colcon_core.verb:set package 'ros_tcp_endpoint' build argument 'ament_cmake_args' from command line to 'None'
[0.257s] Level 5:colcon.colcon_core.verb:set package 'ros_tcp_endpoint' build argument 'catkin_cmake_args' from command line to 'None'
[0.257s] Level 5:colcon.colcon_core.verb:set package 'ros_tcp_endpoint' build argument 'catkin_skip_building_tests' from command line to 'False'
[0.257s] DEBUG:colcon.colcon_core.verb:Building package 'ros_tcp_endpoint' with the following arguments: {'ament_cmake_args': None, 'build_base': '/home/parallels/drone_local/drone_ws/build/ros_tcp_endpoint', 'catkin_cmake_args': None, 'catkin_skip_building_tests': False, 'cmake_args': None, 'cmake_clean_cache': False, 'cmake_clean_first': False, 'cmake_force_configure': False, 'cmake_target': None, 'cmake_target_skip_unavailable': False, 'install_base': '/home/parallels/drone_local/drone_ws/install/ros_tcp_endpoint', 'merge_install': False, 'path': '/home/parallels/drone_local/drone_ws/src/ROS-TCP-Endpoint', 'symlink_install': True, 'test_result_base': None}
[0.258s] Level 5:colcon.colcon_core.verb:set package 'drone_autonomy' build argument 'cmake_args' from command line to 'None'
[0.258s] Level 5:colcon.colcon_core.verb:set package 'drone_autonomy' build argument 'cmake_target' from command line to 'None'
[0.258s] Level 5:colcon.colcon_core.verb:set package 'drone_autonomy' build argument 'cmake_target_skip_unavailable' from command line to 'False'
[0.258s] Level 5:colcon.colcon_core.verb:set package 'drone_autonomy' build argument 'cmake_clean_cache' from command line to 'False'
[0.258s] Level 5:colcon.colcon_core.verb:set package 'drone_autonomy' build argument 'cmake_clean_first' from command line to 'False'
[0.258s] Level 5:colcon.colcon_core.verb:set package 'drone_autonomy' build argument 'cmake_force_configure' from command line to 'False'
[0.258s] Level 5:colcon.colcon_core.verb:set package 'drone_autonomy' build argument 'ament_cmake_args' from command line to 'None'
[0.258s] Level 5:colcon.colcon_core.verb:set package 'drone_autonomy' build argument 'catkin_cmake_args' from command line to 'None'
[0.258s] Level 5:colcon.colcon_core.verb:set package 'drone_autonomy' build argument 'catkin_skip_building_tests' from command line to 'False'
[0.258s] DEBUG:colcon.colcon_core.verb:Building package 'drone_autonomy' with the following arguments: {'ament_cmake_args': None, 'build_base': '/home/parallels/drone_local/drone_ws/build/drone_autonomy', 'catkin_cmake_args': None, 'catkin_skip_building_tests': False, 'cmake_args': None, 'cmake_clean_cache': False, 'cmake_clean_first': False, 'cmake_force_configure': False, 'cmake_target': None, 'cmake_target_skip_unavailable': False, 'install_base': '/home/parallels/drone_local/drone_ws/install/drone_autonomy', 'merge_install': False, 'path': '/home/parallels/drone_local/drone_ws/src/drone_autonomy', 'symlink_install': True, 'test_result_base': None}
[0.258s] Level 5:colcon.colcon_core.verb:set package 'offboard_avoidance_unity' build argument 'cmake_args' from command line to 'None'
[0.258s] Level 5:colcon.colcon_core.verb:set package 'offboard_avoidance_unity' build argument 'cmake_target' from command line to 'None'
[0.258s] Level 5:colcon.colcon_core.verb:set package 'offboard_avoidance_unity' build argument 'cmake_target_skip_unavailable' from command line to 'False'
[0.258s] Level 5:colcon.colcon_core.verb:set package 'offboard_avoidance_unity' build argument 'cmake_clean_cache' from command line to 'False'
[0.258s] Level 5:colcon.colcon_core.verb:set package 'offboard_avoidance_unity' build argument 'cmake_clean_first' from command line to 'False'
[0.258s] Level 5:colcon.colcon_core.verb:set package 'offboard_avoidance_unity' build argument 'cmake_force_configure' from command line to 'False'
[0.258s] Level 5:colcon.colcon_core.verb:set package 'offboard_avoidance_unity' build argument 'ament_cmake_args' from command line to 'None'
[0.258s] Level 5:colcon.colcon_core.verb:set package 'offboard_avoidance_unity' build argument 'catkin_cmake_args' from command line to 'None'
[0.258s] Level 5:colcon.colcon_core.verb:set package 'offboard_avoidance_unity' build argument 'catkin_skip_building_tests' from command line to 'False'
[0.258s] DEBUG:colcon.colcon_core.verb:Building package 'offboard_avoidance_unity' with the following arguments: {'ament_cmake_args': None, 'build_base': '/home/parallels/drone_local/drone_ws/build/offboard_avoidance_unity', 'catkin_cmake_args': None, 'catkin_skip_building_tests': False, 'cmake_args': None, 'cmake_clean_cache': False, 'cmake_clean_first': False, 'cmake_force_configure': False, 'cmake_target': None, 'cmake_target_skip_unavailable': False, 'install_base': '/home/parallels/drone_local/drone_ws/install/offboard_avoidance_unity', 'merge_install': False, 'path': '/home/parallels/drone_local/drone_ws/src/offboard_avoidance_unity', 'symlink_install': True, 'test_result_base': None}
[0.258s] Level 5:colcon.colcon_core.verb:set package 'offboard_test' build argument 'cmake_args' from command line to 'None'
[0.258s] Level 5:colcon.colcon_core.verb:set package 'offboard_test' build argument 'cmake_target' from command line to 'None'
[0.258s] Level 5:colcon.colcon_core.verb:set package 'offboard_test' build argument 'cmake_target_skip_unavailable' from command line to 'False'
[0.258s] Level 5:colcon.colcon_core.verb:set package 'offboard_test' build argument 'cmake_clean_cache' from command line to 'False'
[0.258s] Level 5:colcon.colcon_core.verb:set package 'offboard_test' build argument 'cmake_clean_first' from command line to 'False'
[0.258s] Level 5:colcon.colcon_core.verb:set package 'offboard_test' build argument 'cmake_force_configure' from command line to 'False'
[0.258s] Level 5:colcon.colcon_core.verb:set package 'offboard_test' build argument 'ament_cmake_args' from command line to 'None'
[0.258s] Level 5:colcon.colcon_core.verb:set package 'offboard_test' build argument 'catkin_cmake_args' from command line to 'None'
[0.258s] Level 5:colcon.colcon_core.verb:set package 'offboard_test' build argument 'catkin_skip_building_tests' from command line to 'False'
[0.258s] DEBUG:colcon.colcon_core.verb:Building package 'offboard_test' with the following arguments: {'ament_cmake_args': None, 'build_base': '/home/parallels/drone_local/drone_ws/build/offboard_test', 'catkin_cmake_args': None, 'catkin_skip_building_tests': False, 'cmake_args': None, 'cmake_clean_cache': False, 'cmake_clean_first': False, 'cmake_force_configure': False, 'cmake_target': None, 'cmake_target_skip_unavailable': False, 'install_base': '/home/parallels/drone_local/drone_ws/install/offboard_test', 'merge_install': False, 'path': '/home/parallels/drone_local/drone_ws/src/offboard_test', 'symlink_install': True, 'test_result_base': None}
[0.258s] Level 5:colcon.colcon_core.verb:set package 'px4_ros_com' build argument 'cmake_args' from command line to 'None'
[0.258s] Level 5:colcon.colcon_core.verb:set package 'px4_ros_com' build argument 'cmake_target' from command line to 'None'
[0.259s] Level 5:colcon.colcon_core.verb:set package 'px4_ros_com' build argument 'cmake_target_skip_unavailable' from command line to 'False'
[0.259s] Level 5:colcon.colcon_core.verb:set package 'px4_ros_com' build argument 'cmake_clean_cache' from command line to 'False'
[0.259s] Level 5:colcon.colcon_core.verb:set package 'px4_ros_com' build argument 'cmake_clean_first' from command line to 'False'
[0.259s] Level 5:colcon.colcon_core.verb:set package 'px4_ros_com' build argument 'cmake_force_configure' from command line to 'False'
[0.259s] Level 5:colcon.colcon_core.verb:set package 'px4_ros_com' build argument 'ament_cmake_args' from command line to 'None'
[0.259s] Level 5:colcon.colcon_core.verb:set package 'px4_ros_com' build argument 'catkin_cmake_args' from command line to 'None'
[0.259s] Level 5:colcon.colcon_core.verb:set package 'px4_ros_com' build argument 'catkin_skip_building_tests' from command line to 'False'
[0.259s] DEBUG:colcon.colcon_core.verb:Building package 'px4_ros_com' with the following arguments: {'ament_cmake_args': None, 'build_base': '/home/parallels/drone_local/drone_ws/build/px4_ros_com', 'catkin_cmake_args': None, 'catkin_skip_building_tests': False, 'cmake_args': None, 'cmake_clean_cache': False, 'cmake_clean_first': False, 'cmake_force_configure': False, 'cmake_target': None, 'cmake_target_skip_unavailable': False, 'install_base': '/home/parallels/drone_local/drone_ws/install/px4_ros_com', 'merge_install': False, 'path': '/home/parallels/drone_local/drone_ws/src/px4_ros_com', 'symlink_install': True, 'test_result_base': None}
[0.259s] INFO:colcon.colcon_core.executor:Executing jobs using 'parallel' executor
[0.260s] DEBUG:colcon.colcon_parallel_executor.executor.parallel:run_until_complete
[0.260s] INFO:colcon.colcon_ros.task.ament_cmake.build:Building ROS package in '/home/parallels/drone_local/drone_ws/src/px4_msgs' with build type 'ament_cmake'
[0.260s] INFO:colcon.colcon_cmake.task.cmake.build:Building CMake package in '/home/parallels/drone_local/drone_ws/src/px4_msgs'
[0.262s] INFO:colcon.colcon_core.plugin_system:Skipping extension 'colcon_core.shell.bat': Not used on non-Windows systems
[0.262s] INFO:colcon.colcon_core.shell:Skip shell extension 'powershell' for command environment: Not usable outside of PowerShell
[0.262s] DEBUG:colcon.colcon_core.shell:Skip shell extension 'dsv' for command environment
[0.265s] INFO:colcon.colcon_ros.task.ament_python.build:Building ROS package in '/home/parallels/drone_local/drone_ws/src/ROS-TCP-Endpoint' with build type 'ament_python'
[0.265s] Level 1:colcon.colcon_core.shell:create_environment_hook('ros_tcp_endpoint', 'ament_prefix_path')
[0.266s] INFO:colcon.colcon_core.shell:Creating environment hook '/home/parallels/drone_local/drone_ws/install/ros_tcp_endpoint/share/ros_tcp_endpoint/hook/ament_prefix_path.ps1'
[0.266s] INFO:colcon.colcon_core.shell:Creating environment descriptor '/home/parallels/drone_local/drone_ws/install/ros_tcp_endpoint/share/ros_tcp_endpoint/hook/ament_prefix_path.dsv'
[0.267s] INFO:colcon.colcon_core.shell:Creating environment hook '/home/parallels/drone_local/drone_ws/install/ros_tcp_endpoint/share/ros_tcp_endpoint/hook/ament_prefix_path.sh'
[0.267s] INFO:colcon.colcon_core.shell:Skip shell extension 'powershell' for command environment: Not usable outside of PowerShell
[0.267s] DEBUG:colcon.colcon_core.shell:Skip shell extension 'dsv' for command environment
[0.272s] DEBUG:colcon.colcon_core.event_handler.log_command:Invoking command in '/home/parallels/drone_local/drone_ws/build/px4_msgs': CMAKE_PREFIX_PATH=${CMAKE_PREFIX_PATH}:/home/parallels/drone_local/drone_ws/install/tracking:/home/parallels/drone_local/drone_ws/install/ros_tcp_endpoint:/home/parallels/drone_local/drone_ws/install/offboard_test:/home/parallels/drone_local/drone_ws/install/offboard_avoidance_unity:/home/parallels/drone_local/drone_ws/install/drone_autonomy:/opt/ros/humble /usr/bin/cmake --build /home/parallels/drone_local/drone_ws/build/px4_msgs -- -j4 -l4
[0.448s] INFO:colcon.colcon_core.task.python.build:Building Python package in '/home/parallels/drone_local/drone_ws/src/ROS-TCP-Endpoint'
[0.448s] INFO:colcon.colcon_core.shell:Skip shell extension 'powershell' for command environment: Not usable outside of PowerShell
[0.448s] DEBUG:colcon.colcon_core.shell:Skip shell extension 'dsv' for command environment
[0.716s] DEBUG:colcon.colcon_core.event_handler.log_command:Invoking command in '/home/parallels/drone_local/drone_ws/build/ros_tcp_endpoint': PYTHONPATH=/home/parallels/drone_local/drone_ws/build/ros_tcp_endpoint/prefix_override:/usr/lib/python3/dist-packages/colcon_core/task/python/colcon_distutils_commands:/home/parallels/drone_local/drone_ws/install/ros_tcp_endpoint/lib/python3.10/site-packages:${PYTHONPATH} /usr/bin/python3 -W ignore:setup.py install is deprecated -W ignore:easy_install command is deprecated setup.py develop --editable --build-directory /home/parallels/drone_local/drone_ws/build/ros_tcp_endpoint/build --no-deps symlink_data
[1.028s] Level 1:colcon.colcon_core.shell:create_environment_hook('ros_tcp_endpoint', 'pythonpath_develop')
[1.029s] INFO:colcon.colcon_core.shell:Creating environment hook '/home/parallels/drone_local/drone_ws/build/ros_tcp_endpoint/share/ros_tcp_endpoint/hook/pythonpath_develop.ps1'
[1.028s] DEBUG:colcon.colcon_core.event_handler.log_command:Invoked command in '/home/parallels/drone_local/drone_ws/build/ros_tcp_endpoint' returned '0': PYTHONPATH=/home/parallels/drone_local/drone_ws/build/ros_tcp_endpoint/prefix_override:/usr/lib/python3/dist-packages/colcon_core/task/python/colcon_distutils_commands:/home/parallels/drone_local/drone_ws/install/ros_tcp_endpoint/lib/python3.10/site-packages:${PYTHONPATH} /usr/bin/python3 -W ignore:setup.py install is deprecated -W ignore:easy_install command is deprecated setup.py develop --editable --build-directory /home/parallels/drone_local/drone_ws/build/ros_tcp_endpoint/build --no-deps symlink_data
[1.029s] INFO:colcon.colcon_core.shell:Creating environment descriptor '/home/parallels/drone_local/drone_ws/build/ros_tcp_endpoint/share/ros_tcp_endpoint/hook/pythonpath_develop.dsv'
[1.030s] INFO:colcon.colcon_core.shell:Creating environment hook '/home/parallels/drone_local/drone_ws/build/ros_tcp_endpoint/share/ros_tcp_endpoint/hook/pythonpath_develop.sh'
[1.033s] Level 1:colcon.colcon_core.environment:checking '/home/parallels/drone_local/drone_ws/install/ros_tcp_endpoint' for CMake module files
[1.033s] Level 1:colcon.colcon_core.environment:checking '/home/parallels/drone_local/drone_ws/install/ros_tcp_endpoint' for CMake config files
[1.034s] Level 1:colcon.colcon_core.environment:checking '/home/parallels/drone_local/drone_ws/install/ros_tcp_endpoint/lib'
[1.034s] Level 1:colcon.colcon_core.environment:checking '/home/parallels/drone_local/drone_ws/install/ros_tcp_endpoint/bin'
[1.034s] Level 1:colcon.colcon_core.environment:checking '/home/parallels/drone_local/drone_ws/install/ros_tcp_endpoint/lib/pkgconfig/ros_tcp_endpoint.pc'
[1.034s] Level 1:colcon.colcon_core.environment:checking '/home/parallels/drone_local/drone_ws/install/ros_tcp_endpoint/lib/python3.10/site-packages'
[1.034s] Level 1:colcon.colcon_core.shell:create_environment_hook('ros_tcp_endpoint', 'pythonpath')
[1.035s] INFO:colcon.colcon_core.shell:Creating environment hook '/home/parallels/drone_local/drone_ws/install/ros_tcp_endpoint/share/ros_tcp_endpoint/hook/pythonpath.ps1'
[1.035s] INFO:colcon.colcon_core.shell:Creating environment descriptor '/home/parallels/drone_local/drone_ws/install/ros_tcp_endpoint/share/ros_tcp_endpoint/hook/pythonpath.dsv'
[1.035s] INFO:colcon.colcon_core.shell:Creating environment hook '/home/parallels/drone_local/drone_ws/install/ros_tcp_endpoint/share/ros_tcp_endpoint/hook/pythonpath.sh'
[1.036s] Level 1:colcon.colcon_core.environment:checking '/home/parallels/drone_local/drone_ws/install/ros_tcp_endpoint/bin'
[1.036s] Level 1:colcon.colcon_core.environment:create_environment_scripts_only(ros_tcp_endpoint)
[1.037s] INFO:colcon.colcon_core.shell:Creating package script '/home/parallels/drone_local/drone_ws/install/ros_tcp_endpoint/share/ros_tcp_endpoint/package.ps1'
[1.038s] INFO:colcon.colcon_core.shell:Creating package descriptor '/home/parallels/drone_local/drone_ws/install/ros_tcp_endpoint/share/ros_tcp_endpoint/package.dsv'
[1.038s] INFO:colcon.colcon_core.shell:Creating package script '/home/parallels/drone_local/drone_ws/install/ros_tcp_endpoint/share/ros_tcp_endpoint/package.sh'
[1.039s] INFO:colcon.colcon_core.shell:Creating package script '/home/parallels/drone_local/drone_ws/install/ros_tcp_endpoint/share/ros_tcp_endpoint/package.bash'
[1.040s] INFO:colcon.colcon_core.shell:Creating package script '/home/parallels/drone_local/drone_ws/install/ros_tcp_endpoint/share/ros_tcp_endpoint/package.zsh'
[1.041s] Level 1:colcon.colcon_core.environment:create_file_with_runtime_dependencies(/home/parallels/drone_local/drone_ws/install/ros_tcp_endpoint/share/colcon-core/packages/ros_tcp_endpoint)
[1.461s] DEBUG:colcon.colcon_core.event_handler.log_command:Invoked command in '/home/parallels/drone_local/drone_ws/build/px4_msgs' returned '0': CMAKE_PREFIX_PATH=${CMAKE_PREFIX_PATH}:/home/parallels/drone_local/drone_ws/install/tracking:/home/parallels/drone_local/drone_ws/install/ros_tcp_endpoint:/home/parallels/drone_local/drone_ws/install/offboard_test:/home/parallels/drone_local/drone_ws/install/offboard_avoidance_unity:/home/parallels/drone_local/drone_ws/install/drone_autonomy:/opt/ros/humble /usr/bin/cmake --build /home/parallels/drone_local/drone_ws/build/px4_msgs -- -j4 -l4
[1.469s] DEBUG:colcon.colcon_core.event_handler.log_command:Invoking command in '/home/parallels/drone_local/drone_ws/build/px4_msgs': CMAKE_PREFIX_PATH=${CMAKE_PREFIX_PATH}:/home/parallels/drone_local/drone_ws/install/tracking:/home/parallels/drone_local/drone_ws/install/ros_tcp_endpoint:/home/parallels/drone_local/drone_ws/install/offboard_test:/home/parallels/drone_local/drone_ws/install/offboard_avoidance_unity:/home/parallels/drone_local/drone_ws/install/drone_autonomy:/opt/ros/humble /usr/bin/cmake --install /home/parallels/drone_local/drone_ws/build/px4_msgs
[1.893s] Level 1:colcon.colcon_core.environment:create_environment_scripts_only(px4_msgs)
[1.893s] Level 1:colcon.colcon_core.environment:checking '/home/parallels/drone_local/drone_ws/install/px4_msgs' for CMake module files
[1.893s] DEBUG:colcon.colcon_core.event_handler.log_command:Invoked command in '/home/parallels/drone_local/drone_ws/build/px4_msgs' returned '0': CMAKE_PREFIX_PATH=${CMAKE_PREFIX_PATH}:/home/parallels/drone_local/drone_ws/install/tracking:/home/parallels/drone_local/drone_ws/install/ros_tcp_endpoint:/home/parallels/drone_local/drone_ws/install/offboard_test:/home/parallels/drone_local/drone_ws/install/offboard_avoidance_unity:/home/parallels/drone_local/drone_ws/install/drone_autonomy:/opt/ros/humble /usr/bin/cmake --install /home/parallels/drone_local/drone_ws/build/px4_msgs
[1.894s] Level 1:colcon.colcon_core.environment:checking '/home/parallels/drone_local/drone_ws/install/px4_msgs' for CMake config files
[1.894s] Level 1:colcon.colcon_core.shell:create_environment_hook('px4_msgs', 'cmake_prefix_path')
[1.894s] INFO:colcon.colcon_core.shell:Creating environment hook '/home/parallels/drone_local/drone_ws/install/px4_msgs/share/px4_msgs/hook/cmake_prefix_path.ps1'
[1.895s] INFO:colcon.colcon_core.shell:Creating environment descriptor '/home/parallels/drone_local/drone_ws/install/px4_msgs/share/px4_msgs/hook/cmake_prefix_path.dsv'
[1.895s] INFO:colcon.colcon_core.shell:Creating environment hook '/home/parallels/drone_local/drone_ws/install/px4_msgs/share/px4_msgs/hook/cmake_prefix_path.sh'
[1.896s] Level 1:colcon.colcon_core.environment:checking '/home/parallels/drone_local/drone_ws/install/px4_msgs/lib'
[1.896s] Level 1:colcon.colcon_core.shell:create_environment_hook('px4_msgs', 'ld_library_path_lib')
[1.896s] INFO:colcon.colcon_core.shell:Creating environment hook '/home/parallels/drone_local/drone_ws/install/px4_msgs/share/px4_msgs/hook/ld_library_path_lib.ps1'
[1.896s] INFO:colcon.colcon_core.shell:Creating environment descriptor '/home/parallels/drone_local/drone_ws/install/px4_msgs/share/px4_msgs/hook/ld_library_path_lib.dsv'
[1.896s] INFO:colcon.colcon_core.shell:Creating environment hook '/home/parallels/drone_local/drone_ws/install/px4_msgs/share/px4_msgs/hook/ld_library_path_lib.sh'
[1.896s] Level 1:colcon.colcon_core.environment:checking '/home/parallels/drone_local/drone_ws/install/px4_msgs/bin'
[1.897s] Level 1:colcon.colcon_core.environment:checking '/home/parallels/drone_local/drone_ws/install/px4_msgs/lib/pkgconfig/px4_msgs.pc'
[1.897s] Level 1:colcon.colcon_core.environment:checking '/home/parallels/drone_local/drone_ws/install/px4_msgs/lib/python3.10/site-packages'
[1.897s] Level 1:colcon.colcon_core.environment:checking '/home/parallels/drone_local/drone_ws/install/px4_msgs/bin'
[1.897s] INFO:colcon.colcon_core.shell:Creating package script '/home/parallels/drone_local/drone_ws/install/px4_msgs/share/px4_msgs/package.ps1'
[1.898s] INFO:colcon.colcon_core.shell:Creating package descriptor '/home/parallels/drone_local/drone_ws/install/px4_msgs/share/px4_msgs/package.dsv'
[1.898s] INFO:colcon.colcon_core.shell:Creating package script '/home/parallels/drone_local/drone_ws/install/px4_msgs/share/px4_msgs/package.sh'
[1.898s] INFO:colcon.colcon_core.shell:Creating package script '/home/parallels/drone_local/drone_ws/install/px4_msgs/share/px4_msgs/package.bash'
[1.898s] INFO:colcon.colcon_core.shell:Creating package script '/home/parallels/drone_local/drone_ws/install/px4_msgs/share/px4_msgs/package.zsh'
[1.899s] Level 1:colcon.colcon_core.environment:create_file_with_runtime_dependencies(/home/parallels/drone_local/drone_ws/install/px4_msgs/share/colcon-core/packages/px4_msgs)
[1.899s] Level 1:colcon.colcon_core.environment:create_environment_scripts_only(px4_msgs)
[1.899s] Level 1:colcon.colcon_core.environment:checking '/home/parallels/drone_local/drone_ws/install/px4_msgs' for CMake module files
[1.899s] Level 1:colcon.colcon_core.environment:checking '/home/parallels/drone_local/drone_ws/install/px4_msgs' for CMake config files
[1.900s] Level 1:colcon.colcon_core.shell:create_environment_hook('px4_msgs', 'cmake_prefix_path')
[1.900s] INFO:colcon.colcon_core.shell:Creating environment hook '/home/parallels/drone_local/drone_ws/install/px4_msgs/share/px4_msgs/hook/cmake_prefix_path.ps1'
[1.900s] INFO:colcon.colcon_core.shell:Creating environment descriptor '/home/parallels/drone_local/drone_ws/install/px4_msgs/share/px4_msgs/hook/cmake_prefix_path.dsv'
[1.900s] INFO:colcon.colcon_core.shell:Creating environment hook '/home/parallels/drone_local/drone_ws/install/px4_msgs/share/px4_msgs/hook/cmake_prefix_path.sh'
[1.900s] Level 1:colcon.colcon_core.environment:checking '/home/parallels/drone_local/drone_ws/install/px4_msgs/lib'
[1.901s] Level 1:colcon.colcon_core.shell:create_environment_hook('px4_msgs', 'ld_library_path_lib')
[1.901s] INFO:colcon.colcon_core.shell:Creating environment hook '/home/parallels/drone_local/drone_ws/install/px4_msgs/share/px4_msgs/hook/ld_library_path_lib.ps1'
[1.901s] INFO:colcon.colcon_core.shell:Creating environment descriptor '/home/parallels/drone_local/drone_ws/install/px4_msgs/share/px4_msgs/hook/ld_library_path_lib.dsv'
[1.901s] INFO:colcon.colcon_core.shell:Creating environment hook '/home/parallels/drone_local/drone_ws/install/px4_msgs/share/px4_msgs/hook/ld_library_path_lib.sh'
[1.901s] Level 1:colcon.colcon_core.environment:checking '/home/parallels/drone_local/drone_ws/install/px4_msgs/bin'
[1.901s] Level 1:colcon.colcon_core.environment:checking '/home/parallels/drone_local/drone_ws/install/px4_msgs/lib/pkgconfig/px4_msgs.pc'
[1.901s] Level 1:colcon.colcon_core.environment:checking '/home/parallels/drone_local/drone_ws/install/px4_msgs/lib/python3.10/site-packages'
[1.902s] Level 1:colcon.colcon_core.environment:checking '/home/parallels/drone_local/drone_ws/install/px4_msgs/bin'
[1.902s] INFO:colcon.colcon_core.shell:Creating package script '/home/parallels/drone_local/drone_ws/install/px4_msgs/share/px4_msgs/package.ps1'
[1.902s] INFO:colcon.colcon_core.shell:Creating package descriptor '/home/parallels/drone_local/drone_ws/install/px4_msgs/share/px4_msgs/package.dsv'
[1.902s] INFO:colcon.colcon_core.shell:Creating package script '/home/parallels/drone_local/drone_ws/install/px4_msgs/share/px4_msgs/package.sh'
[1.902s] INFO:colcon.colcon_core.shell:Creating package script '/home/parallels/drone_local/drone_ws/install/px4_msgs/share/px4_msgs/package.bash'
[1.903s] INFO:colcon.colcon_core.shell:Creating package script '/home/parallels/drone_local/drone_ws/install/px4_msgs/share/px4_msgs/package.zsh'
[1.903s] Level 1:colcon.colcon_core.environment:create_file_with_runtime_dependencies(/home/parallels/drone_local/drone_ws/install/px4_msgs/share/colcon-core/packages/px4_msgs)
[1.903s] INFO:colcon.colcon_ros.task.ament_python.build:Building ROS package in '/home/parallels/drone_local/drone_ws/src/drone_autonomy' with build type 'ament_python'
[1.904s] Level 1:colcon.colcon_core.shell:create_environment_hook('drone_autonomy', 'ament_prefix_path')
[1.904s] INFO:colcon.colcon_core.shell:Creating environment hook '/home/parallels/drone_local/drone_ws/install/drone_autonomy/share/drone_autonomy/hook/ament_prefix_path.ps1'
[1.904s] INFO:colcon.colcon_core.shell:Creating environment descriptor '/home/parallels/drone_local/drone_ws/install/drone_autonomy/share/drone_autonomy/hook/ament_prefix_path.dsv'
[1.905s] INFO:colcon.colcon_core.shell:Creating environment hook '/home/parallels/drone_local/drone_ws/install/drone_autonomy/share/drone_autonomy/hook/ament_prefix_path.sh'
[1.905s] INFO:colcon.colcon_core.shell:Skip shell extension 'powershell' for command environment: Not usable outside of PowerShell
[1.905s] DEBUG:colcon.colcon_core.shell:Skip shell extension 'dsv' for command environment
[1.908s] INFO:colcon.colcon_ros.task.ament_python.build:Building ROS package in '/home/parallels/drone_local/drone_ws/src/offboard_avoidance_unity' with build type 'ament_python'
[1.908s] Level 1:colcon.colcon_core.shell:create_environment_hook('offboard_avoidance_unity', 'ament_prefix_path')
[1.908s] INFO:colcon.colcon_core.shell:Creating environment hook '/home/parallels/drone_local/drone_ws/install/offboard_avoidance_unity/share/offboard_avoidance_unity/hook/ament_prefix_path.ps1'
[1.909s] INFO:colcon.colcon_core.shell:Creating environment descriptor '/home/parallels/drone_local/drone_ws/install/offboard_avoidance_unity/share/offboard_avoidance_unity/hook/ament_prefix_path.dsv'
[1.910s] INFO:colcon.colcon_core.shell:Creating environment hook '/home/parallels/drone_local/drone_ws/install/offboard_avoidance_unity/share/offboard_avoidance_unity/hook/ament_prefix_path.sh'
[1.910s] INFO:colcon.colcon_core.shell:Skip shell extension 'powershell' for command environment: Not usable outside of PowerShell
[1.910s] DEBUG:colcon.colcon_core.shell:Skip shell extension 'dsv' for command environment
[1.913s] INFO:colcon.colcon_ros.task.ament_python.build:Building ROS package in '/home/parallels/drone_local/drone_ws/src/offboard_test' with build type 'ament_python'
[1.913s] Level 1:colcon.colcon_core.shell:create_environment_hook('offboard_test', 'ament_prefix_path')
[1.914s] INFO:colcon.colcon_core.shell:Creating environment hook '/home/parallels/drone_local/drone_ws/install/offboard_test/share/offboard_test/hook/ament_prefix_path.ps1'
[1.914s] INFO:colcon.colcon_core.shell:Creating environment descriptor '/home/parallels/drone_local/drone_ws/install/offboard_test/share/offboard_test/hook/ament_prefix_path.dsv'
[1.915s] INFO:colcon.colcon_core.shell:Creating environment hook '/home/parallels/drone_local/drone_ws/install/offboard_test/share/offboard_test/hook/ament_prefix_path.sh'
[1.915s] INFO:colcon.colcon_core.shell:Skip shell extension 'powershell' for command environment: Not usable outside of PowerShell
[1.916s] DEBUG:colcon.colcon_core.shell:Skip shell extension 'dsv' for command environment
[1.919s] INFO:colcon.colcon_ros.task.ament_cmake.build:Building ROS package in '/home/parallels/drone_local/drone_ws/src/px4_ros_com' with build type 'ament_cmake'
[1.919s] INFO:colcon.colcon_cmake.task.cmake.build:Building CMake package in '/home/parallels/drone_local/drone_ws/src/px4_ros_com'
[1.919s] INFO:colcon.colcon_core.shell:Skip shell extension 'powershell' for command environment: Not usable outside of PowerShell
[1.919s] DEBUG:colcon.colcon_core.shell:Skip shell extension 'dsv' for command environment
[2.076s] INFO:colcon.colcon_core.task.python.build:Building Python package in '/home/parallels/drone_local/drone_ws/src/drone_autonomy'
[2.077s] INFO:colcon.colcon_core.shell:Skip shell extension 'powershell' for command environment: Not usable outside of PowerShell
[2.077s] DEBUG:colcon.colcon_core.shell:Skip shell extension 'dsv' for command environment
[2.221s] INFO:colcon.colcon_core.task.python.build:Building Python package in '/home/parallels/drone_local/drone_ws/src/offboard_avoidance_unity'
[2.221s] INFO:colcon.colcon_core.shell:Skip shell extension 'powershell' for command environment: Not usable outside of PowerShell
[2.221s] DEBUG:colcon.colcon_core.shell:Skip shell extension 'dsv' for command environment
[2.364s] INFO:colcon.colcon_core.task.python.build:Building Python package in '/home/parallels/drone_local/drone_ws/src/offboard_test'
[2.364s] INFO:colcon.colcon_core.shell:Skip shell extension 'powershell' for command environment: Not usable outside of PowerShell
[2.364s] DEBUG:colcon.colcon_core.shell:Skip shell extension 'dsv' for command environment
[2.370s] DEBUG:colcon.colcon_core.event_handler.log_command:Invoking command in '/home/parallels/drone_local/drone_ws/build/px4_ros_com': CMAKE_PREFIX_PATH=/home/parallels/drone_local/drone_ws/install/px4_msgs:/home/parallels/drone_local/drone_ws/install/px4_ros_com:/home/parallels/drone_local/drone_ws/install/tracking:/home/parallels/drone_local/drone_ws/install/ros_tcp_endpoint:/home/parallels/drone_local/drone_ws/install/offboard_test:/home/parallels/drone_local/drone_ws/install/offboard_avoidance_unity:/home/parallels/drone_local/drone_ws/install/drone_autonomy:/opt/ros/humble LD_LIBRARY_PATH=/home/parallels/drone_local/drone_ws/install/px4_msgs/lib:/home/parallels/drone_local/drone_ws/install/px4_ros_com/lib:/opt/ros/humble/opt/rviz_ogre_vendor/lib:/opt/ros/humble/lib/aarch64-linux-gnu:/opt/ros/humble/lib /usr/bin/cmake --build /home/parallels/drone_local/drone_ws/build/px4_ros_com -- -j4 -l4
[2.604s] DEBUG:colcon.colcon_core.event_handler.log_command:Invoking command in '/home/parallels/drone_local/drone_ws/build/drone_autonomy': CMAKE_PREFIX_PATH=/home/parallels/drone_local/drone_ws/install/px4_msgs:/home/parallels/drone_local/drone_ws/install/px4_ros_com LD_LIBRARY_PATH=/home/parallels/drone_local/drone_ws/install/px4_msgs/lib:/home/parallels/drone_local/drone_ws/install/px4_ros_com/lib:/opt/ros/humble/opt/rviz_ogre_vendor/lib:/opt/ros/humble/lib/aarch64-linux-gnu:/opt/ros/humble/lib PYTHONPATH=/home/parallels/drone_local/drone_ws/build/drone_autonomy/prefix_override:/usr/lib/python3/dist-packages/colcon_core/task/python/colcon_distutils_commands:/home/parallels/drone_local/drone_ws/install/drone_autonomy/lib/python3.10/site-packages:${PYTHONPATH} /usr/bin/python3 -W ignore:setup.py install is deprecated -W ignore:easy_install command is deprecated setup.py develop --editable --build-directory /home/parallels/drone_local/drone_ws/build/drone_autonomy/build --no-deps symlink_data
[2.616s] DEBUG:colcon.colcon_core.event_handler.log_command:Invoking command in '/home/parallels/drone_local/drone_ws/build/offboard_avoidance_unity': CMAKE_PREFIX_PATH=/home/parallels/drone_local/drone_ws/install/px4_msgs:/home/parallels/drone_local/drone_ws/install/px4_ros_com LD_LIBRARY_PATH=/home/parallels/drone_local/drone_ws/install/px4_msgs/lib:/home/parallels/drone_local/drone_ws/install/px4_ros_com/lib:/opt/ros/humble/opt/rviz_ogre_vendor/lib:/opt/ros/humble/lib/aarch64-linux-gnu:/opt/ros/humble/lib PYTHONPATH=/home/parallels/drone_local/drone_ws/build/offboard_avoidance_unity/prefix_override:/usr/lib/python3/dist-packages/colcon_core/task/python/colcon_distutils_commands:/home/parallels/drone_local/drone_ws/install/offboard_avoidance_unity/lib/python3.10/site-packages:${PYTHONPATH} /usr/bin/python3 -W ignore:setup.py install is deprecated -W ignore:easy_install command is deprecated setup.py develop --editable --build-directory /home/parallels/drone_local/drone_ws/build/offboard_avoidance_unity/build --no-deps symlink_data
[2.622s] DEBUG:colcon.colcon_core.event_handler.log_command:Invoking command in '/home/parallels/drone_local/drone_ws/build/offboard_test': CMAKE_PREFIX_PATH=/home/parallels/drone_local/drone_ws/install/px4_msgs:/home/parallels/drone_local/drone_ws/install/px4_ros_com LD_LIBRARY_PATH=/home/parallels/drone_local/drone_ws/install/px4_msgs/lib:/home/parallels/drone_local/drone_ws/install/px4_ros_com/lib:/opt/ros/humble/opt/rviz_ogre_vendor/lib:/opt/ros/humble/lib/aarch64-linux-gnu:/opt/ros/humble/lib PYTHONPATH=/home/parallels/drone_local/drone_ws/build/offboard_test/prefix_override:/usr/lib/python3/dist-packages/colcon_core/task/python/colcon_distutils_commands:/home/parallels/drone_local/drone_ws/install/offboard_test/lib/python3.10/site-packages:${PYTHONPATH} /usr/bin/python3 -W ignore:setup.py install is deprecated -W ignore:easy_install command is deprecated setup.py develop --editable --build-directory /home/parallels/drone_local/drone_ws/build/offboard_test/build --no-deps symlink_data
[2.829s] DEBUG:colcon.colcon_core.event_handler.log_command:Invoked command in '/home/parallels/drone_local/drone_ws/build/px4_ros_com' returned '0': CMAKE_PREFIX_PATH=/home/parallels/drone_local/drone_ws/install/px4_msgs:/home/parallels/drone_local/drone_ws/install/px4_ros_com:/home/parallels/drone_local/drone_ws/install/tracking:/home/parallels/drone_local/drone_ws/install/ros_tcp_endpoint:/home/parallels/drone_local/drone_ws/install/offboard_test:/home/parallels/drone_local/drone_ws/install/offboard_avoidance_unity:/home/parallels/drone_local/drone_ws/install/drone_autonomy:/opt/ros/humble LD_LIBRARY_PATH=/home/parallels/drone_local/drone_ws/install/px4_msgs/lib:/home/parallels/drone_local/drone_ws/install/px4_ros_com/lib:/opt/ros/humble/opt/rviz_ogre_vendor/lib:/opt/ros/humble/lib/aarch64-linux-gnu:/opt/ros/humble/lib /usr/bin/cmake --build /home/parallels/drone_local/drone_ws/build/px4_ros_com -- -j4 -l4
[2.831s] DEBUG:colcon.colcon_core.event_handler.log_command:Invoking command in '/home/parallels/drone_local/drone_ws/build/px4_ros_com': CMAKE_PREFIX_PATH=/home/parallels/drone_local/drone_ws/install/px4_msgs:/home/parallels/drone_local/drone_ws/install/px4_ros_com:/home/parallels/drone_local/drone_ws/install/tracking:/home/parallels/drone_local/drone_ws/install/ros_tcp_endpoint:/home/parallels/drone_local/drone_ws/install/offboard_test:/home/parallels/drone_local/drone_ws/install/offboard_avoidance_unity:/home/parallels/drone_local/drone_ws/install/drone_autonomy:/opt/ros/humble LD_LIBRARY_PATH=/home/parallels/drone_local/drone_ws/install/px4_msgs/lib:/home/parallels/drone_local/drone_ws/install/px4_ros_com/lib:/opt/ros/humble/opt/rviz_ogre_vendor/lib:/opt/ros/humble/lib/aarch64-linux-gnu:/opt/ros/humble/lib /usr/bin/cmake --install /home/parallels/drone_local/drone_ws/build/px4_ros_com
[2.905s] Level 1:colcon.colcon_core.shell:create_environment_hook('drone_autonomy', 'pythonpath_develop')
[2.905s] INFO:colcon.colcon_core.shell:Creating environment hook '/home/parallels/drone_local/drone_ws/build/drone_autonomy/share/drone_autonomy/hook/pythonpath_develop.ps1'
[2.905s] DEBUG:colcon.colcon_core.event_handler.log_command:Invoked command in '/home/parallels/drone_local/drone_ws/build/drone_autonomy' returned '0': CMAKE_PREFIX_PATH=/home/parallels/drone_local/drone_ws/install/px4_msgs:/home/parallels/drone_local/drone_ws/install/px4_ros_com LD_LIBRARY_PATH=/home/parallels/drone_local/drone_ws/install/px4_msgs/lib:/home/parallels/drone_local/drone_ws/install/px4_ros_com/lib:/opt/ros/humble/opt/rviz_ogre_vendor/lib:/opt/ros/humble/lib/aarch64-linux-gnu:/opt/ros/humble/lib PYTHONPATH=/home/parallels/drone_local/drone_ws/build/drone_autonomy/prefix_override:/usr/lib/python3/dist-packages/colcon_core/task/python/colcon_distutils_commands:/home/parallels/drone_local/drone_ws/install/drone_autonomy/lib/python3.10/site-packages:${PYTHONPATH} /usr/bin/python3 -W ignore:setup.py install is deprecated -W ignore:easy_install command is deprecated setup.py develop --editable --build-directory /home/parallels/drone_local/drone_ws/build/drone_autonomy/build --no-deps symlink_data
[2.906s] INFO:colcon.colcon_core.shell:Creating environment descriptor '/home/parallels/drone_local/drone_ws/build/drone_autonomy/share/drone_autonomy/hook/pythonpath_develop.dsv'
[2.907s] INFO:colcon.colcon_core.shell:Creating environment hook '/home/parallels/drone_local/drone_ws/build/drone_autonomy/share/drone_autonomy/hook/pythonpath_develop.sh'
[2.907s] Level 1:colcon.colcon_core.environment:checking '/home/parallels/drone_local/drone_ws/install/drone_autonomy' for CMake module files
[2.908s] Level 1:colcon.colcon_core.environment:checking '/home/parallels/drone_local/drone_ws/install/drone_autonomy' for CMake config files
[2.908s] Level 1:colcon.colcon_core.environment:checking '/home/parallels/drone_local/drone_ws/install/drone_autonomy/lib'
[2.908s] Level 1:colcon.colcon_core.environment:checking '/home/parallels/drone_local/drone_ws/install/drone_autonomy/bin'
[2.908s] Level 1:colcon.colcon_core.environment:checking '/home/parallels/drone_local/drone_ws/install/drone_autonomy/lib/pkgconfig/drone_autonomy.pc'
[2.908s] Level 1:colcon.colcon_core.environment:checking '/home/parallels/drone_local/drone_ws/install/drone_autonomy/lib/python3.10/site-packages'
[2.908s] Level 1:colcon.colcon_core.shell:create_environment_hook('drone_autonomy', 'pythonpath')
[2.909s] INFO:colcon.colcon_core.shell:Creating environment hook '/home/parallels/drone_local/drone_ws/install/drone_autonomy/share/drone_autonomy/hook/pythonpath.ps1'
[2.909s] INFO:colcon.colcon_core.shell:Creating environment descriptor '/home/parallels/drone_local/drone_ws/install/drone_autonomy/share/drone_autonomy/hook/pythonpath.dsv'
[2.909s] INFO:colcon.colcon_core.shell:Creating environment hook '/home/parallels/drone_local/drone_ws/install/drone_autonomy/share/drone_autonomy/hook/pythonpath.sh'
[2.911s] Level 1:colcon.colcon_core.environment:checking '/home/parallels/drone_local/drone_ws/install/drone_autonomy/bin'
[2.911s] Level 1:colcon.colcon_core.environment:create_environment_scripts_only(drone_autonomy)
[2.911s] INFO:colcon.colcon_core.shell:Creating package script '/home/parallels/drone_local/drone_ws/install/drone_autonomy/share/drone_autonomy/package.ps1'
[2.912s] INFO:colcon.colcon_core.shell:Creating package descriptor '/home/parallels/drone_local/drone_ws/install/drone_autonomy/share/drone_autonomy/package.dsv'
[2.912s] INFO:colcon.colcon_core.shell:Creating package script '/home/parallels/drone_local/drone_ws/install/drone_autonomy/share/drone_autonomy/package.sh'
[2.913s] INFO:colcon.colcon_core.shell:Creating package script '/home/parallels/drone_local/drone_ws/install/drone_autonomy/share/drone_autonomy/package.bash'
[2.913s] INFO:colcon.colcon_core.shell:Creating package script '/home/parallels/drone_local/drone_ws/install/drone_autonomy/share/drone_autonomy/package.zsh'
[2.914s] Level 1:colcon.colcon_core.environment:create_file_with_runtime_dependencies(/home/parallels/drone_local/drone_ws/install/drone_autonomy/share/colcon-core/packages/drone_autonomy)
[2.915s] Level 1:colcon.colcon_core.environment:create_environment_scripts_only(px4_ros_com)
[2.915s] DEBUG:colcon.colcon_core.event_handler.log_command:Invoked command in '/home/parallels/drone_local/drone_ws/build/px4_ros_com' returned '0': CMAKE_PREFIX_PATH=/home/parallels/drone_local/drone_ws/install/px4_msgs:/home/parallels/drone_local/drone_ws/install/px4_ros_com:/home/parallels/drone_local/drone_ws/install/tracking:/home/parallels/drone_local/drone_ws/install/ros_tcp_endpoint:/home/parallels/drone_local/drone_ws/install/offboard_test:/home/parallels/drone_local/drone_ws/install/offboard_avoidance_unity:/home/parallels/drone_local/drone_ws/install/drone_autonomy:/opt/ros/humble LD_LIBRARY_PATH=/home/parallels/drone_local/drone_ws/install/px4_msgs/lib:/home/parallels/drone_local/drone_ws/install/px4_ros_com/lib:/opt/ros/humble/opt/rviz_ogre_vendor/lib:/opt/ros/humble/lib/aarch64-linux-gnu:/opt/ros/humble/lib /usr/bin/cmake --install /home/parallels/drone_local/drone_ws/build/px4_ros_com
[2.915s] Level 1:colcon.colcon_core.environment:checking '/home/parallels/drone_local/drone_ws/install/px4_ros_com' for CMake module files
[2.916s] Level 1:colcon.colcon_core.environment:checking '/home/parallels/drone_local/drone_ws/install/px4_ros_com' for CMake config files
[2.916s] Level 1:colcon.colcon_core.shell:create_environment_hook('px4_ros_com', 'cmake_prefix_path')
[2.917s] INFO:colcon.colcon_core.shell:Creating environment hook '/home/parallels/drone_local/drone_ws/install/px4_ros_com/share/px4_ros_com/hook/cmake_prefix_path.ps1'
[2.917s] INFO:colcon.colcon_core.shell:Creating environment descriptor '/home/parallels/drone_local/drone_ws/install/px4_ros_com/share/px4_ros_com/hook/cmake_prefix_path.dsv'
[2.918s] INFO:colcon.colcon_core.shell:Creating environment hook '/home/parallels/drone_local/drone_ws/install/px4_ros_com/share/px4_ros_com/hook/cmake_prefix_path.sh'
[2.919s] Level 1:colcon.colcon_core.environment:checking '/home/parallels/drone_local/drone_ws/install/px4_ros_com/lib'
[2.919s] Level 1:colcon.colcon_core.shell:create_environment_hook('px4_ros_com', 'ld_library_path_lib')
[2.919s] INFO:colcon.colcon_core.shell:Creating environment hook '/home/parallels/drone_local/drone_ws/install/px4_ros_com/share/px4_ros_com/hook/ld_library_path_lib.ps1'
[2.919s] INFO:colcon.colcon_core.shell:Creating environment descriptor '/home/parallels/drone_local/drone_ws/install/px4_ros_com/share/px4_ros_com/hook/ld_library_path_lib.dsv'
[2.920s] INFO:colcon.colcon_core.shell:Creating environment hook '/home/parallels/drone_local/drone_ws/install/px4_ros_com/share/px4_ros_com/hook/ld_library_path_lib.sh'
[2.923s] Level 1:colcon.colcon_core.environment:checking '/home/parallels/drone_local/drone_ws/install/px4_ros_com/bin'
[2.923s] Level 1:colcon.colcon_core.environment:checking '/home/parallels/drone_local/drone_ws/install/px4_ros_com/lib/pkgconfig/px4_ros_com.pc'
[2.923s] Level 1:colcon.colcon_core.environment:checking '/home/parallels/drone_local/drone_ws/install/px4_ros_com/lib/python3.10/site-packages'
[2.923s] Level 1:colcon.colcon_core.environment:checking '/home/parallels/drone_local/drone_ws/install/px4_ros_com/bin'
[2.924s] INFO:colcon.colcon_core.shell:Creating package script '/home/parallels/drone_local/drone_ws/install/px4_ros_com/share/px4_ros_com/package.ps1'
[2.925s] INFO:colcon.colcon_core.shell:Creating package descriptor '/home/parallels/drone_local/drone_ws/install/px4_ros_com/share/px4_ros_com/package.dsv'
[2.926s] INFO:colcon.colcon_core.shell:Creating package script '/home/parallels/drone_local/drone_ws/install/px4_ros_com/share/px4_ros_com/package.sh'
[2.926s] INFO:colcon.colcon_core.shell:Creating package script '/home/parallels/drone_local/drone_ws/install/px4_ros_com/share/px4_ros_com/package.bash'
[2.927s] INFO:colcon.colcon_core.shell:Creating package script '/home/parallels/drone_local/drone_ws/install/px4_ros_com/share/px4_ros_com/package.zsh'
[2.927s] Level 1:colcon.colcon_core.environment:create_file_with_runtime_dependencies(/home/parallels/drone_local/drone_ws/install/px4_ros_com/share/colcon-core/packages/px4_ros_com)
[2.928s] Level 1:colcon.colcon_core.environment:create_environment_scripts_only(px4_ros_com)
[2.928s] Level 1:colcon.colcon_core.environment:checking '/home/parallels/drone_local/drone_ws/install/px4_ros_com' for CMake module files
[2.928s] Level 1:colcon.colcon_core.environment:checking '/home/parallels/drone_local/drone_ws/install/px4_ros_com' for CMake config files
[2.929s] Level 1:colcon.colcon_core.shell:create_environment_hook('px4_ros_com', 'cmake_prefix_path')
[2.929s] INFO:colcon.colcon_core.shell:Creating environment hook '/home/parallels/drone_local/drone_ws/install/px4_ros_com/share/px4_ros_com/hook/cmake_prefix_path.ps1'
[2.929s] INFO:colcon.colcon_core.shell:Creating environment descriptor '/home/parallels/drone_local/drone_ws/install/px4_ros_com/share/px4_ros_com/hook/cmake_prefix_path.dsv'
[2.929s] INFO:colcon.colcon_core.shell:Creating environment hook '/home/parallels/drone_local/drone_ws/install/px4_ros_com/share/px4_ros_com/hook/cmake_prefix_path.sh'
[2.930s] Level 1:colcon.colcon_core.environment:checking '/home/parallels/drone_local/drone_ws/install/px4_ros_com/lib'
[2.930s] Level 1:colcon.colcon_core.shell:create_environment_hook('px4_ros_com', 'ld_library_path_lib')
[2.930s] INFO:colcon.colcon_core.shell:Creating environment hook '/home/parallels/drone_local/drone_ws/install/px4_ros_com/share/px4_ros_com/hook/ld_library_path_lib.ps1'
[2.930s] INFO:colcon.colcon_core.shell:Creating environment descriptor '/home/parallels/drone_local/drone_ws/install/px4_ros_com/share/px4_ros_com/hook/ld_library_path_lib.dsv'
[2.930s] INFO:colcon.colcon_core.shell:Creating environment hook '/home/parallels/drone_local/drone_ws/install/px4_ros_com/share/px4_ros_com/hook/ld_library_path_lib.sh'
[2.931s] Level 1:colcon.colcon_core.environment:checking '/home/parallels/drone_local/drone_ws/install/px4_ros_com/bin'
[2.931s] Level 1:colcon.colcon_core.environment:checking '/home/parallels/drone_local/drone_ws/install/px4_ros_com/lib/pkgconfig/px4_ros_com.pc'
[2.931s] Level 1:colcon.colcon_core.environment:checking '/home/parallels/drone_local/drone_ws/install/px4_ros_com/lib/python3.10/site-packages'
[2.931s] Level 1:colcon.colcon_core.environment:checking '/home/parallels/drone_local/drone_ws/install/px4_ros_com/bin'
[2.932s] INFO:colcon.colcon_core.shell:Creating package script '/home/parallels/drone_local/drone_ws/install/px4_ros_com/share/px4_ros_com/package.ps1'
[2.932s] INFO:colcon.colcon_core.shell:Creating package descriptor '/home/parallels/drone_local/drone_ws/install/px4_ros_com/share/px4_ros_com/package.dsv'
[2.933s] INFO:colcon.colcon_core.shell:Creating package script '/home/parallels/drone_local/drone_ws/install/px4_ros_com/share/px4_ros_com/package.sh'
[2.933s] INFO:colcon.colcon_core.shell:Creating package script '/home/parallels/drone_local/drone_ws/install/px4_ros_com/share/px4_ros_com/package.bash'
[2.933s] INFO:colcon.colcon_core.shell:Creating package script '/home/parallels/drone_local/drone_ws/install/px4_ros_com/share/px4_ros_com/package.zsh'
[2.934s] Level 1:colcon.colcon_core.environment:create_file_with_runtime_dependencies(/home/parallels/drone_local/drone_ws/install/px4_ros_com/share/colcon-core/packages/px4_ros_com)
[2.935s] Level 1:colcon.colcon_core.shell:create_environment_hook('offboard_test', 'pythonpath_develop')
[2.936s] INFO:colcon.colcon_core.shell:Creating environment hook '/home/parallels/drone_local/drone_ws/build/offboard_test/share/offboard_test/hook/pythonpath_develop.ps1'
[2.936s] DEBUG:colcon.colcon_core.event_handler.log_command:Invoked command in '/home/parallels/drone_local/drone_ws/build/offboard_test' returned '0': CMAKE_PREFIX_PATH=/home/parallels/drone_local/drone_ws/install/px4_msgs:/home/parallels/drone_local/drone_ws/install/px4_ros_com LD_LIBRARY_PATH=/home/parallels/drone_local/drone_ws/install/px4_msgs/lib:/home/parallels/drone_local/drone_ws/install/px4_ros_com/lib:/opt/ros/humble/opt/rviz_ogre_vendor/lib:/opt/ros/humble/lib/aarch64-linux-gnu:/opt/ros/humble/lib PYTHONPATH=/home/parallels/drone_local/drone_ws/build/offboard_test/prefix_override:/usr/lib/python3/dist-packages/colcon_core/task/python/colcon_distutils_commands:/home/parallels/drone_local/drone_ws/install/offboard_test/lib/python3.10/site-packages:${PYTHONPATH} /usr/bin/python3 -W ignore:setup.py install is deprecated -W ignore:easy_install command is deprecated setup.py develop --editable --build-directory /home/parallels/drone_local/drone_ws/build/offboard_test/build --no-deps symlink_data
[2.937s] INFO:colcon.colcon_core.shell:Creating environment descriptor '/home/parallels/drone_local/drone_ws/build/offboard_test/share/offboard_test/hook/pythonpath_develop.dsv'
[2.937s] INFO:colcon.colcon_core.shell:Creating environment hook '/home/parallels/drone_local/drone_ws/build/offboard_test/share/offboard_test/hook/pythonpath_develop.sh'
[2.937s] Level 1:colcon.colcon_core.environment:checking '/home/parallels/drone_local/drone_ws/install/offboard_test' for CMake module files
[2.938s] Level 1:colcon.colcon_core.environment:checking '/home/parallels/drone_local/drone_ws/install/offboard_test' for CMake config files
[2.938s] Level 1:colcon.colcon_core.environment:checking '/home/parallels/drone_local/drone_ws/install/offboard_test/lib'
[2.938s] Level 1:colcon.colcon_core.environment:checking '/home/parallels/drone_local/drone_ws/install/offboard_test/bin'
[2.938s] Level 1:colcon.colcon_core.environment:checking '/home/parallels/drone_local/drone_ws/install/offboard_test/lib/pkgconfig/offboard_test.pc'
[2.938s] Level 1:colcon.colcon_core.environment:checking '/home/parallels/drone_local/drone_ws/install/offboard_test/lib/python3.10/site-packages'
[2.939s] Level 1:colcon.colcon_core.shell:create_environment_hook('offboard_test', 'pythonpath')
[2.939s] INFO:colcon.colcon_core.shell:Creating environment hook '/home/parallels/drone_local/drone_ws/install/offboard_test/share/offboard_test/hook/pythonpath.ps1'
[2.939s] INFO:colcon.colcon_core.shell:Creating environment descriptor '/home/parallels/drone_local/drone_ws/install/offboard_test/share/offboard_test/hook/pythonpath.dsv'
[2.940s] INFO:colcon.colcon_core.shell:Creating environment hook '/home/parallels/drone_local/drone_ws/install/offboard_test/share/offboard_test/hook/pythonpath.sh'
[2.940s] Level 1:colcon.colcon_core.environment:checking '/home/parallels/drone_local/drone_ws/install/offboard_test/bin'
[2.940s] Level 1:colcon.colcon_core.environment:create_environment_scripts_only(offboard_test)
[2.941s] INFO:colcon.colcon_core.shell:Creating package script '/home/parallels/drone_local/drone_ws/install/offboard_test/share/offboard_test/package.ps1'
[2.941s] INFO:colcon.colcon_core.shell:Creating package descriptor '/home/parallels/drone_local/drone_ws/install/offboard_test/share/offboard_test/package.dsv'
[2.941s] INFO:colcon.colcon_core.shell:Creating package script '/home/parallels/drone_local/drone_ws/install/offboard_test/share/offboard_test/package.sh'
[2.942s] INFO:colcon.colcon_core.shell:Creating package script '/home/parallels/drone_local/drone_ws/install/offboard_test/share/offboard_test/package.bash'
[2.942s] INFO:colcon.colcon_core.shell:Creating package script '/home/parallels/drone_local/drone_ws/install/offboard_test/share/offboard_test/package.zsh'
[2.942s] Level 1:colcon.colcon_core.environment:create_file_with_runtime_dependencies(/home/parallels/drone_local/drone_ws/install/offboard_test/share/colcon-core/packages/offboard_test)
[2.951s] Level 1:colcon.colcon_core.shell:create_environment_hook('offboard_avoidance_unity', 'pythonpath_develop')
[2.951s] DEBUG:colcon.colcon_core.event_handler.log_command:Invoked command in '/home/parallels/drone_local/drone_ws/build/offboard_avoidance_unity' returned '0': CMAKE_PREFIX_PATH=/home/parallels/drone_local/drone_ws/install/px4_msgs:/home/parallels/drone_local/drone_ws/install/px4_ros_com LD_LIBRARY_PATH=/home/parallels/drone_local/drone_ws/install/px4_msgs/lib:/home/parallels/drone_local/drone_ws/install/px4_ros_com/lib:/opt/ros/humble/opt/rviz_ogre_vendor/lib:/opt/ros/humble/lib/aarch64-linux-gnu:/opt/ros/humble/lib PYTHONPATH=/home/parallels/drone_local/drone_ws/build/offboard_avoidance_unity/prefix_override:/usr/lib/python3/dist-packages/colcon_core/task/python/colcon_distutils_commands:/home/parallels/drone_local/drone_ws/install/offboard_avoidance_unity/lib/python3.10/site-packages:${PYTHONPATH} /usr/bin/python3 -W ignore:setup.py install is deprecated -W ignore:easy_install command is deprecated setup.py develop --editable --build-directory /home/parallels/drone_local/drone_ws/build/offboard_avoidance_unity/build --no-deps symlink_data
[2.951s] INFO:colcon.colcon_core.shell:Creating environment hook '/home/parallels/drone_local/drone_ws/build/offboard_avoidance_unity/share/offboard_avoidance_unity/hook/pythonpath_develop.ps1'
[2.952s] INFO:colcon.colcon_core.shell:Creating environment descriptor '/home/parallels/drone_local/drone_ws/build/offboard_avoidance_unity/share/offboard_avoidance_unity/hook/pythonpath_develop.dsv'
[2.952s] INFO:colcon.colcon_core.shell:Creating environment hook '/home/parallels/drone_local/drone_ws/build/offboard_avoidance_unity/share/offboard_avoidance_unity/hook/pythonpath_develop.sh'
[2.952s] Level 1:colcon.colcon_core.environment:checking '/home/parallels/drone_local/drone_ws/install/offboard_avoidance_unity' for CMake module files
[2.953s] Level 1:colcon.colcon_core.environment:checking '/home/parallels/drone_local/drone_ws/install/offboard_avoidance_unity' for CMake config files
[2.953s] Level 1:colcon.colcon_core.environment:checking '/home/parallels/drone_local/drone_ws/install/offboard_avoidance_unity/lib'
[2.953s] Level 1:colcon.colcon_core.environment:checking '/home/parallels/drone_local/drone_ws/install/offboard_avoidance_unity/bin'
[2.953s] Level 1:colcon.colcon_core.environment:checking '/home/parallels/drone_local/drone_ws/install/offboard_avoidance_unity/lib/pkgconfig/offboard_avoidance_unity.pc'
[2.953s] Level 1:colcon.colcon_core.environment:checking '/home/parallels/drone_local/drone_ws/install/offboard_avoidance_unity/lib/python3.10/site-packages'
[2.953s] Level 1:colcon.colcon_core.shell:create_environment_hook('offboard_avoidance_unity', 'pythonpath')
[2.953s] INFO:colcon.colcon_core.shell:Creating environment hook '/home/parallels/drone_local/drone_ws/install/offboard_avoidance_unity/share/offboard_avoidance_unity/hook/pythonpath.ps1'
[2.953s] INFO:colcon.colcon_core.shell:Creating environment descriptor '/home/parallels/drone_local/drone_ws/install/offboard_avoidance_unity/share/offboard_avoidance_unity/hook/pythonpath.dsv'
[2.954s] INFO:colcon.colcon_core.shell:Creating environment hook '/home/parallels/drone_local/drone_ws/install/offboard_avoidance_unity/share/offboard_avoidance_unity/hook/pythonpath.sh'
[2.954s] Level 1:colcon.colcon_core.environment:checking '/home/parallels/drone_local/drone_ws/install/offboard_avoidance_unity/bin'
[2.954s] Level 1:colcon.colcon_core.environment:create_environment_scripts_only(offboard_avoidance_unity)
[2.954s] INFO:colcon.colcon_core.shell:Creating package script '/home/parallels/drone_local/drone_ws/install/offboard_avoidance_unity/share/offboard_avoidance_unity/package.ps1'
[2.954s] INFO:colcon.colcon_core.shell:Creating package descriptor '/home/parallels/drone_local/drone_ws/install/offboard_avoidance_unity/share/offboard_avoidance_unity/package.dsv'
[2.955s] INFO:colcon.colcon_core.shell:Creating package script '/home/parallels/drone_local/drone_ws/install/offboard_avoidance_unity/share/offboard_avoidance_unity/package.sh'
[2.955s] INFO:colcon.colcon_core.shell:Creating package script '/home/parallels/drone_local/drone_ws/install/offboard_avoidance_unity/share/offboard_avoidance_unity/package.bash'
[2.955s] INFO:colcon.colcon_core.shell:Creating package script '/home/parallels/drone_local/drone_ws/install/offboard_avoidance_unity/share/offboard_avoidance_unity/package.zsh'
[2.955s] Level 1:colcon.colcon_core.environment:create_file_with_runtime_dependencies(/home/parallels/drone_local/drone_ws/install/offboard_avoidance_unity/share/colcon-core/packages/offboard_avoidance_unity)
[2.955s] DEBUG:colcon.colcon_parallel_executor.executor.parallel:closing loop
[2.956s] DEBUG:colcon.colcon_parallel_executor.executor.parallel:loop closed
[2.956s] DEBUG:colcon.colcon_parallel_executor.executor.parallel:run_until_complete finished with '0'
[2.956s] DEBUG:colcon.colcon_core.event_reactor:joining thread
[2.960s] INFO:colcon.colcon_core.plugin_system:Skipping extension 'colcon_notification.desktop_notification.terminal_notifier': Not used on non-Darwin systems
[2.961s] INFO:colcon.colcon_core.plugin_system:Skipping extension 'colcon_notification.desktop_notification.win32': Not used on non-Windows systems
[2.961s] INFO:colcon.colcon_notification.desktop_notification:Sending desktop notification using 'notify2'
[2.984s] DEBUG:colcon.colcon_core.event_reactor:joined thread
[2.985s] INFO:colcon.colcon_core.shell:Creating prefix script '/home/parallels/drone_local/drone_ws/install/local_setup.ps1'
[2.986s] INFO:colcon.colcon_core.shell:Creating prefix util module '/home/parallels/drone_local/drone_ws/install/_local_setup_util_ps1.py'
[2.988s] INFO:colcon.colcon_core.shell:Creating prefix chain script '/home/parallels/drone_local/drone_ws/install/setup.ps1'
[2.989s] INFO:colcon.colcon_core.shell:Creating prefix script '/home/parallels/drone_local/drone_ws/install/local_setup.sh'
[2.990s] INFO:colcon.colcon_core.shell:Creating prefix util module '/home/parallels/drone_local/drone_ws/install/_local_setup_util_sh.py'
[2.992s] INFO:colcon.colcon_core.shell:Creating prefix chain script '/home/parallels/drone_local/drone_ws/install/setup.sh'
[2.993s] INFO:colcon.colcon_core.shell:Creating prefix script '/home/parallels/drone_local/drone_ws/install/local_setup.bash'
[2.993s] INFO:colcon.colcon_core.shell:Creating prefix chain script '/home/parallels/drone_local/drone_ws/install/setup.bash'
[2.994s] INFO:colcon.colcon_core.shell:Creating prefix script '/home/parallels/drone_local/drone_ws/install/local_setup.zsh'
[2.995s] INFO:colcon.colcon_core.shell:Creating prefix chain script '/home/parallels/drone_local/drone_ws/install/setup.zsh'
