running egg_info
writing ../../build/drone_autonomy/drone_autonomy.egg-info/PKG-INFO
writing dependency_links to ../../build/drone_autonomy/drone_autonomy.egg-info/dependency_links.txt
writing entry points to ../../build/drone_autonomy/drone_autonomy.egg-info/entry_points.txt
writing requirements to ../../build/drone_autonomy/drone_autonomy.egg-info/requires.txt
writing top-level names to ../../build/drone_autonomy/drone_autonomy.egg-info/top_level.txt
reading manifest file '../../build/drone_autonomy/drone_autonomy.egg-info/SOURCES.txt'
writing manifest file '../../build/drone_autonomy/drone_autonomy.egg-info/SOURCES.txt'
running build
running build_py
running install
running install_lib
running install_data
running install_egg_info
removing '/home/parallels/drone_local/drone_ws/install/drone_autonomy/lib/python3.10/site-packages/drone_autonomy-1.0.0-py3.10.egg-info' (and everything under it)
Copying ../../build/drone_autonomy/drone_autonomy.egg-info to /home/parallels/drone_local/drone_ws/install/drone_autonomy/lib/python3.10/site-packages/drone_autonomy-1.0.0-py3.10.egg-info
running install_scripts
Installing circle_flight script to /home/parallels/drone_local/drone_ws/install/drone_autonomy/lib/drone_autonomy
Installing data_recorder script to /home/parallels/drone_local/drone_ws/install/drone_autonomy/lib/drone_autonomy
Installing drone_controller script to /home/parallels/drone_local/drone_ws/install/drone_autonomy/lib/drone_autonomy
Installing figure_eight script to /home/parallels/drone_local/drone_ws/install/drone_autonomy/lib/drone_autonomy
Installing house_inspection script to /home/parallels/drone_local/drone_ws/install/drone_autonomy/lib/drone_autonomy
Installing mission_executor script to /home/parallels/drone_local/drone_ws/install/drone_autonomy/lib/drone_autonomy
Installing obstacle_detector script to /home/parallels/drone_local/drone_ws/install/drone_autonomy/lib/drone_autonomy
Installing orbit_point script to /home/parallels/drone_local/drone_ws/install/drone_autonomy/lib/drone_autonomy
Installing pursuit_flight script to /home/parallels/drone_local/drone_ws/install/drone_autonomy/lib/drone_autonomy
Installing rrt_pursuit_single script to /home/parallels/drone_local/drone_ws/install/drone_autonomy/lib/drone_autonomy
Installing simple_takeoff script to /home/parallels/drone_local/drone_ws/install/drone_autonomy/lib/drone_autonomy
Installing square_flight script to /home/parallels/drone_local/drone_ws/install/drone_autonomy/lib/drone_autonomy
Installing waypoint_mission script to /home/parallels/drone_local/drone_ws/install/drone_autonomy/lib/drone_autonomy
writing list of installed files to '/home/parallels/drone_local/drone_ws/build/drone_autonomy/install.log'
