[0.713s] Invoking command in '/home/parallels/drone_local/drone_ws/build/drone_autonomy': CMAKE_PREFIX_PATH=/home/parallels/drone_local/drone_ws/install/px4_msgs:/home/parallels/drone_local/drone_ws/install/px4_ros_com LD_LIBRARY_PATH=/home/parallels/drone_local/drone_ws/install/px4_msgs/lib:/home/parallels/drone_local/drone_ws/install/px4_ros_com/lib:/opt/ros/humble/opt/rviz_ogre_vendor/lib:/opt/ros/humble/lib/aarch64-linux-gnu:/opt/ros/humble/lib PYTHONPATH=/home/parallels/drone_local/drone_ws/build/drone_autonomy/prefix_override:/usr/lib/python3/dist-packages/colcon_core/task/python/colcon_distutils_commands:/home/parallels/drone_local/drone_ws/install/drone_autonomy/lib/python3.10/site-packages:${PYTHONPATH} /usr/bin/python3 -W ignore:setup.py install is deprecated -W ignore:easy_install command is deprecated setup.py develop --editable --build-directory /home/parallels/drone_local/drone_ws/build/drone_autonomy/build --no-deps symlink_data
[0.891s] running develop
[0.979s] running egg_info
[0.979s] writing drone_autonomy.egg-info/PKG-INFO
[0.979s] writing dependency_links to drone_autonomy.egg-info/dependency_links.txt
[0.979s] writing entry points to drone_autonomy.egg-info/entry_points.txt
[0.979s] writing requirements to drone_autonomy.egg-info/requires.txt
[0.980s] writing top-level names to drone_autonomy.egg-info/top_level.txt
[0.981s] reading manifest file 'drone_autonomy.egg-info/SOURCES.txt'
[0.981s] writing manifest file 'drone_autonomy.egg-info/SOURCES.txt'
[0.982s] running build_ext
[0.982s] Creating /home/parallels/drone_local/drone_ws/install/drone_autonomy/lib/python3.10/site-packages/drone-autonomy.egg-link (link to .)
[0.983s] Installing circle_flight script to /home/parallels/drone_local/drone_ws/install/drone_autonomy/lib/drone_autonomy
[0.983s] Installing data_recorder script to /home/parallels/drone_local/drone_ws/install/drone_autonomy/lib/drone_autonomy
[0.983s] Installing drone_controller script to /home/parallels/drone_local/drone_ws/install/drone_autonomy/lib/drone_autonomy
[0.983s] Installing figure_eight script to /home/parallels/drone_local/drone_ws/install/drone_autonomy/lib/drone_autonomy
[0.983s] Installing forward_mission script to /home/parallels/drone_local/drone_ws/install/drone_autonomy/lib/drone_autonomy
[0.983s] Installing house_inspection script to /home/parallels/drone_local/drone_ws/install/drone_autonomy/lib/drone_autonomy
[0.983s] Installing mission_executor script to /home/parallels/drone_local/drone_ws/install/drone_autonomy/lib/drone_autonomy
[0.984s] Installing obstacle_detector script to /home/parallels/drone_local/drone_ws/install/drone_autonomy/lib/drone_autonomy
[0.984s] Installing orbit_point script to /home/parallels/drone_local/drone_ws/install/drone_autonomy/lib/drone_autonomy
[0.984s] Installing pursuit_flight script to /home/parallels/drone_local/drone_ws/install/drone_autonomy/lib/drone_autonomy
[0.984s] Installing rrt_pursuit_single script to /home/parallels/drone_local/drone_ws/install/drone_autonomy/lib/drone_autonomy
[0.984s] Installing simple_takeoff script to /home/parallels/drone_local/drone_ws/install/drone_autonomy/lib/drone_autonomy
[0.984s] Installing square_flight script to /home/parallels/drone_local/drone_ws/install/drone_autonomy/lib/drone_autonomy
[0.984s] Installing waypoint_mission script to /home/parallels/drone_local/drone_ws/install/drone_autonomy/lib/drone_autonomy
[0.984s] 
[0.984s] Installed /home/parallels/drone_local/drone_ws/build/drone_autonomy
[0.984s] running symlink_data
[1.005s] Invoked command in '/home/parallels/drone_local/drone_ws/build/drone_autonomy' returned '0': CMAKE_PREFIX_PATH=/home/parallels/drone_local/drone_ws/install/px4_msgs:/home/parallels/drone_local/drone_ws/install/px4_ros_com LD_LIBRARY_PATH=/home/parallels/drone_local/drone_ws/install/px4_msgs/lib:/home/parallels/drone_local/drone_ws/install/px4_ros_com/lib:/opt/ros/humble/opt/rviz_ogre_vendor/lib:/opt/ros/humble/lib/aarch64-linux-gnu:/opt/ros/humble/lib PYTHONPATH=/home/parallels/drone_local/drone_ws/build/drone_autonomy/prefix_override:/usr/lib/python3/dist-packages/colcon_core/task/python/colcon_distutils_commands:/home/parallels/drone_local/drone_ws/install/drone_autonomy/lib/python3.10/site-packages:${PYTHONPATH} /usr/bin/python3 -W ignore:setup.py install is deprecated -W ignore:easy_install command is deprecated setup.py develop --editable --build-directory /home/parallels/drone_local/drone_ws/build/drone_autonomy/build --no-deps symlink_data
