-- Found ament_cmake: 1.3.12 (/opt/ros/humble/share/ament_cmake/cmake)
-- Override CMake install command with custom implementation using symlinks instead of copying resources
-- Found builtin_interfaces: 1.2.2 (/opt/ros/humble/share/builtin_interfaces/cmake)
-- Found rosidl_generator_c: 3.1.8 (/opt/ros/humble/share/rosidl_generator_c/cmake)
-- Found rosidl_adapter: 3.1.8 (/opt/ros/humble/share/rosidl_adapter/cmake)
-- Found rosidl_generator_cpp: 3.1.8 (/opt/ros/humble/share/rosidl_generator_cpp/cmake)
-- Using all available rosidl_typesupport_c: rosidl_typesupport_fastrtps_c;rosidl_typesupport_introspection_c
-- Using all available rosidl_typesupport_cpp: rosidl_typesupport_fastrtps_cpp;rosidl_typesupport_introspection_cpp
-- Found eigen3_cmake_module: 0.1.1 (/opt/ros/humble/share/eigen3_cmake_module/cmake)
-- Found geometry_msgs: 4.9.0 (/opt/ros/humble/share/geometry_msgs/cmake)
-- Found px4_msgs: 2.0.1 (/home/parallels/drone_local/drone_ws/install/px4_msgs/share/px4_msgs/cmake)
-- Found rclcpp: 16.0.17 (/opt/ros/humble/share/rclcpp/cmake)
-- Found rmw_implementation_cmake: 6.1.2 (/opt/ros/humble/share/rmw_implementation_cmake/cmake)
-- Found rmw_fastrtps_cpp: 6.2.9 (/opt/ros/humble/share/rmw_fastrtps_cpp/cmake)
-- Using RMW implementation 'rmw_fastrtps_cpp' as default
-- Found sensor_msgs: 4.9.0 (/opt/ros/humble/share/sensor_msgs/cmake)
-- Found rclpy: 3.3.19 (/opt/ros/humble/share/rclpy/cmake)
-- Found ament_lint_auto: 0.12.14 (/opt/ros/humble/share/ament_lint_auto/cmake)
-- Added test 'copyright' to check source files copyright and LICENSE
-- Added test 'cppcheck' to perform static code analysis on C / C++ code
-- Configured cppcheck include dirs: /home/parallels/drone_local/drone_ws/src/px4_ros_com/include;$<BUILD_INTERFACE:/home/parallels/drone_local/drone_ws/src/px4_ros_com/include/px4_ros_com>
-- Configured cppcheck exclude dirs and/or files: 
-- Added test 'cpplint' to check C / C++ code against the Google style
-- Configured cpplint exclude dirs and/or files: 
-- Added test 'flake8' to check Python code syntax and style conventions
-- Added test 'lint_cmake' to check CMake code style
-- Added test 'pep257' to check Python code against some of the docstring style conventions in PEP 257
-- Added test 'uncrustify' to check C / C++ code style
-- Configured uncrustify additional arguments: 
-- Added test 'xmllint' to check XML markup files
-- Configuring done
-- Generating done
-- Build files have been written to: /home/parallels/drone_local/drone_ws/build/px4_ros_com
[35m[1mConsolidate compiler generated dependencies of target frame_transforms[0m
[35m[1mConsolidate compiler generated dependencies of target vehicle_gps_position_listener[0m
[35m[1mConsolidate compiler generated dependencies of target sensor_combined_listener[0m
[  8%] [32mBuilding CXX object CMakeFiles/sensor_combined_listener.dir/src/examples/listeners/sensor_combined_listener.cpp.o[0m
[ 16%] [32mBuilding CXX object CMakeFiles/vehicle_gps_position_listener.dir/src/examples/listeners/vehicle_gps_position_listener.cpp.o[0m
[ 25%] [32mBuilding CXX object CMakeFiles/frame_transforms.dir/src/lib/frame_transforms.cpp.o[0m
In file included from [01m[K/usr/include/eigen3/Eigen/Core:214[m[K,
                 from [01m[K/usr/include/eigen3/Eigen/Dense:1[m[K,
                 from [01m[K/usr/include/eigen3/Eigen/Eigen:1[m[K,
                 from [01m[K/home/parallels/drone_local/drone_ws/src/px4_ros_com/include/px4_ros_com/frame_transforms.h:45[m[K,
                 from [01m[K/home/parallels/drone_local/drone_ws/src/px4_ros_com/src/lib/frame_transforms.cpp:41[m[K:
[01m[K/usr/include/eigen3/Eigen/src/Core/arch/NEON/PacketMath.h:[m[K In function ‘[01m[KPacket Eigen::internal::pload(const typename Eigen::internal::unpacket_traits<T>::type*) [with Packet = Eigen::internal::eigen_packet_wrapper<int, 2>; typename Eigen::internal::unpacket_traits<T>::type = signed char][m[K’:
[01m[K/usr/include/eigen3/Eigen/src/Core/arch/NEON/PacketMath.h:1671:9:[m[K [01;35m[Kwarning: [m[K‘[01m[Kvoid* memcpy(void*, const void*, size_t)[m[K’ copying an object of non-trivial type ‘[01m[KEigen::internal::Packet4c[m[K’ {aka ‘[01m[Kstruct Eigen::internal::eigen_packet_wrapper<int, 2>[m[K’} from an array of ‘[01m[Kconst int8_t[m[K’ {aka ‘[01m[Kconst signed char[m[K’} [[01;35m[K]8;;https://gcc.gnu.org/onlinedocs/gcc/Warning-Options.html#index-Wclass-memaccess-Wclass-memaccess]8;;[m[K]
 1671 |   [01;35m[Kmemcpy(&res, from, sizeof(Packet4c))[m[K;
      |   [01;35m[K~~~~~~^~~~~~~~~~~~~~~~~~~~~~~~~~~~~~[m[K
In file included from [01m[K/usr/include/eigen3/Eigen/Core:172[m[K,
                 from [01m[K/usr/include/eigen3/Eigen/Dense:1[m[K,
                 from [01m[K/usr/include/eigen3/Eigen/Eigen:1[m[K,
                 from [01m[K/home/parallels/drone_local/drone_ws/src/px4_ros_com/include/px4_ros_com/frame_transforms.h:45[m[K,
                 from [01m[K/home/parallels/drone_local/drone_ws/src/px4_ros_com/src/lib/frame_transforms.cpp:41[m[K:
[01m[K/usr/include/eigen3/Eigen/src/Core/GenericPacketMath.h:159:8:[m[K [01;36m[Knote: [m[K‘[01m[KEigen::internal::Packet4c[m[K’ {aka ‘[01m[Kstruct Eigen::internal::eigen_packet_wrapper<int, 2>[m[K’} declared here
  159 | struct [01;36m[Keigen_packet_wrapper[m[K
      |        [01;36m[K^~~~~~~~~~~~~~~~~~~~[m[K
In file included from [01m[K/usr/include/eigen3/Eigen/Core:214[m[K,
                 from [01m[K/usr/include/eigen3/Eigen/Dense:1[m[K,
                 from [01m[K/usr/include/eigen3/Eigen/Eigen:1[m[K,
                 from [01m[K/home/parallels/drone_local/drone_ws/src/px4_ros_com/include/px4_ros_com/frame_transforms.h:45[m[K,
                 from [01m[K/home/parallels/drone_local/drone_ws/src/px4_ros_com/src/lib/frame_transforms.cpp:41[m[K:
[01m[K/usr/include/eigen3/Eigen/src/Core/arch/NEON/PacketMath.h:[m[K In function ‘[01m[KPacket Eigen::internal::ploadu(const typename Eigen::internal::unpacket_traits<T>::type*) [with Packet = Eigen::internal::eigen_packet_wrapper<int, 2>; typename Eigen::internal::unpacket_traits<T>::type = signed char][m[K’:
[01m[K/usr/include/eigen3/Eigen/src/Core/arch/NEON/PacketMath.h:1716:9:[m[K [01;35m[Kwarning: [m[K‘[01m[Kvoid* memcpy(void*, const void*, size_t)[m[K’ copying an object of non-trivial type ‘[01m[KEigen::internal::Packet4c[m[K’ {aka ‘[01m[Kstruct Eigen::internal::eigen_packet_wrapper<int, 2>[m[K’} from an array of ‘[01m[Kconst int8_t[m[K’ {aka ‘[01m[Kconst signed char[m[K’} [[01;35m[K]8;;https://gcc.gnu.org/onlinedocs/gcc/Warning-Options.html#index-Wclass-memaccess-Wclass-memaccess]8;;[m[K]
 1716 |   [01;35m[Kmemcpy(&res, from, sizeof(Packet4c))[m[K;
      |   [01;35m[K~~~~~~^~~~~~~~~~~~~~~~~~~~~~~~~~~~~~[m[K
In file included from [01m[K/usr/include/eigen3/Eigen/Core:172[m[K,
                 from [01m[K/usr/include/eigen3/Eigen/Dense:1[m[K,
                 from [01m[K/usr/include/eigen3/Eigen/Eigen:1[m[K,
                 from [01m[K/home/parallels/drone_local/drone_ws/src/px4_ros_com/include/px4_ros_com/frame_transforms.h:45[m[K,
                 from [01m[K/home/parallels/drone_local/drone_ws/src/px4_ros_com/src/lib/frame_transforms.cpp:41[m[K:
[01m[K/usr/include/eigen3/Eigen/src/Core/GenericPacketMath.h:159:8:[m[K [01;36m[Knote: [m[K‘[01m[KEigen::internal::Packet4c[m[K’ {aka ‘[01m[Kstruct Eigen::internal::eigen_packet_wrapper<int, 2>[m[K’} declared here
  159 | struct [01;36m[Keigen_packet_wrapper[m[K
      |        [01;36m[K^~~~~~~~~~~~~~~~~~~~[m[K
[35m[1mConsolidate compiler generated dependencies of target debug_vect_advertiser[0m
[ 33%] [32mBuilding CXX object CMakeFiles/debug_vect_advertiser.dir/src/examples/advertisers/debug_vect_advertiser.cpp.o[0m
[ 41%] [32m[1mLinking CXX executable debug_vect_advertiser[0m
[ 41%] Built target debug_vect_advertiser
[35m[1mConsolidate compiler generated dependencies of target offboard_control[0m
[ 50%] [32mBuilding CXX object CMakeFiles/offboard_control.dir/src/examples/offboard/offboard_control.cpp.o[0m
[ 58%] [32m[1mLinking CXX shared library libframe_transforms.so[0m
[ 58%] Built target frame_transforms
[35m[1mConsolidate compiler generated dependencies of target offboard_control_srv[0m
[ 66%] [32mBuilding CXX object CMakeFiles/offboard_control_srv.dir/src/examples/offboard/offboard_control_srv.cpp.o[0m
[ 75%] [32m[1mLinking CXX executable sensor_combined_listener[0m
[ 83%] [32m[1mLinking CXX executable vehicle_gps_position_listener[0m
[ 83%] Built target sensor_combined_listener
[ 83%] Built target vehicle_gps_position_listener
[ 83%] Built target ament_cmake_python_symlink_px4_ros_com
running egg_info
writing px4_ros_com.egg-info/PKG-INFO
writing dependency_links to px4_ros_com.egg-info/dependency_links.txt
writing top-level names to px4_ros_com.egg-info/top_level.txt
reading manifest file 'px4_ros_com.egg-info/SOURCES.txt'
writing manifest file 'px4_ros_com.egg-info/SOURCES.txt'
[ 83%] Built target ament_cmake_python_build_px4_ros_com_egg
[ 91%] [32m[1mLinking CXX executable offboard_control[0m
[ 91%] Built target offboard_control
[100%] [32m[1mLinking CXX executable offboard_control_srv[0m
[100%] Built target offboard_control_srv
-- Install configuration: ""
-- Execute custom install script
-- Up-to-date symlink: /home/parallels/drone_local/drone_ws/install/px4_ros_com/lib/px4_ros_com/sensor_combined_listener
-- Up-to-date symlink: /home/parallels/drone_local/drone_ws/install/px4_ros_com/lib/px4_ros_com/vehicle_gps_position_listener
-- Up-to-date symlink: /home/parallels/drone_local/drone_ws/install/px4_ros_com/lib/px4_ros_com/debug_vect_advertiser
-- Up-to-date symlink: /home/parallels/drone_local/drone_ws/install/px4_ros_com/lib/px4_ros_com/offboard_control
-- Up-to-date symlink: /home/parallels/drone_local/drone_ws/install/px4_ros_com/lib/px4_ros_com/offboard_control_srv
-- Up-to-date symlink: /home/parallels/drone_local/drone_ws/install/px4_ros_com/share/px4_ros_com/environment/library_path.sh
-- Up-to-date symlink: /home/parallels/drone_local/drone_ws/install/px4_ros_com/share/px4_ros_com/environment/library_path.dsv
-- Up-to-date symlink: /home/parallels/drone_local/drone_ws/install/px4_ros_com/include/px4_ros_com/frame_transforms.h
-- Up-to-date symlink: /home/parallels/drone_local/drone_ws/install/px4_ros_com/share/px4_ros_com//launch/offboard_control_launch.yaml
-- Up-to-date symlink: /home/parallels/drone_local/drone_ws/install/px4_ros_com/share/px4_ros_com//launch/sensor_combined_listener.launch.py
-- Up-to-date symlink: /home/parallels/drone_local/drone_ws/install/px4_ros_com/share/px4_ros_com//test/__init__.py
-- Up-to-date symlink: /home/parallels/drone_local/drone_ws/install/px4_ros_com/share/px4_ros_com//test/pipeline_io_test.py
-- Up-to-date symlink: /home/parallels/drone_local/drone_ws/install/px4_ros_com/share/px4_ros_com//test/test_input.py
-- Up-to-date symlink: /home/parallels/drone_local/drone_ws/install/px4_ros_com/share/px4_ros_com//test/test_output.py
-- Up-to-date symlink: /home/parallels/drone_local/drone_ws/install/px4_ros_com/share/px4_ros_com/environment/pythonpath.sh
-- Up-to-date symlink: /home/parallels/drone_local/drone_ws/install/px4_ros_com/share/px4_ros_com/environment/pythonpath.dsv
-- Up-to-date symlink: /home/parallels/drone_local/drone_ws/install/px4_ros_com/local/lib/python3.10/dist-packages/px4_ros_com-0.1.0-py3.10.egg-info/PKG-INFO
-- Up-to-date symlink: /home/parallels/drone_local/drone_ws/install/px4_ros_com/local/lib/python3.10/dist-packages/px4_ros_com-0.1.0-py3.10.egg-info/SOURCES.txt
-- Up-to-date symlink: /home/parallels/drone_local/drone_ws/install/px4_ros_com/local/lib/python3.10/dist-packages/px4_ros_com-0.1.0-py3.10.egg-info/dependency_links.txt
-- Up-to-date symlink: /home/parallels/drone_local/drone_ws/install/px4_ros_com/local/lib/python3.10/dist-packages/px4_ros_com-0.1.0-py3.10.egg-info/top_level.txt
-- Up-to-date symlink: /home/parallels/drone_local/drone_ws/install/px4_ros_com/local/lib/python3.10/dist-packages/px4_ros_com/__init__.py
-- Up-to-date symlink: /home/parallels/drone_local/drone_ws/install/px4_ros_com/local/lib/python3.10/dist-packages/px4_ros_com/module_to_import.py
-- Up-to-date symlink: /home/parallels/drone_local/drone_ws/install/px4_ros_com/lib/px4_ros_com/offboard_control.py
-- Up-to-date symlink: /home/parallels/drone_local/drone_ws/install/px4_ros_com/share/ament_index/resource_index/package_run_dependencies/px4_ros_com
-- Up-to-date symlink: /home/parallels/drone_local/drone_ws/install/px4_ros_com/share/ament_index/resource_index/parent_prefix_path/px4_ros_com
-- Up-to-date symlink: /home/parallels/drone_local/drone_ws/install/px4_ros_com/share/px4_ros_com/environment/ament_prefix_path.sh
-- Up-to-date symlink: /home/parallels/drone_local/drone_ws/install/px4_ros_com/share/px4_ros_com/environment/ament_prefix_path.dsv
-- Up-to-date symlink: /home/parallels/drone_local/drone_ws/install/px4_ros_com/share/px4_ros_com/environment/path.sh
-- Up-to-date symlink: /home/parallels/drone_local/drone_ws/install/px4_ros_com/share/px4_ros_com/environment/path.dsv
-- Up-to-date symlink: /home/parallels/drone_local/drone_ws/install/px4_ros_com/share/px4_ros_com/local_setup.bash
-- Up-to-date symlink: /home/parallels/drone_local/drone_ws/install/px4_ros_com/share/px4_ros_com/local_setup.sh
-- Up-to-date symlink: /home/parallels/drone_local/drone_ws/install/px4_ros_com/share/px4_ros_com/local_setup.zsh
-- Up-to-date symlink: /home/parallels/drone_local/drone_ws/install/px4_ros_com/share/px4_ros_com/local_setup.dsv
-- Symlinking: /home/parallels/drone_local/drone_ws/install/px4_ros_com/share/px4_ros_com/package.dsv
-- Up-to-date symlink: /home/parallels/drone_local/drone_ws/install/px4_ros_com/share/ament_index/resource_index/packages/px4_ros_com
-- Up-to-date symlink: /home/parallels/drone_local/drone_ws/install/px4_ros_com/share/px4_ros_com/cmake/ament_cmake_export_dependencies-extras.cmake
-- Up-to-date symlink: /home/parallels/drone_local/drone_ws/install/px4_ros_com/share/px4_ros_com/cmake/ament_cmake_export_targets-extras.cmake
-- Up-to-date symlink: /home/parallels/drone_local/drone_ws/install/px4_ros_com/share/px4_ros_com/cmake/ament_cmake_export_include_directories-extras.cmake
-- Up-to-date symlink: /home/parallels/drone_local/drone_ws/install/px4_ros_com/share/px4_ros_com/cmake/ament_cmake_export_libraries-extras.cmake
-- Up-to-date symlink: /home/parallels/drone_local/drone_ws/install/px4_ros_com/share/px4_ros_com/cmake/px4_ros_comConfig.cmake
-- Up-to-date symlink: /home/parallels/drone_local/drone_ws/install/px4_ros_com/share/px4_ros_com/cmake/px4_ros_comConfig-version.cmake
-- Up-to-date symlink: /home/parallels/drone_local/drone_ws/install/px4_ros_com/share/px4_ros_com/package.xml
-- Installing: /home/parallels/drone_local/drone_ws/install/px4_ros_com/lib/libframe_transforms.so
-- Set runtime path of "/home/parallels/drone_local/drone_ws/install/px4_ros_com/lib/libframe_transforms.so" to ""
Listing '/home/parallels/drone_local/drone_ws/install/px4_ros_com/local/lib/python3.10/dist-packages/px4_ros_com'...
-- Up-to-date: /home/parallels/drone_local/drone_ws/install/px4_ros_com/share/px4_ros_com/cmake/export_frame_transformsExport.cmake
-- Up-to-date: /home/parallels/drone_local/drone_ws/install/px4_ros_com/share/px4_ros_com/cmake/export_frame_transformsExport-noconfig.cmake
