[0.302s] Invoking command in '/home/parallels/drone_local/drone_ws/build/px4_ros_com': AMENT_PREFIX_PATH=/home/parallels/drone_local/drone_ws/install/px4_msgs:${AMENT_PREFIX_PATH} CMAKE_PREFIX_PATH=/home/parallels/drone_local/drone_ws/install/px4_msgs:/opt/ros/humble LD_LIBRARY_PATH=/home/parallels/drone_local/drone_ws/install/px4_msgs/lib:${LD_LIBRARY_PATH} PYTHONPATH=/home/parallels/drone_local/drone_ws/install/px4_msgs/local/lib/python3.10/dist-packages:${PYTHONPATH} /usr/bin/cmake /home/parallels/drone_local/drone_ws/src/px4_ros_com -DAMENT_CMAKE_SYMLINK_INSTALL=1 -DCMAKE_INSTALL_PREFIX=/home/parallels/drone_local/drone_ws/install/px4_ros_com
[0.441s] -- Found ament_cmake: 1.3.12 (/opt/ros/humble/share/ament_cmake/cmake)
[0.442s] -- Override CMake install command with custom implementation using symlinks instead of copying resources
[0.442s] -- Found builtin_interfaces: 1.2.2 (/opt/ros/humble/share/builtin_interfaces/cmake)
[0.442s] -- Found rosidl_generator_c: 3.1.8 (/opt/ros/humble/share/rosidl_generator_c/cmake)
[0.442s] -- Found rosidl_adapter: 3.1.8 (/opt/ros/humble/share/rosidl_adapter/cmake)
[0.443s] -- Found rosidl_generator_cpp: 3.1.8 (/opt/ros/humble/share/rosidl_generator_cpp/cmake)
[0.443s] -- Using all available rosidl_typesupport_c: rosidl_typesupport_fastrtps_c;rosidl_typesupport_introspection_c
[0.443s] -- Using all available rosidl_typesupport_cpp: rosidl_typesupport_fastrtps_cpp;rosidl_typesupport_introspection_cpp
[0.444s] -- Found eigen3_cmake_module: 0.1.1 (/opt/ros/humble/share/eigen3_cmake_module/cmake)
[0.448s] -- Found geometry_msgs: 4.9.0 (/opt/ros/humble/share/geometry_msgs/cmake)
[0.478s] -- Found px4_msgs: 2.0.1 (/home/parallels/drone_local/drone_ws/install/px4_msgs/share/px4_msgs/cmake)
[0.489s] -- Found rclcpp: 16.0.17 (/opt/ros/humble/share/rclcpp/cmake)
[0.527s] -- Found rmw_implementation_cmake: 6.1.2 (/opt/ros/humble/share/rmw_implementation_cmake/cmake)
[0.530s] -- Found rmw_fastrtps_cpp: 6.2.9 (/opt/ros/humble/share/rmw_fastrtps_cpp/cmake)
[0.644s] -- Using RMW implementation 'rmw_fastrtps_cpp' as default
[0.696s] -- Found sensor_msgs: 4.9.0 (/opt/ros/humble/share/sensor_msgs/cmake)
[0.716s] -- Found rclpy: 3.3.19 (/opt/ros/humble/share/rclpy/cmake)
[0.723s] -- Found ament_lint_auto: 0.12.14 (/opt/ros/humble/share/ament_lint_auto/cmake)
[0.877s] -- Added test 'copyright' to check source files copyright and LICENSE
[0.883s] -- Added test 'cppcheck' to perform static code analysis on C / C++ code
[0.884s] -- Configured cppcheck include dirs: /home/parallels/drone_local/drone_ws/src/px4_ros_com/include;$<BUILD_INTERFACE:/home/parallels/drone_local/drone_ws/src/px4_ros_com/include/px4_ros_com>
[0.884s] -- Configured cppcheck exclude dirs and/or files: 
[0.887s] -- Added test 'cpplint' to check C / C++ code against the Google style
[0.887s] -- Configured cpplint exclude dirs and/or files: 
[0.890s] -- Added test 'flake8' to check Python code syntax and style conventions
[0.902s] -- Added test 'lint_cmake' to check CMake code style
[0.903s] -- Added test 'pep257' to check Python code against some of the docstring style conventions in PEP 257
[0.906s] -- Added test 'uncrustify' to check C / C++ code style
[0.906s] -- Configured uncrustify additional arguments: 
[0.907s] -- Added test 'xmllint' to check XML markup files
[0.910s] -- Configuring done
[0.952s] -- Generating done
[0.973s] -- Build files have been written to: /home/parallels/drone_local/drone_ws/build/px4_ros_com
[0.983s] Invoked command in '/home/parallels/drone_local/drone_ws/build/px4_ros_com' returned '0': AMENT_PREFIX_PATH=/home/parallels/drone_local/drone_ws/install/px4_msgs:${AMENT_PREFIX_PATH} CMAKE_PREFIX_PATH=/home/parallels/drone_local/drone_ws/install/px4_msgs:/opt/ros/humble LD_LIBRARY_PATH=/home/parallels/drone_local/drone_ws/install/px4_msgs/lib:${LD_LIBRARY_PATH} PYTHONPATH=/home/parallels/drone_local/drone_ws/install/px4_msgs/local/lib/python3.10/dist-packages:${PYTHONPATH} /usr/bin/cmake /home/parallels/drone_local/drone_ws/src/px4_ros_com -DAMENT_CMAKE_SYMLINK_INSTALL=1 -DCMAKE_INSTALL_PREFIX=/home/parallels/drone_local/drone_ws/install/px4_ros_com
[0.984s] Invoking command in '/home/parallels/drone_local/drone_ws/build/px4_ros_com': AMENT_PREFIX_PATH=/home/parallels/drone_local/drone_ws/install/px4_msgs:${AMENT_PREFIX_PATH} CMAKE_PREFIX_PATH=/home/parallels/drone_local/drone_ws/install/px4_msgs:/opt/ros/humble LD_LIBRARY_PATH=/home/parallels/drone_local/drone_ws/install/px4_msgs/lib:${LD_LIBRARY_PATH} PYTHONPATH=/home/parallels/drone_local/drone_ws/install/px4_msgs/local/lib/python3.10/dist-packages:${PYTHONPATH} /usr/bin/cmake --build /home/parallels/drone_local/drone_ws/build/px4_ros_com -- -j4 -l4
[1.007s] [35m[1mConsolidate compiler generated dependencies of target frame_transforms[0m
[1.007s] [35m[1mConsolidate compiler generated dependencies of target vehicle_gps_position_listener[0m
[1.014s] [35m[1mConsolidate compiler generated dependencies of target sensor_combined_listener[0m
[1.039s] [  8%] [32mBuilding CXX object CMakeFiles/sensor_combined_listener.dir/src/examples/listeners/sensor_combined_listener.cpp.o[0m
[1.048s] [ 16%] [32mBuilding CXX object CMakeFiles/vehicle_gps_position_listener.dir/src/examples/listeners/vehicle_gps_position_listener.cpp.o[0m
[1.053s] [ 25%] [32mBuilding CXX object CMakeFiles/frame_transforms.dir/src/lib/frame_transforms.cpp.o[0m
[2.039s] In file included from [01m[K/usr/include/eigen3/Eigen/Core:214[m[K,
[2.039s]                  from [01m[K/usr/include/eigen3/Eigen/Dense:1[m[K,
[2.040s]                  from [01m[K/usr/include/eigen3/Eigen/Eigen:1[m[K,
[2.040s]                  from [01m[K/home/parallels/drone_local/drone_ws/src/px4_ros_com/include/px4_ros_com/frame_transforms.h:45[m[K,
[2.040s]                  from [01m[K/home/parallels/drone_local/drone_ws/src/px4_ros_com/src/lib/frame_transforms.cpp:41[m[K:
[2.040s] [01m[K/usr/include/eigen3/Eigen/src/Core/arch/NEON/PacketMath.h:[m[K In function ‘[01m[KPacket Eigen::internal::pload(const typename Eigen::internal::unpacket_traits<T>::type*) [with Packet = Eigen::internal::eigen_packet_wrapper<int, 2>; typename Eigen::internal::unpacket_traits<T>::type = signed char][m[K’:
[2.041s] [01m[K/usr/include/eigen3/Eigen/src/Core/arch/NEON/PacketMath.h:1671:9:[m[K [01;35m[Kwarning: [m[K‘[01m[Kvoid* memcpy(void*, const void*, size_t)[m[K’ copying an object of non-trivial type ‘[01m[KEigen::internal::Packet4c[m[K’ {aka ‘[01m[Kstruct Eigen::internal::eigen_packet_wrapper<int, 2>[m[K’} from an array of ‘[01m[Kconst int8_t[m[K’ {aka ‘[01m[Kconst signed char[m[K’} [[01;35m[K]8;;https://gcc.gnu.org/onlinedocs/gcc/Warning-Options.html#index-Wclass-memaccess-Wclass-memaccess]8;;[m[K]
[2.041s]  1671 |   [01;35m[Kmemcpy(&res, from, sizeof(Packet4c))[m[K;
[2.041s]       |   [01;35m[K~~~~~~^~~~~~~~~~~~~~~~~~~~~~~~~~~~~~[m[K
[2.041s] In file included from [01m[K/usr/include/eigen3/Eigen/Core:172[m[K,
[2.041s]                  from [01m[K/usr/include/eigen3/Eigen/Dense:1[m[K,
[2.042s]                  from [01m[K/usr/include/eigen3/Eigen/Eigen:1[m[K,
[2.042s]                  from [01m[K/home/parallels/drone_local/drone_ws/src/px4_ros_com/include/px4_ros_com/frame_transforms.h:45[m[K,
[2.042s]                  from [01m[K/home/parallels/drone_local/drone_ws/src/px4_ros_com/src/lib/frame_transforms.cpp:41[m[K:
[2.042s] [01m[K/usr/include/eigen3/Eigen/src/Core/GenericPacketMath.h:159:8:[m[K [01;36m[Knote: [m[K‘[01m[KEigen::internal::Packet4c[m[K’ {aka ‘[01m[Kstruct Eigen::internal::eigen_packet_wrapper<int, 2>[m[K’} declared here
[2.043s]   159 | struct [01;36m[Keigen_packet_wrapper[m[K
[2.043s]       |        [01;36m[K^~~~~~~~~~~~~~~~~~~~[m[K
[2.043s] In file included from [01m[K/usr/include/eigen3/Eigen/Core:214[m[K,
[2.043s]                  from [01m[K/usr/include/eigen3/Eigen/Dense:1[m[K,
[2.043s]                  from [01m[K/usr/include/eigen3/Eigen/Eigen:1[m[K,
[2.043s]                  from [01m[K/home/parallels/drone_local/drone_ws/src/px4_ros_com/include/px4_ros_com/frame_transforms.h:45[m[K,
[2.044s]                  from [01m[K/home/parallels/drone_local/drone_ws/src/px4_ros_com/src/lib/frame_transforms.cpp:41[m[K:
[2.044s] [01m[K/usr/include/eigen3/Eigen/src/Core/arch/NEON/PacketMath.h:[m[K In function ‘[01m[KPacket Eigen::internal::ploadu(const typename Eigen::internal::unpacket_traits<T>::type*) [with Packet = Eigen::internal::eigen_packet_wrapper<int, 2>; typename Eigen::internal::unpacket_traits<T>::type = signed char][m[K’:
[2.044s] [01m[K/usr/include/eigen3/Eigen/src/Core/arch/NEON/PacketMath.h:1716:9:[m[K [01;35m[Kwarning: [m[K‘[01m[Kvoid* memcpy(void*, const void*, size_t)[m[K’ copying an object of non-trivial type ‘[01m[KEigen::internal::Packet4c[m[K’ {aka ‘[01m[Kstruct Eigen::internal::eigen_packet_wrapper<int, 2>[m[K’} from an array of ‘[01m[Kconst int8_t[m[K’ {aka ‘[01m[Kconst signed char[m[K’} [[01;35m[K]8;;https://gcc.gnu.org/onlinedocs/gcc/Warning-Options.html#index-Wclass-memaccess-Wclass-memaccess]8;;[m[K]
[2.045s]  1716 |   [01;35m[Kmemcpy(&res, from, sizeof(Packet4c))[m[K;
[2.045s]       |   [01;35m[K~~~~~~^~~~~~~~~~~~~~~~~~~~~~~~~~~~~~[m[K
[2.045s] In file included from [01m[K/usr/include/eigen3/Eigen/Core:172[m[K,
[2.046s]                  from [01m[K/usr/include/eigen3/Eigen/Dense:1[m[K,
[2.046s]                  from [01m[K/usr/include/eigen3/Eigen/Eigen:1[m[K,
[2.047s]                  from [01m[K/home/parallels/drone_local/drone_ws/src/px4_ros_com/include/px4_ros_com/frame_transforms.h:45[m[K,
[2.047s]                  from [01m[K/home/parallels/drone_local/drone_ws/src/px4_ros_com/src/lib/frame_transforms.cpp:41[m[K:
[2.047s] [01m[K/usr/include/eigen3/Eigen/src/Core/GenericPacketMath.h:159:8:[m[K [01;36m[Knote: [m[K‘[01m[KEigen::internal::Packet4c[m[K’ {aka ‘[01m[Kstruct Eigen::internal::eigen_packet_wrapper<int, 2>[m[K’} declared here
[2.047s]   159 | struct [01;36m[Keigen_packet_wrapper[m[K
[2.047s]       |        [01;36m[K^~~~~~~~~~~~~~~~~~~~[m[K
[2.067s] [35m[1mConsolidate compiler generated dependencies of target debug_vect_advertiser[0m
[2.130s] [ 33%] [32mBuilding CXX object CMakeFiles/debug_vect_advertiser.dir/src/examples/advertisers/debug_vect_advertiser.cpp.o[0m
[9.376s] [ 41%] [32m[1mLinking CXX executable debug_vect_advertiser[0m
[9.768s] [ 41%] Built target debug_vect_advertiser
[9.806s] [35m[1mConsolidate compiler generated dependencies of target offboard_control[0m
[9.826s] [ 50%] [32mBuilding CXX object CMakeFiles/offboard_control.dir/src/examples/offboard/offboard_control.cpp.o[0m
[10.518s] [ 58%] [32m[1mLinking CXX shared library libframe_transforms.so[0m
[10.706s] [ 58%] Built target frame_transforms
[10.716s] [35m[1mConsolidate compiler generated dependencies of target offboard_control_srv[0m
[10.736s] [ 66%] [32mBuilding CXX object CMakeFiles/offboard_control_srv.dir/src/examples/offboard/offboard_control_srv.cpp.o[0m
[11.575s] [ 75%] [32m[1mLinking CXX executable sensor_combined_listener[0m
[11.630s] [ 83%] [32m[1mLinking CXX executable vehicle_gps_position_listener[0m
[12.041s] [ 83%] Built target sensor_combined_listener
[12.069s] [ 83%] Built target vehicle_gps_position_listener
[12.071s] [ 83%] Built target ament_cmake_python_symlink_px4_ros_com
[12.231s] running egg_info
[12.231s] writing px4_ros_com.egg-info/PKG-INFO
[12.232s] writing dependency_links to px4_ros_com.egg-info/dependency_links.txt
[12.232s] writing top-level names to px4_ros_com.egg-info/top_level.txt
[12.233s] reading manifest file 'px4_ros_com.egg-info/SOURCES.txt'
[12.233s] writing manifest file 'px4_ros_com.egg-info/SOURCES.txt'
[12.252s] [ 83%] Built target ament_cmake_python_build_px4_ros_com_egg
[13.658s] [ 91%] [32m[1mLinking CXX executable offboard_control[0m
[14.413s] [ 91%] Built target offboard_control
[15.633s] [100%] [32m[1mLinking CXX executable offboard_control_srv[0m
[15.792s] [100%] Built target offboard_control_srv
[15.814s] Invoked command in '/home/parallels/drone_local/drone_ws/build/px4_ros_com' returned '0': AMENT_PREFIX_PATH=/home/parallels/drone_local/drone_ws/install/px4_msgs:${AMENT_PREFIX_PATH} CMAKE_PREFIX_PATH=/home/parallels/drone_local/drone_ws/install/px4_msgs:/opt/ros/humble LD_LIBRARY_PATH=/home/parallels/drone_local/drone_ws/install/px4_msgs/lib:${LD_LIBRARY_PATH} PYTHONPATH=/home/parallels/drone_local/drone_ws/install/px4_msgs/local/lib/python3.10/dist-packages:${PYTHONPATH} /usr/bin/cmake --build /home/parallels/drone_local/drone_ws/build/px4_ros_com -- -j4 -l4
[15.823s] Invoking command in '/home/parallels/drone_local/drone_ws/build/px4_ros_com': AMENT_PREFIX_PATH=/home/parallels/drone_local/drone_ws/install/px4_msgs:${AMENT_PREFIX_PATH} CMAKE_PREFIX_PATH=/home/parallels/drone_local/drone_ws/install/px4_msgs:/opt/ros/humble LD_LIBRARY_PATH=/home/parallels/drone_local/drone_ws/install/px4_msgs/lib:${LD_LIBRARY_PATH} PYTHONPATH=/home/parallels/drone_local/drone_ws/install/px4_msgs/local/lib/python3.10/dist-packages:${PYTHONPATH} /usr/bin/cmake --install /home/parallels/drone_local/drone_ws/build/px4_ros_com
[15.829s] -- Install configuration: ""
[15.830s] -- Execute custom install script
[15.830s] -- Up-to-date symlink: /home/parallels/drone_local/drone_ws/install/px4_ros_com/lib/px4_ros_com/sensor_combined_listener
[15.830s] -- Up-to-date symlink: /home/parallels/drone_local/drone_ws/install/px4_ros_com/lib/px4_ros_com/vehicle_gps_position_listener
[15.831s] -- Up-to-date symlink: /home/parallels/drone_local/drone_ws/install/px4_ros_com/lib/px4_ros_com/debug_vect_advertiser
[15.831s] -- Up-to-date symlink: /home/parallels/drone_local/drone_ws/install/px4_ros_com/lib/px4_ros_com/offboard_control
[15.831s] -- Up-to-date symlink: /home/parallels/drone_local/drone_ws/install/px4_ros_com/lib/px4_ros_com/offboard_control_srv
[15.831s] -- Up-to-date symlink: /home/parallels/drone_local/drone_ws/install/px4_ros_com/share/px4_ros_com/environment/library_path.sh
[15.831s] -- Up-to-date symlink: /home/parallels/drone_local/drone_ws/install/px4_ros_com/share/px4_ros_com/environment/library_path.dsv
[15.832s] -- Up-to-date symlink: /home/parallels/drone_local/drone_ws/install/px4_ros_com/include/px4_ros_com/frame_transforms.h
[15.833s] -- Up-to-date symlink: /home/parallels/drone_local/drone_ws/install/px4_ros_com/share/px4_ros_com//launch/offboard_control_launch.yaml
[15.834s] -- Up-to-date symlink: /home/parallels/drone_local/drone_ws/install/px4_ros_com/share/px4_ros_com//launch/sensor_combined_listener.launch.py
[15.834s] -- Up-to-date symlink: /home/parallels/drone_local/drone_ws/install/px4_ros_com/share/px4_ros_com//test/__init__.py
[15.834s] -- Up-to-date symlink: /home/parallels/drone_local/drone_ws/install/px4_ros_com/share/px4_ros_com//test/pipeline_io_test.py
[15.834s] -- Up-to-date symlink: /home/parallels/drone_local/drone_ws/install/px4_ros_com/share/px4_ros_com//test/test_input.py
[15.834s] -- Up-to-date symlink: /home/parallels/drone_local/drone_ws/install/px4_ros_com/share/px4_ros_com//test/test_output.py
[15.834s] -- Up-to-date symlink: /home/parallels/drone_local/drone_ws/install/px4_ros_com/share/px4_ros_com/environment/pythonpath.sh
[15.835s] -- Up-to-date symlink: /home/parallels/drone_local/drone_ws/install/px4_ros_com/share/px4_ros_com/environment/pythonpath.dsv
[15.835s] -- Up-to-date symlink: /home/parallels/drone_local/drone_ws/install/px4_ros_com/local/lib/python3.10/dist-packages/px4_ros_com-0.1.0-py3.10.egg-info/PKG-INFO
[15.835s] -- Up-to-date symlink: /home/parallels/drone_local/drone_ws/install/px4_ros_com/local/lib/python3.10/dist-packages/px4_ros_com-0.1.0-py3.10.egg-info/SOURCES.txt
[15.835s] -- Up-to-date symlink: /home/parallels/drone_local/drone_ws/install/px4_ros_com/local/lib/python3.10/dist-packages/px4_ros_com-0.1.0-py3.10.egg-info/dependency_links.txt
[15.835s] -- Up-to-date symlink: /home/parallels/drone_local/drone_ws/install/px4_ros_com/local/lib/python3.10/dist-packages/px4_ros_com-0.1.0-py3.10.egg-info/top_level.txt
[15.836s] -- Up-to-date symlink: /home/parallels/drone_local/drone_ws/install/px4_ros_com/local/lib/python3.10/dist-packages/px4_ros_com/__init__.py
[15.836s] -- Up-to-date symlink: /home/parallels/drone_local/drone_ws/install/px4_ros_com/local/lib/python3.10/dist-packages/px4_ros_com/module_to_import.py
[15.836s] -- Up-to-date symlink: /home/parallels/drone_local/drone_ws/install/px4_ros_com/lib/px4_ros_com/offboard_control.py
[15.836s] -- Up-to-date symlink: /home/parallels/drone_local/drone_ws/install/px4_ros_com/share/ament_index/resource_index/package_run_dependencies/px4_ros_com
[15.836s] -- Up-to-date symlink: /home/parallels/drone_local/drone_ws/install/px4_ros_com/share/ament_index/resource_index/parent_prefix_path/px4_ros_com
[15.837s] -- Up-to-date symlink: /home/parallels/drone_local/drone_ws/install/px4_ros_com/share/px4_ros_com/environment/ament_prefix_path.sh
[15.837s] -- Up-to-date symlink: /home/parallels/drone_local/drone_ws/install/px4_ros_com/share/px4_ros_com/environment/ament_prefix_path.dsv
[15.837s] -- Up-to-date symlink: /home/parallels/drone_local/drone_ws/install/px4_ros_com/share/px4_ros_com/environment/path.sh
[15.838s] -- Up-to-date symlink: /home/parallels/drone_local/drone_ws/install/px4_ros_com/share/px4_ros_com/environment/path.dsv
[15.838s] -- Up-to-date symlink: /home/parallels/drone_local/drone_ws/install/px4_ros_com/share/px4_ros_com/local_setup.bash
[15.838s] -- Up-to-date symlink: /home/parallels/drone_local/drone_ws/install/px4_ros_com/share/px4_ros_com/local_setup.sh
[15.838s] -- Up-to-date symlink: /home/parallels/drone_local/drone_ws/install/px4_ros_com/share/px4_ros_com/local_setup.zsh
[15.838s] -- Up-to-date symlink: /home/parallels/drone_local/drone_ws/install/px4_ros_com/share/px4_ros_com/local_setup.dsv
[15.838s] -- Symlinking: /home/parallels/drone_local/drone_ws/install/px4_ros_com/share/px4_ros_com/package.dsv
[15.845s] -- Up-to-date symlink: /home/parallels/drone_local/drone_ws/install/px4_ros_com/share/ament_index/resource_index/packages/px4_ros_com
[15.846s] -- Up-to-date symlink: /home/parallels/drone_local/drone_ws/install/px4_ros_com/share/px4_ros_com/cmake/ament_cmake_export_dependencies-extras.cmake
[15.847s] -- Up-to-date symlink: /home/parallels/drone_local/drone_ws/install/px4_ros_com/share/px4_ros_com/cmake/ament_cmake_export_targets-extras.cmake
[15.847s] -- Up-to-date symlink: /home/parallels/drone_local/drone_ws/install/px4_ros_com/share/px4_ros_com/cmake/ament_cmake_export_include_directories-extras.cmake
[15.847s] -- Up-to-date symlink: /home/parallels/drone_local/drone_ws/install/px4_ros_com/share/px4_ros_com/cmake/ament_cmake_export_libraries-extras.cmake
[15.847s] -- Up-to-date symlink: /home/parallels/drone_local/drone_ws/install/px4_ros_com/share/px4_ros_com/cmake/px4_ros_comConfig.cmake
[15.847s] -- Up-to-date symlink: /home/parallels/drone_local/drone_ws/install/px4_ros_com/share/px4_ros_com/cmake/px4_ros_comConfig-version.cmake
[15.847s] -- Up-to-date symlink: /home/parallels/drone_local/drone_ws/install/px4_ros_com/share/px4_ros_com/package.xml
[15.849s] -- Installing: /home/parallels/drone_local/drone_ws/install/px4_ros_com/lib/libframe_transforms.so
[15.855s] -- Set runtime path of "/home/parallels/drone_local/drone_ws/install/px4_ros_com/lib/libframe_transforms.so" to ""
[15.880s] Listing '/home/parallels/drone_local/drone_ws/install/px4_ros_com/local/lib/python3.10/dist-packages/px4_ros_com'...
[15.883s] -- Up-to-date: /home/parallels/drone_local/drone_ws/install/px4_ros_com/share/px4_ros_com/cmake/export_frame_transformsExport.cmake
[15.883s] -- Up-to-date: /home/parallels/drone_local/drone_ws/install/px4_ros_com/share/px4_ros_com/cmake/export_frame_transformsExport-noconfig.cmake
[15.886s] Invoked command in '/home/parallels/drone_local/drone_ws/build/px4_ros_com' returned '0': AMENT_PREFIX_PATH=/home/parallels/drone_local/drone_ws/install/px4_msgs:${AMENT_PREFIX_PATH} CMAKE_PREFIX_PATH=/home/parallels/drone_local/drone_ws/install/px4_msgs:/opt/ros/humble LD_LIBRARY_PATH=/home/parallels/drone_local/drone_ws/install/px4_msgs/lib:${LD_LIBRARY_PATH} PYTHONPATH=/home/parallels/drone_local/drone_ws/install/px4_msgs/local/lib/python3.10/dist-packages:${PYTHONPATH} /usr/bin/cmake --install /home/parallels/drone_local/drone_ws/build/px4_ros_com
