[0.000000] (-) TimerEvent: {}
[0.000093] (-) JobUnselected: {'identifier': 'drone_autonomy'}
[0.000119] (-) JobUnselected: {'identifier': 'offboard_avoidance_unity'}
[0.000129] (-) JobUnselected: {'identifier': 'px4_msgs'}
[0.000137] (-) JobUnselected: {'identifier': 'px4_ros_com'}
[0.000145] (-) JobUnselected: {'identifier': 'ros_tcp_endpoint'}
[0.000175] (offboard_test) JobQueued: {'identifier': 'offboard_test', 'dependencies': OrderedDict([('px4_msgs', '/home/parallels/drone_local/drone_ws/install/px4_msgs')])}
[0.000191] (offboard_test) JobStarted: {'identifier': 'offboard_test'}
[0.099683] (-) TimerEvent: {}
[0.199940] (-) TimerEvent: {}
[0.300208] (-) TimerEvent: {}
[0.400547] (-) TimerEvent: {}
[0.500931] (-) TimerEvent: {}
[0.522197] (offboard_test) Command: {'cmd': ['/usr/bin/python3', '-W', 'ignore:setup.py install is deprecated', '-W', 'ignore:easy_install command is deprecated', 'setup.py', 'develop', '--uninstall', '--editable', '--build-directory', '/home/parallels/drone_local/drone_ws/build/offboard_test/build'], 'cwd': '/home/parallels/drone_local/drone_ws/build/offboard_test', 'env': {'LESSOPEN': '| /usr/bin/lesspipe %s', 'VSCODE_CWD': '/home/parallels', 'VSCODE_ESM_ENTRYPOINT': 'vs/workbench/api/node/extensionHostProcess', 'USER': 'parallels', 'SSH_CLIENT': '10.211.55.2 56578 22', 'VSCODE_NLS_CONFIG': '{"userLocale":"en","osLocale":"en","resolvedLanguage":"en","defaultMessagesFile":"/home/parallels/.cursor-server/bin/linux-arm64/224838f96445be37e3db643a163a817c15b36060/out/nls.messages.json","locale":"en","availableLanguages":{}}', 'CI': '1', 'VSCODE_HANDLES_UNCAUGHT_ERRORS': 'true', 'XDG_SESSION_TYPE': 'tty', 'SHLVL': '1', 'LD_LIBRARY_PATH': '/home/parallels/drone_local/drone_ws/install/px4_msgs/lib:/home/parallels/drone_local/drone_ws/install/px4_ros_com/lib:/opt/ros/humble/opt/rviz_ogre_vendor/lib:/opt/ros/humble/lib/aarch64-linux-gnu:/opt/ros/humble/lib', 'BROWSER': '/home/parallels/.cursor-server/bin/linux-arm64/224838f96445be37e3db643a163a817c15b36060/bin/helpers/browser.sh', 'MOTD_SHOWN': 'pam', 'HOME': '/home/parallels', 'OLDPWD': '/home/parallels/drone_local/drone_ws', 'VSCODE_IPC_HOOK_CLI': '/run/user/1000/vscode-ipc-0583b560-a39d-43cd-ada1-75c4c9e20fcc.sock', 'ROS_PYTHON_VERSION': '3', 'NO_COLOR': '1', 'DBUS_SESSION_BUS_ADDRESS': 'unix:path=/run/user/1000/bus', 'VSCODE_L10N_BUNDLE_LOCATION': '', 'COLCON_PREFIX_PATH': '/home/parallels/drone_local/drone_ws/install', 'ROS_DISTRO': 'humble', 'OVSX_REGISTRY_URL': 'https://open-vsx.org', 'LOGNAME': 'parallels', 'FORCE_COLOR': '0', 'VSCODE_HANDLES_SIGPIPE': 'true', '_': '/usr/bin/colcon', 'ROS_VERSION': '2', 'XDG_SESSION_CLASS': 'user', 'TERM': 'dumb', 'XDG_SESSION_ID': '193', 'ROS_LOCALHOST_ONLY': '0', 'PATH': '/home/parallels/.local/bin:/home/parallels/.cursor-server/bin/linux-arm64/224838f96445be37e3db643a163a817c15b36060/bin/remote-cli:/home/parallels/.local/bin:/opt/ros/humble/bin:/home/parallels/.cursor-server/bin/linux-arm64/224838f96445be37e3db643a163a817c15b36060/bin/remote-cli:/home/parallels/.local/bin:/usr/local/sbin:/usr/local/bin:/usr/sbin:/usr/bin:/sbin:/bin:/usr/games:/usr/local/games:/snap/bin', 'VSCODE_AGENT_FOLDER': '/home/parallels/.cursor-server', 'XDG_RUNTIME_DIR': '/run/user/1000', 'CURSOR_AGENT': '1', 'LANG': 'C.UTF-8', 'LS_COLORS': '', 'AMENT_PREFIX_PATH': '/home/parallels/drone_local/drone_ws/install/tracking:/home/parallels/drone_local/drone_ws/install/ros_tcp_endpoint:/home/parallels/drone_local/drone_ws/install/px4_ros_com:/home/parallels/drone_local/drone_ws/install/offboard_test:/home/parallels/drone_local/drone_ws/install/offboard_avoidance_unity:/home/parallels/drone_local/drone_ws/install/drone_autonomy:/home/parallels/drone_local/drone_ws/install/px4_msgs:/opt/ros/humble', 'SHELL': '/bin/bash', 'VSCODE_SERVER_SHUTDOWN_TIMEOUT': '300', 'LESSCLOSE': '/usr/bin/lesspipe %s %s', 'PWD': '/home/parallels/drone_local/drone_ws/build/offboard_test', 'SSH_CONNECTION': '10.211.55.2 56578 10.211.55.3 22', 'XDG_DATA_DIRS': '/usr/share/gnome:/usr/local/share:/usr/share:/var/lib/snapd/desktop', 'PYTHONPATH': '/home/parallels/drone_local/drone_ws/build/offboard_test/prefix_override:/usr/lib/python3/dist-packages/colcon_core/task/python/colcon_distutils_commands:/home/parallels/drone_local/drone_ws/install/offboard_test/lib/python3.10/site-packages:/home/parallels/drone_local/drone_ws/build/tracking:/home/parallels/drone_local/drone_ws/install/tracking/lib/python3.10/site-packages:/home/parallels/drone_local/drone_ws/build/ros_tcp_endpoint:/home/parallels/drone_local/drone_ws/install/ros_tcp_endpoint/lib/python3.10/site-packages:/home/parallels/drone_local/drone_ws/install/px4_ros_com/local/lib/python3.10/dist-packages:/home/parallels/drone_local/drone_ws/build/offboard_test:/home/parallels/drone_local/drone_ws/install/offboard_test/lib/python3.10/site-packages:/home/parallels/drone_local/drone_ws/build/offboard_avoidance_unity:/home/parallels/drone_local/drone_ws/install/offboard_avoidance_unity/lib/python3.10/site-packages:/home/parallels/drone_local/drone_ws/build/drone_autonomy:/home/parallels/drone_local/drone_ws/install/drone_autonomy/lib/python3.10/site-packages:/home/parallels/drone_local/drone_ws/install/px4_msgs/local/lib/python3.10/dist-packages:/opt/ros/humble/lib/python3.10/site-packages:/opt/ros/humble/local/lib/python3.10/dist-packages', 'COLCON': '1', '_ZO_DOCTOR': '0', 'CMAKE_PREFIX_PATH': '/home/parallels/drone_local/drone_ws/install/px4_msgs:/home/parallels/drone_local/drone_ws/install/px4_ros_com'}, 'shell': False}
[0.601019] (-) TimerEvent: {}
[0.667107] (offboard_test) StderrLine: {'line': b"/usr/lib/python3/dist-packages/setuptools/dist.py:723: UserWarning: Usage of dash-separated 'script-dir' will not be supported in future versions. Please use the underscore name 'script_dir' instead\n"}
[0.667358] (offboard_test) StderrLine: {'line': b'  warnings.warn(\n'}
[0.687238] (offboard_test) StdoutLine: {'line': b'running develop\n'}
[0.701534] (-) TimerEvent: {}
[0.781529] (offboard_test) StdoutLine: {'line': b'Removing /home/parallels/drone_local/drone_ws/install/offboard_test/lib/python3.10/site-packages/offboard-test.egg-link (link to .)\n'}
[0.801802] (-) TimerEvent: {}
[0.804264] (offboard_test) CommandEnded: {'returncode': 0}
[0.805483] (offboard_test) Command: {'cmd': ['/usr/bin/python3', '-W', 'ignore:setup.py install is deprecated', '-W', 'ignore:easy_install command is deprecated', 'setup.py', 'egg_info', '--egg-base', '../../build/offboard_test', 'build', '--build-base', '/home/parallels/drone_local/drone_ws/build/offboard_test/build', 'install', '--record', '/home/parallels/drone_local/drone_ws/build/offboard_test/install.log', '--install-scripts', '$base/lib/offboard_test', '--single-version-externally-managed', 'install_data', '--force'], 'cwd': '/home/parallels/drone_local/drone_ws/src/offboard_test', 'env': {'LESSOPEN': '| /usr/bin/lesspipe %s', 'VSCODE_CWD': '/home/parallels', 'VSCODE_ESM_ENTRYPOINT': 'vs/workbench/api/node/extensionHostProcess', 'USER': 'parallels', 'SSH_CLIENT': '10.211.55.2 56578 22', 'VSCODE_NLS_CONFIG': '{"userLocale":"en","osLocale":"en","resolvedLanguage":"en","defaultMessagesFile":"/home/parallels/.cursor-server/bin/linux-arm64/224838f96445be37e3db643a163a817c15b36060/out/nls.messages.json","locale":"en","availableLanguages":{}}', 'CI': '1', 'VSCODE_HANDLES_UNCAUGHT_ERRORS': 'true', 'XDG_SESSION_TYPE': 'tty', 'SHLVL': '1', 'LD_LIBRARY_PATH': '/home/parallels/drone_local/drone_ws/install/px4_msgs/lib:/home/parallels/drone_local/drone_ws/install/px4_ros_com/lib:/opt/ros/humble/opt/rviz_ogre_vendor/lib:/opt/ros/humble/lib/aarch64-linux-gnu:/opt/ros/humble/lib', 'BROWSER': '/home/parallels/.cursor-server/bin/linux-arm64/224838f96445be37e3db643a163a817c15b36060/bin/helpers/browser.sh', 'MOTD_SHOWN': 'pam', 'HOME': '/home/parallels', 'OLDPWD': '/home/parallels/drone_local/drone_ws', 'VSCODE_IPC_HOOK_CLI': '/run/user/1000/vscode-ipc-0583b560-a39d-43cd-ada1-75c4c9e20fcc.sock', 'ROS_PYTHON_VERSION': '3', 'NO_COLOR': '1', 'DBUS_SESSION_BUS_ADDRESS': 'unix:path=/run/user/1000/bus', 'VSCODE_L10N_BUNDLE_LOCATION': '', 'COLCON_PREFIX_PATH': '/home/parallels/drone_local/drone_ws/install', 'ROS_DISTRO': 'humble', 'OVSX_REGISTRY_URL': 'https://open-vsx.org', 'LOGNAME': 'parallels', 'FORCE_COLOR': '0', 'VSCODE_HANDLES_SIGPIPE': 'true', '_': '/usr/bin/colcon', 'ROS_VERSION': '2', 'XDG_SESSION_CLASS': 'user', 'TERM': 'dumb', 'XDG_SESSION_ID': '193', 'ROS_LOCALHOST_ONLY': '0', 'PATH': '/home/parallels/.local/bin:/home/parallels/.cursor-server/bin/linux-arm64/224838f96445be37e3db643a163a817c15b36060/bin/remote-cli:/home/parallels/.local/bin:/opt/ros/humble/bin:/home/parallels/.cursor-server/bin/linux-arm64/224838f96445be37e3db643a163a817c15b36060/bin/remote-cli:/home/parallels/.local/bin:/usr/local/sbin:/usr/local/bin:/usr/sbin:/usr/bin:/sbin:/bin:/usr/games:/usr/local/games:/snap/bin', 'VSCODE_AGENT_FOLDER': '/home/parallels/.cursor-server', 'XDG_RUNTIME_DIR': '/run/user/1000', 'CURSOR_AGENT': '1', 'LANG': 'C.UTF-8', 'LS_COLORS': '', 'AMENT_PREFIX_PATH': '/home/parallels/drone_local/drone_ws/install/tracking:/home/parallels/drone_local/drone_ws/install/ros_tcp_endpoint:/home/parallels/drone_local/drone_ws/install/px4_ros_com:/home/parallels/drone_local/drone_ws/install/offboard_test:/home/parallels/drone_local/drone_ws/install/offboard_avoidance_unity:/home/parallels/drone_local/drone_ws/install/drone_autonomy:/home/parallels/drone_local/drone_ws/install/px4_msgs:/opt/ros/humble', 'SHELL': '/bin/bash', 'VSCODE_SERVER_SHUTDOWN_TIMEOUT': '300', 'LESSCLOSE': '/usr/bin/lesspipe %s %s', 'PWD': '/home/parallels/drone_local/drone_ws/build/offboard_test', 'SSH_CONNECTION': '10.211.55.2 56578 10.211.55.3 22', 'XDG_DATA_DIRS': '/usr/share/gnome:/usr/local/share:/usr/share:/var/lib/snapd/desktop', 'PYTHONPATH': '/home/parallels/drone_local/drone_ws/build/offboard_test/prefix_override:/usr/lib/python3/dist-packages/colcon_core/task/python/colcon_distutils_commands:/home/parallels/drone_local/drone_ws/install/offboard_test/lib/python3.10/site-packages:/home/parallels/drone_local/drone_ws/build/tracking:/home/parallels/drone_local/drone_ws/install/tracking/lib/python3.10/site-packages:/home/parallels/drone_local/drone_ws/build/ros_tcp_endpoint:/home/parallels/drone_local/drone_ws/install/ros_tcp_endpoint/lib/python3.10/site-packages:/home/parallels/drone_local/drone_ws/install/px4_ros_com/local/lib/python3.10/dist-packages:/home/parallels/drone_local/drone_ws/build/offboard_test:/home/parallels/drone_local/drone_ws/install/offboard_test/lib/python3.10/site-packages:/home/parallels/drone_local/drone_ws/build/offboard_avoidance_unity:/home/parallels/drone_local/drone_ws/install/offboard_avoidance_unity/lib/python3.10/site-packages:/home/parallels/drone_local/drone_ws/build/drone_autonomy:/home/parallels/drone_local/drone_ws/install/drone_autonomy/lib/python3.10/site-packages:/home/parallels/drone_local/drone_ws/install/px4_msgs/local/lib/python3.10/dist-packages:/opt/ros/humble/lib/python3.10/site-packages:/opt/ros/humble/local/lib/python3.10/dist-packages', 'COLCON': '1', '_ZO_DOCTOR': '0', 'CMAKE_PREFIX_PATH': '/home/parallels/drone_local/drone_ws/install/px4_msgs:/home/parallels/drone_local/drone_ws/install/px4_ros_com'}, 'shell': False}
[0.902173] (-) TimerEvent: {}
[0.945905] (offboard_test) StderrLine: {'line': b"/usr/lib/python3/dist-packages/setuptools/dist.py:723: UserWarning: Usage of dash-separated 'script-dir' will not be supported in future versions. Please use the underscore name 'script_dir' instead\n"}
[0.946048] (offboard_test) StderrLine: {'line': b'  warnings.warn(\n'}
[0.951136] (offboard_test) StdoutLine: {'line': b'running egg_info\n'}
[0.951590] (offboard_test) StdoutLine: {'line': b'writing ../../build/offboard_test/offboard_test.egg-info/PKG-INFO\n'}
[0.952054] (offboard_test) StdoutLine: {'line': b'writing dependency_links to ../../build/offboard_test/offboard_test.egg-info/dependency_links.txt\n'}
[0.952285] (offboard_test) StdoutLine: {'line': b'writing entry points to ../../build/offboard_test/offboard_test.egg-info/entry_points.txt\n'}
[0.952359] (offboard_test) StdoutLine: {'line': b'writing requirements to ../../build/offboard_test/offboard_test.egg-info/requires.txt\n'}
[0.952391] (offboard_test) StdoutLine: {'line': b'writing top-level names to ../../build/offboard_test/offboard_test.egg-info/top_level.txt\n'}
[0.953775] (offboard_test) StdoutLine: {'line': b"reading manifest file '../../build/offboard_test/offboard_test.egg-info/SOURCES.txt'\n"}
[0.954327] (offboard_test) StdoutLine: {'line': b"writing manifest file '../../build/offboard_test/offboard_test.egg-info/SOURCES.txt'\n"}
[0.954459] (offboard_test) StdoutLine: {'line': b'running build\n'}
[0.954525] (offboard_test) StdoutLine: {'line': b'running build_py\n'}
[0.959748] (offboard_test) StdoutLine: {'line': b'copying offboard_test/offboard_orbit_mission.py -> /home/parallels/drone_local/drone_ws/build/offboard_test/build/lib/offboard_test\n'}
[0.959946] (offboard_test) StdoutLine: {'line': b'running install\n'}
[0.960544] (offboard_test) StdoutLine: {'line': b'running install_lib\n'}
[0.960669] (offboard_test) StdoutLine: {'line': b'creating /home/parallels/drone_local/drone_ws/install/offboard_test/lib/python3.10/site-packages/offboard_test\n'}
[0.960704] (offboard_test) StdoutLine: {'line': b'copying /home/parallels/drone_local/drone_ws/build/offboard_test/build/lib/offboard_test/offboard_takeoff.py -> /home/parallels/drone_local/drone_ws/install/offboard_test/lib/python3.10/site-packages/offboard_test\n'}
[0.960737] (offboard_test) StdoutLine: {'line': b'copying /home/parallels/drone_local/drone_ws/build/offboard_test/build/lib/offboard_test/obstacle_avoidance_mission.py -> /home/parallels/drone_local/drone_ws/install/offboard_test/lib/python3.10/site-packages/offboard_test\n'}
[0.960856] (offboard_test) StdoutLine: {'line': b'copying /home/parallels/drone_local/drone_ws/build/offboard_test/build/lib/offboard_test/obstacle_avoidance_dynamic.py -> /home/parallels/drone_local/drone_ws/install/offboard_test/lib/python3.10/site-packages/offboard_test\n'}
[0.960888] (offboard_test) StdoutLine: {'line': b'copying /home/parallels/drone_local/drone_ws/build/offboard_test/build/lib/offboard_test/offboard_orbit_mission.py -> /home/parallels/drone_local/drone_ws/install/offboard_test/lib/python3.10/site-packages/offboard_test\n'}
[0.960918] (offboard_test) StdoutLine: {'line': b'copying /home/parallels/drone_local/drone_ws/build/offboard_test/build/lib/offboard_test/obstacle_publisher.py -> /home/parallels/drone_local/drone_ws/install/offboard_test/lib/python3.10/site-packages/offboard_test\n'}
[0.960945] (offboard_test) StdoutLine: {'line': b'copying /home/parallels/drone_local/drone_ws/build/offboard_test/build/lib/offboard_test/offboard_square_mission.py -> /home/parallels/drone_local/drone_ws/install/offboard_test/lib/python3.10/site-packages/offboard_test\n'}
[0.960972] (offboard_test) StdoutLine: {'line': b'copying /home/parallels/drone_local/drone_ws/build/offboard_test/build/lib/offboard_test/__init__.py -> /home/parallels/drone_local/drone_ws/install/offboard_test/lib/python3.10/site-packages/offboard_test\n'}
[0.961010] (offboard_test) StdoutLine: {'line': b'byte-compiling /home/parallels/drone_local/drone_ws/install/offboard_test/lib/python3.10/site-packages/offboard_test/offboard_takeoff.py to offboard_takeoff.cpython-310.pyc\n'}
[0.961039] (offboard_test) StdoutLine: {'line': b'byte-compiling /home/parallels/drone_local/drone_ws/install/offboard_test/lib/python3.10/site-packages/offboard_test/obstacle_avoidance_mission.py to obstacle_avoidance_mission.cpython-310.pyc\n'}
[0.961116] (offboard_test) StdoutLine: {'line': b'byte-compiling /home/parallels/drone_local/drone_ws/install/offboard_test/lib/python3.10/site-packages/offboard_test/obstacle_avoidance_dynamic.py to obstacle_avoidance_dynamic.cpython-310.pyc\n'}
[0.961266] (offboard_test) StdoutLine: {'line': b'byte-compiling /home/parallels/drone_local/drone_ws/install/offboard_test/lib/python3.10/site-packages/offboard_test/offboard_orbit_mission.py to offboard_orbit_mission.cpython-310.pyc\n'}
[0.961321] (offboard_test) StdoutLine: {'line': b'byte-compiling /home/parallels/drone_local/drone_ws/install/offboard_test/lib/python3.10/site-packages/offboard_test/obstacle_publisher.py to obstacle_publisher.cpython-310.pyc\n'}
[0.961379] (offboard_test) StdoutLine: {'line': b'byte-compiling /home/parallels/drone_local/drone_ws/install/offboard_test/lib/python3.10/site-packages/offboard_test/offboard_square_mission.py to offboard_square_mission.cpython-310.pyc\n'}
[0.962294] (offboard_test) StdoutLine: {'line': b'byte-compiling /home/parallels/drone_local/drone_ws/install/offboard_test/lib/python3.10/site-packages/offboard_test/__init__.py to __init__.cpython-310.pyc\n'}
[0.962392] (offboard_test) StdoutLine: {'line': b'running install_data\n'}
[0.962433] (offboard_test) StdoutLine: {'line': b'copying resource/offboard_test -> /home/parallels/drone_local/drone_ws/install/offboard_test/share/ament_index/resource_index/packages\n'}
[0.962463] (offboard_test) StdoutLine: {'line': b'copying package.xml -> /home/parallels/drone_local/drone_ws/install/offboard_test/share/offboard_test\n'}
[0.962530] (offboard_test) StdoutLine: {'line': b'copying launch/obstacle_mission.launch.py -> /home/parallels/drone_local/drone_ws/install/offboard_test/share/offboard_test/launch\n'}
[0.962718] (offboard_test) StdoutLine: {'line': b'copying launch/around_house_mission.launch.py -> /home/parallels/drone_local/drone_ws/install/offboard_test/share/offboard_test/launch\n'}
[0.962844] (offboard_test) StdoutLine: {'line': b'running install_egg_info\n'}
[0.964875] (offboard_test) StdoutLine: {'line': b'Copying ../../build/offboard_test/offboard_test.egg-info to /home/parallels/drone_local/drone_ws/install/offboard_test/lib/python3.10/site-packages/offboard_test-0.0.0-py3.10.egg-info\n'}
[0.965541] (offboard_test) StdoutLine: {'line': b'running install_scripts\n'}
[0.980209] (offboard_test) StdoutLine: {'line': b'Installing obstacle_avoidance_mission script to /home/parallels/drone_local/drone_ws/install/offboard_test/lib/offboard_test\n'}
[0.980451] (offboard_test) StdoutLine: {'line': b'Installing obstacle_publisher script to /home/parallels/drone_local/drone_ws/install/offboard_test/lib/offboard_test\n'}
[0.980510] (offboard_test) StdoutLine: {'line': b'Installing offboard_orbit_mission script to /home/parallels/drone_local/drone_ws/install/offboard_test/lib/offboard_test\n'}
[0.980683] (offboard_test) StdoutLine: {'line': b'Installing offboard_square_mission script to /home/parallels/drone_local/drone_ws/install/offboard_test/lib/offboard_test\n'}
[0.980725] (offboard_test) StdoutLine: {'line': b'Installing offboard_takeoff script to /home/parallels/drone_local/drone_ws/install/offboard_test/lib/offboard_test\n'}
[0.980877] (offboard_test) StdoutLine: {'line': b"writing list of installed files to '/home/parallels/drone_local/drone_ws/build/offboard_test/install.log'\n"}
[0.999541] (offboard_test) CommandEnded: {'returncode': 0}
[1.002991] (-) TimerEvent: {}
[1.007133] (offboard_test) JobEnded: {'identifier': 'offboard_test', 'rc': 0}
[1.008025] (-) EventReactorShutdown: {}
