[0.674s] Invoking command in '/home/parallels/drone_local/drone_ws/src/ROS-TCP-Endpoint': PYTHONPATH=/home/parallels/drone_local/drone_ws/build/ros_tcp_endpoint/prefix_override:/usr/lib/python3/dist-packages/colcon_core/task/python/colcon_distutils_commands:/home/parallels/drone_local/drone_ws/install/ros_tcp_endpoint/lib/python3.10/site-packages:${PYTHONPATH} /usr/bin/python3 -W ignore:setup.py install is deprecated -W ignore:easy_install command is deprecated setup.py egg_info --egg-base ../../build/ros_tcp_endpoint build --build-base /home/parallels/drone_local/drone_ws/build/ros_tcp_endpoint/build install --record /home/parallels/drone_local/drone_ws/build/ros_tcp_endpoint/install.log --install-scripts $base/lib/ros_tcp_endpoint --single-version-externally-managed install_data
[0.826s] /usr/lib/python3/dist-packages/setuptools/dist.py:723: UserWarning: Usage of dash-separated 'script-dir' will not be supported in future versions. Please use the underscore name 'script_dir' instead
[0.826s]   warnings.warn(
[0.832s] running egg_info
[0.833s] writing ../../build/ros_tcp_endpoint/ros_tcp_endpoint.egg-info/PKG-INFO
[0.833s] writing dependency_links to ../../build/ros_tcp_endpoint/ros_tcp_endpoint.egg-info/dependency_links.txt
[0.833s] writing entry points to ../../build/ros_tcp_endpoint/ros_tcp_endpoint.egg-info/entry_points.txt
[0.833s] writing requirements to ../../build/ros_tcp_endpoint/ros_tcp_endpoint.egg-info/requires.txt
[0.833s] writing top-level names to ../../build/ros_tcp_endpoint/ros_tcp_endpoint.egg-info/top_level.txt
[0.835s] reading manifest file '../../build/ros_tcp_endpoint/ros_tcp_endpoint.egg-info/SOURCES.txt'
[0.835s] adding license file 'LICENSE'
[0.836s] writing manifest file '../../build/ros_tcp_endpoint/ros_tcp_endpoint.egg-info/SOURCES.txt'
[0.836s] running build
[0.836s] running build_py
[0.836s] copying ros_tcp_endpoint/server.py -> /home/parallels/drone_local/drone_ws/build/ros_tcp_endpoint/build/lib/ros_tcp_endpoint
[0.837s] running install
[0.837s] running install_lib
[0.837s] copying /home/parallels/drone_local/drone_ws/build/ros_tcp_endpoint/build/lib/ros_tcp_endpoint/server.py -> /home/parallels/drone_local/drone_ws/install/ros_tcp_endpoint/lib/python3.10/site-packages/ros_tcp_endpoint
[0.839s] byte-compiling /home/parallels/drone_local/drone_ws/install/ros_tcp_endpoint/lib/python3.10/site-packages/ros_tcp_endpoint/server.py to server.cpython-310.pyc
[0.840s] running install_data
[0.840s] running install_egg_info
[0.842s] removing '/home/parallels/drone_local/drone_ws/install/ros_tcp_endpoint/lib/python3.10/site-packages/ros_tcp_endpoint-0.0.1-py3.10.egg-info' (and everything under it)
[0.843s] Copying ../../build/ros_tcp_endpoint/ros_tcp_endpoint.egg-info to /home/parallels/drone_local/drone_ws/install/ros_tcp_endpoint/lib/python3.10/site-packages/ros_tcp_endpoint-0.0.1-py3.10.egg-info
[0.843s] running install_scripts
[0.857s] Installing default_server_endpoint script to /home/parallels/drone_local/drone_ws/install/ros_tcp_endpoint/lib/ros_tcp_endpoint
[0.858s] writing list of installed files to '/home/parallels/drone_local/drone_ws/build/ros_tcp_endpoint/install.log'
[0.883s] Invoked command in '/home/parallels/drone_local/drone_ws/src/ROS-TCP-Endpoint' returned '0': PYTHONPATH=/home/parallels/drone_local/drone_ws/build/ros_tcp_endpoint/prefix_override:/usr/lib/python3/dist-packages/colcon_core/task/python/colcon_distutils_commands:/home/parallels/drone_local/drone_ws/install/ros_tcp_endpoint/lib/python3.10/site-packages:${PYTHONPATH} /usr/bin/python3 -W ignore:setup.py install is deprecated -W ignore:easy_install command is deprecated setup.py egg_info --egg-base ../../build/ros_tcp_endpoint build --build-base /home/parallels/drone_local/drone_ws/build/ros_tcp_endpoint/build install --record /home/parallels/drone_local/drone_ws/build/ros_tcp_endpoint/install.log --install-scripts $base/lib/ros_tcp_endpoint --single-version-externally-managed install_data
