[0.000000] (-) TimerEvent: {}
[0.000109] (-) JobUnselected: {'identifier': 'drone_autonomy'}
[0.000131] (-) JobUnselected: {'identifier': 'offboard_avoidance_unity'}
[0.000145] (-) JobUnselected: {'identifier': 'offboard_test'}
[0.000159] (-) JobUnselected: {'identifier': 'px4_msgs'}
[0.000172] (-) JobUnselected: {'identifier': 'px4_ros_com'}
[0.000187] (ros_tcp_endpoint) JobQueued: {'identifier': 'ros_tcp_endpoint', 'dependencies': OrderedDict()}
[0.000203] (ros_tcp_endpoint) JobStarted: {'identifier': 'ros_tcp_endpoint'}
[0.099068] (-) TimerEvent: {}
[0.199227] (-) TimerEvent: {}
[0.299380] (-) TimerEvent: {}
[0.399563] (-) TimerEvent: {}
[0.414081] (ros_tcp_endpoint) Command: {'cmd': ['/usr/bin/python3', '-W', 'ignore:setup.py install is deprecated', '-W', 'ignore:easy_install command is deprecated', 'setup.py', 'develop', '--uninstall', '--editable', '--build-directory', '/home/parallels/drone_local/drone_ws/build/ros_tcp_endpoint/build'], 'cwd': '/home/parallels/drone_local/drone_ws/build/ros_tcp_endpoint', 'env': {'LESSOPEN': '| /usr/bin/lesspipe %s', 'VSCODE_CWD': '/home/parallels', 'VSCODE_ESM_ENTRYPOINT': 'vs/workbench/api/node/extensionHostProcess', 'USER': 'parallels', 'SSH_CLIENT': '10.211.55.2 56578 22', 'VSCODE_NLS_CONFIG': '{"userLocale":"en","osLocale":"en","resolvedLanguage":"en","defaultMessagesFile":"/home/parallels/.cursor-server/bin/linux-arm64/224838f96445be37e3db643a163a817c15b36060/out/nls.messages.json","locale":"en","availableLanguages":{}}', 'CI': '1', 'VSCODE_HANDLES_UNCAUGHT_ERRORS': 'true', 'XDG_SESSION_TYPE': 'tty', 'SHLVL': '1', 'LD_LIBRARY_PATH': '/home/parallels/drone_local/drone_ws/install/px4_ros_com/lib:/home/parallels/drone_local/drone_ws/install/px4_msgs/lib:/opt/ros/humble/opt/rviz_ogre_vendor/lib:/opt/ros/humble/lib/aarch64-linux-gnu:/opt/ros/humble/lib', 'BROWSER': '/home/parallels/.cursor-server/bin/linux-arm64/224838f96445be37e3db643a163a817c15b36060/bin/helpers/browser.sh', 'MOTD_SHOWN': 'pam', 'HOME': '/home/parallels', 'OLDPWD': '/home/parallels/drone_local/drone_ws', 'VSCODE_IPC_HOOK_CLI': '/run/user/1000/vscode-ipc-0583b560-a39d-43cd-ada1-75c4c9e20fcc.sock', 'ROS_PYTHON_VERSION': '3', 'NO_COLOR': '1', 'DBUS_SESSION_BUS_ADDRESS': 'unix:path=/run/user/1000/bus', 'VSCODE_L10N_BUNDLE_LOCATION': '', 'COLCON_PREFIX_PATH': '/home/parallels/drone_local/drone_ws/install', 'ROS_DISTRO': 'humble', 'OVSX_REGISTRY_URL': 'https://open-vsx.org', 'LOGNAME': 'parallels', 'FORCE_COLOR': '0', 'VSCODE_HANDLES_SIGPIPE': 'true', '_': '/usr/bin/colcon', 'ROS_VERSION': '2', 'XDG_SESSION_CLASS': 'user', 'TERM': 'dumb', 'XDG_SESSION_ID': '193', 'ROS_LOCALHOST_ONLY': '0', 'PATH': '/home/parallels/.local/bin:/home/parallels/.cursor-server/bin/linux-arm64/224838f96445be37e3db643a163a817c15b36060/bin/remote-cli:/home/parallels/.local/bin:/opt/ros/humble/bin:/home/parallels/.cursor-server/bin/linux-arm64/224838f96445be37e3db643a163a817c15b36060/bin/remote-cli:/home/parallels/.local/bin:/usr/local/sbin:/usr/local/bin:/usr/sbin:/usr/bin:/sbin:/bin:/usr/games:/usr/local/games:/snap/bin', 'VSCODE_AGENT_FOLDER': '/home/parallels/.cursor-server', 'XDG_RUNTIME_DIR': '/run/user/1000', 'CURSOR_AGENT': '1', 'LANG': 'C.UTF-8', 'LS_COLORS': '', 'AMENT_PREFIX_PATH': '/home/parallels/drone_local/drone_ws/install/tracking:/home/parallels/drone_local/drone_ws/install/ros_tcp_endpoint:/home/parallels/drone_local/drone_ws/install/px4_ros_com:/home/parallels/drone_local/drone_ws/install/offboard_test:/home/parallels/drone_local/drone_ws/install/offboard_avoidance_unity:/home/parallels/drone_local/drone_ws/install/drone_autonomy:/home/parallels/drone_local/drone_ws/install/px4_msgs:/opt/ros/humble', 'SHELL': '/bin/bash', 'VSCODE_SERVER_SHUTDOWN_TIMEOUT': '300', 'LESSCLOSE': '/usr/bin/lesspipe %s %s', 'PWD': '/home/parallels/drone_local/drone_ws/build/ros_tcp_endpoint', 'SSH_CONNECTION': '10.211.55.2 56578 10.211.55.3 22', 'XDG_DATA_DIRS': '/usr/share/gnome:/usr/local/share:/usr/share:/var/lib/snapd/desktop', 'PYTHONPATH': '/home/parallels/drone_local/drone_ws/build/ros_tcp_endpoint/prefix_override:/usr/lib/python3/dist-packages/colcon_core/task/python/colcon_distutils_commands:/home/parallels/drone_local/drone_ws/install/ros_tcp_endpoint/lib/python3.10/site-packages:/home/parallels/drone_local/drone_ws/build/tracking:/home/parallels/drone_local/drone_ws/install/tracking/lib/python3.10/site-packages:/home/parallels/drone_local/drone_ws/build/ros_tcp_endpoint:/home/parallels/drone_local/drone_ws/install/ros_tcp_endpoint/lib/python3.10/site-packages:/home/parallels/drone_local/drone_ws/install/px4_ros_com/local/lib/python3.10/dist-packages:/home/parallels/drone_local/drone_ws/build/offboard_test:/home/parallels/drone_local/drone_ws/install/offboard_test/lib/python3.10/site-packages:/home/parallels/drone_local/drone_ws/build/offboard_avoidance_unity:/home/parallels/drone_local/drone_ws/install/offboard_avoidance_unity/lib/python3.10/site-packages:/home/parallels/drone_local/drone_ws/build/drone_autonomy:/home/parallels/drone_local/drone_ws/install/drone_autonomy/lib/python3.10/site-packages:/home/parallels/drone_local/drone_ws/install/px4_msgs/local/lib/python3.10/dist-packages:/opt/ros/humble/lib/python3.10/site-packages:/opt/ros/humble/local/lib/python3.10/dist-packages', 'COLCON': '1', '_ZO_DOCTOR': '0', 'CMAKE_PREFIX_PATH': '/home/parallels/drone_local/drone_ws/install/px4_ros_com:/home/parallels/drone_local/drone_ws/install/px4_msgs'}, 'shell': False}
[0.499680] (-) TimerEvent: {}
[0.546273] (ros_tcp_endpoint) StderrLine: {'line': b"/usr/lib/python3/dist-packages/setuptools/dist.py:723: UserWarning: Usage of dash-separated 'script-dir' will not be supported in future versions. Please use the underscore name 'script_dir' instead\n"}
[0.546519] (ros_tcp_endpoint) StderrLine: {'line': b'  warnings.warn(\n'}
[0.563327] (ros_tcp_endpoint) StdoutLine: {'line': b'running develop\n'}
[0.599843] (-) TimerEvent: {}
[0.645355] (ros_tcp_endpoint) StdoutLine: {'line': b'Removing /home/parallels/drone_local/drone_ws/install/ros_tcp_endpoint/lib/python3.10/site-packages/ros-tcp-endpoint.egg-link (link to .)\n'}
[0.661123] (ros_tcp_endpoint) CommandEnded: {'returncode': 0}
[0.662063] (ros_tcp_endpoint) Command: {'cmd': ['/usr/bin/python3', '-W', 'ignore:setup.py install is deprecated', '-W', 'ignore:easy_install command is deprecated', 'setup.py', 'egg_info', '--egg-base', '../../build/ros_tcp_endpoint', 'build', '--build-base', '/home/parallels/drone_local/drone_ws/build/ros_tcp_endpoint/build', 'install', '--record', '/home/parallels/drone_local/drone_ws/build/ros_tcp_endpoint/install.log', '--install-scripts', '$base/lib/ros_tcp_endpoint', '--single-version-externally-managed', 'install_data', '--force'], 'cwd': '/home/parallels/drone_local/drone_ws/src/ROS-TCP-Endpoint', 'env': {'LESSOPEN': '| /usr/bin/lesspipe %s', 'VSCODE_CWD': '/home/parallels', 'VSCODE_ESM_ENTRYPOINT': 'vs/workbench/api/node/extensionHostProcess', 'USER': 'parallels', 'SSH_CLIENT': '10.211.55.2 56578 22', 'VSCODE_NLS_CONFIG': '{"userLocale":"en","osLocale":"en","resolvedLanguage":"en","defaultMessagesFile":"/home/parallels/.cursor-server/bin/linux-arm64/224838f96445be37e3db643a163a817c15b36060/out/nls.messages.json","locale":"en","availableLanguages":{}}', 'CI': '1', 'VSCODE_HANDLES_UNCAUGHT_ERRORS': 'true', 'XDG_SESSION_TYPE': 'tty', 'SHLVL': '1', 'LD_LIBRARY_PATH': '/home/parallels/drone_local/drone_ws/install/px4_ros_com/lib:/home/parallels/drone_local/drone_ws/install/px4_msgs/lib:/opt/ros/humble/opt/rviz_ogre_vendor/lib:/opt/ros/humble/lib/aarch64-linux-gnu:/opt/ros/humble/lib', 'BROWSER': '/home/parallels/.cursor-server/bin/linux-arm64/224838f96445be37e3db643a163a817c15b36060/bin/helpers/browser.sh', 'MOTD_SHOWN': 'pam', 'HOME': '/home/parallels', 'OLDPWD': '/home/parallels/drone_local/drone_ws', 'VSCODE_IPC_HOOK_CLI': '/run/user/1000/vscode-ipc-0583b560-a39d-43cd-ada1-75c4c9e20fcc.sock', 'ROS_PYTHON_VERSION': '3', 'NO_COLOR': '1', 'DBUS_SESSION_BUS_ADDRESS': 'unix:path=/run/user/1000/bus', 'VSCODE_L10N_BUNDLE_LOCATION': '', 'COLCON_PREFIX_PATH': '/home/parallels/drone_local/drone_ws/install', 'ROS_DISTRO': 'humble', 'OVSX_REGISTRY_URL': 'https://open-vsx.org', 'LOGNAME': 'parallels', 'FORCE_COLOR': '0', 'VSCODE_HANDLES_SIGPIPE': 'true', '_': '/usr/bin/colcon', 'ROS_VERSION': '2', 'XDG_SESSION_CLASS': 'user', 'TERM': 'dumb', 'XDG_SESSION_ID': '193', 'ROS_LOCALHOST_ONLY': '0', 'PATH': '/home/parallels/.local/bin:/home/parallels/.cursor-server/bin/linux-arm64/224838f96445be37e3db643a163a817c15b36060/bin/remote-cli:/home/parallels/.local/bin:/opt/ros/humble/bin:/home/parallels/.cursor-server/bin/linux-arm64/224838f96445be37e3db643a163a817c15b36060/bin/remote-cli:/home/parallels/.local/bin:/usr/local/sbin:/usr/local/bin:/usr/sbin:/usr/bin:/sbin:/bin:/usr/games:/usr/local/games:/snap/bin', 'VSCODE_AGENT_FOLDER': '/home/parallels/.cursor-server', 'XDG_RUNTIME_DIR': '/run/user/1000', 'CURSOR_AGENT': '1', 'LANG': 'C.UTF-8', 'LS_COLORS': '', 'AMENT_PREFIX_PATH': '/home/parallels/drone_local/drone_ws/install/tracking:/home/parallels/drone_local/drone_ws/install/ros_tcp_endpoint:/home/parallels/drone_local/drone_ws/install/px4_ros_com:/home/parallels/drone_local/drone_ws/install/offboard_test:/home/parallels/drone_local/drone_ws/install/offboard_avoidance_unity:/home/parallels/drone_local/drone_ws/install/drone_autonomy:/home/parallels/drone_local/drone_ws/install/px4_msgs:/opt/ros/humble', 'SHELL': '/bin/bash', 'VSCODE_SERVER_SHUTDOWN_TIMEOUT': '300', 'LESSCLOSE': '/usr/bin/lesspipe %s %s', 'PWD': '/home/parallels/drone_local/drone_ws/build/ros_tcp_endpoint', 'SSH_CONNECTION': '10.211.55.2 56578 10.211.55.3 22', 'XDG_DATA_DIRS': '/usr/share/gnome:/usr/local/share:/usr/share:/var/lib/snapd/desktop', 'PYTHONPATH': '/home/parallels/drone_local/drone_ws/build/ros_tcp_endpoint/prefix_override:/usr/lib/python3/dist-packages/colcon_core/task/python/colcon_distutils_commands:/home/parallels/drone_local/drone_ws/install/ros_tcp_endpoint/lib/python3.10/site-packages:/home/parallels/drone_local/drone_ws/build/tracking:/home/parallels/drone_local/drone_ws/install/tracking/lib/python3.10/site-packages:/home/parallels/drone_local/drone_ws/build/ros_tcp_endpoint:/home/parallels/drone_local/drone_ws/install/ros_tcp_endpoint/lib/python3.10/site-packages:/home/parallels/drone_local/drone_ws/install/px4_ros_com/local/lib/python3.10/dist-packages:/home/parallels/drone_local/drone_ws/build/offboard_test:/home/parallels/drone_local/drone_ws/install/offboard_test/lib/python3.10/site-packages:/home/parallels/drone_local/drone_ws/build/offboard_avoidance_unity:/home/parallels/drone_local/drone_ws/install/offboard_avoidance_unity/lib/python3.10/site-packages:/home/parallels/drone_local/drone_ws/build/drone_autonomy:/home/parallels/drone_local/drone_ws/install/drone_autonomy/lib/python3.10/site-packages:/home/parallels/drone_local/drone_ws/install/px4_msgs/local/lib/python3.10/dist-packages:/opt/ros/humble/lib/python3.10/site-packages:/opt/ros/humble/local/lib/python3.10/dist-packages', 'COLCON': '1', '_ZO_DOCTOR': '0', 'CMAKE_PREFIX_PATH': '/home/parallels/drone_local/drone_ws/install/px4_ros_com:/home/parallels/drone_local/drone_ws/install/px4_msgs'}, 'shell': False}
[0.700006] (-) TimerEvent: {}
[0.794954] (ros_tcp_endpoint) StderrLine: {'line': b"/usr/lib/python3/dist-packages/setuptools/dist.py:723: UserWarning: Usage of dash-separated 'script-dir' will not be supported in future versions. Please use the underscore name 'script_dir' instead\n"}
[0.795077] (ros_tcp_endpoint) StderrLine: {'line': b'  warnings.warn(\n'}
[0.799303] (ros_tcp_endpoint) StdoutLine: {'line': b'running egg_info\n'}
[0.799696] (ros_tcp_endpoint) StdoutLine: {'line': b'writing ../../build/ros_tcp_endpoint/ros_tcp_endpoint.egg-info/PKG-INFO\n'}
[0.799951] (ros_tcp_endpoint) StdoutLine: {'line': b'writing dependency_links to ../../build/ros_tcp_endpoint/ros_tcp_endpoint.egg-info/dependency_links.txt\n'}
[0.800172] (-) TimerEvent: {}
[0.800186] (ros_tcp_endpoint) StdoutLine: {'line': b'writing entry points to ../../build/ros_tcp_endpoint/ros_tcp_endpoint.egg-info/entry_points.txt\n'}
[0.800235] (ros_tcp_endpoint) StdoutLine: {'line': b'writing requirements to ../../build/ros_tcp_endpoint/ros_tcp_endpoint.egg-info/requires.txt\n'}
[0.800269] (ros_tcp_endpoint) StdoutLine: {'line': b'writing top-level names to ../../build/ros_tcp_endpoint/ros_tcp_endpoint.egg-info/top_level.txt\n'}
[0.803205] (ros_tcp_endpoint) StdoutLine: {'line': b"reading manifest file '../../build/ros_tcp_endpoint/ros_tcp_endpoint.egg-info/SOURCES.txt'\n"}
[0.803312] (ros_tcp_endpoint) StdoutLine: {'line': b"adding license file 'LICENSE'\n"}
[0.803410] (ros_tcp_endpoint) StdoutLine: {'line': b"writing manifest file '../../build/ros_tcp_endpoint/ros_tcp_endpoint.egg-info/SOURCES.txt'\n"}
[0.803457] (ros_tcp_endpoint) StdoutLine: {'line': b'running build\n'}
[0.803486] (ros_tcp_endpoint) StdoutLine: {'line': b'running build_py\n'}
[0.803514] (ros_tcp_endpoint) StdoutLine: {'line': b'copying ros_tcp_endpoint/server.py -> /home/parallels/drone_local/drone_ws/build/ros_tcp_endpoint/build/lib/ros_tcp_endpoint\n'}
[0.803542] (ros_tcp_endpoint) StdoutLine: {'line': b'copying ros_tcp_endpoint/default_server_endpoint.py -> /home/parallels/drone_local/drone_ws/build/ros_tcp_endpoint/build/lib/ros_tcp_endpoint\n'}
[0.803963] (ros_tcp_endpoint) StdoutLine: {'line': b'running install\n'}
[0.807218] (ros_tcp_endpoint) StdoutLine: {'line': b'running install_lib\n'}
[0.807601] (ros_tcp_endpoint) StdoutLine: {'line': b'creating /home/parallels/drone_local/drone_ws/install/ros_tcp_endpoint/lib/python3.10/site-packages/ros_tcp_endpoint\n'}
[0.807657] (ros_tcp_endpoint) StdoutLine: {'line': b'copying /home/parallels/drone_local/drone_ws/build/ros_tcp_endpoint/build/lib/ros_tcp_endpoint/unity_service.py -> /home/parallels/drone_local/drone_ws/install/ros_tcp_endpoint/lib/python3.10/site-packages/ros_tcp_endpoint\n'}
[0.807701] (ros_tcp_endpoint) StdoutLine: {'line': b'copying /home/parallels/drone_local/drone_ws/build/ros_tcp_endpoint/build/lib/ros_tcp_endpoint/thread_pauser.py -> /home/parallels/drone_local/drone_ws/install/ros_tcp_endpoint/lib/python3.10/site-packages/ros_tcp_endpoint\n'}
[0.807758] (ros_tcp_endpoint) StdoutLine: {'line': b'copying /home/parallels/drone_local/drone_ws/build/ros_tcp_endpoint/build/lib/ros_tcp_endpoint/publisher.py -> /home/parallels/drone_local/drone_ws/install/ros_tcp_endpoint/lib/python3.10/site-packages/ros_tcp_endpoint\n'}
[0.807813] (ros_tcp_endpoint) StdoutLine: {'line': b'copying /home/parallels/drone_local/drone_ws/build/ros_tcp_endpoint/build/lib/ros_tcp_endpoint/server.py -> /home/parallels/drone_local/drone_ws/install/ros_tcp_endpoint/lib/python3.10/site-packages/ros_tcp_endpoint\n'}
[0.807840] (ros_tcp_endpoint) StdoutLine: {'line': b'copying /home/parallels/drone_local/drone_ws/build/ros_tcp_endpoint/build/lib/ros_tcp_endpoint/communication.py -> /home/parallels/drone_local/drone_ws/install/ros_tcp_endpoint/lib/python3.10/site-packages/ros_tcp_endpoint\n'}
[0.807868] (ros_tcp_endpoint) StdoutLine: {'line': b'copying /home/parallels/drone_local/drone_ws/build/ros_tcp_endpoint/build/lib/ros_tcp_endpoint/tcp_sender.py -> /home/parallels/drone_local/drone_ws/install/ros_tcp_endpoint/lib/python3.10/site-packages/ros_tcp_endpoint\n'}
[0.807907] (ros_tcp_endpoint) StdoutLine: {'line': b'copying /home/parallels/drone_local/drone_ws/build/ros_tcp_endpoint/build/lib/ros_tcp_endpoint/subscriber.py -> /home/parallels/drone_local/drone_ws/install/ros_tcp_endpoint/lib/python3.10/site-packages/ros_tcp_endpoint\n'}
[0.807934] (ros_tcp_endpoint) StdoutLine: {'line': b'copying /home/parallels/drone_local/drone_ws/build/ros_tcp_endpoint/build/lib/ros_tcp_endpoint/client.py -> /home/parallels/drone_local/drone_ws/install/ros_tcp_endpoint/lib/python3.10/site-packages/ros_tcp_endpoint\n'}
[0.807960] (ros_tcp_endpoint) StdoutLine: {'line': b'copying /home/parallels/drone_local/drone_ws/build/ros_tcp_endpoint/build/lib/ros_tcp_endpoint/default_server_endpoint.py -> /home/parallels/drone_local/drone_ws/install/ros_tcp_endpoint/lib/python3.10/site-packages/ros_tcp_endpoint\n'}
[0.807988] (ros_tcp_endpoint) StdoutLine: {'line': b'copying /home/parallels/drone_local/drone_ws/build/ros_tcp_endpoint/build/lib/ros_tcp_endpoint/service.py -> /home/parallels/drone_local/drone_ws/install/ros_tcp_endpoint/lib/python3.10/site-packages/ros_tcp_endpoint\n'}
[0.808032] (ros_tcp_endpoint) StdoutLine: {'line': b'copying /home/parallels/drone_local/drone_ws/build/ros_tcp_endpoint/build/lib/ros_tcp_endpoint/__init__.py -> /home/parallels/drone_local/drone_ws/install/ros_tcp_endpoint/lib/python3.10/site-packages/ros_tcp_endpoint\n'}
[0.808062] (ros_tcp_endpoint) StdoutLine: {'line': b'copying /home/parallels/drone_local/drone_ws/build/ros_tcp_endpoint/build/lib/ros_tcp_endpoint/exceptions.py -> /home/parallels/drone_local/drone_ws/install/ros_tcp_endpoint/lib/python3.10/site-packages/ros_tcp_endpoint\n'}
[0.808090] (ros_tcp_endpoint) StdoutLine: {'line': b'byte-compiling /home/parallels/drone_local/drone_ws/install/ros_tcp_endpoint/lib/python3.10/site-packages/ros_tcp_endpoint/unity_service.py to unity_service.cpython-310.pyc\n'}
[0.808119] (ros_tcp_endpoint) StdoutLine: {'line': b'byte-compiling /home/parallels/drone_local/drone_ws/install/ros_tcp_endpoint/lib/python3.10/site-packages/ros_tcp_endpoint/thread_pauser.py to thread_pauser.cpython-310.pyc\n'}
[0.808145] (ros_tcp_endpoint) StdoutLine: {'line': b'byte-compiling /home/parallels/drone_local/drone_ws/install/ros_tcp_endpoint/lib/python3.10/site-packages/ros_tcp_endpoint/publisher.py to publisher.cpython-310.pyc\n'}
[0.808200] (ros_tcp_endpoint) StdoutLine: {'line': b'byte-compiling /home/parallels/drone_local/drone_ws/install/ros_tcp_endpoint/lib/python3.10/site-packages/ros_tcp_endpoint/server.py to server.cpython-310.pyc\n'}
[0.811605] (ros_tcp_endpoint) StdoutLine: {'line': b'byte-compiling /home/parallels/drone_local/drone_ws/install/ros_tcp_endpoint/lib/python3.10/site-packages/ros_tcp_endpoint/communication.py to communication.cpython-310.pyc\n'}
[0.812492] (ros_tcp_endpoint) StdoutLine: {'line': b'byte-compiling /home/parallels/drone_local/drone_ws/install/ros_tcp_endpoint/lib/python3.10/site-packages/ros_tcp_endpoint/tcp_sender.py to tcp_sender.cpython-310.pyc\n'}
[0.813593] (ros_tcp_endpoint) StdoutLine: {'line': b'byte-compiling /home/parallels/drone_local/drone_ws/install/ros_tcp_endpoint/lib/python3.10/site-packages/ros_tcp_endpoint/subscriber.py to subscriber.cpython-310.pyc\n'}
[0.813977] (ros_tcp_endpoint) StdoutLine: {'line': b'byte-compiling /home/parallels/drone_local/drone_ws/install/ros_tcp_endpoint/lib/python3.10/site-packages/ros_tcp_endpoint/client.py to client.cpython-310.pyc\n'}
[0.814491] (ros_tcp_endpoint) StdoutLine: {'line': b'byte-compiling /home/parallels/drone_local/drone_ws/install/ros_tcp_endpoint/lib/python3.10/site-packages/ros_tcp_endpoint/default_server_endpoint.py to default_server_endpoint.cpython-310.pyc\n'}
[0.814639] (ros_tcp_endpoint) StdoutLine: {'line': b'byte-compiling /home/parallels/drone_local/drone_ws/install/ros_tcp_endpoint/lib/python3.10/site-packages/ros_tcp_endpoint/service.py to service.cpython-310.pyc\n'}
[0.814911] (ros_tcp_endpoint) StdoutLine: {'line': b'byte-compiling /home/parallels/drone_local/drone_ws/install/ros_tcp_endpoint/lib/python3.10/site-packages/ros_tcp_endpoint/__init__.py to __init__.cpython-310.pyc\n'}
[0.815048] (ros_tcp_endpoint) StdoutLine: {'line': b'byte-compiling /home/parallels/drone_local/drone_ws/install/ros_tcp_endpoint/lib/python3.10/site-packages/ros_tcp_endpoint/exceptions.py to exceptions.cpython-310.pyc\n'}
[0.815166] (ros_tcp_endpoint) StdoutLine: {'line': b'running install_data\n'}
[0.815994] (ros_tcp_endpoint) StdoutLine: {'line': b'copying resource/ros_tcp_endpoint -> /home/parallels/drone_local/drone_ws/install/ros_tcp_endpoint/share/ament_index/resource_index/packages\n'}
[0.816113] (ros_tcp_endpoint) StdoutLine: {'line': b'copying package.xml -> /home/parallels/drone_local/drone_ws/install/ros_tcp_endpoint/share/ros_tcp_endpoint\n'}
[0.816162] (ros_tcp_endpoint) StdoutLine: {'line': b'copying launch/endpoint.py -> /home/parallels/drone_local/drone_ws/install/ros_tcp_endpoint/share/ros_tcp_endpoint/launch\n'}
[0.816390] (ros_tcp_endpoint) StdoutLine: {'line': b'running install_egg_info\n'}
[0.819037] (ros_tcp_endpoint) StdoutLine: {'line': b'Copying ../../build/ros_tcp_endpoint/ros_tcp_endpoint.egg-info to /home/parallels/drone_local/drone_ws/install/ros_tcp_endpoint/lib/python3.10/site-packages/ros_tcp_endpoint-0.0.1-py3.10.egg-info\n'}
[0.820154] (ros_tcp_endpoint) StdoutLine: {'line': b'running install_scripts\n'}
[0.850419] (ros_tcp_endpoint) StdoutLine: {'line': b'Installing default_server_endpoint script to /home/parallels/drone_local/drone_ws/install/ros_tcp_endpoint/lib/ros_tcp_endpoint\n'}
[0.855372] (ros_tcp_endpoint) StdoutLine: {'line': b"writing list of installed files to '/home/parallels/drone_local/drone_ws/build/ros_tcp_endpoint/install.log'\n"}
[0.903307] (-) TimerEvent: {}
[0.929774] (ros_tcp_endpoint) CommandEnded: {'returncode': 0}
[0.997697] (ros_tcp_endpoint) JobEnded: {'identifier': 'ros_tcp_endpoint', 'rc': 0}
[0.998874] (-) EventReactorShutdown: {}
